0.1 0.7000000000000001 100.0 1 635.6666666666666 763.7777777777778 161.56546660719303 224.71862790697847
0.7000000000000001 0.9 100.0 10 641.3888888888889 763.7777777777778 198.00267643782803 224.71862790697847
0.5 0.9 10.0 1 673.8 763.7777777777778 189.9685471042217 224.71862790697847
0.4 0.4 100.0 1 642.4222222222222 763.7777777777778 189.80293744230727 224.71862790697847
0.7000000000000001 0.5 100.0 1 663.4222222222222 763.7777777777778 186.38341472338843 224.71862790697847
0.1 0.5 100.0 1 625.9222222222222 763.7777777777778 170.0533398527113 224.71862790697847
0.2 0.8 10.0 1 673.0777777777778 763.7777777777778 167.52885176243376 224.71862790697847
0.5 0.8 10.0 10 662.4 763.7777777777778 189.9934969647353 224.71862790697847
0.6000000000000001 0.5 100.0 1 658.5 763.7777777777778 188.68158068261164 224.71862790697847
0.4 0.5 100.0 10 677.3666666666667 763.7777777777778 195.84979788943699 224.71862790697847
0.9 0.9 100.0 1 630.6888888888889 763.7777777777778 186.80581982633103 224.71862790697847
0.6000000000000001 0.5 10.0 1 673.8111111111111 763.7777777777778 197.08750986100026 224.71862790697847
0.9 0.9 10.0 10 680.2555555555556 763.7777777777778 184.36042966073646 224.71862790697847
0.1 0.9 0.1 100 687.0111111111111 763.7777777777778 165.8125778933984 224.71862790697847
0.5 0.6000000000000001 100.0 1 662.5333333333333 763.7777777777778 163.7570151169103 224.71862790697847
0.8 0.8 1.0 1 683.3222222222222 763.7777777777778 190.88512122785488 224.71862790697847
0.5 0.5 10.0 10 678.6444444444444 763.7777777777778 196.64278448841702 224.71862790697847
0.6000000000000001 0.8 100.0 10 635.8777777777777 763.7777777777778 215.6459458246718 224.71862790697847
0.2 0.5 100.0 1 663.1555555555556 763.7777777777778 171.3541434256429 224.71862790697847
0.6000000000000001 0.5 100.0 100 683.6222222222223 763.7777777777778 162.69074806568702 224.71862790697847
0.9 0.1 10.0 1 685.1222222222223 763.7777777777778 175.09037842578314 224.71862790697847
0.1 0.4 100.0 100 684.4222222222222 763.7777777777778 199.56808795094238 224.71862790697847
0.8 0.8 10.0 1 681.4 763.7777777777778 209.93272996631828 224.71862790697847
0.2 0.7000000000000001 10.0 1 670.5555555555555 763.7777777777778 194.54426009472107 224.71862790697847
0.1 0.6000000000000001 100.0 10 643.2666666666667 763.7777777777778 196.49426341640495 224.71862790697847
0.1 0.8 100.0 1 623.1444444444444 763.7777777777778 142.18490005084627 224.71862790697847
0.8 0.30000000000000004 10.0 1 687.0666666666667 763.7777777777778 193.96006461812357 224.71862790697847
0.2 0.4 100.0 1 610.7222222222222 763.7777777777778 166.26217768450843 224.71862790697847
0.2 0.5 100.0 10 657.3222222222222 763.7777777777778 193.4677594603744 224.71862790697847
0.7000000000000001 0.9 100.0 1 609.7666666666667 763.7777777777778 154.07718484217216 224.71862790697847
0.1 0.5 100.0 10 614.7888888888889 763.7777777777778 177.53656865523942 224.71862790697847
0.6000000000000001 0.4 100.0 1 680.2555555555556 763.7777777777778 198.84430319619477 224.71862790697847
0.2 0.7000000000000001 100.0 1 611.7444444444444 763.7777777777778 177.85153365853034 224.71862790697847
0.5 0.8 100.0 1 631.7444444444444 763.7777777777778 166.51330017690017 224.71862790697847
0.2 0.9 100.0 10 589.5444444444445 763.7777777777778 155.95570319172265 224.71862790697847
0.1 0.9 100.0 100 613.4222222222222 763.7777777777778 170.34226837476874 224.71862790697847
0.1 0.1 100.0 10 650.2 763.7777777777778 169.97628592770755 224.71862790697847
0.2 0.1 100.0 1 648.0888888888888 763.7777777777778 193.17002553562006 224.71862790697847
0.5 0.6000000000000001 10.0 1 685.6888888888889 763.7777777777778 167.61792826706582 224.71862790697847
0.6000000000000001 0.8 1.0 100 676.9444444444445 763.7777777777778 180.0211938825914 224.71862790697847
0.1 0.1 100.0 100 685.0111111111111 763.7777777777778 207.94424971047965 224.71862790697847
0.4 0.5 10.0 1 675.1333333333333 763.7777777777778 208.78182126058985 224.71862790697847
0.5 0.7000000000000001 100.0 1 630.1777777777778 763.7777777777778 190.51390020898612 224.71862790697847
0.5 0.9 100.0 10 635.8555555555556 763.7777777777778 181.11141820014865 224.71862790697847
0.4 0.6000000000000001 100.0 10 648.3666666666667 763.7777777777778 148.57960455220254 224.71862790697847
0.9 0.4 100.0 10 657.7333333333333 763.7777777777778 196.72839709157955 224.71862790697847
0.30000000000000004 0.7000000000000001 10.0 100 682.9222222222222 763.7777777777778 186.93113573231412 224.71862790697847
0.2 0.4 100.0 10 668.3888888888889 763.7777777777778 192.28403148840027 224.71862790697847
0.4 0.30000000000000004 100.0 1 648.2777777777778 763.7777777777778 200.5758392328214 224.71862790697847
0.30000000000000004 0.4 100.0 1 635.2444444444444 763.7777777777778 191.09033995650162 224.71862790697847
0.1 0.6000000000000001 100.0 1 597.0888888888888 763.7777777777778 197.40554109325555 224.71862790697847
0.7000000000000001 0.7000000000000001 100.0 1 678.3444444444444 763.7777777777778 191.30157466454844 224.71862790697847
0.2 0.30000000000000004 100.0 100 668.2333333333333 763.7777777777778 166.4572717946961 224.71862790697847
0.1 0.6000000000000001 10.0 1 651.7111111111111 763.7777777777778 183.30358815936685 224.71862790697847
0.1 0.30000000000000004 100.0 10 619.7111111111111 763.7777777777778 165.1461470230026 224.71862790697847
0.4 0.9 10.0 10 656.7777777777778 763.7777777777778 167.1472257075432 224.71862790697847
0.1 0.6000000000000001 100.0 100 649.9777777777778 763.7777777777778 172.70025270378332 224.71862790697847
0.1 0.2 100.0 1 606.1777777777778 763.7777777777778 168.32941102874435 224.71862790697847
0.8 0.8 100.0 1 603.0 763.7777777777778 191.09538048954622 224.71862790697847
0.30000000000000004 0.6000000000000001 100.0 10 678.6555555555556 763.7777777777778 198.68843063735696 224.71862790697847
0.5 0.5 100.0 10 646.4111111111112 763.7777777777778 147.39801705619638 224.71862790697847
0.5 0.1 100.0 1 672.5111111111111 763.7777777777778 202.28237933061382 224.71862790697847
0.9 0.6000000000000001 100.0 1 676.1333333333333 763.7777777777778 182.9519791274931 224.71862790697847
0.30000000000000004 0.9 100.0 1 645.1 763.7777777777778 175.41069586037858 224.71862790697847
0.2 0.1 10.0 10 682.3333333333334 763.7777777777778 191.01448461656858 224.71862790697847
0.2 0.6000000000000001 100.0 1 624.5555555555555 763.7777777777778 157.83233798426812 224.71862790697847
0.4 0.9 100.0 10 636.5444444444445 763.7777777777778 174.4564358935816 224.71862790697847
0.4 0.6000000000000001 10.0 1 676.6 763.7777777777778 191.4660863500955 224.71862790697847
0.6000000000000001 0.6000000000000001 100.0 1 643.4555555555555 763.7777777777778 181.27003558908774 224.71862790697847
0.8 0.9 10.0 1 669.8555555555556 763.7777777777778 202.07531935235937 224.71862790697847
0.1 0.30000000000000004 10.0 1 674.3555555555556 763.7777777777778 175.1613422033216 224.71862790697847
0.8 0.1 100.0 1 675.0222222222222 763.7777777777778 199.19091778591482 224.71862790697847
0.2 0.5 100.0 100 628.8111111111111 763.7777777777778 170.94988833277327 224.71862790697847
0.4 0.4 100.0 100 678.0777777777778 763.7777777777778 196.63639471978493 224.71862790697847
0.30000000000000004 0.9 100.0 100 635.5444444444445 763.7777777777778 196.05476338746163 224.71862790697847
0.30000000000000004 0.2 100.0 1 678.7 763.7777777777778 191.074124650909 224.71862790697847
0.8 0.1 100.0 100 674.2222222222222 763.7777777777778 164.8964508598437 224.71862790697847
0.5 0.6000000000000001 100.0 10 676.5888888888888 763.7777777777778 186.6633270203898 224.71862790697847
0.7000000000000001 0.7000000000000001 100.0 10 677.1444444444444 763.7777777777778 178.3956626970953 224.71862790697847
0.30000000000000004 0.5 100.0 10 656.7888888888889 763.7777777777778 184.44887846075966 224.71862790697847
0.30000000000000004 0.1 100.0 1 627.2666666666667 763.7777777777778 191.6110528011251 224.71862790697847
0.6000000000000001 0.2 10.0 100 684.1 763.7777777777778 160.73622629775923 224.71862790697847
0.30000000000000004 0.9 10.0 10 677.6555555555556 763.7777777777778 160.50193222174485 224.71862790697847
0.2 0.1 100.0 10 680.6555555555556 763.7777777777778 204.02103165611305 224.71862790697847
0.9 0.9 100.0 10 681.7 763.7777777777778 197.46113260307428 224.71862790697847
0.5 0.1 10.0 1 653.7666666666667 763.7777777777778 174.36724016983362 224.71862790697847
0.1 0.1 100.0 1 585.0222222222222 763.7777777777778 151.10018587956637 224.71862790697847
0.8 0.4 10.0 1 674.6 763.7777777777778 190.71746409574322 224.71862790697847
0.8 0.7000000000000001 100.0 1 663.2666666666667 763.7777777777778 172.26709236273513 224.71862790697847
0.5 0.30000000000000004 100.0 1 657.7444444444444 763.7777777777778 180.0888398733069 224.71862790697847
0.30000000000000004 0.1 10.0 1 678.4333333333333 763.7777777777778 196.32490361076913 224.71862790697847
0.7000000000000001 0.1 100.0 10 678.3222222222222 763.7777777777778 201.85098066410708 224.71862790697847
0.30000000000000004 0.6000000000000001 100.0 1 654.4 763.7777777777778 184.61339785255743 224.71862790697847
0.4 0.7000000000000001 100.0 10 663.2888888888889 763.7777777777778 201.38582342494522 224.71862790697847
0.30000000000000004 0.30000000000000004 1.0 1 686.4222222222222 763.7777777777778 183.87592300714195 224.71862790697847
0.7000000000000001 0.2 1.0 10 682.6555555555556 763.7777777777778 169.09912682021164 224.71862790697847
0.2 0.7000000000000001 100.0 10 634.3 763.7777777777778 189.33071887866242 224.71862790697847
0.6000000000000001 0.7000000000000001 1.0 10 680.6111111111111 763.7777777777778 194.3028389135798 224.71862790697847
0.8 0.8 100.0 10 622.5 763.7777777777778 168.27300899299198 224.71862790697847
0.6000000000000001 0.7000000000000001 100.0 1 627.4777777777778 763.7777777777778 161.78567631817222 224.71862790697847
0.2 0.4 100.0 100 687.2777777777778 763.7777777777778 172.16904017581595 224.71862790697847
0.30000000000000004 0.4 10.0 1 683.0333333333333 763.7777777777778 198.20956642458563 224.71862790697847
0.2 0.9 10.0 1 657.2777777777778 763.7777777777778 193.2293414444652 224.71862790697847
0.30000000000000004 0.7000000000000001 100.0 100 650.2444444444444 763.7777777777778 198.97343826702718 224.71862790697847
0.30000000000000004 0.5 100.0 100 667.7111111111111 763.7777777777778 183.27636960154192 224.71862790697847
0.7000000000000001 0.1 10.0 1 672.5111111111111 763.7777777777778 172.29588532163336 224.71862790697847
0.1 0.9 100.0 10 685.1666666666666 763.7777777777778 164.95037974426663 224.71862790697847
0.9 0.6000000000000001 10.0 1 680.5111111111111 763.7777777777778 193.75375233323837 224.71862790697847
0.5 0.8 10.0 1 657.3 763.7777777777778 146.22208755481813 224.71862790697847
0.30000000000000004 0.4 100.0 100 683.9444444444445 763.7777777777778 180.11566414150604 224.71862790697847
0.6000000000000001 0.9 10.0 1 661.8222222222222 763.7777777777778 206.24206801058784 224.71862790697847
0.8 0.9 100.0 10 654.3 763.7777777777778 202.01108055417816 224.71862790697847
0.1 0.2 100.0 10 658.0777777777778 763.7777777777778 183.78382396341985 224.71862790697847
0.6000000000000001 0.9 100.0 10 670.5888888888888 763.7777777777778 201.7395953227518 224.71862790697847
0.2 0.8 100.0 10 646.2777777777778 763.7777777777778 190.17950747051685 224.71862790697847
0.8 0.4 100.0 10 667.5555555555555 763.7777777777778 193.97520523745703 224.71862790697847
0.7000000000000001 0.5 10.0 100 660.2222222222222 763.7777777777778 163.3278079186339 224.71862790697847
0.4 0.8 100.0 10 672.5222222222222 763.7777777777778 200.97386384954953 224.71862790697847
0.2 0.9 100.0 1 657.2666666666667 763.7777777777778 167.32375802616914 224.71862790697847
0.30000000000000004 0.8 100.0 10 659.0111111111111 763.7777777777778 187.1637722806446 224.71862790697847
0.6000000000000001 0.9 100.0 1 609.6111111111111 763.7777777777778 177.42815099479589 224.71862790697847
0.9 0.30000000000000004 100.0 10 680.3444444444444 763.7777777777778 171.74834051348446 224.71862790697847
0.1 0.30000000000000004 100.0 1 630.4666666666667 763.7777777777778 187.7052772596208 224.71862790697847
0.30000000000000004 0.7000000000000001 100.0 1 615.9777777777778 763.7777777777778 168.61922770140208 224.71862790697847
0.30000000000000004 0.7000000000000001 100.0 10 639.1333333333333 763.7777777777778 165.05603089052312 224.71862790697847
0.6000000000000001 0.2 100.0 1 675.2111111111111 763.7777777777778 160.24685779165458 224.71862790697847
0.1 0.5 10.0 100 683.1333333333333 763.7777777777778 178.61374838211952 224.71862790697847
0.8 0.6000000000000001 100.0 1 642.0555555555555 763.7777777777778 182.8529683234356 224.71862790697847
0.7000000000000001 0.9 10.0 1 649.5777777777778 763.7777777777778 161.29482858540462 224.71862790697847
0.2 0.2 100.0 1 632.0666666666667 763.7777777777778 190.41742450615058 224.71862790697847
0.1 0.7000000000000001 100.0 100 655.9666666666667 763.7777777777778 196.83131243670442 224.71862790697847
0.1 0.8 100.0 100 680.0777777777778 763.7777777777778 198.98985053837282 224.71862790697847
0.4 0.8 100.0 1 619.3111111111111 763.7777777777778 175.8471333885988 224.71862790697847
0.1 0.2 10.0 1 680.8222222222222 763.7777777777778 189.70020662893788 224.71862790697847
0.30000000000000004 0.30000000000000004 100.0 10 679.1888888888889 763.7777777777778 201.70858486905448 224.71862790697847
0.9 0.8 100.0 1 604.0333333333333 763.7777777777778 151.49055342752493 224.71862790697847
0.2 0.2 100.0 10 673.2333333333333 763.7777777777778 161.67161848086454 224.71862790697847
0.1 0.5 100.0 100 654.7555555555556 763.7777777777778 176.99286307715042 224.71862790697847
0.30000000000000004 0.8 100.0 1 640.9222222222222 763.7777777777778 226.22251719037743 224.71862790697847
0.4 0.7000000000000001 10.0 1 669.8111111111111 763.7777777777778 188.8354306705794 224.71862790697847
0.30000000000000004 0.6000000000000001 10.0 1 662.3333333333334 763.7777777777778 174.53086323691352 224.71862790697847
0.1 0.6000000000000001 10.0 10 684.0777777777778 763.7777777777778 201.85540632276462 224.71862790697847
0.2 0.8 100.0 1 602.6444444444444 763.7777777777778 174.52903681438806 224.71862790697847
0.2 0.30000000000000004 100.0 1 649.2222222222222 763.7777777777778 196.06131568000058 224.71862790697847
0.2 0.8 1.0 100 686.5555555555555 763.7777777777778 165.9267650441745 224.71862790697847
0.30000000000000004 0.30000000000000004 100.0 1 682.5111111111111 763.7777777777778 193.65285346289372 224.71862790697847
0.30000000000000004 0.2 10.0 1 660.1888888888889 763.7777777777778 174.80337490032397 224.71862790697847
0.2 0.9 100.0 100 657.7222222222222 763.7777777777778 191.39267533748387 224.71862790697847
0.6000000000000001 0.8 100.0 1 633.6 763.7777777777778 196.74567904333307 224.71862790697847
0.1 0.8 100.0 10 658.8333333333334 763.7777777777778 159.3905232091572 224.71862790697847
0.4 0.9 10.0 1 641.0666666666667 763.7777777777778 188.42179633294376 224.71862790697847
0.9 0.1 100.0 10 686.1888888888889 763.7777777777778 197.06275900751595 224.71862790697847
0.7000000000000001 0.5 10.0 10 683.8 763.7777777777778 181.89204368403685 224.71862790697847
0.8 0.9 100.0 1 616.2666666666667 763.7777777777778 163.97776272003065 224.71862790697847
0.5 0.9 100.0 1 603.2222222222222 763.7777777777778 188.7546189443837 224.71862790697847
0.9 0.7000000000000001 100.0 1 662.0444444444445 763.7777777777778 199.3547876476125 224.71862790697847
0.2 0.6000000000000001 10.0 10 631.0777777777778 763.7777777777778 176.26370570998805 224.71862790697847
0.4 0.9 100.0 1 618.6222222222223 763.7777777777778 140.775753734463 224.71862790697847
0.30000000000000004 0.8 100.0 100 683.2444444444444 763.7777777777778 164.18487622265002 224.71862790697847
0.5 0.1 10.0 10 685.0555555555555 763.7777777777778 180.76198968140469 224.71862790697847
0.1 0.9 10.0 10 661.6222222222223 763.7777777777778 165.4099001321517 224.71862790697847
0.30000000000000004 0.1 10.0 10 675.4444444444445 763.7777777777778 175.2903693311384 224.71862790697847
0.9 0.2 10.0 1 667.8111111111111 763.7777777777778 163.0478385453821 224.71862790697847
0.1 0.30000000000000004 100.0 100 653.8555555555556 763.7777777777778 187.30382692365612 224.71862790697847
0.4 0.5 100.0 1 681.2111111111111 763.7777777777778 200.90210410072555 224.71862790697847
0.4 0.2 100.0 100 677.7222222222222 763.7777777777778 248.50575793811112 224.71862790697847
0.6000000000000001 0.8 10.0 1 618.6 763.7777777777778 169.0889838057005 224.71862790697847
0.2 0.9 10.0 10 652.9444444444445 763.7777777777778 171.01704665592132 224.71862790697847
0.5 0.4 100.0 1 651.1444444444444 763.7777777777778 172.19269316741324 224.71862790697847
0.1 0.7000000000000001 10.0 1 676.7666666666667 763.7777777777778 178.8486666306337 224.71862790697847
0.4 0.6000000000000001 100.0 1 646.6444444444444 763.7777777777778 184.51108434702124 224.71862790697847
0.1 0.2 100.0 100 611.1777777777778 763.7777777777778 165.41560975499647 224.71862790697847
0.1 0.7000000000000001 10.0 10 684.5666666666667 763.7777777777778 188.02452854171267 224.71862790697847
0.6000000000000001 0.1 100.0 100 664.9777777777778 763.7777777777778 192.19544322137747 224.71862790697847
0.2 0.30000000000000004 100.0 10 681.0111111111111 763.7777777777778 172.0593240357939 224.71862790697847
0.7000000000000001 0.4 100.0 1 679.2666666666667 763.7777777777778 190.89635349523513 224.71862790697847
0.30000000000000004 0.9 100.0 10 632.8333333333334 763.7777777777778 186.75124571948044 224.71862790697847
0.30000000000000004 0.2 100.0 10 663.3777777777777 763.7777777777778 200.8937573156395 224.71862790697847
0.7000000000000001 0.2 100.0 10 684.1666666666666 763.7777777777778 183.74778910234537 224.71862790697847
0.9 0.9 10.0 1 645.2 763.7777777777778 170.98792679926586 224.71862790697847
0.7000000000000001 0.8 100.0 1 637.7777777777778 763.7777777777778 192.36324306881136 224.71862790697847
0.9 0.8 10.0 1 680.9 763.7777777777778 187.21241945982112 224.71862790697847
0.1 0.4 100.0 1 595.4333333333333 763.7777777777778 183.86782994555873 224.71862790697847
0.2 0.9 10.0 100 672.0222222222222 763.7777777777778 179.72868303688438 224.71862790697847
0.2 0.5 10.0 10 678.5444444444445 763.7777777777778 183.93212281292557 224.71862790697847
0.30000000000000004 0.5 100.0 1 615.3444444444444 763.7777777777778 177.68625039728568 224.71862790697847
0.1 0.4 10.0 10 680.5888888888888 763.7777777777778 187.10739010551873 224.71862790697847
0.1 0.4 100.0 10 630.9555555555555 763.7777777777778 190.6599597369977 224.71862790697847
0.4 0.7000000000000001 100.0 1 625.0777777777778 763.7777777777778 188.23373341423616 224.71862790697847
0.30000000000000004 0.8 10.0 100 681.6777777777778 763.7777777777778 162.3716469350331 224.71862790697847
0.1 0.7000000000000001 100.0 10 605.2222222222222 763.7777777777778 162.806209121136 224.71862790697847
