0.2 0.5 0.1 1 772.8888888888889 1144.5444444444445 293.0629604119772 311.2850127066873
0.2 0.6000000000000001 0.1 1 754.4111111111112 1144.5444444444445 197.31542117153128 311.2850127066873
0.9 0.7000000000000001 0.1 1 892.1222222222223 1144.5444444444445 274.2110633872212 311.2850127066873
0.9 0.5 0.1 1 958.8444444444444 1144.5444444444445 295.4583975644592 311.2850127066873
0.6000000000000001 0.9 0.1 1 841.8555555555556 1144.5444444444445 281.37367645618366 311.2850127066873
0.7000000000000001 0.30000000000000004 0.1 1 808.9888888888889 1144.5444444444445 268.8614469467889 311.2850127066873
0.1 0.1 0.1 1 677.6888888888889 1144.5444444444445 234.87314043705683 311.2850127066873
0.30000000000000004 0.7000000000000001 0.1 1 834.3 1144.5444444444445 268.8842563880104 311.2850127066873
0.4 0.2 0.1 1 846.1111111111111 1144.5444444444445 232.95418931838864 311.2850127066873
0.2 0.4 0.1 1 737.7666666666667 1144.5444444444445 205.386251297944 311.2850127066873
0.5 0.2 0.1 1 863.4777777777778 1144.5444444444445 275.46720828350175 311.2850127066873
0.1 0.2 0.1 1 696.3333333333334 1144.5444444444445 221.07459776685732 311.2850127066873
0.5 0.9 0.1 1 814.6777777777778 1144.5444444444445 258.791629084 311.2850127066873
0.8 0.8 0.1 1 909.1666666666666 1144.5444444444445 260.190581860468 311.2850127066873
0.9 0.4 0.1 1 881.0222222222222 1144.5444444444445 253.99343726332674 311.2850127066873
0.6000000000000001 0.8 0.1 1 833.9666666666667 1144.5444444444445 287.2209157503061 311.2850127066873
0.5 0.8 0.1 1 843.4 1144.5444444444445 244.60593251640935 311.2850127066873
0.30000000000000004 0.6000000000000001 0.1 1 822.0666666666667 1144.5444444444445 273.90581511818175 311.2850127066873
0.1 0.9 0.1 1 678.7444444444444 1144.5444444444445 176.36695086672188 311.2850127066873
0.9 0.1 0.1 1 929.7 1144.5444444444445 293.1529540094121 311.2850127066873
0.9 0.2 0.1 1 899.1333333333333 1144.5444444444445 282.5433772007406 311.2850127066873
0.9 0.8 0.1 1 893.2444444444444 1144.5444444444445 248.268775103431 311.2850127066873
0.8 0.9 0.1 1 876.1777777777778 1144.5444444444445 234.825399808159 311.2850127066873
0.7000000000000001 0.5 0.1 1 867.3777777777777 1144.5444444444445 252.65103635813463 311.2850127066873
0.7000000000000001 0.7000000000000001 0.1 1 847.5 1144.5444444444445 217.3640699124142 311.2850127066873
0.1 0.8 0.1 1 669.7333333333333 1144.5444444444445 192.99705236666753 311.2850127066873
0.2 0.8 0.1 1 775.0333333333333 1144.5444444444445 269.36028949263397 311.2850127066873
0.2 0.2 0.1 1 797.6777777777778 1144.5444444444445 250.04563262545048 311.2850127066873
0.30000000000000004 0.4 0.1 1 863.4 1144.5444444444445 288.98407491686373 311.2850127066873
0.8 0.4 0.1 1 928.2111111111111 1144.5444444444445 301.80116686485434 311.2850127066873
0.4 0.7000000000000001 0.1 1 822.9333333333333 1144.5444444444445 255.04604377336352 311.2850127066873
0.6000000000000001 0.6000000000000001 0.1 1 889.4111111111112 1144.5444444444445 267.24703072644 311.2850127066873
0.2 0.1 0.1 1 762.0333333333333 1144.5444444444445 234.0976742966728 311.2850127066873
0.1 0.4 0.1 1 690.9555555555555 1144.5444444444445 212.19126126686905 311.2850127066873
0.5 0.5 0.1 1 868.4666666666667 1144.5444444444445 252.23640586648958 311.2850127066873
0.6000000000000001 0.2 0.1 1 954.0777777777778 1144.5444444444445 304.8409139854855 311.2850127066873
0.8 0.5 0.1 1 871.2666666666667 1144.5444444444445 254.2955323590601 311.2850127066873
0.6000000000000001 0.4 0.1 1 851.3888888888889 1144.5444444444445 252.2506555192207 311.2850127066873
0.1 0.6000000000000001 0.1 1 681.6 1144.5444444444445 207.14856719004572 311.2850127066873
0.8 0.7000000000000001 0.1 1 850.1666666666666 1144.5444444444445 248.9105260932129 311.2850127066873
0.7000000000000001 0.1 0.1 1 887.8888888888889 1144.5444444444445 302.86569977263093 311.2850127066873
0.30000000000000004 0.8 0.1 1 794.2777777777778 1144.5444444444445 258.8681787138336 311.2850127066873
0.6000000000000001 0.1 0.1 1 951.8444444444444 1144.5444444444445 270.8959583436298 311.2850127066873
0.4 0.4 0.1 1 897.3888888888889 1144.5444444444445 345.7010492204193 311.2850127066873
0.2 0.7000000000000001 0.1 1 828.9111111111112 1144.5444444444445 286.6616916019627 311.2850127066873
0.4 0.9 0.1 1 770.1555555555556 1144.5444444444445 217.15068557781154 311.2850127066873
0.5 0.30000000000000004 0.1 1 926.9333333333333 1144.5444444444445 284.61794274664646 311.2850127066873
0.6000000000000001 0.30000000000000004 0.1 1 869.3444444444444 1144.5444444444445 262.7806504423672 311.2850127066873
0.4 0.1 0.1 1 876.0222222222222 1144.5444444444445 253.73748366625688 311.2850127066873
0.6000000000000001 0.5 0.1 1 862.0666666666667 1144.5444444444445 235.13196294846858 311.2850127066873
0.5 0.6000000000000001 0.1 1 915.9666666666667 1144.5444444444445 248.29070998864756 311.2850127066873
0.1 0.7000000000000001 0.1 1 748.0222222222222 1144.5444444444445 228.48627373203544 311.2850127066873
0.8 0.2 0.1 1 964.9888888888889 1144.5444444444445 293.6981252330905 311.2850127066873
0.5 0.4 0.1 1 905.5111111111111 1144.5444444444445 315.43078988880666 311.2850127066873
0.4 0.6000000000000001 0.1 1 880.1333333333333 1144.5444444444445 285.5989106733038 311.2850127066873
0.30000000000000004 0.30000000000000004 0.1 1 839.1 1144.5444444444445 300.1725448249167 311.2850127066873
0.7000000000000001 0.6000000000000001 0.1 1 879.7444444444444 1144.5444444444445 263.0641476949474 311.2850127066873
0.30000000000000004 0.9 0.1 1 743.2888888888889 1144.5444444444445 226.3086508114499 311.2850127066873
0.4 0.30000000000000004 0.1 1 775.0111111111111 1144.5444444444445 214.14161951819767 311.2850127066873
0.9 0.30000000000000004 0.1 1 853.8333333333334 1144.5444444444445 273.7991660566799 311.2850127066873
0.30000000000000004 0.5 0.1 1 820.1555555555556 1144.5444444444445 265.48939761676655 311.2850127066873
0.2 0.30000000000000004 0.1 1 830.4555555555555 1144.5444444444445 247.02456742919372 311.2850127066873
0.8 0.30000000000000004 0.1 1 986.6888888888889 1144.5444444444445 290.05063329795234 311.2850127066873
0.8 0.1 0.1 1 867.0888888888888 1144.5444444444445 268.50969957420926 311.2850127066873
0.5 0.7000000000000001 0.1 1 879.5666666666667 1144.5444444444445 298.2772405367567 311.2850127066873
0.9 0.9 0.1 1 811.3666666666667 1144.5444444444445 250.190214303704 311.2850127066873
0.7000000000000001 0.8 0.1 1 907.5666666666667 1144.5444444444445 292.825888731019 311.2850127066873
0.30000000000000004 0.1 0.1 1 813.0666666666667 1144.5444444444445 251.65372152137064 311.2850127066873
0.2 0.9 0.1 1 676.3777777777777 1144.5444444444445 216.1344014870674 311.2850127066873
0.5 0.1 0.1 1 874.5555555555555 1144.5444444444445 210.43690588398388 311.2850127066873
0.7000000000000001 0.4 0.1 1 832.8333333333334 1144.5444444444445 235.6886010537351 311.2850127066873
0.7000000000000001 0.9 0.1 1 925.3777777777777 1144.5444444444445 252.961990020362 311.2850127066873
0.7000000000000001 0.2 0.1 1 881.6333333333333 1144.5444444444445 259.81170318350013 311.2850127066873
0.4 0.8 0.1 1 796.3333333333334 1144.5444444444445 213.9045997115952 311.2850127066873
0.30000000000000004 0.2 0.1 1 824.3 1144.5444444444445 307.071922447422 311.2850127066873
0.6000000000000001 0.7000000000000001 0.1 1 927.7111111111111 1144.5444444444445 339.9615090776027 311.2850127066873
0.1 0.5 0.1 1 756.4666666666667 1144.5444444444445 225.61689259056436 311.2850127066873
0.4 0.5 0.1 1 905.1555555555556 1144.5444444444445 287.17118050664527 311.2850127066873
0.8 0.6000000000000001 0.1 1 830.1 1144.5444444444445 274.5104754123439 311.2850127066873
0.1 0.30000000000000004 0.1 1 712.1666666666666 1144.5444444444445 221.31150745800207 311.2850127066873
0.9 0.6000000000000001 0.1 1 842.9111111111112 1144.5444444444445 252.59377332188464 311.2850127066873
