0.6000000000000001 0.8 10.0 100 3659.177777777778 4447.555555555556 1228.4132002780188 1455.8580220086415
0.4 0.4 1.0 10 3950.9222222222224 4447.555555555556 1273.0944123824859 1455.8580220086415
0.30000000000000004 0.1 0.1 1 3854.6555555555556 4447.555555555556 1369.3647769930171 1455.8580220086415
0.1 0.8 100.0 100 3380.488888888889 4447.555555555556 1281.9229240519403 1455.8580220086415
0.6000000000000001 0.7000000000000001 100.0 1 3820.688888888889 4447.555555555556 1354.5801206314366 1455.8580220086415
0.30000000000000004 0.6000000000000001 100.0 1 3743.3333333333335 4447.555555555556 1402.4245275791332 1455.8580220086415
0.1 0.6000000000000001 100.0 10 3550.4 4447.555555555556 1551.6663859648868 1455.8580220086415
0.7000000000000001 0.1 100.0 100 3946.6555555555556 4447.555555555556 1588.1806793456822 1455.8580220086415
0.6000000000000001 0.9 0.1 1 3976.177777777778 4447.555555555556 1329.7760093571128 1455.8580220086415
0.1 0.9 10.0 100 3728.0 4447.555555555556 1205.5757038766906 1455.8580220086415
0.8 0.5 10.0 100 3756.0777777777776 4447.555555555556 1392.348864551296 1455.8580220086415
0.2 0.6000000000000001 100.0 100 3949.0222222222224 4447.555555555556 1634.7128050705815 1455.8580220086415
0.7000000000000001 0.2 1.0 1 3865.177777777778 4447.555555555556 1413.9811218115697 1455.8580220086415
0.8 0.1 100.0 100 3914.1222222222223 4447.555555555556 1466.623323812429 1455.8580220086415
0.6000000000000001 0.9 1.0 100 3834.4777777777776 4447.555555555556 1461.5083473953111 1455.8580220086415
0.8 0.7000000000000001 0.1 1 3511.266666666667 4447.555555555556 1318.3234959599258 1455.8580220086415
0.4 0.9 0.1 10 3973.411111111111 4447.555555555556 1512.738288993722 1455.8580220086415
0.7000000000000001 0.7000000000000001 0.1 1 3737.5777777777776 4447.555555555556 1558.9238808142104 1455.8580220086415
0.9 0.5 10.0 10 3897.9 4447.555555555556 1309.5680377725914 1455.8580220086415
0.7000000000000001 0.1 0.1 10 3836.7555555555555 4447.555555555556 1254.5750702582845 1455.8580220086415
0.5 0.8 1.0 1 3596.9777777777776 4447.555555555556 1347.8219135395016 1455.8580220086415
0.2 0.7000000000000001 100.0 1 3402.3777777777777 4447.555555555556 1401.4124745950483 1455.8580220086415
0.6000000000000001 0.1 100.0 10 3753.9666666666667 4447.555555555556 1283.5098445711708 1455.8580220086415
0.6000000000000001 0.8 100.0 10 3764.5222222222224 4447.555555555556 1314.2580181969831 1455.8580220086415
0.4 0.7000000000000001 1.0 10 3883.4555555555557 4447.555555555556 1349.1804933292826 1455.8580220086415
0.9 0.30000000000000004 1.0 100 3864.0222222222224 4447.555555555556 1195.8079739729467 1455.8580220086415
0.8 0.30000000000000004 0.1 1 3973.3 4447.555555555556 1797.3846088754135 1455.8580220086415
0.7000000000000001 0.30000000000000004 0.1 1 3754.9222222222224 4447.555555555556 1407.9288904690054 1455.8580220086415
0.1 0.6000000000000001 100.0 1 3472.0555555555557 4447.555555555556 1376.9220696184912 1455.8580220086415
0.30000000000000004 0.8 100.0 1 3704.6111111111113 4447.555555555556 1452.591658568646 1455.8580220086415
0.7000000000000001 0.30000000000000004 1.0 1 3965.8888888888887 4447.555555555556 1370.533516915093 1455.8580220086415
0.4 0.1 10.0 1 3835.633333333333 4447.555555555556 1536.6006236711826 1455.8580220086415
0.7000000000000001 0.9 0.1 1 3935.588888888889 4447.555555555556 1326.4431544920292 1455.8580220086415
0.8 0.7000000000000001 1.0 1 3840.3 4447.555555555556 1451.233371614948 1455.8580220086415
0.9 0.7000000000000001 1.0 1 3913.8 4447.555555555556 1221.4653513073733 1455.8580220086415
0.6000000000000001 0.2 1.0 1 3800.4444444444443 4447.555555555556 1408.376749714295 1455.8580220086415
0.4 0.30000000000000004 10.0 1 3871.8777777777777 4447.555555555556 1410.9939509105532 1455.8580220086415
0.8 0.6000000000000001 0.1 1 3827.5 4447.555555555556 1185.9492517716674 1455.8580220086415
0.7000000000000001 0.7000000000000001 10.0 100 3898.4444444444443 4447.555555555556 1481.0223879402522 1455.8580220086415
0.30000000000000004 0.5 1.0 100 3882.311111111111 4447.555555555556 1542.6090427472 1455.8580220086415
0.5 0.8 1.0 100 3667.0222222222224 4447.555555555556 1319.7812190559614 1455.8580220086415
0.6000000000000001 0.9 100.0 10 3748.0 4447.555555555556 1440.4756390396426 1455.8580220086415
0.7000000000000001 0.7000000000000001 10.0 1 3642.3333333333335 4447.555555555556 1464.772352430385 1455.8580220086415
0.30000000000000004 0.1 10.0 10 3800.8 4447.555555555556 1132.956527556699 1455.8580220086415
0.1 0.6000000000000001 1.0 1 3853.288888888889 4447.555555555556 1468.4836642260495 1455.8580220086415
0.6000000000000001 0.4 0.1 100 3586.5666666666666 4447.555555555556 1311.4752850638604 1455.8580220086415
0.5 0.30000000000000004 10.0 100 3822.5444444444443 4447.555555555556 1516.7012169039835 1455.8580220086415
0.2 0.5 10.0 1 3962.8 4447.555555555556 1582.8798171546555 1455.8580220086415
0.6000000000000001 0.1 0.1 1 3949.4222222222224 4447.555555555556 1321.2718786396501 1455.8580220086415
0.4 0.2 10.0 10 3680.3888888888887 4447.555555555556 1393.593338535269 1455.8580220086415
0.9 0.7000000000000001 1.0 10 3760.6555555555556 4447.555555555556 1487.9833717791869 1455.8580220086415
0.5 0.30000000000000004 100.0 10 3940.266666666667 4447.555555555556 1381.630018010128 1455.8580220086415
0.9 0.7000000000000001 100.0 10 3753.4666666666667 4447.555555555556 1365.0526827440274 1455.8580220086415
0.8 0.5 1.0 100 3851.0222222222224 4447.555555555556 1536.3405364536263 1455.8580220086415
0.6000000000000001 0.9 10.0 1 3951.5777777777776 4447.555555555556 1635.5199239778142 1455.8580220086415
0.30000000000000004 0.9 10.0 1 3882.711111111111 4447.555555555556 1414.1737614785256 1455.8580220086415
0.6000000000000001 0.8 0.1 100 3905.0555555555557 4447.555555555556 1353.182252331404 1455.8580220086415
0.30000000000000004 0.7000000000000001 1.0 100 3972.511111111111 4447.555555555556 1469.6733820398815 1455.8580220086415
0.1 0.6000000000000001 10.0 100 3749.588888888889 4447.555555555556 1369.617658687144 1455.8580220086415
0.8 0.7000000000000001 10.0 1 3938.911111111111 4447.555555555556 1484.1742758138798 1455.8580220086415
0.2 0.9 1.0 100 3891.9222222222224 4447.555555555556 1482.6408513023703 1455.8580220086415
0.7000000000000001 0.2 0.1 100 3838.6111111111113 4447.555555555556 1472.091102966151 1455.8580220086415
0.1 0.6000000000000001 100.0 100 3602.8777777777777 4447.555555555556 1436.3943115993818 1455.8580220086415
0.1 0.30000000000000004 10.0 100 3856.3777777777777 4447.555555555556 1387.209009148127 1455.8580220086415
0.4 0.2 1.0 1 3900.3 4447.555555555556 1580.7437310751334 1455.8580220086415
0.2 0.9 1.0 1 3778.5444444444443 4447.555555555556 1317.1648522583237 1455.8580220086415
0.7000000000000001 0.9 100.0 1 3590.6666666666665 4447.555555555556 1269.8994535876543 1455.8580220086415
0.5 0.9 1.0 10 3992.822222222222 4447.555555555556 1376.6148382316337 1455.8580220086415
0.7000000000000001 0.30000000000000004 10.0 10 3801.4333333333334 4447.555555555556 1324.492288891609 1455.8580220086415
0.2 0.1 100.0 1 3943.366666666667 4447.555555555556 1414.568653924816 1455.8580220086415
0.7000000000000001 0.30000000000000004 10.0 1 3753.088888888889 4447.555555555556 1468.0654817702894 1455.8580220086415
0.30000000000000004 0.1 10.0 1 3757.3555555555554 4447.555555555556 1316.3135924164299 1455.8580220086415
0.4 0.9 10.0 1 3975.777777777778 4447.555555555556 1625.5198606242714 1455.8580220086415
0.8 0.7000000000000001 100.0 1 3936.9777777777776 4447.555555555556 1425.1979977671544 1455.8580220086415
0.1 0.4 1.0 1 3916.9777777777776 4447.555555555556 1531.3214915938727 1455.8580220086415
0.6000000000000001 0.1 10.0 100 3788.911111111111 4447.555555555556 1395.8024027971583 1455.8580220086415
0.9 0.1 100.0 10 3842.2555555555555 4447.555555555556 1179.4671071774662 1455.8580220086415
0.5 0.6000000000000001 100.0 100 3886.4333333333334 4447.555555555556 1391.542725419046 1455.8580220086415
0.1 0.4 100.0 100 3250.6555555555556 4447.555555555556 1121.0531770627429 1455.8580220086415
0.2 0.2 0.1 100 3941.733333333333 4447.555555555556 1619.1261895781247 1455.8580220086415
0.6000000000000001 0.4 10.0 100 3935.9 4447.555555555556 1266.346582803372 1455.8580220086415
0.8 0.5 0.1 10 3746.0444444444443 4447.555555555556 1542.6046869651711 1455.8580220086415
0.30000000000000004 0.2 10.0 100 3804.0 4447.555555555556 1476.3619700692193 1455.8580220086415
0.8 0.30000000000000004 10.0 100 3931.9444444444443 4447.555555555556 1480.844604054735 1455.8580220086415
0.30000000000000004 0.8 10.0 10 3730.088888888889 4447.555555555556 1383.064123559187 1455.8580220086415
0.6000000000000001 0.9 10.0 10 3850.811111111111 4447.555555555556 1343.3698580182966 1455.8580220086415
0.7000000000000001 0.9 0.1 100 3916.0666666666666 4447.555555555556 1396.514158737947 1455.8580220086415
0.7000000000000001 0.6000000000000001 100.0 1 3843.777777777778 4447.555555555556 1342.638975035341 1455.8580220086415
0.5 0.6000000000000001 10.0 10 3622.322222222222 4447.555555555556 1295.7215306776868 1455.8580220086415
0.8 0.30000000000000004 100.0 10 3838.9555555555557 4447.555555555556 1533.7750371848401 1455.8580220086415
0.9 0.1 10.0 10 3899.6111111111113 4447.555555555556 1387.5310822900465 1455.8580220086415
0.30000000000000004 0.5 100.0 100 3759.9333333333334 4447.555555555556 1537.264726714303 1455.8580220086415
0.2 0.1 100.0 100 3796.5666666666666 4447.555555555556 1395.833817313349 1455.8580220086415
0.6000000000000001 0.9 1.0 10 3985.3 4447.555555555556 1331.0918696902766 1455.8580220086415
0.2 0.2 100.0 1 3659.4 4447.555555555556 1422.9844443594206 1455.8580220086415
0.1 0.2 100.0 100 3690.188888888889 4447.555555555556 1479.8472060350946 1455.8580220086415
0.30000000000000004 0.2 0.1 1 3885.222222222222 4447.555555555556 1399.2535770329503 1455.8580220086415
0.9 0.9 10.0 100 3926.811111111111 4447.555555555556 1620.8157952397817 1455.8580220086415
0.4 0.5 10.0 100 3919.688888888889 4447.555555555556 1309.4732413747686 1455.8580220086415
0.6000000000000001 0.5 0.1 1 3978.133333333333 4447.555555555556 1514.6752361846782 1455.8580220086415
0.1 0.5 1.0 1 3946.3888888888887 4447.555555555556 1468.8722256997369 1455.8580220086415
0.1 0.2 0.1 100 3987.5777777777776 4447.555555555556 1499.3346078086904 1455.8580220086415
0.5 0.6000000000000001 100.0 1 3727.277777777778 4447.555555555556 1447.748566474302 1455.8580220086415
0.30000000000000004 0.9 1.0 10 3797.811111111111 4447.555555555556 1390.2487298996732 1455.8580220086415
0.6000000000000001 0.5 10.0 10 3936.0444444444443 4447.555555555556 1386.1504881514377 1455.8580220086415
0.30000000000000004 0.8 0.1 10 3799.0555555555557 4447.555555555556 1496.9096711492803 1455.8580220086415
0.2 0.6000000000000001 0.1 1 3875.911111111111 4447.555555555556 1461.466863154538 1455.8580220086415
0.9 0.7000000000000001 10.0 1 3932.5444444444443 4447.555555555556 1578.8925384663426 1455.8580220086415
0.30000000000000004 0.4 100.0 1 3508.411111111111 4447.555555555556 1335.5521279767443 1455.8580220086415
0.1 0.8 0.1 10 3936.4444444444443 4447.555555555556 1435.6461116949022 1455.8580220086415
0.1 0.2 100.0 10 3812.3777777777777 4447.555555555556 1600.6698707296669 1455.8580220086415
0.7000000000000001 0.2 10.0 10 3902.688888888889 4447.555555555556 1381.628537024691 1455.8580220086415
0.1 0.2 0.1 10 3816.411111111111 4447.555555555556 1300.1696290565274 1455.8580220086415
0.2 0.6000000000000001 100.0 10 3746.3444444444444 4447.555555555556 1479.4333987571133 1455.8580220086415
0.2 0.2 0.1 10 3890.6 4447.555555555556 1636.9829891195163 1455.8580220086415
0.9 0.8 10.0 10 3873.677777777778 4447.555555555556 1610.9762314804839 1455.8580220086415
0.30000000000000004 0.2 100.0 10 3972.866666666667 4447.555555555556 1538.554373429812 1455.8580220086415
0.8 0.4 1.0 10 3958.233333333333 4447.555555555556 1340.8435243035135 1455.8580220086415
0.6000000000000001 0.30000000000000004 100.0 10 3762.177777777778 4447.555555555556 1336.2566834072777 1455.8580220086415
0.9 0.4 100.0 1 3845.6222222222223 4447.555555555556 1421.0191927531591 1455.8580220086415
0.4 0.1 100.0 1 3969.9555555555557 4447.555555555556 1425.150517673376 1455.8580220086415
0.5 0.2 10.0 10 3862.2555555555555 4447.555555555556 1595.1907761986142 1455.8580220086415
0.6000000000000001 0.6000000000000001 10.0 100 3956.9777777777776 4447.555555555556 1523.1255582429305 1455.8580220086415
0.9 0.9 10.0 1 3671.088888888889 4447.555555555556 1373.8681292406523 1455.8580220086415
0.8 0.9 1.0 100 3758.0777777777776 4447.555555555556 1222.1474108922448 1455.8580220086415
0.30000000000000004 0.30000000000000004 1.0 1 3983.133333333333 4447.555555555556 1488.6212203840764 1455.8580220086415
0.9 0.2 1.0 10 3701.0777777777776 4447.555555555556 1203.9121343702582 1455.8580220086415
0.2 0.2 10.0 10 3827.711111111111 4447.555555555556 1578.3938548371423 1455.8580220086415
0.4 0.6000000000000001 100.0 1 3863.5444444444443 4447.555555555556 1526.3212284670406 1455.8580220086415
0.30000000000000004 0.4 0.1 1 3983.777777777778 4447.555555555556 1487.9002638153302 1455.8580220086415
0.4 0.7000000000000001 100.0 1 3788.4666666666667 4447.555555555556 1284.8964696728594 1455.8580220086415
0.5 0.9 100.0 100 3807.0222222222224 4447.555555555556 1342.1495775043338 1455.8580220086415
0.5 0.5 0.1 100 3915.8555555555554 4447.555555555556 1252.3098086789787 1455.8580220086415
0.6000000000000001 0.4 100.0 10 3770.222222222222 4447.555555555556 1656.8836798022553 1455.8580220086415
0.2 0.1 10.0 10 3643.8888888888887 4447.555555555556 1263.0685513589906 1455.8580220086415
0.9 0.5 100.0 10 3972.5555555555557 4447.555555555556 1485.2071319150596 1455.8580220086415
0.4 0.1 1.0 100 3692.5222222222224 4447.555555555556 1455.0935458876693 1455.8580220086415
0.5 0.5 0.1 1 3744.3 4447.555555555556 1265.9197661954904 1455.8580220086415
0.9 0.6000000000000001 0.1 10 3859.3555555555554 4447.555555555556 1576.050974296278 1455.8580220086415
0.9 0.7000000000000001 100.0 1 3917.233333333333 4447.555555555556 1718.890618005307 1455.8580220086415
0.5 0.4 10.0 100 3987.0777777777776 4447.555555555556 1312.1388665311795 1455.8580220086415
0.30000000000000004 0.9 0.1 100 3937.3777777777777 4447.555555555556 1454.008379754072 1455.8580220086415
0.7000000000000001 0.6000000000000001 10.0 100 3883.9 4447.555555555556 1454.1827108952525 1455.8580220086415
0.2 0.1 0.1 1 3969.211111111111 4447.555555555556 1360.23317849424 1455.8580220086415
0.9 0.1 100.0 1 3839.5333333333333 4447.555555555556 1521.015919267996 1455.8580220086415
0.30000000000000004 0.6000000000000001 0.1 100 3904.266666666667 4447.555555555556 1470.755042675549 1455.8580220086415
0.4 0.30000000000000004 10.0 10 3608.9555555555557 4447.555555555556 1230.3819091928879 1455.8580220086415
0.5 0.4 10.0 10 3745.277777777778 4447.555555555556 1394.7039512844274 1455.8580220086415
0.7000000000000001 0.9 1.0 100 3881.5333333333333 4447.555555555556 1406.1142137899833 1455.8580220086415
0.2 0.6000000000000001 10.0 100 3885.4555555555557 4447.555555555556 1345.2811780533807 1455.8580220086415
0.1 0.8 10.0 100 3968.411111111111 4447.555555555556 1362.8091404191111 1455.8580220086415
0.8 0.8 1.0 10 3981.8777777777777 4447.555555555556 1595.5754853676376 1455.8580220086415
0.7000000000000001 0.6000000000000001 10.0 1 3783.222222222222 4447.555555555556 1325.6368178500124 1455.8580220086415
0.2 0.4 100.0 1 3968.4444444444443 4447.555555555556 1288.8481171712212 1455.8580220086415
0.2 0.30000000000000004 100.0 100 3362.9222222222224 4447.555555555556 1303.0193758922458 1455.8580220086415
0.8 0.4 10.0 10 3970.633333333333 4447.555555555556 1418.5095264631345 1455.8580220086415
0.5 0.2 100.0 1 3993.311111111111 4447.555555555556 1544.9212755523567 1455.8580220086415
0.2 0.2 1.0 1 3757.3 4447.555555555556 1306.0083243736747 1455.8580220086415
0.8 0.30000000000000004 1.0 10 3835.233333333333 4447.555555555556 1343.0050306019787 1455.8580220086415
0.1 0.5 100.0 100 3353.9666666666667 4447.555555555556 1316.8774046542408 1455.8580220086415
0.7000000000000001 0.1 1.0 1 3747.5 4447.555555555556 1371.7674669321084 1455.8580220086415
0.4 0.7000000000000001 100.0 10 3572.9 4447.555555555556 1227.5277598128323 1455.8580220086415
0.2 0.7000000000000001 0.1 1 3753.3777777777777 4447.555555555556 1485.9025433705476 1455.8580220086415
0.6000000000000001 0.8 1.0 10 3871.588888888889 4447.555555555556 1404.7538724270407 1455.8580220086415
0.8 0.2 100.0 10 3921.8 4447.555555555556 1261.6582051675753 1455.8580220086415
0.2 0.2 100.0 10 4001.2 4447.555555555556 1661.1270551445887 1455.8580220086415
0.5 0.30000000000000004 10.0 1 3811.6111111111113 4447.555555555556 1485.1676949418086 1455.8580220086415
0.5 0.5 100.0 10 3998.9555555555557 4447.555555555556 1584.2620077297197 1455.8580220086415
0.9 0.6000000000000001 10.0 1 3734.6555555555556 4447.555555555556 1213.0832357730367 1455.8580220086415
0.1 0.30000000000000004 100.0 100 3243.1555555555556 4447.555555555556 1294.1216833659905 1455.8580220086415
0.4 0.9 100.0 10 3702.1 4447.555555555556 1406.2465253290404 1455.8580220086415
0.4 0.6000000000000001 10.0 1 3883.011111111111 4447.555555555556 1412.4546757286248 1455.8580220086415
0.9 0.1 1.0 10 3779.5222222222224 4447.555555555556 1508.118726742234 1455.8580220086415
0.8 0.5 1.0 1 3940.3444444444444 4447.555555555556 1274.115886593184 1455.8580220086415
0.30000000000000004 0.7000000000000001 1.0 1 3997.777777777778 4447.555555555556 1654.4238928654142 1455.8580220086415
0.30000000000000004 0.5 0.1 1 3921.133333333333 4447.555555555556 1201.9445097193313 1455.8580220086415
0.4 0.6000000000000001 100.0 10 3865.8444444444444 4447.555555555556 1512.2900435440515 1455.8580220086415
0.9 0.4 10.0 100 3935.1 4447.555555555556 1353.084870870182 1455.8580220086415
0.30000000000000004 0.4 100.0 10 3804.1555555555556 4447.555555555556 1701.0721384605986 1455.8580220086415
0.1 0.30000000000000004 100.0 10 3556.2555555555555 4447.555555555556 1587.0297873078716 1455.8580220086415
0.30000000000000004 0.9 100.0 1 3222.8777777777777 4447.555555555556 1186.0506999447816 1455.8580220086415
0.9 0.9 100.0 1 3755.7555555555555 4447.555555555556 1461.5247921348075 1455.8580220086415
0.2 0.1 10.0 1 3659.011111111111 4447.555555555556 1546.2323276233928 1455.8580220086415
0.30000000000000004 0.30000000000000004 100.0 100 3746.5777777777776 4447.555555555556 1457.643905438406 1455.8580220086415
0.7000000000000001 0.5 100.0 1 3651.822222222222 4447.555555555556 1526.951345930677 1455.8580220086415
0.4 0.8 1.0 100 3873.8 4447.555555555556 1574.000220245643 1455.8580220086415
0.7000000000000001 0.4 10.0 100 3851.3444444444444 4447.555555555556 1583.7783175481986 1455.8580220086415
0.4 0.5 0.1 100 3932.9555555555557 4447.555555555556 1465.6741786716077 1455.8580220086415
0.30000000000000004 0.30000000000000004 10.0 10 3703.2555555555555 4447.555555555556 1218.6074708554395 1455.8580220086415
0.2 0.8 1.0 10 3805.4 4447.555555555556 1300.853564224488 1455.8580220086415
0.7000000000000001 0.6000000000000001 1.0 1 3950.9333333333334 4447.555555555556 1422.4264542596843 1455.8580220086415
0.1 0.7000000000000001 100.0 100 3474.911111111111 4447.555555555556 1247.3760873168428 1455.8580220086415
0.4 0.9 10.0 100 3928.211111111111 4447.555555555556 1449.1469865977817 1455.8580220086415
0.30000000000000004 0.1 100.0 100 3867.722222222222 4447.555555555556 1419.7972862175138 1455.8580220086415
0.8 0.2 10.0 100 3809.633333333333 4447.555555555556 1382.276186022332 1455.8580220086415
0.30000000000000004 0.4 1.0 1 3724.0444444444443 4447.555555555556 1432.7497177037746 1455.8580220086415
0.9 0.9 1.0 1 3990.3444444444444 4447.555555555556 1362.0029544845677 1455.8580220086415
0.2 0.9 100.0 10 3684.4555555555557 4447.555555555556 1354.1421816133973 1455.8580220086415
0.8 0.9 100.0 1 3888.1222222222223 4447.555555555556 1309.240439913988 1455.8580220086415
0.5 0.7000000000000001 0.1 10 3792.011111111111 4447.555555555556 1429.014606055861 1455.8580220086415
0.30000000000000004 0.9 10.0 100 3898.311111111111 4447.555555555556 1467.8375148075972 1455.8580220086415
0.7000000000000001 0.8 10.0 1 3775.9 4447.555555555556 1502.70527937672 1455.8580220086415
0.4 0.30000000000000004 1.0 100 4002.5777777777776 4447.555555555556 1300.880069438274 1455.8580220086415
0.30000000000000004 0.1 1.0 1 3895.211111111111 4447.555555555556 1462.3180494182247 1455.8580220086415
0.4 0.6000000000000001 0.1 10 3951.511111111111 4447.555555555556 1689.3566115499868 1455.8580220086415
0.4 0.7000000000000001 1.0 1 3887.9333333333334 4447.555555555556 1331.3176914454175 1455.8580220086415
0.5 0.5 100.0 100 3839.9333333333334 4447.555555555556 1647.7733177432708 1455.8580220086415
0.1 0.30000000000000004 0.1 100 3880.3777777777777 4447.555555555556 1566.9232525896643 1455.8580220086415
0.8 0.8 10.0 1 3755.322222222222 4447.555555555556 1457.2055206820257 1455.8580220086415
0.9 0.4 1.0 100 3999.811111111111 4447.555555555556 1448.2716741339536 1455.8580220086415
0.1 0.1 100.0 100 3488.4222222222224 4447.555555555556 1191.1532038582309 1455.8580220086415
0.9 0.30000000000000004 100.0 10 3799.311111111111 4447.555555555556 1262.0495644822659 1455.8580220086415
0.30000000000000004 0.2 100.0 1 3612.2444444444445 4447.555555555556 1486.6954355296486 1455.8580220086415
0.8 0.6000000000000001 10.0 10 3899.866666666667 4447.555555555556 1513.1642724950768 1455.8580220086415
0.4 0.4 10.0 10 3738.777777777778 4447.555555555556 1424.6281524803255 1455.8580220086415
0.1 0.30000000000000004 0.1 1 3782.733333333333 4447.555555555556 1428.3351754169373 1455.8580220086415
0.2 0.30000000000000004 1.0 100 3998.0555555555557 4447.555555555556 1368.5623061455658 1455.8580220086415
0.2 0.9 0.1 1 3889.866666666667 4447.555555555556 1439.64133804994 1455.8580220086415
0.2 0.4 10.0 100 3882.733333333333 4447.555555555556 1382.19212203739 1455.8580220086415
0.9 0.4 10.0 10 3785.322222222222 4447.555555555556 1373.8222093267768 1455.8580220086415
0.2 0.6000000000000001 10.0 10 3776.5666666666666 4447.555555555556 1404.7893875358443 1455.8580220086415
0.4 0.4 100.0 10 3901.0 4447.555555555556 1548.0333257968894 1455.8580220086415
0.6000000000000001 0.8 10.0 1 3828.4444444444443 4447.555555555556 1389.462015082825 1455.8580220086415
0.30000000000000004 0.7000000000000001 1.0 10 3861.5666666666666 4447.555555555556 1235.2005599631718 1455.8580220086415
0.2 0.2 1.0 100 3795.211111111111 4447.555555555556 1308.2620404732418 1455.8580220086415
0.4 0.8 10.0 1 3781.8777777777777 4447.555555555556 1274.124656624023 1455.8580220086415
0.8 0.9 0.1 1 3727.5 4447.555555555556 1375.4510229981533 1455.8580220086415
0.2 0.9 100.0 100 3693.277777777778 4447.555555555556 1295.1864990355448 1455.8580220086415
0.1 0.9 100.0 10 3602.1 4447.555555555556 1373.2912861686211 1455.8580220086415
0.30000000000000004 0.30000000000000004 100.0 10 3951.4555555555557 4447.555555555556 1311.23120396325 1455.8580220086415
0.30000000000000004 0.9 100.0 100 3694.733333333333 4447.555555555556 1470.8324989610478 1455.8580220086415
0.7000000000000001 0.9 0.1 10 3983.6666666666665 4447.555555555556 1556.5050808354808 1455.8580220086415
0.1 0.8 100.0 1 3403.1666666666665 4447.555555555556 1217.2540431461116 1455.8580220086415
0.1 0.7000000000000001 10.0 1 3816.9777777777776 4447.555555555556 1489.2876371516818 1455.8580220086415
0.8 0.4 0.1 1 3757.5 4447.555555555556 1182.2287262247992 1455.8580220086415
0.8 0.9 100.0 10 3734.711111111111 4447.555555555556 1393.6878914468018 1455.8580220086415
0.30000000000000004 0.8 100.0 100 3796.4666666666667 4447.555555555556 1562.440165609906 1455.8580220086415
0.30000000000000004 0.5 0.1 10 3944.777777777778 4447.555555555556 1397.2202147102873 1455.8580220086415
0.7000000000000001 0.8 100.0 1 3717.777777777778 4447.555555555556 1365.206486439793 1455.8580220086415
0.1 0.7000000000000001 100.0 10 3748.0333333333333 4447.555555555556 1381.7199382573078 1455.8580220086415
0.8 0.6000000000000001 10.0 1 3867.2 4447.555555555556 1419.8984095115163 1455.8580220086415
0.2 0.9 1.0 10 3961.777777777778 4447.555555555556 1385.9639307297828 1455.8580220086415
0.4 0.30000000000000004 0.1 1 3997.777777777778 4447.555555555556 1379.9978967598934 1455.8580220086415
0.6000000000000001 0.7000000000000001 1.0 100 3935.8888888888887 4447.555555555556 1402.002151246126 1455.8580220086415
0.30000000000000004 0.7000000000000001 0.1 100 3991.3 4447.555555555556 1318.255273289493 1455.8580220086415
0.30000000000000004 0.1 100.0 1 3764.677777777778 4447.555555555556 1451.4021636394523 1455.8580220086415
0.7000000000000001 0.9 100.0 10 3623.8555555555554 4447.555555555556 1210.1251226501893 1455.8580220086415
0.2 0.30000000000000004 1.0 10 3928.1111111111113 4447.555555555556 1480.7937019228307 1455.8580220086415
0.9 0.30000000000000004 10.0 10 3915.4333333333334 4447.555555555556 1436.4477950060618 1455.8580220086415
0.1 0.30000000000000004 10.0 10 3924.8444444444444 4447.555555555556 1358.850845474555 1455.8580220086415
0.5 0.1 10.0 1 3689.266666666667 4447.555555555556 1349.7218215452972 1455.8580220086415
0.5 0.1 10.0 100 3976.8444444444444 4447.555555555556 1546.264666946417 1455.8580220086415
0.8 0.9 10.0 100 3995.722222222222 4447.555555555556 1362.4560586413036 1455.8580220086415
0.4 0.6000000000000001 10.0 10 3712.788888888889 4447.555555555556 1278.3529550379742 1455.8580220086415
0.4 0.4 10.0 100 3817.0 4447.555555555556 1283.4136944536283 1455.8580220086415
0.6000000000000001 0.7000000000000001 10.0 1 3939.0222222222224 4447.555555555556 1247.0262313714156 1455.8580220086415
0.1 0.8 10.0 1 3929.711111111111 4447.555555555556 1398.0663968054391 1455.8580220086415
0.1 0.5 100.0 1 3485.9222222222224 4447.555555555556 1238.5770978360413 1455.8580220086415
0.8 0.2 1.0 10 3821.4 4447.555555555556 1538.506128251255 1455.8580220086415
0.2 0.1 1.0 10 3855.3333333333335 4447.555555555556 1367.2998614463145 1455.8580220086415
0.5 0.7000000000000001 100.0 10 3811.8555555555554 4447.555555555556 1462.6360720069101 1455.8580220086415
0.5 0.4 100.0 10 3802.4777777777776 4447.555555555556 1508.7136774806822 1455.8580220086415
0.9 0.1 0.1 10 3827.3333333333335 4447.555555555556 1219.341324923693 1455.8580220086415
0.1 0.8 100.0 10 3457.211111111111 4447.555555555556 1224.6692750330092 1455.8580220086415
0.1 0.30000000000000004 10.0 1 3927.6 4447.555555555556 1554.2202031887246 1455.8580220086415
0.8 0.9 10.0 10 3844.0777777777776 4447.555555555556 1545.9753643845527 1455.8580220086415
0.9 0.30000000000000004 100.0 1 3940.6111111111113 4447.555555555556 1304.6919746688993 1455.8580220086415
0.2 0.9 100.0 1 3436.1222222222223 4447.555555555556 1380.4518972486087 1455.8580220086415
0.4 0.5 1.0 10 3791.366666666667 4447.555555555556 1371.0590590245677 1455.8580220086415
0.5 0.5 10.0 1 3965.8555555555554 4447.555555555556 1346.1354939324242 1455.8580220086415
0.6000000000000001 0.8 100.0 1 3787.6 4447.555555555556 1554.66402801377 1455.8580220086415
0.2 0.7000000000000001 10.0 100 3859.722222222222 4447.555555555556 1531.228192790043 1455.8580220086415
0.2 0.5 0.1 1 3661.177777777778 4447.555555555556 1232.1069359955716 1455.8580220086415
0.1 0.9 0.1 1 3869.511111111111 4447.555555555556 1462.3205701475115 1455.8580220086415
0.7000000000000001 0.6000000000000001 0.1 10 3974.8333333333335 4447.555555555556 1429.8570188814138 1455.8580220086415
0.2 0.7000000000000001 1.0 10 3980.0777777777776 4447.555555555556 1377.9353978388408 1455.8580220086415
0.1 0.1 10.0 1 3811.6555555555556 4447.555555555556 1768.0819624108121 1455.8580220086415
0.7000000000000001 0.8 0.1 100 3849.5555555555557 4447.555555555556 1387.2366465676453 1455.8580220086415
0.1 0.1 100.0 1 3860.6 4447.555555555556 1511.0979437334815 1455.8580220086415
0.2 0.2 1.0 10 3855.7444444444445 4447.555555555556 1388.2223129768927 1455.8580220086415
0.7000000000000001 0.8 10.0 100 3837.188888888889 4447.555555555556 1466.557919411182 1455.8580220086415
0.6000000000000001 0.2 0.1 10 3891.811111111111 4447.555555555556 1238.451110544892 1455.8580220086415
0.4 0.8 10.0 10 3790.988888888889 4447.555555555556 1489.9538881339352 1455.8580220086415
0.6000000000000001 0.6000000000000001 100.0 100 3970.2 4447.555555555556 1542.8680162462233 1455.8580220086415
0.2 0.7000000000000001 100.0 10 3914.5 4447.555555555556 1484.6613923720115 1455.8580220086415
0.7000000000000001 0.2 100.0 100 3661.6222222222223 4447.555555555556 1451.6868929151797 1455.8580220086415
0.1 0.4 10.0 1 3899.0555555555557 4447.555555555556 1276.1554969787717 1455.8580220086415
0.4 0.9 1.0 10 3901.688888888889 4447.555555555556 1612.6039304625328 1455.8580220086415
0.7000000000000001 0.1 1.0 100 3913.9444444444443 4447.555555555556 1454.2299173339595 1455.8580220086415
0.1 0.7000000000000001 1.0 10 3957.311111111111 4447.555555555556 1505.4467232496838 1455.8580220086415
0.30000000000000004 0.7000000000000001 0.1 10 4002.188888888889 4447.555555555556 1375.8626376402265 1455.8580220086415
0.4 0.5 100.0 100 3895.6555555555556 4447.555555555556 1332.209402635012 1455.8580220086415
0.6000000000000001 0.2 100.0 10 3989.9777777777776 4447.555555555556 1565.5676214344594 1455.8580220086415
0.1 0.9 100.0 100 3800.1 4447.555555555556 1593.9630209707568 1455.8580220086415
0.4 0.7000000000000001 10.0 1 3712.1222222222223 4447.555555555556 1308.6676331103388 1455.8580220086415
0.5 0.1 100.0 1 3758.633333333333 4447.555555555556 1470.7454153138356 1455.8580220086415
0.1 0.8 10.0 10 3887.5666666666666 4447.555555555556 1415.4524447445533 1455.8580220086415
0.6000000000000001 0.2 1.0 100 3751.688888888889 4447.555555555556 1289.1383568918723 1455.8580220086415
0.6000000000000001 0.5 1.0 10 3677.9333333333334 4447.555555555556 1554.267786165277 1455.8580220086415
0.2 0.30000000000000004 10.0 10 3896.3555555555554 4447.555555555556 1424.617923913567 1455.8580220086415
0.1 0.5 1.0 100 3921.4222222222224 4447.555555555556 1358.7275663304151 1455.8580220086415
0.7000000000000001 0.6000000000000001 0.1 100 3965.188888888889 4447.555555555556 1444.588729588571 1455.8580220086415
0.6000000000000001 0.5 0.1 10 3880.8333333333335 4447.555555555556 1564.0802213725763 1455.8580220086415
0.7000000000000001 0.4 100.0 10 3782.6 4447.555555555556 1297.7255385224307 1455.8580220086415
0.2 0.5 100.0 1 3966.9666666666667 4447.555555555556 1653.9093784794325 1455.8580220086415
0.2 0.30000000000000004 10.0 100 3694.5777777777776 4447.555555555556 1415.7210646308495 1455.8580220086415
0.7000000000000001 0.8 10.0 10 4000.6444444444446 4447.555555555556 1460.8812128385703 1455.8580220086415
0.1 0.30000000000000004 100.0 1 3926.5555555555557 4447.555555555556 1441.8193993170275 1455.8580220086415
0.5 0.7000000000000001 0.1 100 3993.488888888889 4447.555555555556 1543.8898006474458 1455.8580220086415
0.9 0.2 10.0 1 3633.5 4447.555555555556 1200.6289208392222 1455.8580220086415
0.9 0.8 1.0 10 3802.633333333333 4447.555555555556 1341.8346515954274 1455.8580220086415
0.1 0.6000000000000001 10.0 10 3808.7444444444445 4447.555555555556 1604.46985748572 1455.8580220086415
0.4 0.7000000000000001 100.0 100 3970.0333333333333 4447.555555555556 1503.7954755292428 1455.8580220086415
0.8 0.9 10.0 1 3759.3888888888887 4447.555555555556 1247.7038171906418 1455.8580220086415
0.7000000000000001 0.30000000000000004 100.0 1 3541.6444444444446 4447.555555555556 1359.9238729601425 1455.8580220086415
0.9 0.7000000000000001 10.0 10 3928.811111111111 4447.555555555556 1513.9752889106542 1455.8580220086415
0.2 0.5 10.0 10 3872.4666666666667 4447.555555555556 1516.6383235446888 1455.8580220086415
0.2 0.7000000000000001 10.0 10 3909.6 4447.555555555556 1481.1813138317818 1455.8580220086415
0.8 0.5 10.0 1 3803.688888888889 4447.555555555556 1312.7837991115964 1455.8580220086415
0.6000000000000001 0.2 0.1 1 3819.9333333333334 4447.555555555556 1416.4035347786073 1455.8580220086415
0.2 0.1 100.0 10 3636.822222222222 4447.555555555556 1304.08783427581 1455.8580220086415
0.7000000000000001 0.4 10.0 1 3692.188888888889 4447.555555555556 1376.6883605590504 1455.8580220086415
0.5 0.2 100.0 100 3963.788888888889 4447.555555555556 1443.4159444752686 1455.8580220086415
0.9 0.8 1.0 100 3943.0222222222224 4447.555555555556 1703.3902663530084 1455.8580220086415
0.1 0.8 1.0 10 3911.366666666667 4447.555555555556 1592.9541421173706 1455.8580220086415
0.1 0.7000000000000001 10.0 10 3883.633333333333 4447.555555555556 1546.6918061893693 1455.8580220086415
0.5 0.5 10.0 100 3846.911111111111 4447.555555555556 1331.5472424084066 1455.8580220086415
0.4 0.4 100.0 100 3862.7 4447.555555555556 1518.5819734212573 1455.8580220086415
0.2 0.4 100.0 100 3752.5555555555557 4447.555555555556 1317.1940725236193 1455.8580220086415
0.9 0.8 100.0 1 3973.8333333333335 4447.555555555556 1512.1572908339335 1455.8580220086415
0.8 0.1 10.0 1 3971.188888888889 4447.555555555556 1124.6296762781212 1455.8580220086415
0.7000000000000001 0.2 10.0 100 3796.266666666667 4447.555555555556 1170.4063283036935 1455.8580220086415
0.5 0.9 100.0 1 3767.5 4447.555555555556 1560.4462413752747 1455.8580220086415
0.2 0.9 10.0 100 3833.0 4447.555555555556 1270.5618004996406 1455.8580220086415
0.2 0.8 100.0 1 3731.7 4447.555555555556 1455.5367887254977 1455.8580220086415
0.6000000000000001 0.4 10.0 1 3993.4 4447.555555555556 1465.0154705288571 1455.8580220086415
0.9 0.8 100.0 10 3855.6 4447.555555555556 1593.0783185044256 1455.8580220086415
0.9 0.4 0.1 10 3936.722222222222 4447.555555555556 1281.0375311335883 1455.8580220086415
0.30000000000000004 0.6000000000000001 10.0 10 3922.1111111111113 4447.555555555556 1262.4347943068358 1455.8580220086415
0.1 0.5 100.0 10 3824.3333333333335 4447.555555555556 1616.6630652880847 1455.8580220086415
0.30000000000000004 0.7000000000000001 100.0 100 3871.188888888889 4447.555555555556 1380.4400095174522 1455.8580220086415
0.4 0.30000000000000004 100.0 100 3994.9555555555557 4447.555555555556 1616.0319297664546 1455.8580220086415
0.2 0.7000000000000001 100.0 100 3805.4222222222224 4447.555555555556 1341.8734579996546 1455.8580220086415
0.9 0.8 100.0 100 3867.188888888889 4447.555555555556 1436.932124697494 1455.8580220086415
0.7000000000000001 0.5 1.0 100 3999.233333333333 4447.555555555556 1378.74570252176 1455.8580220086415
0.6000000000000001 0.5 100.0 1 3795.811111111111 4447.555555555556 1415.3374618753135 1455.8580220086415
0.5 0.8 10.0 1 3887.911111111111 4447.555555555556 1611.286026366961 1455.8580220086415
0.6000000000000001 0.1 10.0 1 3828.1444444444446 4447.555555555556 1352.7756039681371 1455.8580220086415
0.6000000000000001 0.30000000000000004 0.1 1 3816.633333333333 4447.555555555556 1486.0129164236014 1455.8580220086415
0.1 0.5 10.0 1 3901.4444444444443 4447.555555555556 1693.0822327676765 1455.8580220086415
0.5 0.30000000000000004 0.1 10 3658.011111111111 4447.555555555556 1410.972103783176 1455.8580220086415
0.30000000000000004 0.7000000000000001 100.0 1 3793.1 4447.555555555556 1472.0005438555759 1455.8580220086415
0.6000000000000001 0.1 100.0 1 3762.7444444444445 4447.555555555556 1368.7692246127226 1455.8580220086415
0.1 0.9 10.0 1 3910.5444444444443 4447.555555555556 1650.359039462566 1455.8580220086415
0.2 0.1 10.0 100 3810.5666666666666 4447.555555555556 1540.620019847709 1455.8580220086415
0.6000000000000001 0.30000000000000004 10.0 1 3984.688888888889 4447.555555555556 1626.6972650431196 1455.8580220086415
0.4 0.2 1.0 100 3921.4222222222224 4447.555555555556 1366.1629151083278 1455.8580220086415
0.30000000000000004 0.1 10.0 100 3848.911111111111 4447.555555555556 1659.836964178808 1455.8580220086415
0.9 0.7000000000000001 10.0 100 3985.277777777778 4447.555555555556 1562.0119435293686 1455.8580220086415
0.8 0.6000000000000001 10.0 100 3911.4666666666667 4447.555555555556 1470.6106683204016 1455.8580220086415
0.2 0.6000000000000001 1.0 100 3859.7 4447.555555555556 1332.0303921290822 1455.8580220086415
0.6000000000000001 0.9 100.0 1 3476.0333333333333 4447.555555555556 1327.5066808787733 1455.8580220086415
0.1 0.4 100.0 10 3495.3444444444444 4447.555555555556 1426.9633115357717 1455.8580220086415
0.8 0.9 0.1 100 3723.0 4447.555555555556 1230.0573789687844 1455.8580220086415
0.5 0.7000000000000001 10.0 100 3989.9 4447.555555555556 1507.0396370957794 1455.8580220086415
0.6000000000000001 0.6000000000000001 0.1 10 3833.411111111111 4447.555555555556 1347.496278242186 1455.8580220086415
0.6000000000000001 0.30000000000000004 100.0 1 3800.911111111111 4447.555555555556 1401.280364083302 1455.8580220086415
0.30000000000000004 0.5 100.0 1 3960.811111111111 4447.555555555556 1596.2268837232969 1455.8580220086415
0.30000000000000004 0.30000000000000004 1.0 100 3970.9 4447.555555555556 1593.2027844007246 1455.8580220086415
0.4 0.4 100.0 1 3881.6444444444446 4447.555555555556 1475.9231033199462 1455.8580220086415
0.5 0.1 1.0 10 3877.588888888889 4447.555555555556 1379.8204222486058 1455.8580220086415
0.4 0.30000000000000004 0.1 10 3923.8333333333335 4447.555555555556 1331.358122369785 1455.8580220086415
0.6000000000000001 0.9 10.0 100 3609.4777777777776 4447.555555555556 1495.2837503131695 1455.8580220086415
0.6000000000000001 0.30000000000000004 1.0 10 3861.511111111111 4447.555555555556 1583.8388894247803 1455.8580220086415
0.4 0.9 100.0 100 3980.0777777777776 4447.555555555556 1529.086875140976 1455.8580220086415
0.1 0.2 10.0 10 3831.3888888888887 4447.555555555556 1411.0274719307238 1455.8580220086415
0.5 0.9 0.1 100 3984.7444444444445 4447.555555555556 1400.4660617976122 1455.8580220086415
0.9 0.9 100.0 10 3825.3333333333335 4447.555555555556 1444.2411156036235 1455.8580220086415
0.8 0.7000000000000001 10.0 10 3952.3333333333335 4447.555555555556 1654.5902077419516 1455.8580220086415
0.6000000000000001 0.7000000000000001 1.0 10 3990.8888888888887 4447.555555555556 1387.5623184759386 1455.8580220086415
0.8 0.1 10.0 10 3800.7 4447.555555555556 1386.5147148315607 1455.8580220086415
0.9 0.30000000000000004 10.0 1 3975.277777777778 4447.555555555556 1511.9305982586034 1455.8580220086415
0.8 0.5 10.0 10 3883.322222222222 4447.555555555556 1580.5090025950346 1455.8580220086415
0.5 0.9 100.0 10 3998.8777777777777 4447.555555555556 1521.447226439191 1455.8580220086415
0.30000000000000004 0.5 0.1 100 3866.0666666666666 4447.555555555556 1540.0685323856353 1455.8580220086415
0.4 0.2 10.0 1 3767.911111111111 4447.555555555556 1470.1323798627752 1455.8580220086415
0.1 0.2 100.0 1 3747.9222222222224 4447.555555555556 1367.408247807815 1455.8580220086415
0.8 0.1 100.0 10 3595.5666666666666 4447.555555555556 1485.5421535587604 1455.8580220086415
0.9 0.5 1.0 10 3844.766666666667 4447.555555555556 1392.3734257255367 1455.8580220086415
0.5 0.9 10.0 1 3693.0555555555557 4447.555555555556 1294.1547422598194 1455.8580220086415
0.9 0.9 10.0 10 3783.188888888889 4447.555555555556 1391.1211457305815 1455.8580220086415
0.4 0.7000000000000001 0.1 100 3954.1111111111113 4447.555555555556 1508.2088084468085 1455.8580220086415
0.30000000000000004 0.7000000000000001 10.0 1 3774.5222222222224 4447.555555555556 1315.169707915022 1455.8580220086415
0.30000000000000004 0.4 1.0 10 3986.1222222222223 4447.555555555556 1466.6317558555556 1455.8580220086415
0.6000000000000001 0.1 10.0 10 3941.677777777778 4447.555555555556 1494.0306543618306 1455.8580220086415
0.8 0.4 100.0 10 3957.5777777777776 4447.555555555556 1400.528891984721 1455.8580220086415
0.4 0.8 100.0 100 3724.3 4447.555555555556 1302.7034151247851 1455.8580220086415
0.9 0.9 100.0 100 3993.9555555555557 4447.555555555556 1338.0143074397897 1455.8580220086415
0.1 0.7000000000000001 10.0 100 3753.0 4447.555555555556 1370.5172178577125 1455.8580220086415
0.9 0.6000000000000001 10.0 10 3911.133333333333 4447.555555555556 1497.5922468341566 1455.8580220086415
0.4 0.7000000000000001 0.1 1 3931.8888888888887 4447.555555555556 1153.9229364259456 1455.8580220086415
0.8 0.6000000000000001 1.0 10 3751.766666666667 4447.555555555556 1318.2561212113185 1455.8580220086415
0.1 0.9 100.0 1 3551.6666666666665 4447.555555555556 1233.6755471174565 1455.8580220086415
0.6000000000000001 0.2 10.0 100 3553.9222222222224 4447.555555555556 1463.3827040098095 1455.8580220086415
0.5 0.1 0.1 10 3970.988888888889 4447.555555555556 1355.238466055529 1455.8580220086415
0.8 0.1 1.0 10 3993.7555555555555 4447.555555555556 1469.0007057793564 1455.8580220086415
0.8 0.4 10.0 100 3905.511111111111 4447.555555555556 1379.2553727319234 1455.8580220086415
0.2 0.8 0.1 100 3996.6 4447.555555555556 1436.8931128576605 1455.8580220086415
0.5 0.6000000000000001 10.0 100 3722.488888888889 4447.555555555556 1494.9849144125128 1455.8580220086415
0.2 0.8 100.0 10 3793.711111111111 4447.555555555556 1399.9634855908403 1455.8580220086415
0.7000000000000001 0.7000000000000001 100.0 10 3976.4 4447.555555555556 1424.59739965757 1455.8580220086415
0.7000000000000001 0.2 100.0 10 3973.366666666667 4447.555555555556 1417.9950591513987 1455.8580220086415
0.2 0.7000000000000001 0.1 100 3847.777777777778 4447.555555555556 1312.8102323538005 1455.8580220086415
0.7000000000000001 0.7000000000000001 10.0 10 3553.3555555555554 4447.555555555556 1203.8997402987334 1455.8580220086415
0.6000000000000001 0.7000000000000001 0.1 1 3814.588888888889 4447.555555555556 1510.3563368692132 1455.8580220086415
0.2 0.5 100.0 10 3957.1444444444446 4447.555555555556 1435.3303418540672 1455.8580220086415
0.9 0.7000000000000001 0.1 1 3853.2555555555555 4447.555555555556 1400.3518491286484 1455.8580220086415
0.30000000000000004 0.5 100.0 10 3831.6222222222223 4447.555555555556 1431.0315050323184 1455.8580220086415
0.1 0.30000000000000004 1.0 1 3978.5 4447.555555555556 1672.1936773126624 1455.8580220086415
0.6000000000000001 0.6000000000000001 100.0 1 3753.3888888888887 4447.555555555556 1616.13167570278 1455.8580220086415
0.8 0.30000000000000004 0.1 10 3614.5222222222224 4447.555555555556 1324.4902015306182 1455.8580220086415
0.30000000000000004 0.6000000000000001 100.0 100 3587.0333333333333 4447.555555555556 1408.5765900369067 1455.8580220086415
0.30000000000000004 0.6000000000000001 0.1 10 3989.9222222222224 4447.555555555556 1541.0644029211167 1455.8580220086415
0.9 0.7000000000000001 0.1 10 3824.088888888889 4447.555555555556 1219.0101142998903 1455.8580220086415
0.4 0.2 100.0 1 3871.4666666666667 4447.555555555556 1364.9512014069303 1455.8580220086415
0.4 0.2 1.0 10 3920.722222222222 4447.555555555556 1415.4215314627636 1455.8580220086415
0.4 0.9 100.0 1 3772.822222222222 4447.555555555556 1545.709664974332 1455.8580220086415
0.7000000000000001 0.30000000000000004 1.0 10 3843.988888888889 4447.555555555556 1299.0321738761638 1455.8580220086415
0.5 0.8 100.0 1 3652.5444444444443 4447.555555555556 1368.3365745890246 1455.8580220086415
0.2 0.4 100.0 10 3601.0555555555557 4447.555555555556 1332.5552843324997 1455.8580220086415
0.4 0.7000000000000001 10.0 100 3621.788888888889 4447.555555555556 1369.1807079372884 1455.8580220086415
0.4 0.2 0.1 100 3927.8888888888887 4447.555555555556 1436.1464908601336 1455.8580220086415
0.7000000000000001 0.4 10.0 10 3984.3333333333335 4447.555555555556 1543.9675298831035 1455.8580220086415
