0.4 0.5 1.0 1 3674.866666666667 4085.677777777778 1448.833524675013 1489.6896233613957
0.5 0.9 1.0 1 3629.088888888889 4085.677777777778 1644.2244010437428 1489.6896233613957
0.1 0.5 1.0 1 3528.9666666666667 4085.677777777778 1233.111677829709 1489.6896233613957
0.6000000000000001 0.5 1.0 1 3611.5666666666666 4085.677777777778 1394.8249834457529 1489.6896233613957
0.7000000000000001 0.7000000000000001 1.0 1 3487.5333333333333 4085.677777777778 1066.8854692254667 1489.6896233613957
0.1 0.8 1.0 1 3483.8777777777777 4085.677777777778 1262.2913629830982 1489.6896233613957
0.7000000000000001 0.9 1.0 1 3610.6222222222223 4085.677777777778 1343.809606039468 1489.6896233613957
0.30000000000000004 0.1 1.0 1 3672.5 4085.677777777778 1276.4573218264857 1489.6896233613957
0.5 0.30000000000000004 1.0 1 3542.3444444444444 4085.677777777778 1239.9559146384654 1489.6896233613957
0.30000000000000004 0.7000000000000001 1.0 1 3643.3777777777777 4085.677777777778 1222.3087860254714 1489.6896233613957
0.2 0.6000000000000001 1.0 1 3600.277777777778 4085.677777777778 1387.9803154846397 1489.6896233613957
0.4 0.9 1.0 1 3630.0 4085.677777777778 1115.8436369949968 1489.6896233613957
0.1 0.7000000000000001 1.0 1 3367.733333333333 4085.677777777778 1169.8066107979844 1489.6896233613957
0.4 0.7000000000000001 1.0 1 3534.4777777777776 4085.677777777778 1300.8604095219935 1489.6896233613957
0.9 0.4 1.0 1 3602.988888888889 4085.677777777778 1511.0663747054366 1489.6896233613957
0.2 0.8 1.0 1 3610.8888888888887 4085.677777777778 1306.1549546022854 1489.6896233613957
0.2 0.9 1.0 1 3528.988888888889 4085.677777777778 1506.9398535106723 1489.6896233613957
0.6000000000000001 0.9 1.0 1 3642.911111111111 4085.677777777778 1572.0880781406936 1489.6896233613957
0.4 0.6000000000000001 1.0 1 3654.288888888889 4085.677777777778 1423.5417665062218 1489.6896233613957
0.2 0.7000000000000001 1.0 1 3442.133333333333 4085.677777777778 1226.1038491452869 1489.6896233613957
0.30000000000000004 0.9 1.0 1 3547.222222222222 4085.677777777778 1226.9162044897387 1489.6896233613957
0.30000000000000004 0.6000000000000001 1.0 1 3537.5777777777776 4085.677777777778 1193.2064362490562 1489.6896233613957
0.1 0.4 1.0 1 3379.322222222222 4085.677777777778 1223.4029664812251 1489.6896233613957
0.1 0.2 1.0 1 3123.8333333333335 4085.677777777778 1350.2087513500355 1489.6896233613957
0.1 0.6000000000000001 1.0 1 3162.988888888889 4085.677777777778 1323.591977196434 1489.6896233613957
0.4 0.30000000000000004 1.0 1 3640.0777777777776 4085.677777777778 1504.4415518189817 1489.6896233613957
0.5 0.7000000000000001 1.0 1 3569.277777777778 4085.677777777778 1469.1989505076704 1489.6896233613957
0.7000000000000001 0.4 1.0 1 3601.1 4085.677777777778 1466.4148120880088 1489.6896233613957
0.1 0.1 1.0 1 3627.9 4085.677777777778 1342.5161041864635 1489.6896233613957
0.1 0.9 1.0 1 3455.266666666667 4085.677777777778 1142.937538878559 1489.6896233613957
0.5 0.2 1.0 1 3571.0777777777776 4085.677777777778 1330.4762825375963 1489.6896233613957
