0.2 0.30000000000000004 1.0 1 2908.4555555555557 3433.211111111111 1142.6128357712141 1314.589783878052
0.9 0.2 1.0 1 3050.0333333333333 3433.211111111111 1179.5636712125568 1314.589783878052
0.6000000000000001 0.8 1.0 1 3080.7444444444445 3433.211111111111 1304.5825774392451 1314.589783878052
0.6000000000000001 0.6000000000000001 1.0 1 2964.9555555555557 3433.211111111111 1021.0793952274355 1314.589783878052
0.4 0.7000000000000001 1.0 1 3074.322222222222 3433.211111111111 1067.3751483353687 1314.589783878052
0.7000000000000001 0.6000000000000001 1.0 1 2968.2 3433.211111111111 1084.3656947727552 1314.589783878052
0.2 0.7000000000000001 1.0 1 2752.6111111111113 3433.211111111111 936.5528482975859 1314.589783878052
0.5 0.2 1.0 1 3037.788888888889 3433.211111111111 1209.7172258603287 1314.589783878052
0.6000000000000001 0.7000000000000001 1.0 1 3084.788888888889 3433.211111111111 1124.6201284033095 1314.589783878052
0.1 0.8 1.0 1 2793.1111111111113 3433.211111111111 866.9372583275812 1314.589783878052
0.8 0.8 1.0 1 3089.8333333333335 3433.211111111111 1165.484746551599 1314.589783878052
0.5 0.9 1.0 1 2915.288888888889 3433.211111111111 985.6131452546508 1314.589783878052
0.7000000000000001 0.9 1.0 1 2790.5 3433.211111111111 1066.7079913870004 1314.589783878052
0.2 0.4 1.0 1 2949.8777777777777 3433.211111111111 1000.2480228842995 1314.589783878052
0.1 0.1 1.0 1 2968.488888888889 3433.211111111111 1137.737162035478 1314.589783878052
0.7000000000000001 0.1 1.0 1 3084.511111111111 3433.211111111111 1140.598792491075 1314.589783878052
0.30000000000000004 0.9 1.0 1 3063.3333333333335 3433.211111111111 1242.0806737084354 1314.589783878052
0.4 0.2 1.0 1 3027.3555555555554 3433.211111111111 1198.0316663512058 1314.589783878052
0.6000000000000001 0.4 1.0 1 3049.8777777777777 3433.211111111111 1192.910780195306 1314.589783878052
0.8 0.9 1.0 1 3017.6555555555556 3433.211111111111 1053.8564224484294 1314.589783878052
0.2 0.9 1.0 1 2944.1666666666665 3433.211111111111 895.5450512893747 1314.589783878052
0.1 0.9 1.0 1 3065.988888888889 3433.211111111111 1169.5110896290946 1314.589783878052
0.5 0.6000000000000001 1.0 1 2907.8888888888887 3433.211111111111 1043.4865430047955 1314.589783878052
0.1 0.5 1.0 1 2930.7555555555555 3433.211111111111 1086.7016181609285 1314.589783878052
0.30000000000000004 0.4 1.0 1 3085.788888888889 3433.211111111111 1032.6535236353686 1314.589783878052
0.9 0.9 1.0 1 3026.366666666667 3433.211111111111 1123.6871099692792 1314.589783878052
0.6000000000000001 0.1 1.0 1 3044.722222222222 3433.211111111111 1117.1518152852198 1314.589783878052
0.9 0.5 1.0 1 3024.6222222222223 3433.211111111111 1266.6585489018628 1314.589783878052
0.8 0.1 1.0 1 3061.6222222222223 3433.211111111111 1165.3170343804659 1314.589783878052
0.8 0.4 1.0 1 2892.9333333333334 3433.211111111111 1118.367886202429 1314.589783878052
0.9 0.30000000000000004 1.0 1 2859.4333333333334 3433.211111111111 1168.451777638541 1314.589783878052
0.30000000000000004 0.8 1.0 1 3028.1555555555556 3433.211111111111 1146.102418451443 1314.589783878052
0.6000000000000001 0.2 1.0 1 3037.7555555555555 3433.211111111111 964.3944940981949 1314.589783878052
0.7000000000000001 0.2 1.0 1 3085.2444444444445 3433.211111111111 1093.2448268151215 1314.589783878052
0.6000000000000001 0.30000000000000004 1.0 1 2964.8 3433.211111111111 1199.3048375343667 1314.589783878052
0.5 0.4 1.0 1 3021.7 3433.211111111111 1161.3430390907092 1314.589783878052
0.1 0.6000000000000001 1.0 1 2803.5555555555557 3433.211111111111 1044.3500702043364 1314.589783878052
0.5 0.1 1.0 1 3066.711111111111 3433.211111111111 1040.9894357927456 1314.589783878052
0.2 0.1 1.0 1 3072.5444444444443 3433.211111111111 1107.293418517133 1314.589783878052
0.1 0.7000000000000001 1.0 1 2751.366666666667 3433.211111111111 967.4917220432546 1314.589783878052
