0.30000000000000004 0.8 0.1 1 1235.2888888888888 1287.0 73.09936075787446 66.90889328034055
0.9 0.8 0.1 1 1244.7222222222222 1287.0 68.87589931298785 66.90889328034055
0.2 0.8 0.1 1 1250.7777777777778 1287.0 77.84896742022379 66.90889328034055
0.1 0.9 0.1 1 1204.2666666666667 1287.0 68.47705211723608 66.90889328034055
0.9 0.1 0.1 1 1270.6444444444444 1287.0 65.29051506937813 66.90889328034055
0.30000000000000004 0.5 0.1 1 1261.2666666666667 1287.0 66.60760717315503 66.90889328034055
0.4 0.6000000000000001 0.1 1 1262.4555555555555 1287.0 73.40059962078894 66.90889328034055
0.4 0.30000000000000004 0.1 1 1267.9555555555555 1287.0 69.52935608809196 66.90889328034055
0.5 0.9 0.1 1 1248.9222222222222 1287.0 60.02244539018119 66.90889328034055
0.2 0.1 0.1 1 1238.3777777777777 1287.0 60.90403704513406 66.90889328034055
0.4 0.4 0.1 1 1258.2111111111112 1287.0 68.71123059498021 66.90889328034055
0.5 0.2 0.1 1 1251.0444444444445 1287.0 68.92683900921665 66.90889328034055
0.7000000000000001 0.4 0.1 1 1277.8 1287.0 69.26361879723646 66.90889328034055
0.6000000000000001 0.7000000000000001 0.1 1 1271.3333333333333 1287.0 71.2237476002367 66.90889328034055
0.2 0.7000000000000001 0.1 1 1215.0444444444445 1287.0 59.81079633331003 66.90889328034055
0.9 0.5 0.1 1 1255.3 1287.0 71.5037605848656 66.90889328034055
0.5 0.4 0.1 1 1257.9555555555555 1287.0 78.82059955100728 66.90889328034055
0.1 0.6000000000000001 0.1 1 1223.3444444444444 1287.0 65.14704071237807 66.90889328034055
0.9 0.4 0.1 1 1258.6888888888889 1287.0 72.49040464387062 66.90889328034055
0.5 0.6000000000000001 0.1 1 1263.4555555555555 1287.0 65.47470437947962 66.90889328034055
0.4 0.5 0.1 1 1270.4444444444443 1287.0 79.11048688892308 66.90889328034055
0.30000000000000004 0.6000000000000001 0.1 1 1250.4 1287.0 69.00624770426387 66.90889328034055
0.9 0.2 0.1 1 1257.7666666666667 1287.0 69.27690812962138 66.90889328034055
0.7000000000000001 0.7000000000000001 0.1 1 1270.1888888888889 1287.0 64.7506146593639 66.90889328034055
0.7000000000000001 0.5 0.1 1 1262.9333333333334 1287.0 62.89423220331451 66.90889328034055
0.6000000000000001 0.9 0.1 1 1281.1555555555556 1287.0 58.934975676797315 66.90889328034055
0.30000000000000004 0.4 0.1 1 1249.2666666666667 1287.0 64.79588464298227 66.90889328034055
0.30000000000000004 0.1 0.1 1 1258.588888888889 1287.0 67.32671492958701 66.90889328034055
0.7000000000000001 0.9 0.1 1 1260.8444444444444 1287.0 73.54830780002295 66.90889328034055
0.2 0.30000000000000004 0.1 1 1243.411111111111 1287.0 65.1311317342763 66.90889328034055
0.2 0.2 0.1 1 1233.8 1287.0 69.9188736242861 66.90889328034055
0.6000000000000001 0.1 0.1 1 1250.3333333333333 1287.0 62.38411478716179 66.90889328034055
0.5 0.30000000000000004 0.1 1 1251.4666666666667 1287.0 67.12628231756752 66.90889328034055
0.7000000000000001 0.2 0.1 1 1271.7555555555555 1287.0 68.63774651686623 66.90889328034055
0.5 0.8 0.1 1 1252.7888888888888 1287.0 78.3844506185087 66.90889328034055
0.2 0.5 0.1 1 1254.9777777777779 1287.0 63.21251243539574 66.90889328034055
0.8 0.7000000000000001 0.1 1 1266.9333333333334 1287.0 86.7874542904804 66.90889328034055
0.4 0.2 0.1 1 1264.611111111111 1287.0 60.98974311662659 66.90889328034055
0.1 0.1 0.1 1 1235.9444444444443 1287.0 64.17620900668048 66.90889328034055
0.9 0.7000000000000001 0.1 1 1263.5333333333333 1287.0 82.65069738228333 66.90889328034055
0.1 0.30000000000000004 0.1 1 1224.8111111111111 1287.0 70.26772523624587 66.90889328034055
0.8 0.6000000000000001 0.1 1 1273.3111111111111 1287.0 60.38683529166941 66.90889328034055
0.8 0.9 0.1 1 1278.9222222222222 1287.0 69.16618116741701 66.90889328034055
0.5 0.7000000000000001 0.1 1 1271.8333333333333 1287.0 58.83635497434104 66.90889328034055
0.6000000000000001 0.2 0.1 1 1256.9555555555555 1287.0 67.81214429274631 66.90889328034055
0.8 0.30000000000000004 0.1 1 1271.9222222222222 1287.0 64.36462585713052 66.90889328034055
0.6000000000000001 0.8 0.1 1 1261.2333333333333 1287.0 72.35131112994583 66.90889328034055
0.2 0.4 0.1 1 1247.7444444444445 1287.0 65.61614996174698 66.90889328034055
0.4 0.8 0.1 1 1245.9777777777779 1287.0 64.83791376755113 66.90889328034055
0.6000000000000001 0.4 0.1 1 1247.4555555555555 1287.0 68.24435851508754 66.90889328034055
0.7000000000000001 0.8 0.1 1 1262.6666666666667 1287.0 72.13043740335975 66.90889328034055
0.6000000000000001 0.6000000000000001 0.1 1 1266.7555555555555 1287.0 67.35813258019672 66.90889328034055
0.7000000000000001 0.6000000000000001 0.1 1 1269.588888888889 1287.0 70.91636614812073 66.90889328034055
0.2 0.6000000000000001 0.1 1 1249.9666666666667 1287.0 78.6429978517548 66.90889328034055
0.1 0.7000000000000001 0.1 1 1218.1 1287.0 71.3481370931762 66.90889328034055
0.1 0.5 0.1 1 1231.911111111111 1287.0 68.0652700549577 66.90889328034055
0.4 0.9 0.1 1 1235.8777777777777 1287.0 61.43846565245909 66.90889328034055
0.5 0.5 0.1 1 1260.1777777777777 1287.0 73.32266252330295 66.90889328034055
0.5 0.1 0.1 1 1278.9888888888888 1287.0 69.00378322067155 66.90889328034055
0.9 0.30000000000000004 0.1 1 1285.3 1287.0 67.01831424651358 66.90889328034055
0.7000000000000001 0.1 0.1 1 1275.3333333333333 1287.0 68.01944166519189 66.90889328034055
0.30000000000000004 0.7000000000000001 0.1 1 1245.6777777777777 1287.0 63.815851005108236 66.90889328034055
0.30000000000000004 0.2 0.1 1 1252.2222222222222 1287.0 68.6989855622625 66.90889328034055
0.4 0.1 0.1 1 1269.3333333333333 1287.0 66.82048920636377 66.90889328034055
0.6000000000000001 0.5 0.1 1 1261.1444444444444 1287.0 62.894190000368624 66.90889328034055
0.30000000000000004 0.30000000000000004 0.1 1 1239.2666666666667 1287.0 73.76385745517018 66.90889328034055
0.8 0.2 0.1 1 1279.0777777777778 1287.0 75.43963411272436 66.90889328034055
0.1 0.8 0.1 1 1208.0666666666666 1287.0 64.52816783734406 66.90889328034055
0.7000000000000001 0.30000000000000004 0.1 1 1266.4888888888888 1287.0 64.55337919452472 66.90889328034055
0.6000000000000001 0.30000000000000004 0.1 1 1269.9444444444443 1287.0 73.07262158080383 66.90889328034055
0.8 0.5 0.1 1 1264.3777777777777 1287.0 73.66796043777599 66.90889328034055
0.9 0.9 0.1 1 1267.1777777777777 1287.0 70.44754987897463 66.90889328034055
0.1 0.2 0.1 1 1234.7888888888888 1287.0 76.70687271025754 66.90889328034055
0.8 0.1 0.1 1 1261.611111111111 1287.0 70.3778207556968 66.90889328034055
0.30000000000000004 0.9 0.1 1 1237.5 1287.0 73.00353872701423 66.90889328034055
0.4 0.7000000000000001 0.1 1 1252.9333333333334 1287.0 75.10730102105035 66.90889328034055
0.8 0.8 0.1 1 1259.6333333333334 1287.0 60.507015203932255 66.90889328034055
0.9 0.6000000000000001 0.1 1 1262.0444444444445 1287.0 70.84096603756757 66.90889328034055
0.8 0.4 0.1 1 1270.0444444444445 1287.0 75.08379187593775 66.90889328034055
0.1 0.4 0.1 1 1234.3 1287.0 65.18988503679934 66.90889328034055
0.2 0.9 0.1 1 1225.7444444444445 1287.0 64.41731325438509 66.90889328034055
