fail
0.2 0.8 10.0 1 1279.2444444444445 1287.0 76.80007394543766 66.90889328034055
0.2 0.7000000000000001 1.0 100 1277.0444444444445 1287.0 63.41642113156341 66.90889328034055
fail
0.9 0.7000000000000001 10.0 10 1274.4666666666667 1287.0 67.45437964530794 66.90889328034055
0.2 0.6000000000000001 1.0 1 1282.4 1287.0 62.06587897817394 66.90889328034055
fail
fail
fail
0.7000000000000001 0.7000000000000001 100.0 100 1271.0222222222221 1287.0 67.90614074306744 66.90889328034055
fail
fail
0.5 0.5 10.0 100 1279.7777777777778 1287.0 67.26065017325061 66.90889328034055
0.5 0.7000000000000001 10.0 100 1285.0 1287.0 70.0488718284916 66.90889328034055
fail
0.2 0.2 1.0 100 1280.9 1287.0 78.21225394186429 66.90889328034055
0.30000000000000004 0.8 1.0 10 1282.1333333333334 1287.0 66.92287434884362 66.90889328034055
0.2 0.9 10.0 1 1283.9777777777779 1287.0 70.91434234777394 66.90889328034055
0.1 0.5 10.0 10 1285.6444444444444 1287.0 80.08902145752995 66.90889328034055
fail
0.6000000000000001 0.4 10.0 1 1277.411111111111 1287.0 64.16418080802896 66.90889328034055
0.7000000000000001 0.6000000000000001 1.0 1 1276.6666666666667 1287.0 66.04543890383349 66.90889328034055
fail
fail
0.9 0.4 100.0 1 1273.7111111111112 1287.0 73.87635984000481 66.90889328034055
0.2 0.30000000000000004 10.0 10 1284.2 1287.0 65.95035169647609 66.90889328034055
0.9 0.9 10.0 1 1278.588888888889 1287.0 75.3784370057651 66.90889328034055
fail
0.9 0.30000000000000004 1.0 100 1286.2222222222222 1287.0 76.12953548288277 66.90889328034055
fail
fail
0.2 0.8 10.0 10 1269.2111111111112 1287.0 72.12804885825463 66.90889328034055
0.8 0.7000000000000001 10.0 100 1286.3111111111111 1287.0 68.35944939061208 66.90889328034055
fail
fail
0.8 0.8 10.0 10 1281.7 1287.0 66.40037650495665 66.90889328034055
fail
0.9 0.4 1.0 10 1285.5777777777778 1287.0 72.71970201897416 66.90889328034055
0.2 0.1 10.0 10 1268.5666666666666 1287.0 65.59252159270055 66.90889328034055
fail
fail
fail
0.5 0.7000000000000001 100.0 100 1268.4666666666667 1287.0 79.81411738115843 66.90889328034055
0.6000000000000001 0.4 0.1 10 1280.2555555555555 1287.0 68.5409141577514 66.90889328034055
fail
0.1 0.8 100.0 1 1217.5777777777778 1287.0 68.1783572335219 66.90889328034055
0.30000000000000004 0.1 10.0 100 1271.7777777777778 1287.0 73.96061681399212 66.90889328034055
fail
0.6000000000000001 0.6000000000000001 100.0 100 1255.6888888888889 1287.0 70.69993626343889 66.90889328034055
0.2 0.4 0.1 100 1276.7777777777778 1287.0 69.84041774371975 66.90889328034055
fail
fail
0.9 0.2 10.0 100 1278.4666666666667 1287.0 75.55030700724443 66.90889328034055
0.6000000000000001 0.2 1.0 100 1286.2777777777778 1287.0 62.375391831818085 66.90889328034055
0.8 0.30000000000000004 10.0 10 1274.3111111111111 1287.0 73.63568646374972 66.90889328034055
0.5 0.6000000000000001 0.1 1 1283.3777777777777 1287.0 75.55580392116042 66.90889328034055
fail
fail
fail
fail
0.2 0.5 100.0 100 1255.6888888888889 1287.0 66.35353870567441 66.90889328034055
0.8 0.2 10.0 100 1285.9222222222222 1287.0 71.57097918659765 66.90889328034055
0.4 0.30000000000000004 10.0 100 1283.9 1287.0 70.76283550628033 66.90889328034055
0.4 0.7000000000000001 10.0 10 1276.9333333333334 1287.0 75.48433244352397 66.90889328034055
fail
fail
fail
fail
fail
fail
fail
fail
fail
0.5 0.2 0.1 10 1285.3555555555556 1287.0 71.07794018010732 66.90889328034055
0.7000000000000001 0.8 100.0 1 1254.7 1287.0 74.02408767121385 66.90889328034055
fail
0.8 0.7000000000000001 100.0 100 1271.388888888889 1287.0 73.2708361635021 66.90889328034055
0.8 0.4 100.0 1 1284.9888888888888 1287.0 70.65369290410554 66.90889328034055
0.2 0.9 100.0 100 1240.5555555555557 1287.0 67.87392088131102 66.90889328034055
0.30000000000000004 0.1 1.0 10 1285.9 1287.0 73.54908413962595 66.90889328034055
fail
fail
0.7000000000000001 0.6000000000000001 10.0 100 1272.0222222222221 1287.0 62.05427333799158 66.90889328034055
fail
fail
fail
fail
fail
fail
fail
fail
0.5 0.2 10.0 100 1271.4666666666667 1287.0 71.91726728215785 66.90889328034055
0.5 0.4 10.0 1 1281.4444444444443 1287.0 67.76644714034144 66.90889328034055
0.2 0.2 10.0 10 1279.2333333333333 1287.0 66.18862775767786 66.90889328034055
0.7000000000000001 0.8 100.0 100 1259.4777777777779 1287.0 77.11812408071397 66.90889328034055
fail
0.9 0.8 100.0 1 1271.888888888889 1287.0 73.18704263649776 66.90889328034055
fail
fail
0.5 0.4 10.0 100 1263.8 1287.0 68.77357373617023 66.90889328034055
fail
0.8 0.6000000000000001 100.0 1 1271.0777777777778 1287.0 58.90316493624237 66.90889328034055
0.5 0.8 100.0 10 1266.1333333333334 1287.0 68.93752405056496 66.90889328034055
0.1 0.6000000000000001 10.0 100 1279.5666666666666 1287.0 74.4476027522415 66.90889328034055
0.6000000000000001 0.8 10.0 100 1285.1888888888889 1287.0 79.651587756295 66.90889328034055
fail
fail
fail
fail
fail
fail
0.8 0.30000000000000004 1.0 100 1285.3666666666666 1287.0 65.67181874881932 66.90889328034055
fail
0.6000000000000001 0.7000000000000001 100.0 10 1276.3666666666666 1287.0 69.30679780672475 66.90889328034055
fail
0.1 0.1 100.0 100 1235.3666666666666 1287.0 60.37336609245282 66.90889328034055
fail
fail
0.4 0.7000000000000001 100.0 10 1263.6666666666667 1287.0 74.5385806143369 66.90889328034055
0.4 0.9 100.0 100 1253.2555555555555 1287.0 72.07227254038683 66.90889328034055
0.9 0.5 10.0 1 1274.4888888888888 1287.0 69.81455506386497 66.90889328034055
fail
0.30000000000000004 0.4 10.0 1 1271.0666666666666 1287.0 79.45520051506315 66.90889328034055
0.1 0.9 100.0 1 1197.2111111111112 1287.0 72.6064726904097 66.90889328034055
fail
0.2 0.1 10.0 1 1267.5 1287.0 60.11844789894178 66.90889328034055
fail
fail
fail
0.4 0.6000000000000001 10.0 10 1274.9222222222222 1287.0 80.25642622629844 66.90889328034055
0.9 0.6000000000000001 10.0 10 1285.6888888888889 1287.0 71.05141244110874 66.90889328034055
fail
fail
fail
0.8 0.9 10.0 100 1264.1666666666667 1287.0 63.08446718487839 66.90889328034055
fail
0.1 0.30000000000000004 100.0 10 1237.7888888888888 1287.0 70.39862600370745 66.90889328034055
0.30000000000000004 0.9 100.0 10 1232.4666666666667 1287.0 70.35674176019744 66.90889328034055
0.9 0.7000000000000001 100.0 10 1272.5777777777778 1287.0 67.91693910420248 66.90889328034055
fail
0.30000000000000004 0.1 100.0 1 1278.1 1287.0 70.17708552891986 66.90889328034055
0.5 0.2 0.1 1 1286.5666666666666 1287.0 80.06956003653599 66.90889328034055
0.7000000000000001 0.8 10.0 100 1268.1666666666667 1287.0 71.73953659671292 66.90889328034055
fail
fail
fail
0.8 0.30000000000000004 100.0 1 1276.7333333333333 1287.0 76.58253354678497 66.90889328034055
fail
fail
fail
fail
0.4 0.7000000000000001 0.1 100 1280.6444444444444 1287.0 86.52916157266945 66.90889328034055
0.2 0.5 10.0 10 1277.0666666666666 1287.0 70.56546212166717 66.90889328034055
0.8 0.4 10.0 10 1282.7333333333333 1287.0 61.849602531732835 66.90889328034055
0.2 0.2 0.1 1 1275.7888888888888 1287.0 69.40773162895142 66.90889328034055
fail
fail
0.5 0.8 1.0 10 1285.3666666666666 1287.0 74.09625121721372 66.90889328034055
0.5 0.6000000000000001 10.0 1 1279.6333333333334 1287.0 68.83756242052736 66.90889328034055
fail
fail
0.7000000000000001 0.8 100.0 10 1262.8555555555556 1287.0 72.05269076803158 66.90889328034055
0.8 0.4 0.1 1 1286.6222222222223 1287.0 70.45527782103699 66.90889328034055
0.30000000000000004 0.7000000000000001 100.0 10 1256.5444444444445 1287.0 69.2719537781844 66.90889328034055
0.2 0.2 100.0 1 1260.588888888889 1287.0 77.23325340874077 66.90889328034055
fail
fail
0.9 0.30000000000000004 0.1 100 1283.0 1287.0 67.67192097826756 66.90889328034055
0.4 0.1 10.0 100 1268.5 1287.0 72.33245007141217 66.90889328034055
0.7000000000000001 0.9 1.0 100 1286.1777777777777 1287.0 74.24801946895101 66.90889328034055
0.6000000000000001 0.8 100.0 100 1263.2555555555555 1287.0 71.27186777265253 66.90889328034055
0.6000000000000001 0.30000000000000004 10.0 10 1284.6 1287.0 58.004942318162286 66.90889328034055
0.4 0.4 10.0 1 1286.7 1287.0 69.9873718768052 66.90889328034055
0.2 0.2 100.0 10 1260.2444444444445 1287.0 61.40074395334876 66.90889328034055
fail
fail
fail
0.1 0.2 10.0 10 1284.0 1287.0 69.11889916818859 66.90889328034055
0.30000000000000004 0.2 100.0 10 1259.7888888888888 1287.0 61.8583497363029 66.90889328034055
fail
fail
0.5 0.4 100.0 100 1277.411111111111 1287.0 83.51365749177988 66.90889328034055
0.9 0.8 100.0 10 1262.6333333333334 1287.0 67.2886733080357 66.90889328034055
0.8 0.1 10.0 10 1282.7333333333333 1287.0 66.18388524910476 66.90889328034055
fail
fail
0.30000000000000004 0.1 10.0 10 1266.8444444444444 1287.0 72.73069214744842 66.90889328034055
0.30000000000000004 0.30000000000000004 100.0 100 1255.6444444444444 1287.0 65.04704470374774 66.90889328034055
fail
0.4 0.4 0.1 100 1280.4777777777779 1287.0 63.02455038012793 66.90889328034055
fail
fail
fail
0.1 0.4 10.0 1 1273.8444444444444 1287.0 80.67849928520968 66.90889328034055
0.4 0.6000000000000001 100.0 1 1264.3555555555556 1287.0 68.9770188961691 66.90889328034055
0.1 0.2 100.0 100 1242.3444444444444 1287.0 64.80777750155731 66.90889328034055
0.4 0.30000000000000004 10.0 10 1270.1777777777777 1287.0 70.82758059428195 66.90889328034055
0.8 0.7000000000000001 1.0 100 1284.7555555555555 1287.0 66.52423303012905 66.90889328034055
0.5 0.2 100.0 100 1276.9333333333334 1287.0 67.98182763716262 66.90889328034055
0.9 0.30000000000000004 100.0 10 1277.8666666666666 1287.0 66.28661671525826 66.90889328034055
0.7000000000000001 0.30000000000000004 0.1 10 1286.1555555555556 1287.0 67.44790765408204 66.90889328034055
fail
fail
0.5 0.9 100.0 100 1254.3666666666666 1287.0 74.17373749065995 66.90889328034055
0.30000000000000004 0.6000000000000001 10.0 10 1274.0 1287.0 65.22797627466981 66.90889328034055
0.7000000000000001 0.7000000000000001 1.0 100 1286.2111111111112 1287.0 82.46527814035088 66.90889328034055
fail
fail
fail
fail
fail
0.8 0.5 100.0 100 1272.5222222222221 1287.0 79.38600881176562 66.90889328034055
fail
0.1 0.4 10.0 10 1271.388888888889 1287.0 68.35604410315227 66.90889328034055
0.9 0.7000000000000001 10.0 100 1276.3777777777777 1287.0 63.92088474178717 66.90889328034055
0.30000000000000004 0.6000000000000001 100.0 100 1261.7888888888888 1287.0 78.89254216893093 66.90889328034055
fail
fail
fail
fail
fail
fail
fail
fail
0.9 0.4 1.0 100 1277.6666666666667 1287.0 63.74759254713511 66.90889328034055
0.9 0.9 10.0 10 1255.8222222222223 1287.0 72.78790769195692 66.90889328034055
fail
fail
fail
fail
fail
0.7000000000000001 0.5 100.0 100 1271.6 1287.0 67.72391666825605 66.90889328034055
0.7000000000000001 0.6000000000000001 10.0 10 1286.8555555555556 1287.0 68.43724799829583 66.90889328034055
fail
0.5 0.5 100.0 100 1281.1444444444444 1287.0 66.14337308052211 66.90889328034055
0.30000000000000004 0.9 100.0 1 1205.8111111111111 1287.0 61.368630141401205 66.90889328034055
fail
0.9 0.5 100.0 10 1277.8777777777777 1287.0 58.51587206861587 66.90889328034055
0.30000000000000004 0.30000000000000004 10.0 10 1268.5444444444445 1287.0 71.4269107567093 66.90889328034055
0.1 0.30000000000000004 10.0 100 1278.911111111111 1287.0 80.1843216102672 66.90889328034055
0.9 0.7000000000000001 10.0 1 1277.2222222222222 1287.0 64.25725687989174 66.90889328034055
0.8 0.30000000000000004 100.0 100 1279.7555555555555 1287.0 68.12069535612854 66.90889328034055
fail
fail
0.5 0.30000000000000004 10.0 100 1274.2111111111112 1287.0 71.91623127630962 66.90889328034055
fail
fail
0.9 0.1 100.0 1 1286.1777777777777 1287.0 62.481033171458044 66.90889328034055
fail
0.1 0.7000000000000001 100.0 10 1250.8 1287.0 69.14978910548705 66.90889328034055
0.7000000000000001 0.8 0.1 1 1285.1555555555556 1287.0 63.04265066182684 66.90889328034055
0.30000000000000004 0.8 10.0 1 1283.7333333333333 1287.0 73.69905773557157 66.90889328034055
0.4 0.8 100.0 1 1254.088888888889 1287.0 63.150727002843404 66.90889328034055
fail
fail
0.6000000000000001 0.2 100.0 100 1273.5777777777778 1287.0 62.545268544342754 66.90889328034055
fail
0.1 0.9 10.0 1 1263.7 1287.0 60.561162839268896 66.90889328034055
0.5 0.4 0.1 100 1277.088888888889 1287.0 64.53984892115437 66.90889328034055
fail
fail
0.8 0.1 100.0 100 1282.4555555555555 1287.0 67.55214629555307 66.90889328034055
0.6000000000000001 0.6000000000000001 100.0 10 1264.388888888889 1287.0 68.10591334163843 66.90889328034055
0.9 0.2 1.0 1 1279.9555555555555 1287.0 76.11787804467946 66.90889328034055
0.8 0.8 10.0 1 1267.2111111111112 1287.0 75.52048941173285 66.90889328034055
fail
0.6000000000000001 0.5 0.1 100 1284.8555555555556 1287.0 67.78422646917711 66.90889328034055
0.2 0.30000000000000004 1.0 1 1285.2 1287.0 69.8563923743243 66.90889328034055
fail
fail
0.7000000000000001 0.30000000000000004 10.0 1 1283.3666666666666 1287.0 74.5264233529141 66.90889328034055
fail
fail
fail
fail
fail
fail
0.1 0.9 1.0 1 1282.6666666666667 1287.0 67.2593653123654 66.90889328034055
0.4 0.8 100.0 100 1262.2777777777778 1287.0 78.29730061726659 66.90889328034055
0.8 0.1 100.0 10 1280.2666666666667 1287.0 72.03807635163811 66.90889328034055
fail
fail
fail
0.1 0.5 10.0 100 1273.6777777777777 1287.0 70.69949359834007 66.90889328034055
fail
fail
fail
fail
fail
0.1 0.2 100.0 10 1256.411111111111 1287.0 68.03559435152627 66.90889328034055
fail
fail
0.8 0.4 0.1 10 1285.9888888888888 1287.0 70.48648325024914 66.90889328034055
0.5 0.4 100.0 1 1269.7777777777778 1287.0 64.02912146095501 66.90889328034055
fail
0.5 0.30000000000000004 10.0 10 1278.9222222222222 1287.0 67.2172642799746 66.90889328034055
fail
0.8 0.2 100.0 100 1281.8444444444444 1287.0 64.12988748731594 66.90889328034055
fail
0.2 0.1 100.0 1 1267.3666666666666 1287.0 78.1546117214674 66.90889328034055
0.7000000000000001 0.7000000000000001 100.0 10 1272.1555555555556 1287.0 74.78768631727658 66.90889328034055
fail
0.4 0.7000000000000001 100.0 1 1265.888888888889 1287.0 72.7031169199543 66.90889328034055
0.4 0.1 10.0 10 1281.911111111111 1287.0 74.18574952171585 66.90889328034055
fail
0.5 0.2 100.0 10 1277.0 1287.0 81.9861776968126 66.90889328034055
fail
fail
0.4 0.30000000000000004 100.0 100 1254.2111111111112 1287.0 59.32499837419945 66.90889328034055
0.2 0.4 100.0 10 1251.4666666666667 1287.0 64.57040945957968 66.90889328034055
0.9 0.6000000000000001 1.0 10 1286.6666666666667 1287.0 68.08801493491917 66.90889328034055
0.6000000000000001 0.7000000000000001 0.1 100 1282.4 1287.0 75.36780922029422 66.90889328034055
fail
fail
fail
0.7000000000000001 0.2 10.0 100 1276.5111111111112 1287.0 74.47508822037138 66.90889328034055
fail
0.6000000000000001 0.30000000000000004 100.0 100 1276.2666666666667 1287.0 66.58441592778632 66.90889328034055
0.9 0.7000000000000001 0.1 100 1279.6666666666667 1287.0 63.75212414761829 66.90889328034055
0.30000000000000004 0.8 10.0 100 1269.5111111111112 1287.0 82.47548382458127 66.90889328034055
fail
fail
0.1 0.1 100.0 10 1260.888888888889 1287.0 68.61607269509648 66.90889328034055
0.30000000000000004 0.30000000000000004 100.0 10 1270.4888888888888 1287.0 83.19404952605211 66.90889328034055
0.7000000000000001 0.30000000000000004 10.0 100 1274.888888888889 1287.0 62.98508543817592 66.90889328034055
0.7000000000000001 0.1 10.0 100 1278.0444444444445 1287.0 74.7765428327941 66.90889328034055
0.30000000000000004 0.8 100.0 1 1241.3777777777777 1287.0 61.81649865669228 66.90889328034055
0.4 0.7000000000000001 10.0 1 1280.7666666666667 1287.0 66.65834114680956 66.90889328034055
0.7000000000000001 0.7000000000000001 100.0 1 1254.7333333333333 1287.0 70.68109915513324 66.90889328034055
fail
0.5 0.8 100.0 100 1266.1444444444444 1287.0 63.37499701706959 66.90889328034055
fail
0.30000000000000004 0.2 10.0 100 1276.6888888888889 1287.0 65.08945032192142 66.90889328034055
fail
fail
fail
0.8 0.7000000000000001 100.0 10 1269.1777777777777 1287.0 66.62525009797174 66.90889328034055
fail
0.5 0.8 10.0 1 1267.2333333333333 1287.0 68.86235062306059 66.90889328034055
0.30000000000000004 0.4 100.0 10 1283.4 1287.0 78.98140428114849 66.90889328034055
0.2 0.9 10.0 100 1283.1888888888889 1287.0 69.9397986278111 66.90889328034055
0.7000000000000001 0.7000000000000001 10.0 100 1282.2444444444445 1287.0 67.98076706950302 66.90889328034055
0.2 0.9 10.0 10 1255.088888888889 1287.0 67.71978940120243 66.90889328034055
0.9 0.7000000000000001 100.0 1 1260.3111111111111 1287.0 67.43649596215924 66.90889328034055
0.4 0.30000000000000004 10.0 1 1272.6222222222223 1287.0 64.57649689025631 66.90889328034055
fail
fail
0.7000000000000001 0.7000000000000001 10.0 1 1286.411111111111 1287.0 77.59737888534988 66.90889328034055
0.2 0.6000000000000001 100.0 100 1240.1 1287.0 77.50642267293439 66.90889328034055
fail
0.30000000000000004 0.8 1.0 1 1278.2111111111112 1287.0 73.4939898441354 66.90889328034055
fail
0.5 0.30000000000000004 100.0 10 1263.7777777777778 1287.0 72.84851524114617 66.90889328034055
0.8 0.1 10.0 100 1281.7888888888888 1287.0 85.58913410324472 66.90889328034055
fail
0.4 0.2 100.0 100 1280.7777777777778 1287.0 56.19445954852326 66.90889328034055
fail
fail
0.1 0.5 0.1 1 1285.8555555555556 1287.0 69.32204413077514 66.90889328034055
fail
0.5 0.4 100.0 10 1284.5777777777778 1287.0 71.44025907906514 66.90889328034055
fail
0.8 0.2 10.0 10 1286.3111111111111 1287.0 61.285061519362934 66.90889328034055
0.4 0.5 10.0 10 1273.3222222222223 1287.0 74.0670608717049 66.90889328034055
0.2 0.1 100.0 10 1271.4666666666667 1287.0 62.92856620362842 66.90889328034055
0.4 0.5 100.0 1 1271.9777777777779 1287.0 73.80228508623983 66.90889328034055
fail
0.1 0.5 10.0 1 1264.8444444444444 1287.0 68.43292110788508 66.90889328034055
0.9 0.9 1.0 1 1281.8111111111111 1287.0 81.46463369591665 66.90889328034055
0.9 0.30000000000000004 100.0 1 1282.5333333333333 1287.0 75.59279801086288 66.90889328034055
0.2 0.30000000000000004 100.0 100 1253.6555555555556 1287.0 79.92109457474096 66.90889328034055
0.5 0.5 100.0 1 1275.888888888889 1287.0 65.16516527587494 66.90889328034055
0.9 0.9 1.0 100 1282.4777777777779 1287.0 67.79089217386357 66.90889328034055
fail
fail
fail
0.5 0.6000000000000001 10.0 100 1283.8 1287.0 61.98193285143664 66.90889328034055
0.1 0.8 10.0 1 1284.611111111111 1287.0 77.73969305665676 66.90889328034055
fail
0.5 0.9 0.1 1 1277.411111111111 1287.0 71.91783806607903 66.90889328034055
0.8 0.8 100.0 1 1247.7222222222222 1287.0 68.66974552608511 66.90889328034055
fail
0.7000000000000001 0.9 100.0 1 1243.7222222222222 1287.0 73.52928785755718 66.90889328034055
fail
0.1 0.7000000000000001 100.0 100 1237.1444444444444 1287.0 65.54566874598218 66.90889328034055
fail
0.8 0.5 100.0 10 1276.2 1287.0 72.66012202944152 66.90889328034055
0.4 0.8 1.0 100 1284.9777777777779 1287.0 65.2705442800754 66.90889328034055
0.30000000000000004 0.9 10.0 10 1276.8444444444444 1287.0 60.96864606065265 66.90889328034055
fail
0.9 0.9 100.0 100 1271.3444444444444 1287.0 73.16437522776461 66.90889328034055
fail
fail
fail
0.30000000000000004 0.7000000000000001 10.0 100 1275.2444444444445 1287.0 76.07179519829513 66.90889328034055
fail
0.30000000000000004 0.2 100.0 100 1252.6666666666667 1287.0 58.67367382395617 66.90889328034055
fail
fail
0.6000000000000001 0.9 10.0 100 1274.1444444444444 1287.0 68.87066156710968 66.90889328034055
fail
0.2 0.2 10.0 100 1265.1888888888889 1287.0 69.81497681482334 66.90889328034055
0.30000000000000004 0.9 10.0 1 1262.6333333333334 1287.0 57.824917735446114 66.90889328034055
0.7000000000000001 0.4 100.0 1 1274.8555555555556 1287.0 67.66166830654333 66.90889328034055
fail
fail
0.30000000000000004 0.30000000000000004 10.0 100 1256.6 1287.0 68.23225043921678 66.90889328034055
0.1 0.7000000000000001 100.0 1 1224.9222222222222 1287.0 72.6247934061361 66.90889328034055
0.6000000000000001 0.8 100.0 10 1261.5555555555557 1287.0 72.81515579589352 66.90889328034055
fail
0.2 0.6000000000000001 1.0 100 1276.3111111111111 1287.0 75.55978419539272 66.90889328034055
fail
0.6000000000000001 0.6000000000000001 10.0 10 1277.1777777777777 1287.0 75.34418473140119 66.90889328034055
0.30000000000000004 0.4 100.0 100 1259.4 1287.0 73.05124533123609 66.90889328034055
0.6000000000000001 0.9 10.0 10 1274.3111111111111 1287.0 67.1534965490661 66.90889328034055
0.5 0.6000000000000001 100.0 100 1271.588888888889 1287.0 77.86710822426807 66.90889328034055
fail
fail
fail
0.30000000000000004 0.7000000000000001 1.0 1 1282.7333333333333 1287.0 63.747209089235156 66.90889328034055
fail
0.6000000000000001 0.9 100.0 1 1235.888888888889 1287.0 67.08873799254313 66.90889328034055
0.7000000000000001 0.2 100.0 10 1278.7 1287.0 63.12922373108107 66.90889328034055
fail
fail
0.30000000000000004 0.1 100.0 100 1263.388888888889 1287.0 69.4492131696 66.90889328034055
0.4 0.9 10.0 1 1276.1888888888889 1287.0 71.09881925014952 66.90889328034055
fail
fail
0.5 0.6000000000000001 0.1 100 1285.7111111111112 1287.0 68.90673962271107 66.90889328034055
fail
fail
fail
fail
0.5 0.9 10.0 1 1251.9222222222222 1287.0 63.668800623535425 66.90889328034055
fail
fail
0.2 0.8 100.0 1 1226.5444444444445 1287.0 68.9331658784412 66.90889328034055
0.30000000000000004 0.8 1.0 100 1279.3 1287.0 78.07623767119475 66.90889328034055
fail
0.1 0.5 100.0 100 1229.6777777777777 1287.0 67.82409073441838 66.90889328034055
0.2 0.2 100.0 100 1230.2777777777778 1287.0 73.74822450258684 66.90889328034055
fail
0.7000000000000001 0.4 100.0 100 1269.5555555555557 1287.0 70.84491844257991 66.90889328034055
0.6000000000000001 0.5 1.0 1 1279.8333333333333 1287.0 63.1965628460564 66.90889328034055
0.6000000000000001 0.9 0.1 10 1280.9222222222222 1287.0 75.47306035603812 66.90889328034055
0.8 0.1 10.0 1 1285.0444444444445 1287.0 61.77178628020169 66.90889328034055
fail
0.6000000000000001 0.8 10.0 10 1281.8555555555556 1287.0 69.35152984151125 66.90889328034055
fail
fail
0.5 0.9 100.0 10 1275.2666666666667 1287.0 66.51679821251504 66.90889328034055
fail
fail
0.8 0.30000000000000004 0.1 1 1284.5444444444445 1287.0 65.02703046701446 66.90889328034055
0.4 0.7000000000000001 100.0 100 1270.0222222222221 1287.0 83.10301208310051 66.90889328034055
0.5 0.9 10.0 10 1261.8666666666666 1287.0 67.09002244083028 66.90889328034055
fail
fail
0.2 0.1 10.0 100 1278.7 1287.0 66.48382426492094 66.90889328034055
0.8 0.9 100.0 1 1231.8666666666666 1287.0 73.82038261136884 66.90889328034055
0.9 0.4 10.0 1 1282.2777777777778 1287.0 74.20961719312815 66.90889328034055
fail
fail
0.4 0.2 10.0 10 1268.2 1287.0 67.1459769623037 66.90889328034055
0.8 0.5 1.0 10 1280.6 1287.0 71.77446156770061 66.90889328034055
0.9 0.1 10.0 100 1273.1444444444444 1287.0 76.71716613800925 66.90889328034055
0.5 0.7000000000000001 10.0 1 1281.3777777777777 1287.0 66.88341062837591 66.90889328034055
0.2 0.5 10.0 100 1267.111111111111 1287.0 74.23168602339936 66.90889328034055
0.4 0.7000000000000001 1.0 1 1286.2555555555555 1287.0 67.29017777277271 66.90889328034055
0.7000000000000001 0.8 10.0 10 1285.411111111111 1287.0 68.09550392148508 66.90889328034055
fail
0.4 0.1 100.0 1 1273.8333333333333 1287.0 64.9314595896661 66.90889328034055
fail
0.7000000000000001 0.8 1.0 10 1285.8777777777777 1287.0 69.87557636856751 66.90889328034055
0.8 0.30000000000000004 0.1 100 1286.7333333333333 1287.0 70.32034635232615 66.90889328034055
fail
0.8 0.5 10.0 10 1276.5777777777778 1287.0 85.17250179329238 66.90889328034055
0.6000000000000001 0.1 100.0 100 1278.0666666666666 1287.0 72.73357775699839 66.90889328034055
fail
0.30000000000000004 0.5 100.0 10 1269.3777777777777 1287.0 67.48622538921518 66.90889328034055
fail
0.4 0.1 100.0 100 1269.5555555555557 1287.0 68.03056684087937 66.90889328034055
0.2 0.7000000000000001 100.0 100 1229.2333333333333 1287.0 70.5960417524319 66.90889328034055
0.1 0.7000000000000001 0.1 100 1282.5666666666666 1287.0 71.00548492115867 66.90889328034055
0.5 0.4 10.0 10 1276.4666666666667 1287.0 70.4249324537206 66.90889328034055
fail
fail
fail
0.30000000000000004 0.2 100.0 1 1272.388888888889 1287.0 73.68411474281346 66.90889328034055
0.1 0.5 0.1 100 1280.9 1287.0 83.24435916825438 66.90889328034055
fail
fail
fail
0.6000000000000001 0.30000000000000004 1.0 10 1285.6444444444444 1287.0 79.87216329320123 66.90889328034055
fail
0.5 0.1 10.0 10 1276.0222222222221 1287.0 59.36534300934582 66.90889328034055
0.7000000000000001 0.1 100.0 1 1285.5111111111112 1287.0 64.50723377944944 66.90889328034055
0.30000000000000004 0.2 10.0 1 1282.2777777777778 1287.0 72.46394165035582 66.90889328034055
fail
0.5 0.7000000000000001 1.0 1 1273.8666666666666 1287.0 82.54456035647925 66.90889328034055
fail
0.30000000000000004 0.7000000000000001 100.0 1 1258.5333333333333 1287.0 67.57912235134295 66.90889328034055
fail
fail
0.2 0.9 0.1 10 1286.4555555555555 1287.0 66.61067000131955 66.90889328034055
fail
fail
0.4 0.4 100.0 10 1271.6555555555556 1287.0 71.93919671980885 66.90889328034055
fail
fail
fail
0.9 0.30000000000000004 10.0 1 1281.7111111111112 1287.0 69.51886146050892 66.90889328034055
0.7000000000000001 0.6000000000000001 100.0 100 1266.0 1287.0 70.81085917977396 66.90889328034055
0.8 0.9 100.0 100 1275.7888888888888 1287.0 75.14304794404462 66.90889328034055
0.9 0.5 10.0 10 1279.6888888888889 1287.0 74.1198195783084 66.90889328034055
fail
0.6000000000000001 0.5 100.0 10 1283.6333333333334 1287.0 75.43480628993488 66.90889328034055
0.9 0.1 100.0 10 1269.5777777777778 1287.0 66.56925846694934 66.90889328034055
0.1 0.4 1.0 10 1281.7222222222222 1287.0 62.62357166750441 66.90889328034055
0.5 0.30000000000000004 100.0 100 1272.9333333333334 1287.0 73.90080438593947 66.90889328034055
0.7000000000000001 0.2 100.0 1 1285.1777777777777 1287.0 69.02746277594122 66.90889328034055
0.1 0.6000000000000001 100.0 10 1240.1333333333334 1287.0 64.54872406002909 66.90889328034055
fail
0.6000000000000001 0.4 100.0 100 1266.3555555555556 1287.0 71.87339348714532 66.90889328034055
fail
0.2 0.7000000000000001 10.0 1 1268.9444444444443 1287.0 65.88211038769023 66.90889328034055
0.8 0.4 10.0 1 1286.4777777777779 1287.0 74.24901462537738 66.90889328034055
0.6000000000000001 0.1 10.0 100 1284.111111111111 1287.0 60.4693576109135 66.90889328034055
0.7000000000000001 0.5 10.0 100 1274.6777777777777 1287.0 63.50412546140041 66.90889328034055
0.9 0.9 100.0 1 1227.9444444444443 1287.0 69.71790159255465 66.90889328034055
fail
fail
fail
fail
fail
fail
0.9 0.2 10.0 10 1263.088888888889 1287.0 73.51623319519219 66.90889328034055
fail
0.1 0.9 100.0 10 1190.3111111111111 1287.0 74.53554624688134 66.90889328034055
0.30000000000000004 0.6000000000000001 0.1 100 1284.9222222222222 1287.0 72.12015094853521 66.90889328034055
fail
0.8 0.1 0.1 100 1285.8777777777777 1287.0 73.49706385333857 66.90889328034055
0.7000000000000001 0.4 100.0 10 1279.3555555555556 1287.0 58.15693540586944 66.90889328034055
0.9 0.1 1.0 10 1284.3555555555556 1287.0 62.13145760958258 66.90889328034055
fail
0.1 0.1 1.0 100 1286.9222222222222 1287.0 76.15659711378011 66.90889328034055
fail
0.5 0.1 0.1 1 1273.3555555555556 1287.0 75.47719465891832 66.90889328034055
0.6000000000000001 0.4 100.0 10 1276.7 1287.0 70.97236551409756 66.90889328034055
0.8 0.2 100.0 10 1283.2888888888888 1287.0 60.633185714396895 66.90889328034055
fail
fail
fail
0.2 0.6000000000000001 10.0 100 1278.8555555555556 1287.0 68.88663168345045 66.90889328034055
fail
fail
0.1 0.5 100.0 10 1245.3777777777777 1287.0 68.02116954428848 66.90889328034055
fail
fail
fail
0.1 0.7000000000000001 1.0 10 1283.088888888889 1287.0 63.606541320570415 66.90889328034055
fail
0.9 0.8 100.0 100 1277.0555555555557 1287.0 70.22588334338006 66.90889328034055
0.6000000000000001 0.9 100.0 10 1259.1888888888889 1287.0 65.5492850108382 66.90889328034055
fail
fail
0.5 0.7000000000000001 0.1 100 1283.9333333333334 1287.0 77.88963702287715 66.90889328034055
0.5 0.7000000000000001 100.0 1 1265.8 1287.0 70.68572070164602 66.90889328034055
0.4 0.2 10.0 100 1268.7444444444445 1287.0 71.56078397047601 66.90889328034055
fail
fail
0.9 0.6000000000000001 0.1 100 1286.8333333333333 1287.0 77.92093571192675 66.90889328034055
fail
0.6000000000000001 0.6000000000000001 10.0 100 1282.7777777777778 1287.0 72.1134565617538 66.90889328034055
0.30000000000000004 0.30000000000000004 10.0 1 1280.111111111111 1287.0 68.73385781313706 66.90889328034055
fail
0.2 0.7000000000000001 0.1 100 1286.5777777777778 1287.0 72.55909128699906 66.90889328034055
0.1 0.9 100.0 100 1217.8333333333333 1287.0 72.97918272432975 66.90889328034055
0.1 0.4 1.0 100 1279.5 1287.0 73.85018618798466 66.90889328034055
0.9 0.30000000000000004 0.1 10 1286.9666666666667 1287.0 71.39801584544676 66.90889328034055
0.9 0.7000000000000001 100.0 100 1271.4333333333334 1287.0 74.84829842940839 66.90889328034055
fail
fail
0.7000000000000001 0.4 10.0 10 1281.6888888888889 1287.0 71.51155997373112 66.90889328034055
0.30000000000000004 0.6000000000000001 10.0 100 1274.6222222222223 1287.0 67.00523657442798 66.90889328034055
0.30000000000000004 0.4 1.0 10 1286.2444444444445 1287.0 71.54071274628816 66.90889328034055
0.1 0.2 10.0 1 1276.2777777777778 1287.0 65.70050359654411 66.90889328034055
fail
fail
0.8 0.30000000000000004 10.0 100 1279.6666666666667 1287.0 71.65023067342878 66.90889328034055
0.6000000000000001 0.30000000000000004 100.0 10 1278.4888888888888 1287.0 68.1487334918501 66.90889328034055
0.6000000000000001 0.5 10.0 100 1271.7666666666667 1287.0 68.47027741209239 66.90889328034055
fail
0.7000000000000001 0.1 1.0 10 1277.8222222222223 1287.0 67.5949665742416 66.90889328034055
fail
fail
fail
fail
0.7000000000000001 0.1 1.0 100 1285.7444444444445 1287.0 62.54750392232753 66.90889328034055
fail
fail
fail
fail
0.5 0.6000000000000001 100.0 1 1276.9222222222222 1287.0 78.62487983071937 66.90889328034055
fail
0.2 0.9 100.0 1 1197.5777777777778 1287.0 69.0556905335232 66.90889328034055
0.5 0.6000000000000001 10.0 10 1281.9888888888888 1287.0 73.65919938691286 66.90889328034055
fail
fail
fail
fail
0.1 0.30000000000000004 100.0 100 1221.8222222222223 1287.0 62.44812563289411 66.90889328034055
0.5 0.1 100.0 100 1277.611111111111 1287.0 63.41760961969904 66.90889328034055
fail
0.8 0.7000000000000001 10.0 10 1276.7333333333333 1287.0 75.87106021255916 66.90889328034055
0.5 0.8 0.1 10 1286.4888888888888 1287.0 59.18713156768011 66.90889328034055
0.6000000000000001 0.2 100.0 10 1275.3777777777777 1287.0 74.03476327266472 66.90889328034055
0.7000000000000001 0.1 100.0 10 1285.3555555555556 1287.0 73.35262035933172 66.90889328034055
fail
0.30000000000000004 0.30000000000000004 1.0 10 1284.7111111111112 1287.0 70.0996504103574 66.90889328034055
fail
fail
0.2 0.30000000000000004 100.0 10 1271.8555555555556 1287.0 61.58563344574431 66.90889328034055
0.1 0.8 10.0 10 1275.6777777777777 1287.0 71.83698022881434 66.90889328034055
0.1 0.8 10.0 100 1282.2333333333333 1287.0 74.6028075134501 66.90889328034055
0.6000000000000001 0.4 1.0 100 1285.3222222222223 1287.0 67.4142793607437 66.90889328034055
0.8 0.7000000000000001 100.0 1 1275.5111111111112 1287.0 73.82656017758325 66.90889328034055
fail
0.7000000000000001 0.30000000000000004 0.1 1 1283.7333333333333 1287.0 67.35491403338322 66.90889328034055
0.5 0.2 1.0 1 1275.2888888888888 1287.0 70.21114891595754 66.90889328034055
fail
fail
fail
0.6000000000000001 0.7000000000000001 100.0 1 1279.7777777777778 1287.0 68.5994457019682 66.90889328034055
0.1 0.5 1.0 100 1280.888888888889 1287.0 69.91986594896322 66.90889328034055
fail
fail
fail
fail
0.7000000000000001 0.9 100.0 100 1263.8777777777777 1287.0 81.04961824267865 66.90889328034055
0.1 0.7000000000000001 10.0 100 1278.0777777777778 1287.0 68.82396671989872 66.90889328034055
fail
fail
fail
0.30000000000000004 0.8 100.0 100 1259.1444444444444 1287.0 75.8367488038339 66.90889328034055
0.6000000000000001 0.8 100.0 1 1251.4 1287.0 76.87794077482681 66.90889328034055
fail
0.4 0.4 100.0 1 1271.0 1287.0 74.00135133901271 66.90889328034055
0.30000000000000004 0.2 1.0 100 1284.0444444444445 1287.0 74.47414332969102 66.90889328034055
fail
0.6000000000000001 0.6000000000000001 10.0 1 1280.6777777777777 1287.0 69.74649776596158 66.90889328034055
0.6000000000000001 0.7000000000000001 10.0 1 1260.3111111111111 1287.0 71.45187104998169 66.90889328034055
0.1 0.9 10.0 100 1280.8666666666666 1287.0 71.30547742713115 66.90889328034055
0.9 0.5 1.0 10 1285.0222222222221 1287.0 72.03933767629673 66.90889328034055
fail
0.8 0.2 100.0 1 1286.911111111111 1287.0 66.70076535367066 66.90889328034055
0.4 0.9 100.0 1 1219.0222222222221 1287.0 69.52329390255994 66.90889328034055
0.30000000000000004 0.7000000000000001 10.0 1 1285.0777777777778 1287.0 65.32980054696456 66.90889328034055
0.5 0.1 10.0 100 1286.9777777777779 1287.0 70.32906429031043 66.90889328034055
fail
0.30000000000000004 0.5 100.0 1 1259.0333333333333 1287.0 68.43528167383968 66.90889328034055
fail
0.9 0.6000000000000001 100.0 1 1279.2222222222222 1287.0 70.69367059170428 66.90889328034055
0.30000000000000004 0.8 100.0 10 1250.0666666666666 1287.0 68.11686037000433 66.90889328034055
0.9 0.8 10.0 10 1279.6222222222223 1287.0 61.86680635360986 66.90889328034055
fail
fail
0.7000000000000001 0.30000000000000004 100.0 100 1271.9666666666667 1287.0 75.61429171202433 66.90889328034055
fail
0.8 0.9 10.0 10 1278.2666666666667 1287.0 77.50567004348062 66.90889328034055
fail
0.30000000000000004 0.4 10.0 100 1265.2666666666667 1287.0 78.27640484562097 66.90889328034055
0.2 0.4 100.0 1 1267.088888888889 1287.0 67.35538326162941 66.90889328034055
0.9 0.5 100.0 100 1286.411111111111 1287.0 65.01365573553579 66.90889328034055
fail
0.9 0.6000000000000001 100.0 100 1273.1666666666667 1287.0 69.29361843312525 66.90889328034055
0.4 0.8 100.0 10 1253.1333333333334 1287.0 85.51532676141225 66.90889328034055
fail
0.5 0.8 100.0 1 1251.0 1287.0 64.14705327951117 66.90889328034055
fail
0.7000000000000001 0.9 10.0 100 1277.9888888888888 1287.0 70.46046873475217 66.90889328034055
fail
fail
fail
0.6000000000000001 0.8 10.0 1 1261.8777777777777 1287.0 77.85653869318844 66.90889328034055
fail
fail
0.2 0.6000000000000001 100.0 1 1248.9888888888888 1287.0 70.34983920765713 66.90889328034055
0.9 0.4 100.0 10 1273.611111111111 1287.0 62.99606591675114 66.90889328034055
0.2 0.1 100.0 100 1253.6222222222223 1287.0 68.19914919276694 66.90889328034055
0.9 0.8 10.0 1 1280.6777777777777 1287.0 77.44888318221794 66.90889328034055
0.30000000000000004 0.7000000000000001 100.0 100 1257.1777777777777 1287.0 62.736588257354576 66.90889328034055
0.6000000000000001 0.6000000000000001 100.0 1 1277.7 1287.0 63.41739158586984 66.90889328034055
fail
0.8 0.8 100.0 100 1278.1444444444444 1287.0 66.43418817163864 66.90889328034055
0.2 0.6000000000000001 100.0 10 1264.611111111111 1287.0 71.34122922724504 66.90889328034055
fail
0.7000000000000001 0.8 10.0 1 1281.6777777777777 1287.0 70.57837688662596 66.90889328034055
0.2 0.30000000000000004 10.0 100 1277.3222222222223 1287.0 63.95811611737756 66.90889328034055
fail
fail
fail
fail
fail
fail
fail
0.30000000000000004 0.6000000000000001 100.0 10 1277.2 1287.0 63.704037897486884 66.90889328034055
0.4 0.30000000000000004 100.0 10 1282.3111111111111 1287.0 78.1850574590602 66.90889328034055
0.6000000000000001 0.1 100.0 1 1273.9777777777779 1287.0 69.68866921734086 66.90889328034055
fail
0.2 0.9 100.0 10 1209.2777777777778 1287.0 62.84584805127503 66.90889328034055
fail
0.2 0.4 10.0 10 1284.5777777777778 1287.0 67.24465741318996 66.90889328034055
0.6000000000000001 0.9 10.0 1 1256.9666666666667 1287.0 60.4759731904608 66.90889328034055
0.30000000000000004 0.5 10.0 10 1282.888888888889 1287.0 69.55228959318536 66.90889328034055
fail
fail
0.4 0.4 10.0 100 1265.0666666666666 1287.0 79.86332769870731 66.90889328034055
fail
fail
fail
fail
0.2 0.30000000000000004 1.0 10 1284.3111111111111 1287.0 76.28610539635125 66.90889328034055
fail
0.5 0.6000000000000001 100.0 10 1267.8555555555556 1287.0 71.97461915473494 66.90889328034055
0.7000000000000001 0.5 1.0 10 1279.2555555555555 1287.0 67.76865239115781 66.90889328034055
0.8 0.6000000000000001 0.1 100 1285.9555555555555 1287.0 69.08463587209711 66.90889328034055
fail
0.1 0.5 100.0 1 1245.9555555555555 1287.0 74.34677174656477 66.90889328034055
fail
0.9 0.9 100.0 10 1238.6888888888889 1287.0 74.74514394400398 66.90889328034055
fail
0.6000000000000001 0.5 100.0 1 1261.888888888889 1287.0 71.57737762487756 66.90889328034055
0.4 0.5 100.0 10 1267.5222222222221 1287.0 75.20641636009785 66.90889328034055
fail
0.4 0.6000000000000001 100.0 10 1271.4666666666667 1287.0 65.05505360846303 66.90889328034055
0.5 0.4 1.0 10 1286.6333333333334 1287.0 72.15514919640563 66.90889328034055
fail
0.2 0.7000000000000001 100.0 10 1256.8111111111111 1287.0 77.7838735706465 66.90889328034055
fail
fail
fail
fail
0.30000000000000004 0.30000000000000004 0.1 100 1284.6 1287.0 69.16932525011038 66.90889328034055
0.9 0.6000000000000001 10.0 1 1280.0444444444445 1287.0 70.19067856934203 66.90889328034055
0.30000000000000004 0.2 1.0 1 1282.388888888889 1287.0 61.968395967343156 66.90889328034055
fail
0.30000000000000004 0.6000000000000001 0.1 1 1267.7888888888888 1287.0 77.77781666665695 66.90889328034055
fail
fail
0.2 0.4 100.0 100 1251.1444444444444 1287.0 68.99316570197549 66.90889328034055
fail
0.9 0.2 100.0 10 1285.611111111111 1287.0 67.04935072093366 66.90889328034055
0.8 0.5 0.1 10 1284.0555555555557 1287.0 76.53994761068833 66.90889328034055
0.9 0.30000000000000004 10.0 100 1279.9 1287.0 74.90038569845805 66.90889328034055
0.30000000000000004 0.7000000000000001 10.0 10 1275.6 1287.0 67.10519105603281 66.90889328034055
fail
fail
0.4 0.9 100.0 10 1253.6222222222223 1287.0 70.09510646698016 66.90889328034055
0.8 0.6000000000000001 100.0 10 1271.411111111111 1287.0 70.01252180772055 66.90889328034055
0.8 0.9 1.0 1 1284.4555555555555 1287.0 78.65214005863075 66.90889328034055
0.2 0.1 0.1 1 1284.0 1287.0 80.70605099164911 66.90889328034055
0.8 0.30000000000000004 100.0 10 1270.2888888888888 1287.0 64.77109170754848 66.90889328034055
0.1 0.2 100.0 1 1262.0666666666666 1287.0 67.19867723565861 66.90889328034055
fail
fail
fail
fail
fail
0.2 0.7000000000000001 100.0 1 1241.8111111111111 1287.0 70.67844154171362 66.90889328034055
0.1 0.4 100.0 100 1231.8444444444444 1287.0 54.96481927583035 66.90889328034055
fail
fail
fail
0.4 0.2 100.0 1 1281.6777777777777 1287.0 84.5493712149269 66.90889328034055
0.8 0.4 10.0 100 1282.9333333333334 1287.0 74.15446341552506 66.90889328034055
fail
0.7000000000000001 0.30000000000000004 100.0 10 1268.1444444444444 1287.0 79.04999277687944 66.90889328034055
fail
0.30000000000000004 0.1 100.0 10 1283.4222222222222 1287.0 56.245686803084006 66.90889328034055
0.6000000000000001 0.9 100.0 100 1271.9222222222222 1287.0 83.72179163791067 66.90889328034055
fail
0.8 0.7000000000000001 10.0 1 1272.4222222222222 1287.0 76.22670540751417 66.90889328034055
fail
0.1 0.6000000000000001 100.0 1 1235.5111111111112 1287.0 67.348223509433 66.90889328034055
0.7000000000000001 0.2 100.0 100 1274.2333333333333 1287.0 75.518511343614 66.90889328034055
fail
0.5 0.9 1.0 100 1282.6 1287.0 74.45323662839948 66.90889328034055
0.6000000000000001 0.5 10.0 10 1279.8777777777777 1287.0 68.58892488794346 66.90889328034055
0.1 0.30000000000000004 100.0 1 1243.2888888888888 1287.0 75.0891683924955 66.90889328034055
0.6000000000000001 0.30000000000000004 1.0 100 1283.6777777777777 1287.0 74.63300249707493 66.90889328034055
0.5 0.6000000000000001 1.0 100 1275.411111111111 1287.0 72.97471319184544 66.90889328034055
0.2 0.4 10.0 100 1273.2222222222222 1287.0 61.62949830826466 66.90889328034055
0.9 0.6000000000000001 10.0 100 1279.5 1287.0 60.846117378186094 66.90889328034055
fail
0.1 0.7000000000000001 10.0 1 1282.6888888888889 1287.0 73.80931053049916 66.90889328034055
fail
fail
fail
0.1 0.7000000000000001 10.0 10 1275.2 1287.0 64.29017550657852 66.90889328034055
0.9 0.4 100.0 100 1284.5 1287.0 78.87335136505584 66.90889328034055
0.6000000000000001 0.30000000000000004 10.0 100 1282.611111111111 1287.0 66.92478272814844 66.90889328034055
fail
fail
fail
fail
0.7000000000000001 0.5 100.0 10 1276.4333333333334 1287.0 75.8971599527208 66.90889328034055
fail
0.7000000000000001 0.1 10.0 1 1286.6555555555556 1287.0 58.2391928193284 66.90889328034055
fail
0.1 0.1 1.0 1 1276.5 1287.0 75.34103942886786 66.90889328034055
0.5 0.9 1.0 10 1284.3777777777777 1287.0 69.26512314253559 66.90889328034055
0.6000000000000001 0.2 0.1 1 1286.2666666666667 1287.0 63.79355592673744 66.90889328034055
fail
0.7000000000000001 0.6000000000000001 10.0 1 1275.588888888889 1287.0 65.90277256761483 66.90889328034055
0.4 0.4 100.0 100 1270.3555555555556 1287.0 55.52202988426427 66.90889328034055
fail
fail
0.6000000000000001 0.5 100.0 100 1266.7444444444445 1287.0 72.67577329957594 66.90889328034055
0.30000000000000004 0.6000000000000001 100.0 1 1263.3333333333333 1287.0 70.86513011818057 66.90889328034055
fail
0.7000000000000001 0.9 10.0 10 1273.5333333333333 1287.0 62.73262486316209 66.90889328034055
fail
0.7000000000000001 0.6000000000000001 100.0 10 1260.5111111111112 1287.0 74.67563107562741 66.90889328034055
fail
fail
0.5 0.2 10.0 10 1273.4222222222222 1287.0 71.983791042425 66.90889328034055
fail
fail
fail
0.5 0.30000000000000004 100.0 1 1286.4222222222222 1287.0 60.299249631921946 66.90889328034055
fail
0.6000000000000001 0.1 100.0 10 1278.3777777777777 1287.0 65.83035061222441 66.90889328034055
fail
0.2 0.8 100.0 10 1239.9555555555555 1287.0 67.10421598133112 66.90889328034055
fail
fail
0.8 0.8 100.0 10 1265.9888888888888 1287.0 68.1261076475816 66.90889328034055
0.30000000000000004 0.8 10.0 10 1278.8333333333333 1287.0 73.47868171562868 66.90889328034055
fail
fail
fail
fail
0.4 0.9 10.0 100 1274.0333333333333 1287.0 72.45005175981588 66.90889328034055
0.1 0.9 10.0 10 1265.9 1287.0 68.96553889846403 66.90889328034055
fail
fail
fail
fail
fail
fail
fail
0.2 0.7000000000000001 1.0 10 1286.0111111111112 1287.0 74.64560632220679 66.90889328034055
0.7000000000000001 0.1 0.1 10 1285.9222222222222 1287.0 78.00815167913585 66.90889328034055
fail
0.5 0.7000000000000001 10.0 10 1277.2222222222222 1287.0 65.56451916120109 66.90889328034055
0.2 0.4 1.0 100 1279.4777777777779 1287.0 69.38735520055793 66.90889328034055
fail
0.5 0.9 100.0 1 1243.9333333333334 1287.0 72.92489286930766 66.90889328034055
0.1 0.1 100.0 1 1252.2111111111112 1287.0 73.23971212463064 66.90889328034055
0.6000000000000001 0.2 10.0 100 1280.9777777777779 1287.0 68.5323893867836 66.90889328034055
fail
fail
fail
fail
0.8 0.6000000000000001 100.0 100 1277.6 1287.0 81.58728114384277 66.90889328034055
0.6000000000000001 0.4 10.0 100 1279.1444444444444 1287.0 69.19594739435591 66.90889328034055
0.7000000000000001 0.30000000000000004 1.0 10 1285.2666666666667 1287.0 66.86334322083115 66.90889328034055
fail
0.1 0.4 100.0 1 1248.4333333333334 1287.0 68.16435203894252 66.90889328034055
0.6000000000000001 0.7000000000000001 10.0 100 1267.111111111111 1287.0 63.78182333278283 66.90889328034055
fail
fail
0.6000000000000001 0.7000000000000001 100.0 100 1269.6777777777777 1287.0 78.63824737757882 66.90889328034055
0.30000000000000004 0.9 100.0 100 1244.7333333333333 1287.0 58.62513681576075 66.90889328034055
0.9 0.5 100.0 1 1273.1888888888889 1287.0 72.58296317463126 66.90889328034055
fail
fail
fail
0.7000000000000001 0.9 10.0 1 1270.0 1287.0 65.33792500871485 66.90889328034055
0.2 0.30000000000000004 100.0 1 1266.9333333333334 1287.0 65.44341066906586 66.90889328034055
fail
0.7000000000000001 0.9 100.0 10 1254.6333333333334 1287.0 72.03879356137065 66.90889328034055
fail
0.4 0.8 10.0 10 1269.2777777777778 1287.0 83.83887029796803 66.90889328034055
0.9 0.6000000000000001 100.0 10 1263.2111111111112 1287.0 64.91695454697734 66.90889328034055
fail
0.1 0.2 1.0 10 1278.111111111111 1287.0 69.98292560720229 66.90889328034055
fail
0.1 0.1 10.0 1 1284.9777777777779 1287.0 64.37493953011663 66.90889328034055
0.30000000000000004 0.5 100.0 100 1265.588888888889 1287.0 69.89848105875397 66.90889328034055
0.1 0.8 100.0 100 1233.1777777777777 1287.0 71.75693195748141 66.90889328034055
fail
0.30000000000000004 0.4 100.0 1 1258.888888888889 1287.0 68.99894434690763 66.90889328034055
fail
0.4 0.5 100.0 100 1254.4666666666667 1287.0 70.04017894513595 66.90889328034055
fail
fail
0.4 0.2 10.0 1 1281.8111111111111 1287.0 66.99998249493046 66.90889328034055
fail
fail
0.9 0.9 0.1 1 1283.3666666666666 1287.0 82.20671099936631 66.90889328034055
fail
0.1 0.4 100.0 10 1248.9333333333334 1287.0 69.32368522614283 66.90889328034055
0.4 0.9 10.0 10 1277.0333333333333 1287.0 74.26266446427391 66.90889328034055
0.6000000000000001 0.1 10.0 10 1276.8 1287.0 69.47136900271299 66.90889328034055
fail
0.1 0.8 100.0 10 1211.8222222222223 1287.0 70.81565705372378 66.90889328034055
fail
fail
0.1 0.4 10.0 100 1281.6666666666667 1287.0 65.81776187153265 66.90889328034055
fail
fail
0.8 0.9 100.0 10 1246.4777777777779 1287.0 70.85465997029533 66.90889328034055
0.6000000000000001 0.4 100.0 1 1275.4888888888888 1287.0 63.659029986054854 66.90889328034055
fail
0.8 0.5 10.0 100 1270.6444444444444 1287.0 78.41206130452568 66.90889328034055
0.30000000000000004 0.30000000000000004 100.0 1 1268.2666666666667 1287.0 56.583429062265616 66.90889328034055
fail
fail
fail
fail
0.30000000000000004 0.5 10.0 100 1266.7111111111112 1287.0 71.71784907917421 66.90889328034055
fail
fail
0.30000000000000004 0.9 10.0 100 1272.3777777777777 1287.0 65.66202653280709 66.90889328034055
fail
0.9 0.4 10.0 10 1282.7333333333333 1287.0 72.14088068956926 66.90889328034055
0.4 0.8 10.0 100 1269.4222222222222 1287.0 72.51650812482137 66.90889328034055
0.1 0.5 1.0 1 1286.611111111111 1287.0 76.23016236583119 66.90889328034055
0.7000000000000001 0.5 10.0 1 1278.388888888889 1287.0 70.13854455361023 66.90889328034055
0.7000000000000001 0.5 1.0 1 1284.1777777777777 1287.0 81.48054679598586 66.90889328034055
0.2 0.8 100.0 100 1242.2222222222222 1287.0 75.46725232072191 66.90889328034055
0.9 0.1 10.0 1 1284.0666666666666 1287.0 62.691271765338726 66.90889328034055
fail
0.1 0.30000000000000004 10.0 10 1273.1777777777777 1287.0 65.53295655669541 66.90889328034055
fail
0.5 0.8 10.0 10 1285.5222222222221 1287.0 73.66594687095973 66.90889328034055
fail
0.6000000000000001 0.6000000000000001 1.0 100 1277.4888888888888 1287.0 69.47521451639258 66.90889328034055
0.6000000000000001 0.8 0.1 1 1280.9444444444443 1287.0 72.09659586833813 66.90889328034055
0.1 0.6000000000000001 100.0 100 1226.5777777777778 1287.0 75.65770545728789 66.90889328034055
fail
fail
fail
fail
0.2 0.2 10.0 1 1273.6222222222223 1287.0 71.45263820302814 66.90889328034055
fail
fail
fail
0.4 0.6000000000000001 100.0 100 1268.1 1287.0 60.1476054755669 66.90889328034055
fail
fail
0.6000000000000001 0.8 1.0 10 1281.7444444444445 1287.0 76.38448957028893 66.90889328034055
0.1 0.1 10.0 100 1284.5 1287.0 68.12557848887923 66.90889328034055
0.5 0.30000000000000004 1.0 10 1279.2111111111112 1287.0 71.2556421850921 66.90889328034055
0.2 0.5 100.0 10 1261.1333333333334 1287.0 59.95038689523938 66.90889328034055
fail
fail
fail
fail
fail
0.4 0.7000000000000001 10.0 100 1276.9555555555555 1287.0 67.05999156826523 66.90889328034055
0.8 0.9 10.0 1 1265.088888888889 1287.0 65.52872897430298 66.90889328034055
0.5 0.7000000000000001 100.0 10 1275.0111111111112 1287.0 76.09942246013063 66.90889328034055
fail
0.2 0.5 100.0 1 1247.9333333333334 1287.0 61.69779394579499 66.90889328034055
0.5 0.6000000000000001 1.0 1 1286.2888888888888 1287.0 79.40714275798905 66.90889328034055
0.4 0.8 10.0 1 1277.1444444444444 1287.0 59.02966506786812 66.90889328034055
0.8 0.8 1.0 100 1280.1 1287.0 71.00094678554959 66.90889328034055
0.1 0.4 1.0 1 1280.1 1287.0 75.69456901111052 66.90889328034055
