0.30000000000000004 0.9 0.1 1 982.3755555555556 1026.0311111111112 461.66334663333566 508.5709795636406
0.1 0.30000000000000004 0.1 1 946.6266666666667 1063.5733333333333 423.99212330209883 534.4024244788646
0.2 0.30000000000000004 0.1 1 977.0322222222222 1039.078888888889 476.7634308142021 523.3266999567809
0.7000000000000001 0.5 0.1 1 1017.9233333333333 1042.6255555555556 493.9076383630175 516.0363927866396
0.1 0.1 0.1 1 980.33 1036.2544444444445 452.08984479488856 500.510522402679
0.6000000000000001 0.8 0.1 1 958.7311111111111 1016.1944444444445 473.2121592887965 488.7856596507786
0.1 0.5 0.1 1 979.9544444444444 1080.1044444444444 443.8447765857668 535.6294741104175
0.30000000000000004 0.5 0.1 1 998.2511111111111 1036.5411111111111 499.2368055886113 503.87466638142035
0.2 0.4 0.1 1 988.6066666666667 1055.9055555555556 466.0602211445784 545.9180819421151
0.9 0.7000000000000001 0.1 1 990.1277777777777 1007.1277777777777 490.7578655118312 477.0156814398312
0.7000000000000001 0.2 0.1 1 1003.6188888888889 1031.6633333333334 470.52723652289956 522.7737804676558
0.4 0.5 0.1 1 994.7355555555556 1066.9688888888888 490.523209397909 527.3624192662204
0.9 0.4 0.1 1 971.7655555555556 1041.8266666666666 464.2101147016916 549.5111028703403
0.6000000000000001 0.30000000000000004 0.1 1 1015.35 1030.8966666666668 476.18126654784567 546.5756198469805
0.8 0.30000000000000004 0.1 1 1029.1022222222223 1059.7466666666667 518.241900398255 540.8007809823421
0.2 0.2 0.1 1 973.1288888888889 1065.2644444444445 462.1110725655189 507.1121474280968
0.8 0.6000000000000001 0.1 1 1034.05 1084.8922222222222 514.6344622372491 527.0448289446391
0.7000000000000001 0.8 0.1 1 972.48 1065.4566666666667 484.18499292912594 517.5674763416524
0.9 0.8 0.1 1 1001.9355555555555 1054.5555555555557 491.6126368756225 539.0293562632559
0.9 0.1 0.1 1 1010.1077777777778 1066.5077777777778 502.16020965597085 546.5009107906974
0.7000000000000001 0.9 0.1 1 993.5944444444444 1090.7388888888888 503.33097016246757 552.8991164146482
0.5 0.2 0.1 1 998.0222222222222 1033.9988888888888 497.90518458789535 511.4291164080083
0.4 0.30000000000000004 0.1 1 997.8988888888889 1013.7477777777777 522.4479642338541 520.7871198116641
0.9 0.30000000000000004 0.1 1 998.7088888888889 1004.2566666666667 480.36597359477344 485.72941908707435
0.7000000000000001 0.30000000000000004 0.1 1 968.2344444444444 1025.64 469.03065942457005 520.103029707683
0.9 0.9 0.1 1 1005.4366666666666 1070.5277777777778 493.906852880401 540.798781952889
0.4 0.4 0.1 1 997.3988888888889 1030.5922222222223 459.866531118769 544.0759090682062
0.6000000000000001 0.6000000000000001 0.1 1 979.8744444444444 1021.9955555555556 488.0745671766675 506.2821325684175
0.5 0.9 0.1 1 976.4155555555556 1089.6933333333334 494.6086068602597 534.8394186420196
0.8 0.5 0.1 1 1025.9444444444443 1044.14 500.2810579200258 520.98716806548
0.1 0.6000000000000001 0.1 1 964.52 1023.03 413.2940473803126 499.09673320910406
0.4 0.6000000000000001 0.1 1 990.6544444444445 1041.381111111111 486.04109283546313 514.2936863946826
0.5 0.6000000000000001 0.1 1 1007.8544444444444 1014.6088888888889 489.44226300308435 510.23336744505565
0.9 0.5 0.1 1 1024.6033333333332 1073.97 490.01762937673993 542.8335023948155
0.30000000000000004 0.8 0.1 1 972.5855555555555 1051.2866666666666 475.49877253284984 530.3986614278404
0.6000000000000001 0.1 0.1 1 1000.7144444444444 1050.37 488.6941006535483 528.7606765825159
0.2 0.5 0.1 1 979.0522222222222 1063.348888888889 471.27509133974405 532.537500451991
0.6000000000000001 0.7000000000000001 0.1 1 1004.2366666666667 1027.1933333333334 499.77190862988266 512.1602682754688
0.2 0.6000000000000001 0.1 1 999.3833333333333 1017.6466666666666 495.50432529786116 462.11414612024635
0.5 0.8 0.1 1 1006.0544444444445 1023.23 493.5265211068221 506.87096472157276
0.8 0.2 0.1 1 975.9322222222222 1009.7977777777778 480.2634587917523 511.35979635516395
0.8 0.1 0.1 1 996.1511111111112 1042.2655555555555 501.019116345085 534.9542405479621
0.2 0.7000000000000001 0.1 1 977.5977777777778 996.1455555555556 460.03622127388047 504.96947535054255
0.4 0.8 0.1 1 995.6122222222223 1051.0377777777778 478.7848178990404 517.6308258847932
0.6000000000000001 0.4 0.1 1 1002.0122222222222 1031.4866666666667 516.7422319639279 513.6684478013681
0.4 0.7000000000000001 0.1 1 990.8011111111111 1033.6066666666666 499.402144122671 519.1845772833482
0.4 0.2 0.1 1 1007.6622222222222 1024.5711111111111 495.28280733284726 519.5085182157896
0.4 0.9 0.1 1 1010.9655555555555 1024.1066666666666 478.15911105012634 493.54440727816535
0.9 0.2 0.1 1 1045.7744444444445 1052.7777777777778 501.80239272736975 533.5420691062452
0.1 0.7000000000000001 0.1 1 973.6977777777778 1025.6544444444444 424.90575137389857 547.2380444176233
0.6000000000000001 0.2 0.1 1 1012.9133333333333 1064.0077777777778 480.7613166634768 549.8389693007656
0.30000000000000004 0.30000000000000004 0.1 1 990.19 1008.7455555555556 475.0141805017806 510.9254117472881
0.7000000000000001 0.7000000000000001 0.1 1 955.8 1012.3211111111111 473.62172904357175 495.21782435037704
0.7000000000000001 0.4 0.1 1 968.8188888888889 1047.5877777777778 461.5954788423022 521.805021126512
0.1 0.4 0.1 1 978.8833333333333 1024.3355555555556 461.4650567606512 525.1831306656777
0.2 0.1 0.1 1 967.4366666666666 1025.34 444.1911542843289 503.20027596706797
0.5 0.7000000000000001 0.1 1 966.8155555555555 1014.3155555555555 480.1979168151191 499.7034502607213
0.30000000000000004 0.6000000000000001 0.1 1 998.87 1045.0677777777778 500.21108854162753 533.4834339462299
0.30000000000000004 0.2 0.1 1 1007.5333333333333 1049.151111111111 480.1513974200685 516.215449690113
0.7000000000000001 0.1 0.1 1 991.4011111111112 1056.6044444444444 485.5651737910839 519.5434268900833
0.30000000000000004 0.1 0.1 1 996.8166666666667 1052.23 471.26924688075627 531.7697866453949
0.2 0.9 0.1 1 1010.7422222222223 1024.36 449.73298769078934 509.98854383647125
0.5 0.4 0.1 1 1018.6744444444445 1030.6655555555556 518.9834204290604 501.6039344301464
0.2 0.8 0.1 1 989.18 1068.64 445.9948938920468 536.584214535695
0.5 0.30000000000000004 0.1 1 1018.8477777777778 1021.2366666666667 511.7653283223078 518.1558437703211
0.5 0.5 0.1 1 1013.4044444444445 1050.3422222222223 505.3179579699435 529.8037357734523
0.6000000000000001 0.9 0.1 1 1007.9455555555555 1059.8566666666666 479.0184435468269 528.3942115399153
0.1 0.8 0.1 1 983.6766666666666 1013.0133333333333 422.0294340840853 495.06571711911795
0.30000000000000004 0.7000000000000001 0.1 1 985.6633333333333 1055.9322222222222 484.18199859832305 539.8463308773418
0.7000000000000001 0.6000000000000001 0.1 1 992.7411111111111 1033.3355555555556 488.1582219354805 515.9302651653422
0.8 0.4 0.1 1 1008.6088888888889 1072.0011111111112 482.47400198109557 536.7335206794783
0.4 0.1 0.1 1 998.4488888888889 1035.59 491.6029050733356 544.0974235782085
0.8 0.7000000000000001 0.1 1 1016.9555555555555 1026.661111111111 488.60572405595786 505.8629937914555
0.1 0.2 0.1 1 967.6555555555556 1010.3511111111111 444.5045496857798 485.0413029937519
