0.5 0.6000000000000001 0.1 1349.911111111111 1403.7222222222222
0.6000000000000001 0.1 0.1 1329.7 1403.7222222222222
0.2 0.4 0.1 1331.4444444444443 1403.7222222222222
0.6000000000000001 0.7000000000000001 0.1 1354.6555555555556 1403.7222222222222
0.1 0.6000000000000001 0.1 1308.3444444444444 1403.7222222222222
0.2 0.30000000000000004 0.1 1324.1888888888889 1403.7222222222222
0.6000000000000001 0.9 0.1 1344.9 1403.7222222222222
0.1 0.1 0.1 1293.6555555555556 1403.7222222222222
0.2 0.8 0.1 1309.8222222222223 1403.7222222222222
0.4 0.5 0.1 1341.7222222222222 1403.7222222222222
0.2 0.7000000000000001 0.1 1301.0111111111112 1403.7222222222222
0.6000000000000001 0.4 0.1 1359.5666666666666 1403.7222222222222
0.30000000000000004 0.7000000000000001 0.1 1320.8111111111111 1403.7222222222222
0.4 0.1 0.1 1327.4777777777779 1403.7222222222222
0.5 0.8 0.1 1343.5222222222221 1403.7222222222222
0.1 0.30000000000000004 0.1 1285.2111111111112 1403.7222222222222
0.2 0.1 0.1 1328.4 1403.7222222222222
0.5 0.30000000000000004 0.1 1330.7222222222222 1403.7222222222222
0.1 0.7000000000000001 0.1 1275.6222222222223 1403.7222222222222
0.30000000000000004 0.9 0.1 1292.0 1403.7222222222222
0.6000000000000001 0.30000000000000004 0.1 1324.8222222222223 1403.7222222222222
0.30000000000000004 0.1 0.1 1333.2333333333333 1403.7222222222222
0.30000000000000004 0.8 0.1 1337.5 1403.7222222222222
0.6000000000000001 0.6000000000000001 0.1 1364.9444444444443 1403.7222222222222
0.4 0.6000000000000001 0.1 1322.3111111111111 1403.7222222222222
0.30000000000000004 0.6000000000000001 0.1 1332.9555555555555 1403.7222222222222
0.4 0.30000000000000004 0.1 1343.5111111111112 1403.7222222222222
0.5 0.2 0.1 1323.6222222222223 1403.7222222222222
0.2 0.2 0.1 1334.5222222222221 1403.7222222222222
0.4 0.4 0.1 1343.2666666666667 1403.7222222222222
0.30000000000000004 0.4 0.1 1317.5111111111112 1403.7222222222222
0.4 0.2 0.1 1356.9777777777779 1403.7222222222222
0.4 0.8 0.1 1331.4555555555555 1403.7222222222222
0.4 0.7000000000000001 0.1 1334.111111111111 1403.7222222222222
0.4 0.9 0.1 1320.2666666666667 1403.7222222222222
0.1 0.8 0.1 1273.2333333333333 1403.7222222222222
0.30000000000000004 0.2 0.1 1352.6888888888889 1403.7222222222222
0.5 0.1 0.1 1316.7 1403.7222222222222
0.2 0.9 0.1 1307.6888888888889 1403.7222222222222
0.5 0.5 0.1 1333.8 1403.7222222222222
0.1 0.9 0.1 1266.7222222222222 1403.7222222222222
0.6000000000000001 0.8 0.1 1352.9777777777779 1403.7222222222222
0.30000000000000004 0.30000000000000004 0.1 1334.7222222222222 1403.7222222222222
0.2 0.6000000000000001 0.1 1328.9666666666667 1403.7222222222222
0.30000000000000004 0.5 0.1 1332.6555555555556 1403.7222222222222
0.1 0.5 0.1 1286.2666666666667 1403.7222222222222
0.5 0.7000000000000001 0.1 1314.3555555555556 1403.7222222222222
0.6000000000000001 0.2 0.1 1352.4333333333334 1403.7222222222222
0.1 0.2 0.1 1306.9888888888888 1403.7222222222222
0.2 0.5 0.1 1322.611111111111 1403.7222222222222
0.1 0.4 0.1 1315.2 1403.7222222222222
0.6000000000000001 0.5 0.1 1351.0222222222221 1403.7222222222222
0.5 0.9 0.1 1330.4333333333334 1403.7222222222222
0.5 0.4 0.1 1344.9444444444443 1403.7222222222222
