0.30000000000000004 0.9 0.1 1 433.8722222222222 519.5888888888888 186.30864566792732 233.27401124211767
0.1 0.9 0.1 1 462.8833333333333 533.7111111111111 181.79378656415437 236.8609411281201
0.1 0.30000000000000004 0.1 1 442.8333333333333 541.9555555555555 207.29457033142208 223.79404773690726
0.7000000000000001 0.5 0.1 1 509.8611111111111 583.9777777777778 232.46158019215153 243.4534853029893
0.1 0.1 0.1 1 452.45 541.6166666666667 195.87652786045265 247.85061080775614
0.6000000000000001 0.5 0.1 1 537.6722222222222 556.2333333333333 240.9547636326867 229.14604998171413
0.1 0.5 0.1 1 476.27222222222224 516.1555555555556 186.67925048523307 225.47103342465138
0.9 0.7000000000000001 0.1 1 476.2944444444444 509.2611111111111 196.21042268222092 230.60554016397998
0.7000000000000001 0.2 0.1 1 485.2888888888889 533.3277777777778 233.00354048070432 227.78120180353278
0.4 0.5 0.1 1 465.40555555555557 545.9888888888889 198.401352404167 245.57060511951636
0.30000000000000004 0.4 0.1 1 490.4222222222222 512.7 213.84781596981944 227.46069013250522
0.6000000000000001 0.30000000000000004 0.1 1 513.4277777777778 522.8277777777778 218.28694241386742 221.7682431567683
0.2 0.2 0.1 1 467.51666666666665 524.7388888888889 206.17827978610055 252.1694616255965
0.7000000000000001 0.8 0.1 1 467.98333333333335 514.0611111111111 196.82356665015726 217.06934795356904
0.9 0.1 0.1 1 527.8666666666667 553.6555555555556 259.57080815154166 224.58800111963592
0.7000000000000001 0.9 0.1 1 491.8888888888889 506.60555555555555 249.02072401238883 202.67991999489195
0.5 0.2 0.1 1 479.40555555555557 537.7666666666667 210.40058875134733 226.59021014451034
0.4 0.30000000000000004 0.1 1 498.4555555555556 515.5666666666667 233.3114828393394 225.25795336803444
0.9 0.30000000000000004 0.1 1 501.90555555555557 518.65 213.87557902310664 227.0035603000289
0.7000000000000001 0.30000000000000004 0.1 1 528.2277777777778 556.4222222222222 225.3667832804401 240.09963106907554
0.9 0.9 0.1 1 471.77777777777777 514.0833333333334 215.62236937024764 229.95779504074227
0.4 0.4 0.1 1 507.8 541.5944444444444 228.31095754109867 229.45102835590055
0.6000000000000001 0.6000000000000001 0.1 1 478.8666666666667 529.3944444444444 205.1679095548598 218.44570892309508
0.5 0.9 0.1 1 489.71666666666664 497.98333333333335 217.14442902261055 224.97225693158015
0.8 0.5 0.1 1 504.77222222222224 507.50555555555553 220.64009987497627 226.1559810107033
0.1 0.6000000000000001 0.1 1 458.9166666666667 534.9111111111112 201.00585605068002 241.83337442887057
0.4 0.6000000000000001 0.1 1 485.7611111111111 521.7944444444445 202.72404242354483 238.4536455587268
0.5 0.6000000000000001 0.1 1 503.64444444444445 531.3666666666667 229.632305659437 246.47221840289515
0.9 0.5 0.1 1 514.6777777777778 536.2666666666667 232.6772599201534 227.9431849289545
0.30000000000000004 0.8 0.1 1 469.1111111111111 505.5111111111111 199.69036834528737 209.4271681645724
0.6000000000000001 0.1 0.1 1 504.2944444444444 509.7944444444444 241.31926057546946 229.0202004002224
0.2 0.5 0.1 1 472.2388888888889 522.9944444444444 214.14484620069888 218.40814232945272
0.6000000000000001 0.7000000000000001 0.1 1 490.6277777777778 510.14444444444445 237.2147182653901 224.99402762992577
0.5 0.8 0.1 1 500.02777777777777 545.1111111111111 212.37551727896084 243.18840179052967
0.8 0.1 0.1 1 510.77777777777777 532.2555555555556 224.22351337586628 245.40180480687005
0.2 0.7000000000000001 0.1 1 481.3666666666667 555.8 205.42538250610065 242.91627272695334
0.4 0.8 0.1 1 469.3777777777778 520.1777777777778 234.2777590704285 242.81502231478265
0.6000000000000001 0.4 0.1 1 473.01666666666665 538.7333333333333 220.88854592808164 240.2065453821865
0.4 0.7000000000000001 0.1 1 487.85555555555555 517.5555555555555 233.9056581478529 230.47470871665007
0.4 0.2 0.1 1 487.7611111111111 533.6388888888889 243.80215940819468 231.28546007738979
0.8 0.8 0.1 1 506.77777777777777 540.85 222.6889349033649 257.93501496393316
0.4 0.9 0.1 1 492.9888888888889 509.2111111111111 223.71710779685054 190.54526988761285
0.9 0.2 0.1 1 519.2333333333333 521.5222222222222 232.55742659968243 239.6926378036755
0.1 0.7000000000000001 0.1 1 485.1388888888889 543.4555555555555 209.7904447535124 244.69369338061597
0.5 0.1 0.1 1 498.06666666666666 541.5055555555556 208.219318134616 228.95959122425998
0.7000000000000001 0.7000000000000001 0.1 1 521.7777777777778 528.1833333333333 239.02967169499533 238.11881896323194
0.7000000000000001 0.4 0.1 1 516.9666666666667 543.2833333333333 219.21969954059023 244.27078041932623
0.1 0.4 0.1 1 438.3666666666667 518.4833333333333 177.7048708142551 223.4399366223007
0.2 0.1 0.1 1 439.03333333333336 491.35555555555555 202.45347613711155 204.83851694613335
0.30000000000000004 0.6000000000000001 0.1 1 507.19444444444446 535.5222222222222 242.0760003989157 265.0599608381208
0.30000000000000004 0.2 0.1 1 484.3611111111111 500.5722222222222 226.91625385906602 227.5390572225533
0.7000000000000001 0.1 0.1 1 521.0611111111111 523.3277777777778 245.5984338506183 203.84247269114334
0.30000000000000004 0.1 0.1 1 470.69444444444446 516.4277777777778 217.2894919283239 244.7257428804642
0.2 0.9 0.1 1 472.2111111111111 541.65 194.7012808520583 256.58183608960144
0.5 0.4 0.1 1 478.9166666666667 503.35 235.31704086661944 221.30495488252294
0.2 0.8 0.1 1 469.3777777777778 509.77777777777777 198.1385922237136 247.37759162766974
0.5 0.30000000000000004 0.1 1 470.8222222222222 548.9166666666666 213.54247965518232 243.19408972624677
0.5 0.5 0.1 1 488.0388888888889 515.9833333333333 233.38236065613893 224.45908993746627
0.9 0.6000000000000001 0.1 1 485.30555555555554 570.0166666666667 214.0787263607641 257.9126138615343
0.1 0.8 0.1 1 463.23333333333335 541.4222222222222 193.50633351678988 238.721431229781
0.30000000000000004 0.7000000000000001 0.1 1 464.8333333333333 541.25 232.78806527254213 236.54808942604274
0.7000000000000001 0.6000000000000001 0.1 1 489.2888888888889 511.1388888888889 202.18408797949152 219.1992184669991
0.2 0.30000000000000004 0.1 1 480.4555555555556 522.8666666666667 210.65878999573965 224.09678960465078
0.4 0.1 0.1 1 473.40555555555557 512.6833333333333 190.90185661230407 221.68687815124386
0.2 0.4 0.1 1 473.25 529.6444444444444 224.46746547229412 228.29076542919313
0.1 0.2 0.1 1 445.6222222222222 499.2111111111111 182.48966958754912 207.80559795927024
