0.4 0.8 0.1 1 487.5888888888889 507.5777777777778 222.80157562002438 228.13767664761735
0.1 0.9 0.1 1 427.94444444444446 543.25 176.31252940358883 227.56615338548627
0.1 0.30000000000000004 0.1 1 462.9555555555556 537.2277777777778 185.3280221727657 241.54736895817618
0.30000000000000004 0.2 0.1 1 481.72777777777776 492.5111111111111 219.19501288313901 212.19392306956937
0.7000000000000001 0.5 0.1 1 514.5111111111111 518.0444444444445 218.2872085856126 229.96037876658048
0.1 0.1 0.1 1 452.2111111111111 530.2444444444444 183.6350544146638 230.70564753050402
0.6000000000000001 0.8 0.1 1 496.14444444444445 507.35555555555555 232.98333565162557 244.14983155208927
0.1 0.5 0.1 1 453.95 533.0944444444444 214.6497476510669 250.06254100440609
0.30000000000000004 0.30000000000000004 0.1 1 489.0722222222222 525.1777777777778 226.0983815008058 231.3181588576305
0.4 0.4 0.1 1 482.7 511.72222222222223 244.77867327218053 217.66620866607138
0.9 0.7000000000000001 0.1 1 488.8722222222222 522.3666666666667 214.1794686330849 213.35109040681692
0.8 0.9 0.1 1 488.0833333333333 521.5388888888889 224.09821445567619 235.43122052685672
0.7000000000000001 0.2 0.1 1 507.3722222222222 514.35 230.80862757212606 245.44307950679266
0.5 0.4 0.1 1 503.4 539.2722222222222 238.1493369015892 224.44697048908543
0.4 0.30000000000000004 0.1 1 500.5833333333333 510.59444444444443 217.0737169975009 226.73767753415007
0.9 0.4 0.1 1 481.27222222222224 512.9222222222222 206.83763977669796 243.523794309841
0.2 0.2 0.1 1 475.5 545.2666666666667 212.0006420325708 253.44796967688123
0.30000000000000004 0.1 0.1 1 475.64444444444445 521.5111111111111 189.030615457515 224.03319418953402
0.8 0.6000000000000001 0.1 1 483.64444444444445 536.8333333333334 225.25453805324372 239.97410739957388
0.9 0.1 0.1 1 500.18333333333334 537.45 228.4980300182525 234.27757219446633
0.7000000000000001 0.9 0.1 1 506.74444444444447 511.6722222222222 212.8770151525216 225.0429793655612
0.6000000000000001 0.1 0.1 1 502.6277777777778 508.5722222222222 215.7248770117355 228.18257871361493
0.5 0.2 0.1 1 503.99444444444447 574.9111111111112 230.97487831705905 263.3260397489708
0.9 0.30000000000000004 0.1 1 492.85555555555555 506.0833333333333 232.91655926586003 222.15484777264913
0.2 0.8 0.1 1 463.05 540.6722222222222 193.73591059882418 240.64519365321854
0.9 0.9 0.1 1 532.5 544.0277777777778 247.70144439537603 235.41576532111947
0.2 0.7000000000000001 0.1 1 450.0 508.81111111111113 193.60013200179154 215.66179254896335
0.5 0.30000000000000004 0.1 1 511.1222222222222 518.8388888888888 223.79890913137862 250.59094964345755
0.2 0.5 0.1 1 474.05555555555554 504.1722222222222 211.79588502513516 233.0907746531275
0.8 0.5 0.1 1 466.6666666666667 549.4333333333333 209.58837966091752 251.32524522794935
0.1 0.6000000000000001 0.1 1 474.26666666666665 533.2944444444445 202.8868212137551 250.8730466285515
0.6000000000000001 0.5 0.1 1 485.2055555555556 521.7666666666667 200.81303347537045 232.19127890599162
0.9 0.5 0.1 1 518.3444444444444 519.4722222222222 223.2746271652972 253.25773939156997
0.30000000000000004 0.4 0.1 1 523.0833333333334 524.0333333333333 253.56828742744798 222.0790624980212
0.6000000000000001 0.7000000000000001 0.1 1 486.47222222222223 513.6833333333333 209.25963221041823 230.6050128345966
0.8 0.2 0.1 1 486.22222222222223 515.2111111111111 231.19175676278283 222.42941424413195
0.8 0.1 0.1 1 510.84444444444443 541.25 258.82290861647346 255.55705766466755
0.30000000000000004 0.6000000000000001 0.1 1 464.6777777777778 561.8555555555556 206.5982052077456 247.53516298413095
0.5 0.7000000000000001 0.1 1 492.02777777777777 545.6 207.1345625581902 232.7050971126808
0.5 0.1 0.1 1 484.7 527.7111111111111 226.3152643744759 260.0883501361474
0.5 0.8 0.1 1 503.4555555555556 527.0055555555556 213.30656921233296 240.10760312877827
0.9 0.2 0.1 1 511.6666666666667 537.9388888888889 222.9353917369086 255.87069572754663
0.1 0.7000000000000001 0.1 1 477.4611111111111 547.0 211.4477966541069 217.289208199579
0.4 0.2 0.1 1 500.56111111111113 545.7666666666667 216.4408608960704 251.93923650136128
0.5 0.9 0.1 1 487.1611111111111 494.5833333333333 213.27043770472602 229.49139114814548
0.7000000000000001 0.7000000000000001 0.1 1 530.3888888888889 531.4166666666666 224.93577821455543 221.96345732775228
0.1 0.4 0.1 1 452.05 571.0833333333334 181.253912601448 246.46804785024582
0.2 0.1 0.1 1 482.47777777777776 534.6777777777778 207.686367592942 238.69540459095458
0.6000000000000001 0.6000000000000001 0.1 1 493.18888888888887 505.31666666666666 232.0591588579872 235.2337011711262
0.4 0.5 0.1 1 473.7611111111111 534.2888888888889 221.6925389384759 229.88193802928222
0.4 0.1 0.1 1 493.89444444444445 540.8944444444444 236.7565439016352 245.00300445373722
0.30000000000000004 0.9 0.1 1 446.5111111111111 570.2111111111111 189.83473774396765 264.066594902138
0.30000000000000004 0.8 0.1 1 470.2888888888889 529.1833333333333 199.56916063496183 222.71450272090996
0.30000000000000004 0.7000000000000001 0.1 1 476.40555555555557 530.0222222222222 203.2084779842892 247.04138104904058
0.6000000000000001 0.2 0.1 1 474.4277777777778 510.2055555555556 185.33528268026262 221.0134660860239
0.6000000000000001 0.4 0.1 1 525.1611111111112 525.9777777777778 235.5024218768812 217.4126122160747
0.9 0.6000000000000001 0.1 1 464.56666666666666 509.1777777777778 208.94010571878673 184.61473865429886
0.6000000000000001 0.9 0.1 1 498.02777777777777 521.5166666666667 210.77985963652947 218.200556955191
0.1 0.8 0.1 1 437.6388888888889 529.6944444444445 177.17153533256624 259.72791526737325
0.4 0.6000000000000001 0.1 1 480.35 543.4888888888889 210.71353579366146 245.4126114863359
0.7000000000000001 0.6000000000000001 0.1 1 504.3722222222222 511.8888888888889 244.06108139278837 221.49020266491073
0.2 0.30000000000000004 0.1 1 453.90555555555557 521.25 187.68879967832757 228.4236530611
0.8 0.4 0.1 1 483.56666666666666 537.6111111111111 228.22031509535304 238.65517637352121
0.2 0.6000000000000001 0.1 1 493.4888888888889 571.2944444444445 213.37784662916334 254.1097684339983
0.4 0.9 0.1 1 479.5111111111111 537.9055555555556 196.94081143804743 241.381065657654
0.8 0.7000000000000001 0.1 1 501.8611111111111 552.9944444444444 213.01749442733282 231.07472329727798
0.2 0.9 0.1 1 476.00555555555553 514.8944444444444 222.41946100960337 241.2544875166337
0.2 0.4 0.1 1 499.68888888888887 540.3222222222222 213.5690439722243 237.86045525231697
0.1 0.2 0.1 1 467.2111111111111 566.2333333333333 220.47698264567939 257.15957216396896
