0.2 0.7000000000000001 0.1 1275.2555555555555 1319.9777777777779
0.1 0.1 0.1 1255.9 1319.9777777777779
0.4 0.30000000000000004 0.1 1300.7777777777778 1319.9777777777779
0.8 0.5 0.1 1301.3777777777777 1319.9777777777779
0.2 0.2 0.1 1278.2222222222222 1319.9777777777779
0.8 0.1 0.1 1306.6555555555556 1319.9777777777779
0.7000000000000001 0.5 0.1 1314.7555555555555 1319.9777777777779
0.2 0.6000000000000001 0.1 1287.5777777777778 1319.9777777777779
0.4 0.1 0.1 1304.8333333333333 1319.9777777777779
0.4 0.2 0.1 1293.1222222222223 1319.9777777777779
0.2 0.1 0.1 1282.9888888888888 1319.9777777777779
0.30000000000000004 0.7000000000000001 0.1 1283.8333333333333 1319.9777777777779
0.5 0.30000000000000004 0.1 1298.5444444444445 1319.9777777777779
0.6000000000000001 0.2 0.1 1309.7 1319.9777777777779
0.9 0.7000000000000001 0.1 1319.4444444444443 1319.9777777777779
0.9 0.6000000000000001 0.1 1295.8111111111111 1319.9777777777779
0.5 0.8 0.1 1304.3222222222223 1319.9777777777779
0.8 0.9 0.1 1306.5777777777778 1319.9777777777779
0.4 0.8 0.1 1295.8444444444444 1319.9777777777779
0.7000000000000001 0.1 0.1 1291.7222222222222 1319.9777777777779
0.6000000000000001 0.9 0.1 1280.611111111111 1319.9777777777779
0.4 0.7000000000000001 0.1 1290.6555555555556 1319.9777777777779
0.1 0.6000000000000001 0.1 1276.2333333333333 1319.9777777777779
0.30000000000000004 0.1 0.1 1311.7888888888888 1319.9777777777779
0.30000000000000004 0.2 0.1 1302.5111111111112 1319.9777777777779
0.1 0.5 0.1 1252.8555555555556 1319.9777777777779
0.5 0.7000000000000001 0.1 1308.1 1319.9777777777779
0.6000000000000001 0.1 0.1 1293.4444444444443 1319.9777777777779
0.6000000000000001 0.6000000000000001 0.1 1315.8222222222223 1319.9777777777779
0.5 0.2 0.1 1301.1666666666667 1319.9777777777779
0.1 0.2 0.1 1265.2666666666667 1319.9777777777779
0.4 0.4 0.1 1298.1555555555556 1319.9777777777779
0.2 0.30000000000000004 0.1 1290.2333333333333 1319.9777777777779
0.9 0.8 0.1 1304.1444444444444 1319.9777777777779
0.8 0.6000000000000001 0.1 1293.111111111111 1319.9777777777779
0.30000000000000004 0.30000000000000004 0.1 1282.7 1319.9777777777779
0.5 0.1 0.1 1288.611111111111 1319.9777777777779
0.7000000000000001 0.8 0.1 1315.6888888888889 1319.9777777777779
0.1 0.8 0.1 1250.7888888888888 1319.9777777777779
0.4 0.5 0.1 1313.2555555555555 1319.9777777777779
0.8 0.8 0.1 1314.1888888888889 1319.9777777777779
0.2 0.4 0.1 1288.5333333333333 1319.9777777777779
0.6000000000000001 0.5 0.1 1302.1555555555556 1319.9777777777779
0.5 0.5 0.1 1294.1 1319.9777777777779
0.30000000000000004 0.6000000000000001 0.1 1293.1555555555556 1319.9777777777779
0.30000000000000004 0.5 0.1 1286.5777777777778 1319.9777777777779
0.8 0.30000000000000004 0.1 1296.6 1319.9777777777779
0.2 0.5 0.1 1289.5222222222221 1319.9777777777779
0.8 0.4 0.1 1302.4777777777779 1319.9777777777779
0.7000000000000001 0.6000000000000001 0.1 1299.5222222222221 1319.9777777777779
0.5 0.4 0.1 1308.1888888888889 1319.9777777777779
0.7000000000000001 0.9 0.1 1295.588888888889 1319.9777777777779
0.5 0.9 0.1 1290.0555555555557 1319.9777777777779
0.7000000000000001 0.30000000000000004 0.1 1313.2888888888888 1319.9777777777779
0.7000000000000001 0.2 0.1 1307.6666666666667 1319.9777777777779
0.30000000000000004 0.4 0.1 1309.2555555555555 1319.9777777777779
0.8 0.2 0.1 1301.1777777777777 1319.9777777777779
0.5 0.6000000000000001 0.1 1313.8 1319.9777777777779
0.4 0.6000000000000001 0.1 1293.6888888888889 1319.9777777777779
0.6000000000000001 0.7000000000000001 0.1 1305.0777777777778 1319.9777777777779
0.1 0.9 0.1 1244.1555555555556 1319.9777777777779
0.9 0.2 0.1 1297.3333333333333 1319.9777777777779
0.6000000000000001 0.4 0.1 1308.111111111111 1319.9777777777779
0.2 0.8 0.1 1261.3333333333333 1319.9777777777779
0.6000000000000001 0.8 0.1 1302.6333333333334 1319.9777777777779
0.9 0.1 0.1 1304.5333333333333 1319.9777777777779
0.2 0.9 0.1 1266.2888888888888 1319.9777777777779
0.9 0.4 0.1 1302.0777777777778 1319.9777777777779
0.1 0.4 0.1 1290.0 1319.9777777777779
0.30000000000000004 0.8 0.1 1294.4666666666667 1319.9777777777779
0.6000000000000001 0.30000000000000004 0.1 1303.8 1319.9777777777779
0.9 0.30000000000000004 0.1 1307.5666666666666 1319.9777777777779
0.1 0.30000000000000004 0.1 1278.6333333333334 1319.9777777777779
0.30000000000000004 0.9 0.1 1281.9444444444443 1319.9777777777779
0.9 0.5 0.1 1311.0666666666666 1319.9777777777779
0.4 0.9 0.1 1297.6333333333334 1319.9777777777779
0.8 0.7000000000000001 0.1 1298.7444444444445 1319.9777777777779
0.1 0.7000000000000001 0.1 1259.0111111111112 1319.9777777777779
0.7000000000000001 0.7000000000000001 0.1 1305.6333333333334 1319.9777777777779
