0.30000000000000004 0.9 0.1 1 467.02222222222224 539.7888888888889 182.10894039788246 223.73948116525784
0.1 0.9 0.1 1 515.0277777777778 535.2166666666667 202.10053687749783 251.00996604827384
0.1 0.30000000000000004 0.1 1 453.9111111111111 497.89444444444445 187.86278352057596 225.8605149010292
0.2 0.30000000000000004 0.1 1 482.60555555555555 547.4277777777778 207.8846768235328 235.4431526234813
0.7000000000000001 0.5 0.1 1 449.1388888888889 502.3888888888889 197.42272085521597 218.13126498838287
0.1 0.1 0.1 1 458.03333333333336 495.2611111111111 184.70164831123975 199.34989797084836
0.6000000000000001 0.8 0.1 1 480.3666666666667 537.8444444444444 212.54502529529546 218.12029866878052
0.6000000000000001 0.5 0.1 1 474.72777777777776 551.1333333333333 214.93538642928522 232.93786486719773
0.1 0.5 0.1 1 466.5444444444444 516.7388888888889 180.13946209109523 227.5270524547915
0.30000000000000004 0.5 0.1 1 458.8722222222222 493.4111111111111 196.03579691688836 221.73883008041707
0.2 0.4 0.1 1 432.81111111111113 561.4388888888889 198.1718330946625 243.78880121688417
0.9 0.7000000000000001 0.1 1 470.3777777777778 515.7111111111111 219.15968697518647 229.5225355406036
0.8 0.9 0.1 1 473.4611111111111 506.51666666666665 191.89810270293881 226.77968934629044
0.7000000000000001 0.2 0.1 1 466.30555555555554 497.6222222222222 200.91891944602438 190.6387845451169
0.4 0.5 0.1 1 482.2611111111111 519.2111111111111 195.7089779320557 247.24585130524298
0.9 0.4 0.1 1 469.03333333333336 541.5555555555555 224.82207532970506 223.5501241884946
0.8 0.30000000000000004 0.1 1 468.5 527.2555555555556 203.06702505987195 206.488259613046
0.2 0.2 0.1 1 459.6777777777778 494.1333333333333 179.82765377362966 221.6153424291739
0.8 0.6000000000000001 0.1 1 474.02777777777777 517.4222222222222 223.36182481335217 246.02529128245598
0.7000000000000001 0.8 0.1 1 472.22222222222223 536.9944444444444 196.9211504795075 249.84098269860064
0.9 0.8 0.1 1 485.7055555555556 529.4611111111111 219.12423409822975 232.44433894994424
0.9 0.1 0.1 1 488.53333333333336 495.56666666666666 219.79716407027033 236.52578201024
0.7000000000000001 0.9 0.1 1 482.02777777777777 519.4888888888889 207.84287416100216 249.9599632138646
0.5 0.2 0.1 1 479.4611111111111 530.5 209.6810637316931 230.30054035735324
0.4 0.30000000000000004 0.1 1 452.35 519.3777777777777 184.93898318093989 239.42268888018378
0.9 0.30000000000000004 0.1 1 473.19444444444446 534.9833333333333 203.20485277511958 241.5980241595071
0.7000000000000001 0.30000000000000004 0.1 1 466.4 499.0388888888889 203.82821198254175 241.69357008614782
0.9 0.9 0.1 1 511.25 529.9333333333333 211.06546838468023 236.8120586269017
0.4 0.4 0.1 1 512.3444444444444 545.7222222222222 208.29776555643238 237.08430417037448
0.6000000000000001 0.6000000000000001 0.1 1 491.9222222222222 503.2944444444444 232.21688749853269 229.94836853380372
0.5 0.9 0.1 1 449.8 501.30555555555554 181.33313112733833 225.76807414350938
0.1 0.6000000000000001 0.1 1 468.1277777777778 530.0333333333333 175.88067389743907 225.2600201248918
0.4 0.6000000000000001 0.1 1 511.90555555555557 549.6222222222223 226.58019667369734 250.86966858766317
0.5 0.6000000000000001 0.1 1 496.6611111111111 555.4833333333333 212.57276306894408 247.00324952878205
0.9 0.5 0.1 1 462.56666666666666 485.50555555555553 207.91101461923566 201.94222213357688
0.30000000000000004 0.8 0.1 1 503.21666666666664 584.1388888888889 203.95610298405987 249.7333191824362
0.6000000000000001 0.1 0.1 1 476.4888888888889 488.0722222222222 202.52496386286387 201.77471019143977
0.2 0.5 0.1 1 438.09444444444443 538.7944444444445 193.6758660242595 232.60616924135053
0.6000000000000001 0.7000000000000001 0.1 1 458.8777777777778 530.7111111111111 197.2875694556765 233.32048747708208
0.2 0.6000000000000001 0.1 1 430.59444444444443 519.4833333333333 188.11216208605796 236.36230370156554
0.5 0.8 0.1 1 498.7888888888889 535.2777777777778 222.9141585874828 243.13446338178923
0.8 0.2 0.1 1 482.2944444444444 510.6277777777778 206.6808515890629 234.31512566901
0.8 0.1 0.1 1 492.31111111111113 499.9166666666667 222.65898911137353 253.45374057431292
0.2 0.7000000000000001 0.1 1 456.24444444444447 516.4333333333333 170.5991279846876 233.43607499936914
0.4 0.8 0.1 1 442.43333333333334 534.2277777777778 205.17526654058477 216.05780683664668
0.6000000000000001 0.4 0.1 1 464.8388888888889 493.22777777777776 217.47329756620923 207.20199029920204
0.4 0.7000000000000001 0.1 1 485.85555555555555 503.6166666666667 213.0013855516287 232.86832891381155
0.4 0.2 0.1 1 485.15555555555557 535.2555555555556 204.9073184046936 216.05213162625103
0.8 0.8 0.1 1 446.43888888888887 540.4722222222222 210.95194723730302 241.86340108406353
0.4 0.9 0.1 1 423.7 497.25555555555553 167.32947870726323 236.28831546373885
0.1 0.7000000000000001 0.1 1 486.65 533.6888888888889 207.67133421720854 229.89266309129982
0.6000000000000001 0.2 0.1 1 456.48333333333335 542.7 196.85354045302026 235.48745897251808
0.30000000000000004 0.30000000000000004 0.1 1 486.6388888888889 496.97222222222223 209.6370875767318 221.09194745262673
0.5 0.1 0.1 1 498.35 577.2333333333333 209.3884342290397 270.1472252926787
0.7000000000000001 0.7000000000000001 0.1 1 487.18888888888887 534.9333333333333 227.0913861297275 240.44171388878803
0.7000000000000001 0.4 0.1 1 463.96666666666664 537.6722222222222 182.5264333977106 243.19248961711963
0.1 0.4 0.1 1 434.45 554.6888888888889 166.5375925195937 254.34037318542008
0.2 0.1 0.1 1 434.84444444444443 545.3111111111111 181.30513942038962 241.79482323492755
0.5 0.7000000000000001 0.1 1 485.4277777777778 532.9166666666666 199.6062521442195 255.90781489087468
0.30000000000000004 0.6000000000000001 0.1 1 463.72222222222223 535.0277777777778 202.2291344972484 215.7511794883571
0.30000000000000004 0.2 0.1 1 446.18333333333334 496.97777777777776 196.80101272887572 217.82021015189864
0.7000000000000001 0.1 0.1 1 467.3666666666667 512.1166666666667 193.2949071008109 210.84505303394928
0.30000000000000004 0.1 0.1 1 428.14444444444445 506.3833333333333 181.79971037204106 234.4881962203357
0.2 0.9 0.1 1 463.22222222222223 499.4555555555556 172.23757996040607 235.65979061685564
0.5 0.4 0.1 1 452.15 513.9333333333333 206.59924908436187 224.86760549265432
0.2 0.8 0.1 1 481.9166666666667 521.4277777777778 193.50681512546277 216.49683165645624
0.5 0.30000000000000004 0.1 1 495.6 543.0055555555556 212.68833745386434 245.99840779119376
0.5 0.5 0.1 1 453.53333333333336 579.9277777777778 201.35100363958128 228.69960964246812
0.9 0.6000000000000001 0.1 1 443.8333333333333 497.1333333333333 197.82336397234113 223.4524906004754
0.6000000000000001 0.9 0.1 1 439.50555555555553 500.7388888888889 204.85025688759475 210.7623032889285
0.1 0.8 0.1 1 497.6666666666667 516.8555555555556 174.4265206644653 242.73341852562413
0.30000000000000004 0.7000000000000001 0.1 1 473.25 495.02222222222224 204.13094585475167 238.83846134423987
0.7000000000000001 0.6000000000000001 0.1 1 485.9277777777778 504.27222222222224 199.53454255551725 197.0889768199902
0.8 0.4 0.1 1 457.9277777777778 529.85 194.55727607272752 221.60042807319257
0.4 0.1 0.1 1 460.65555555555557 519.7944444444445 188.70203797469298 219.646223055324
0.8 0.7000000000000001 0.1 1 461.7 539.65 193.52811739440406 245.57652066107624
0.1 0.2 0.1 1 478.8388888888889 503.6 182.03776054827773 235.75824717517534
