0.4 0.9 0.1 1 444.89444444444445 511.1333333333333 194.79942668242757 227.33847501516806
0.1 0.4 0.1 1 448.6722222222222 519.2833333333333 175.7044497809874 269.7653151866966
0.30000000000000004 0.30000000000000004 0.1 1 484.75555555555553 538.8388888888888 228.4877244993997 218.8281457595051
0.7000000000000001 0.6000000000000001 0.1 1 483.0444444444444 510.2111111111111 207.60504228040057 211.87637876021765
0.6000000000000001 0.9 0.1 1 476.73333333333335 533.1888888888889 206.36145742631084 243.51850919588776
0.6000000000000001 0.6000000000000001 0.1 1 509.06111111111113 532.5166666666667 233.06225119503748 232.46518198072874
0.1 0.6000000000000001 0.1 1 437.23333333333335 511.5111111111111 175.27363051969783 220.72837729483237
0.30000000000000004 0.4 0.1 1 483.72222222222223 568.8388888888888 214.06826677372385 233.03228588638123
0.4 0.5 0.1 1 480.14444444444445 502.5833333333333 236.0505859679287 237.26546021515873
0.9 0.8 0.1 1 486.3277777777778 500.14444444444445 227.72997730147077 218.3053448274845
0.9 0.1 0.1 1 495.93333333333334 523.9111111111112 231.79815453200752 227.15663438079434
0.7000000000000001 0.30000000000000004 0.1 1 501.65 521.1666666666666 222.56326129390214 215.96675412870587
0.4 0.4 0.1 1 514.4388888888889 567.2166666666667 228.5712911857501 254.0855996400513
0.9 0.5 0.1 1 482.74444444444447 486.8277777777778 233.41158502673204 220.82380685252102
0.6000000000000001 0.4 0.1 1 478.6388888888889 518.2111111111111 214.76275706227008 226.454557346965
0.8 0.4 0.1 1 493.8333333333333 561.2333333333333 219.487648349008 237.25265716811964
0.2 0.30000000000000004 0.1 1 472.2888888888889 544.5055555555556 187.24023454401777 228.58004912508156
0.30000000000000004 0.2 0.1 1 468.6388888888889 541.6444444444444 198.26723727470255 244.21829083884546
0.8 0.7000000000000001 0.1 1 469.7611111111111 523.1666666666666 200.72884872353686 234.0590737399428
0.7000000000000001 0.9 0.1 1 481.30555555555554 514.9111111111112 202.45696654466877 234.60274434524626
0.9 0.9 0.1 1 488.74444444444447 526.5111111111111 193.6900193098419 224.07569378049436
0.9 0.2 0.1 1 508.2944444444444 543.2111111111111 245.97377225184488 250.4270350352438
0.8 0.1 0.1 1 506.22777777777776 531.0944444444444 224.94426051692486 240.57017218872662
0.5 0.30000000000000004 0.1 1 489.4277777777778 541.7388888888889 216.8243280363046 238.11622661327223
0.9 0.4 0.1 1 500.3 517.2111111111111 223.50694495796876 244.91293212280078
0.7000000000000001 0.4 0.1 1 537.6388888888889 538.2777777777778 252.1781505181713 214.8540604316116
0.2 0.9 0.1 1 454.0833333333333 531.6666666666666 167.45459998326575 249.0551478421328
0.2 0.8 0.1 1 463.44444444444446 520.8555555555556 209.8850537853259 232.72069865022084
0.6000000000000001 0.7000000000000001 0.1 1 516.4833333333333 542.7166666666667 242.36387874892205 236.988168363833
0.2 0.6000000000000001 0.1 1 446.8888888888889 499.74444444444447 178.83530253308143 247.09703721912402
0.6000000000000001 0.1 0.1 1 455.27777777777777 538.2222222222222 211.1729953157299 233.26014460624944
0.1 0.7000000000000001 0.1 1 477.40555555555557 548.0222222222222 197.05441147116426 219.99393818809227
0.5 0.7000000000000001 0.1 1 466.1166666666667 495.02777777777777 178.61421104964992 217.4356464324702
0.9 0.6000000000000001 0.1 1 482.8222222222222 503.4277777777778 219.85134259200277 220.52855775148623
0.4 0.8 0.1 1 492.2611111111111 496.77777777777777 212.52143326913037 220.69329032632984
0.6000000000000001 0.2 0.1 1 508.06666666666666 515.9055555555556 238.77538492157097 245.74245093462793
0.30000000000000004 0.5 0.1 1 480.06666666666666 524.3444444444444 211.0073353122008 239.12835517126277
0.6000000000000001 0.8 0.1 1 491.69444444444446 536.1277777777777 204.4689081830787 235.60829146312497
0.30000000000000004 0.6000000000000001 0.1 1 506.9166666666667 561.0388888888889 235.28223890562674 229.87814075889295
0.5 0.9 0.1 1 476.6388888888889 500.02777777777777 216.93544262160603 221.12302836393928
0.8 0.30000000000000004 0.1 1 456.6333333333333 503.53333333333336 203.36513139342904 242.6139686369641
0.30000000000000004 0.7000000000000001 0.1 1 455.8833333333333 468.0388888888889 194.68040119927616 204.3618621707009
0.6000000000000001 0.5 0.1 1 471.5444444444444 516.2444444444444 215.93752497275233 230.48486627162075
0.8 0.9 0.1 1 502.5722222222222 549.9111111111112 187.46899093377655 245.0981274893087
0.1 0.8 0.1 1 440.09444444444443 531.9611111111111 163.7703913418018 242.30071683043613
0.4 0.30000000000000004 0.1 1 511.7944444444444 520.3444444444444 229.61304882640715 245.23193833643876
0.7000000000000001 0.8 0.1 1 476.5777777777778 542.8888888888889 216.13102907355778 231.5010892436311
0.7000000000000001 0.5 0.1 1 500.74444444444447 548.4555555555555 227.05104962497415 247.38647951517797
0.1 0.5 0.1 1 436.75555555555553 540.5055555555556 159.28777668882546 226.37006322544363
0.2 0.2 0.1 1 466.3888888888889 532.6222222222223 206.49171059199898 236.97168503045432
0.5 0.8 0.1 1 485.8777777777778 528.8833333333333 217.89907591348484 224.64075703714636
0.1 0.2 0.1 1 427.1111111111111 509.3277777777778 187.80009729286584 231.64594225180892
0.4 0.6000000000000001 0.1 1 455.2 497.55 206.55850395361497 235.46248285731926
0.4 0.2 0.1 1 505.48333333333335 527.2944444444445 221.16475696236557 243.19710107058393
0.7000000000000001 0.2 0.1 1 490.18333333333334 517.5 205.00833248648428 225.52296015163412
0.4 0.1 0.1 1 473.3777777777778 511.93333333333334 207.0903762868214 210.25787341579706
0.5 0.5 0.1 1 493.24444444444447 520.0277777777778 225.73565223809467 240.21863723041866
0.30000000000000004 0.8 0.1 1 457.55555555555554 499.47222222222223 192.53695813249365 250.36239135735383
0.5 0.4 0.1 1 465.89444444444445 508.4222222222222 209.36933069531094 216.15483019651433
0.1 0.1 0.1 1 494.27222222222224 516.4333333333333 219.4894791342338 217.6002476510029
0.5 0.6000000000000001 0.1 1 494.7 499.52777777777777 202.74411623193092 199.89353918066698
0.7000000000000001 0.1 0.1 1 500.3888888888889 509.44444444444446 223.80945240908466 217.82751132801852
0.1 0.9 0.1 1 461.99444444444447 498.31111111111113 165.19737343964647 227.2342229919724
0.4 0.7000000000000001 0.1 1 467.6 537.1 210.25068635110588 234.41523225061778
0.7000000000000001 0.7000000000000001 0.1 1 506.7111111111111 514.6388888888889 254.99711303134586 223.42964997433603
0.2 0.4 0.1 1 465.1222222222222 528.9611111111111 205.49465133768095 234.423035554882
0.8 0.5 0.1 1 509.47222222222223 548.2777777777778 243.49762560000354 205.22497291063974
0.2 0.7000000000000001 0.1 1 433.28333333333336 536.7277777777778 191.10570882222342 223.1378704487319
0.5 0.1 0.1 1 491.1611111111111 545.6166666666667 231.52298095410862 240.0868887854284
0.8 0.8 0.1 1 468.3333333333333 519.05 206.50224642307845 231.43679902825403
0.30000000000000004 0.1 0.1 1 468.3722222222222 567.6222222222223 201.57637181187562 238.00922380715403
0.2 0.5 0.1 1 457.2388888888889 525.1055555555556 194.73501550936368 247.00118077140672
0.1 0.30000000000000004 0.1 1 446.4277777777778 497.9611111111111 176.4041455344188 204.2467016975329
