0.4 0.1 0.1 1 465.4611111111111 533.3 202.043652156021 238.06362128174428
0.2 0.1 0.1 1 491.40555555555557 504.7111111111111 227.2524464413535 233.85034361718724
0.1 0.4 0.1 1 440.1722222222222 540.6055555555556 178.5222622455921 218.39852709165066
0.2 0.4 0.1 1 473.5388888888889 514.9 192.27417819032652 219.37061739845146
0.7000000000000001 0.6000000000000001 0.1 1 497.4888888888889 580.8722222222223 224.69397679928264 277.54691356308587
0.6000000000000001 0.9 0.1 1 501.55 518.1055555555556 231.38259021705932 253.01689660798502
0.6000000000000001 0.6000000000000001 0.1 1 464.3 511.6666666666667 212.30229757483917 228.5951054205278
0.1 0.6000000000000001 0.1 1 433.4 514.95 175.74102158194782 208.76675647983595
0.30000000000000004 0.6000000000000001 0.1 1 483.48333333333335 499.9 215.20195876328714 236.22839936524704
0.2 0.5 0.1 1 472.1722222222222 553.9166666666666 203.81802424263867 262.35080151498596
0.7000000000000001 0.30000000000000004 0.1 1 521.8166666666667 548.2277777777778 255.47373152635478 219.49269364087817
0.4 0.6000000000000001 0.1 1 470.45 534.8111111111111 206.0680652114733 217.9789436540677
0.30000000000000004 0.5 0.1 1 468.73333333333335 578.6166666666667 200.84962866117866 255.51615028321706
0.9 0.5 0.1 1 479.31666666666666 552.0 212.03329075616617 229.01722400048624
0.6000000000000001 0.4 0.1 1 499.0 517.9222222222222 215.4757011307256 214.29313919529213
0.8 0.4 0.1 1 496.9 583.0111111111111 223.7417186549407 266.28051184353376
0.2 0.30000000000000004 0.1 1 490.4222222222222 550.5055555555556 204.79591346713804 242.93420456352706
0.8 0.7000000000000001 0.1 1 505.71666666666664 555.5277777777778 251.33044372786287 254.66565075180344
0.7000000000000001 0.9 0.1 1 506.23333333333335 562.0333333333333 210.53638112634545 237.89946289229923
0.9 0.9 0.1 1 497.8277777777778 519.7388888888889 233.03227793962023 225.15116807970227
0.9 0.2 0.1 1 472.27777777777777 556.7277777777778 217.25860309153225 251.31646341604963
0.8 0.1 0.1 1 521.5333333333333 550.0444444444445 231.20984696446934 251.51175855485968
0.5 0.30000000000000004 0.1 1 494.5833333333333 512.9055555555556 198.60569184525744 226.47618705389124
0.4 0.4 0.1 1 479.0722222222222 483.0722222222222 193.82088038402748 202.18418529635454
0.9 0.4 0.1 1 480.5888888888889 511.7388888888889 201.33139593132094 220.76728229540436
0.7000000000000001 0.4 0.1 1 466.2888888888889 550.5555555555555 210.21923711763628 250.59398818323686
0.4 0.5 0.1 1 512.0666666666667 563.3722222222223 240.23654084163704 230.24827253678336
0.1 0.7000000000000001 0.1 1 430.5722222222222 505.71666666666664 175.0255229183433 218.31448455534658
0.4 0.7000000000000001 0.1 1 477.31666666666666 555.5444444444445 225.48935611736138 266.5423735798498
0.5 0.7000000000000001 0.1 1 500.96666666666664 501.06666666666666 215.13755031503803 239.49566453974347
0.30000000000000004 0.9 0.1 1 435.72777777777776 492.0388888888889 186.93536704063604 221.00372957860756
0.6000000000000001 0.2 0.1 1 487.2944444444444 531.6222222222223 213.16211090316062 259.1303223295515
0.2 0.6000000000000001 0.1 1 461.68888888888887 525.5 181.4249856885726 234.6041701817482
0.6000000000000001 0.8 0.1 1 527.8888888888889 531.4611111111111 246.76353703470159 228.82242906500642
0.2 0.7000000000000001 0.1 1 487.44444444444446 492.6222222222222 217.55612870200295 226.2916298239841
0.5 0.9 0.1 1 472.5111111111111 522.2388888888889 211.15885249653712 228.05029571685105
0.8 0.30000000000000004 0.1 1 502.9611111111111 533.6666666666666 233.59650311045345 237.17913998588588
0.8 0.2 0.1 1 469.9888888888889 496.90555555555557 203.9818344005958 216.50793409178186
0.2 0.8 0.1 1 448.3888888888889 533.5833333333334 195.7234553845152 225.4831571684827
0.4 0.9 0.1 1 477.80555555555554 494.0888888888889 198.2508258977395 241.09348783520304
0.6000000000000001 0.5 0.1 1 472.76666666666665 584.4222222222222 205.604639485051 240.88990005937833
0.4 0.8 0.1 1 463.9111111111111 484.19444444444446 216.62010496845204 214.28765965460295
0.4 0.30000000000000004 0.1 1 444.30555555555554 507.6388888888889 200.97479380985462 244.26196692824345
0.8 0.9 0.1 1 496.6666666666667 540.5222222222222 238.42911828139708 232.64981924571046
0.5 0.1 0.1 1 498.06666666666666 535.2888888888889 222.16159284028677 244.67537425215494
0.9 0.30000000000000004 0.1 1 522.4111111111112 523.75 235.5414987944184 251.98041976400557
0.1 0.8 0.1 1 450.64444444444445 520.7277777777778 201.8922050727462 254.52366907084286
0.6000000000000001 0.30000000000000004 0.1 1 491.6111111111111 522.3388888888888 213.67520494871772 211.4457945744248
0.30000000000000004 0.4 0.1 1 485.4555555555556 511.84444444444443 204.3494643502814 213.7729278729139
0.5 0.2 0.1 1 456.97222222222223 520.1611111111112 210.50804763068788 243.34655589391866
0.7000000000000001 0.8 0.1 1 472.15 528.5 214.4367680692841 215.66567490755995
0.7000000000000001 0.5 0.1 1 497.02222222222224 509.72222222222223 226.11319573158622 234.74480364750607
0.1 0.5 0.1 1 444.9555555555556 520.3111111111111 202.30661059727643 241.6046423599442
0.2 0.2 0.1 1 460.44444444444446 558.3277777777778 204.9147850590642 233.47964057221003
0.1 0.2 0.1 1 450.47222222222223 520.9888888888889 180.64026346291303 233.82106142397035
0.30000000000000004 0.7000000000000001 0.1 1 465.77777777777777 528.45 211.42659760030074 248.69140348364812
0.30000000000000004 0.30000000000000004 0.1 1 494.1166666666667 551.9888888888889 219.02085834205124 235.57843678177176
0.30000000000000004 0.2 0.1 1 484.34444444444443 553.65 215.03445001059256 250.8835603090272
0.30000000000000004 0.1 0.1 1 490.27222222222224 550.9555555555555 224.96707982763348 233.49574876506432
0.5 0.5 0.1 1 477.25555555555553 489.45 221.91855668796404 200.16987993535236
0.2 0.9 0.1 1 431.4111111111111 551.6333333333333 172.91313775961774 224.56055604966187
0.5 0.4 0.1 1 487.45 550.1333333333333 223.47416641651355 268.18464617581
0.1 0.1 0.1 1 474.49444444444447 541.0166666666667 189.91435195963186 260.5839270859881
0.5 0.6000000000000001 0.1 1 485.1722222222222 504.44444444444446 225.03458575061438 213.874527656397
0.9 0.7000000000000001 0.1 1 489.84444444444443 546.0277777777778 240.95683850991108 236.9165448599887
0.7000000000000001 0.1 0.1 1 471.45 526.35 218.05940258460666 225.34520370607697
0.1 0.9 0.1 1 441.39444444444445 557.9111111111112 178.720001281403 239.2185957303694
0.30000000000000004 0.8 0.1 1 501.6388888888889 527.65 201.66542048895653 250.25767775989962
0.7000000000000001 0.7000000000000001 0.1 1 510.7111111111111 541.5333333333333 221.34986105180715 232.2417657911207
0.8 0.5 0.1 1 519.7333333333333 538.8333333333334 256.5657290702196 234.41964982104685
0.4 0.2 0.1 1 458.2388888888889 515.45 209.09395452998552 244.8309002602046
0.1 0.30000000000000004 0.1 1 483.98333333333335 519.0888888888888 231.74093473819713 229.52216762678668
