0.8 0.6000000000000001 0.1 1 990.5777777777778 1196.7888888888888 316.4379165993361 347.73880665568663
0.7000000000000001 0.4 0.1 1 1040.7 1196.7888888888888 383.3821548620471 347.73880665568663
0.7000000000000001 0.2 0.1 1 1072.9444444444443 1196.7888888888888 341.07032057956457 347.73880665568663
0.4 0.6000000000000001 0.1 1 992.5111111111111 1196.7888888888888 328.4603221241137 347.73880665568663
0.8 0.8 0.1 1 1043.611111111111 1196.7888888888888 342.737077540478 347.73880665568663
0.8 0.7000000000000001 0.1 1 1070.2444444444445 1196.7888888888888 353.28132671069545 347.73880665568663
0.4 0.9 0.1 1 987.4333333333333 1196.7888888888888 349.84587241304484 347.73880665568663
0.1 0.4 0.1 1 826.9888888888889 1196.7888888888888 295.24443712680005 347.73880665568663
0.1 0.8 0.1 1 803.2666666666667 1196.7888888888888 259.03984249531965 347.73880665568663
0.9 0.30000000000000004 0.1 1 1048.5 1196.7888888888888 369.90648217563796 347.73880665568663
0.2 0.8 0.1 1 911.0222222222222 1196.7888888888888 339.9319859350225 347.73880665568663
0.30000000000000004 0.6000000000000001 0.1 1 929.4111111111112 1196.7888888888888 310.93746761275344 347.73880665568663
0.6000000000000001 0.5 0.1 1 1041.911111111111 1196.7888888888888 388.024359041899 347.73880665568663
0.7000000000000001 0.1 0.1 1 1001.9888888888889 1196.7888888888888 329.95678149466937 347.73880665568663
0.4 0.5 0.1 1 929.3666666666667 1196.7888888888888 305.82974384814537 347.73880665568663
0.30000000000000004 0.5 0.1 1 937.0333333333333 1196.7888888888888 313.71970681556564 347.73880665568663
0.1 0.30000000000000004 0.1 1 828.0444444444445 1196.7888888888888 275.29559511797135 347.73880665568663
0.6000000000000001 0.7000000000000001 0.1 1 1025.1888888888889 1196.7888888888888 302.6871099720136 347.73880665568663
0.6000000000000001 0.8 0.1 1 1033.2 1196.7888888888888 348.86448180728667 347.73880665568663
0.7000000000000001 0.5 0.1 1 975.8666666666667 1196.7888888888888 288.1410996948081 347.73880665568663
0.6000000000000001 0.6000000000000001 0.1 1 1041.9777777777779 1196.7888888888888 400.2514203674647 347.73880665568663
0.5 0.2 0.1 1 927.8333333333334 1196.7888888888888 305.0488576532546 347.73880665568663
0.9 0.4 0.1 1 1064.4888888888888 1196.7888888888888 336.0662383269255 347.73880665568663
0.5 0.4 0.1 1 1012.8111111111111 1196.7888888888888 331.9018226472147 347.73880665568663
0.9 0.8 0.1 1 1032.5333333333333 1196.7888888888888 305.97175614026133 347.73880665568663
0.7000000000000001 0.7000000000000001 0.1 1 1053.3222222222223 1196.7888888888888 322.13478296368703 347.73880665568663
0.8 0.1 0.1 1 1025.911111111111 1196.7888888888888 360.58651741740135 347.73880665568663
0.2 0.4 0.1 1 919.4 1196.7888888888888 340.9050307637011 347.73880665568663
0.6000000000000001 0.1 0.1 1 1010.4222222222222 1196.7888888888888 354.9029594372016 347.73880665568663
0.7000000000000001 0.9 0.1 1 1005.8111111111111 1196.7888888888888 381.32170420625863 347.73880665568663
0.4 0.30000000000000004 0.1 1 949.1 1196.7888888888888 322.45664824903207 347.73880665568663
0.9 0.7000000000000001 0.1 1 1057.8 1196.7888888888888 359.98821585651325 347.73880665568663
0.30000000000000004 0.2 0.1 1 947.3333333333334 1196.7888888888888 354.04064424551274 347.73880665568663
0.30000000000000004 0.8 0.1 1 938.1555555555556 1196.7888888888888 295.2963826060978 347.73880665568663
0.8 0.4 0.1 1 1002.8555555555556 1196.7888888888888 332.93211056747526 347.73880665568663
0.6000000000000001 0.2 0.1 1 1006.6444444444444 1196.7888888888888 330.3781103561026 347.73880665568663
0.4 0.1 0.1 1 1039.3 1196.7888888888888 359.13573571376423 347.73880665568663
0.9 0.2 0.1 1 1040.0111111111112 1196.7888888888888 379.0975393233088 347.73880665568663
0.8 0.30000000000000004 0.1 1 1045.5222222222221 1196.7888888888888 325.8239206748802 347.73880665568663
0.1 0.5 0.1 1 875.2111111111111 1196.7888888888888 260.7659441996232 347.73880665568663
0.4 0.7000000000000001 0.1 1 909.1444444444444 1196.7888888888888 331.92470903675695 347.73880665568663
0.8 0.2 0.1 1 983.1444444444444 1196.7888888888888 329.39387301564506 347.73880665568663
0.30000000000000004 0.7000000000000001 0.1 1 914.1666666666666 1196.7888888888888 310.0975205031834 347.73880665568663
0.2 0.1 0.1 1 878.3555555555556 1196.7888888888888 294.2611202887331 347.73880665568663
0.2 0.6000000000000001 0.1 1 890.5777777777778 1196.7888888888888 304.97959777947176 347.73880665568663
0.2 0.9 0.1 1 908.7222222222222 1196.7888888888888 348.53123653340765 347.73880665568663
0.30000000000000004 0.9 0.1 1 954.3777777777777 1196.7888888888888 319.77744266834424 347.73880665568663
0.1 0.7000000000000001 0.1 1 858.2 1196.7888888888888 345.30840321853356 347.73880665568663
0.4 0.2 0.1 1 985.9111111111112 1196.7888888888888 335.30127893332144 347.73880665568663
0.30000000000000004 0.30000000000000004 0.1 1 984.3666666666667 1196.7888888888888 348.2904423354483 347.73880665568663
0.1 0.1 0.1 1 827.4222222222222 1196.7888888888888 255.89264145460936 347.73880665568663
0.7000000000000001 0.8 0.1 1 1076.9222222222222 1196.7888888888888 383.42889324207107 347.73880665568663
0.5 0.8 0.1 1 1009.4555555555555 1196.7888888888888 352.09560447605423 347.73880665568663
0.30000000000000004 0.1 0.1 1 970.9111111111112 1196.7888888888888 294.059353209308 347.73880665568663
0.2 0.30000000000000004 0.1 1 948.1888888888889 1196.7888888888888 325.08931745135465 347.73880665568663
0.1 0.6000000000000001 0.1 1 800.2777777777778 1196.7888888888888 290.0353245833563 347.73880665568663
0.5 0.30000000000000004 0.1 1 1029.2333333333333 1196.7888888888888 377.87605404712036 347.73880665568663
0.1 0.9 0.1 1 820.1 1196.7888888888888 198.9288007749953 347.73880665568663
0.6000000000000001 0.9 0.1 1 949.9444444444445 1196.7888888888888 337.87299918792996 347.73880665568663
0.1 0.2 0.1 1 880.8333333333334 1196.7888888888888 334.82507041405637 347.73880665568663
0.30000000000000004 0.4 0.1 1 1009.8333333333334 1196.7888888888888 334.0139135491879 347.73880665568663
0.5 0.7000000000000001 0.1 1 1048.4222222222222 1196.7888888888888 375.71747594222325 347.73880665568663
0.5 0.9 0.1 1 902.0888888888888 1196.7888888888888 281.4477115220297 347.73880665568663
0.7000000000000001 0.6000000000000001 0.1 1 1022.2 1196.7888888888888 370.24914134494185 347.73880665568663
0.5 0.5 0.1 1 1012.2444444444444 1196.7888888888888 330.0277534158171 347.73880665568663
0.8 0.5 0.1 1 1029.0666666666666 1196.7888888888888 423.05079285274167 347.73880665568663
0.9 0.5 0.1 1 1008.8666666666667 1196.7888888888888 355.5625964580639 347.73880665568663
0.2 0.7000000000000001 0.1 1 853.8444444444444 1196.7888888888888 288.8735944669345 347.73880665568663
0.5 0.1 0.1 1 1031.4222222222222 1196.7888888888888 326.0065431442128 347.73880665568663
0.5 0.6000000000000001 0.1 1 991.6777777777778 1196.7888888888888 375.4390859832666 347.73880665568663
0.2 0.5 0.1 1 961.0222222222222 1196.7888888888888 341.6447140192336 347.73880665568663
0.4 0.8 0.1 1 1003.8777777777777 1196.7888888888888 407.6612108595889 347.73880665568663
0.4 0.4 0.1 1 956.3555555555556 1196.7888888888888 342.87258116329485 347.73880665568663
0.2 0.2 0.1 1 925.1 1196.7888888888888 262.07823471458113 347.73880665568663
0.8 0.9 0.1 1 1058.9777777777779 1196.7888888888888 377.3608051771549 347.73880665568663
0.6000000000000001 0.30000000000000004 0.1 1 1037.6333333333334 1196.7888888888888 308.44522114055263 347.73880665568663
0.7000000000000001 0.30000000000000004 0.1 1 1049.7 1196.7888888888888 325.4365427135271 347.73880665568663
