0.8 0.9 0.1 1 1076.8444444444444 1237.3 302.8007746618269 415.569046275372
0.7000000000000001 0.7000000000000001 0.1 1 991.8333333333334 1237.3 339.1988682502084 415.569046275372
0.7000000000000001 0.5 0.1 1 991.6555555555556 1237.3 368.80070381684817 415.569046275372
0.4 0.9 0.1 1 926.1333333333333 1237.3 290.9473873782375 415.569046275372
0.9 0.2 0.1 1 1068.3666666666666 1237.3 392.304769563438 415.569046275372
0.5 0.30000000000000004 0.1 1 1078.7 1237.3 366.6255567863333 415.569046275372
0.1 0.7000000000000001 0.1 1 754.7 1237.3 230.2289898726435 415.569046275372
0.2 0.2 0.1 1 903.2444444444444 1237.3 374.93395895843696 415.569046275372
0.9 0.6000000000000001 0.1 1 997.0333333333333 1237.3 310.4907388133966 415.569046275372
0.30000000000000004 0.2 0.1 1 909.7777777777778 1237.3 309.738376260345 415.569046275372
0.30000000000000004 0.9 0.1 1 924.0333333333333 1237.3 286.5870218818555 415.569046275372
0.6000000000000001 0.8 0.1 1 964.4555555555555 1237.3 314.893285666787 415.569046275372
0.7000000000000001 0.4 0.1 1 1062.5777777777778 1237.3 378.82432098908265 415.569046275372
0.4 0.8 0.1 1 960.9444444444445 1237.3 329.2611378732392 415.569046275372
0.30000000000000004 0.8 0.1 1 895.8 1237.3 312.2943839107937 415.569046275372
0.1 0.6000000000000001 0.1 1 822.5333333333333 1237.3 254.58241189140395 415.569046275372
0.7000000000000001 0.1 0.1 1 1058.9333333333334 1237.3 347.64460780131964 415.569046275372
0.7000000000000001 0.2 0.1 1 974.5444444444445 1237.3 336.8453374443896 415.569046275372
0.7000000000000001 0.8 0.1 1 1046.2888888888888 1237.3 359.56641310347493 415.569046275372
0.6000000000000001 0.9 0.1 1 1003.6555555555556 1237.3 294.6735731132978 415.569046275372
0.5 0.5 0.1 1 1050.611111111111 1237.3 277.1494460252424 415.569046275372
0.9 0.7000000000000001 0.1 1 1014.1111111111111 1237.3 336.5405851187918 415.569046275372
0.5 0.7000000000000001 0.1 1 1068.6333333333334 1237.3 348.3612253585828 415.569046275372
0.8 0.1 0.1 1 1090.2777777777778 1237.3 363.3396032418578 415.569046275372
0.8 0.4 0.1 1 1059.5444444444445 1237.3 378.14042544803993 415.569046275372
0.1 0.4 0.1 1 859.4888888888889 1237.3 341.84571713126326 415.569046275372
0.6000000000000001 0.4 0.1 1 1018.0777777777778 1237.3 357.64070200187655 415.569046275372
0.2 0.7000000000000001 0.1 1 873.9666666666667 1237.3 300.1136988246658 415.569046275372
0.8 0.30000000000000004 0.1 1 1048.9666666666667 1237.3 349.50019710692266 415.569046275372
0.4 0.6000000000000001 0.1 1 953.1444444444444 1237.3 320.88293334731947 415.569046275372
0.1 0.1 0.1 1 917.6555555555556 1237.3 383.26770919760537 415.569046275372
0.30000000000000004 0.5 0.1 1 974.1777777777778 1237.3 340.91434498607407 415.569046275372
0.4 0.2 0.1 1 956.1222222222223 1237.3 346.41910480347286 415.569046275372
0.8 0.7000000000000001 0.1 1 1082.4666666666667 1237.3 411.4875237746854 415.569046275372
0.6000000000000001 0.5 0.1 1 1032.5222222222221 1237.3 381.92623568717136 415.569046275372
0.4 0.4 0.1 1 966.3777777777777 1237.3 350.9314455932566 415.569046275372
0.6000000000000001 0.7000000000000001 0.1 1 1073.9777777777779 1237.3 348.6822487843107 415.569046275372
0.9 0.5 0.1 1 1080.1 1237.3 335.53764650516086 415.569046275372
0.8 0.6000000000000001 0.1 1 970.2222222222222 1237.3 295.2094088299498 415.569046275372
0.1 0.8 0.1 1 860.1555555555556 1237.3 284.41909262022756 415.569046275372
0.5 0.1 0.1 1 1003.2666666666667 1237.3 362.53774669374457 415.569046275372
0.4 0.1 0.1 1 1033.611111111111 1237.3 356.80765731831997 415.569046275372
0.2 0.4 0.1 1 939.7333333333333 1237.3 322.8779542386462 415.569046275372
0.2 0.9 0.1 1 822.1777777777778 1237.3 287.48358707847336 415.569046275372
0.30000000000000004 0.30000000000000004 0.1 1 878.7111111111111 1237.3 307.2595444478836 415.569046275372
0.4 0.30000000000000004 0.1 1 955.0222222222222 1237.3 323.76833205164803 415.569046275372
0.2 0.1 0.1 1 912.6555555555556 1237.3 320.24997739998565 415.569046275372
0.9 0.9 0.1 1 1092.4222222222222 1237.3 427.77873246646726 415.569046275372
0.4 0.5 0.1 1 1000.5333333333333 1237.3 333.24812911036065 415.569046275372
0.30000000000000004 0.6000000000000001 0.1 1 926.5555555555555 1237.3 298.0255809718023 415.569046275372
0.8 0.2 0.1 1 1010.3 1237.3 344.3481910315004 415.569046275372
0.6000000000000001 0.2 0.1 1 1023.5 1237.3 337.6227760221293 415.569046275372
0.30000000000000004 0.4 0.1 1 935.1 1237.3 298.5876030023126 415.569046275372
0.2 0.6000000000000001 0.1 1 930.0 1237.3 355.27460427737367 415.569046275372
0.1 0.30000000000000004 0.1 1 824.4 1237.3 305.3023929010566 415.569046275372
0.1 0.9 0.1 1 820.2111111111111 1237.3 201.9070465142283 415.569046275372
0.5 0.6000000000000001 0.1 1 924.7 1237.3 308.36754584964564 415.569046275372
0.2 0.30000000000000004 0.1 1 898.5888888888888 1237.3 308.7578660966279 415.569046275372
0.7000000000000001 0.30000000000000004 0.1 1 1043.911111111111 1237.3 379.9300708886204 415.569046275372
0.1 0.5 0.1 1 781.9888888888889 1237.3 308.36679077734846 415.569046275372
0.30000000000000004 0.7000000000000001 0.1 1 916.9111111111112 1237.3 357.7432861220908 415.569046275372
0.6000000000000001 0.30000000000000004 0.1 1 1040.0666666666666 1237.3 397.49587838534046 415.569046275372
0.7000000000000001 0.9 0.1 1 1023.1111111111111 1237.3 320.6801606462407 415.569046275372
0.5 0.8 0.1 1 987.5 1237.3 309.9395012650766 415.569046275372
0.8 0.8 0.1 1 989.1555555555556 1237.3 400.50778633327496 415.569046275372
0.9 0.8 0.1 1 1071.2888888888888 1237.3 323.52919306521954 415.569046275372
0.30000000000000004 0.1 0.1 1 1013.5444444444445 1237.3 341.231012043523 415.569046275372
0.5 0.4 0.1 1 984.3666666666667 1237.3 358.1363939432387 415.569046275372
0.5 0.9 0.1 1 922.7333333333333 1237.3 294.12154705911036 415.569046275372
0.9 0.4 0.1 1 1080.1555555555556 1237.3 333.6607362480342 415.569046275372
0.2 0.8 0.1 1 865.2222222222222 1237.3 271.13747139608296 415.569046275372
0.5 0.2 0.1 1 986.6888888888889 1237.3 350.2772439858476 415.569046275372
0.1 0.2 0.1 1 899.4444444444445 1237.3 302.7721222713402 415.569046275372
0.4 0.7000000000000001 0.1 1 992.6333333333333 1237.3 327.0167324974875 415.569046275372
0.2 0.5 0.1 1 940.2444444444444 1237.3 320.0537910036412 415.569046275372
0.6000000000000001 0.6000000000000001 0.1 1 1027.7555555555555 1237.3 355.4547106988803 415.569046275372
0.7000000000000001 0.6000000000000001 0.1 1 1007.7777777777778 1237.3 320.4858734199191 415.569046275372
