0.8 0.4 10.0 100 1488.6555555555556 1668.2444444444445 469.88185657226904 529.2413923324825
0.30000000000000004 0.6000000000000001 100.0 1 1471.3222222222223 1668.2444444444445 568.0668158623162 529.2413923324825
0.2 0.1 100.0 10 1439.4777777777779 1668.2444444444445 460.01036770388305 529.2413923324825
0.7000000000000001 0.8 100.0 1 1483.1666666666667 1668.2444444444445 534.641608930693 529.2413923324825
0.1 0.5 10.0 10 1495.5777777777778 1668.2444444444445 510.58561101233505 529.2413923324825
0.1 0.2 10.0 10 1462.1333333333334 1668.2444444444445 483.6667861244971 529.2413923324825
0.9 0.2 10.0 100 1473.8555555555556 1668.2444444444445 485.03016082876763 529.2413923324825
0.6000000000000001 0.30000000000000004 100.0 100 1459.388888888889 1668.2444444444445 517.9836911727895 529.2413923324825
0.4 0.1 100.0 100 1488.8777777777777 1668.2444444444445 413.4272965179886 529.2413923324825
0.1 0.9 10.0 1 1465.0777777777778 1668.2444444444445 476.4948228185061 529.2413923324825
0.30000000000000004 0.5 10.0 100 1474.6888888888889 1668.2444444444445 526.5120584130253 529.2413923324825
0.2 0.9 100.0 10 1409.6777777777777 1668.2444444444445 521.2538479000585 529.2413923324825
0.1 0.4 10.0 100 1495.1222222222223 1668.2444444444445 480.75139862921947 529.2413923324825
0.1 0.7000000000000001 100.0 1 1306.088888888889 1668.2444444444445 435.9197338054193 529.2413923324825
0.1 0.6000000000000001 100.0 10 1343.3666666666666 1668.2444444444445 471.4437977579558 529.2413923324825
0.6000000000000001 0.9 100.0 1 1343.6666666666667 1668.2444444444445 459.23129006828117 529.2413923324825
0.2 0.4 10.0 100 1431.9777777777779 1668.2444444444445 455.2947269572335 529.2413923324825
0.6000000000000001 0.8 10.0 10 1449.5111111111112 1668.2444444444445 462.98397487132786 529.2413923324825
0.2 0.5 10.0 10 1497.888888888889 1668.2444444444445 505.4360811208133 529.2413923324825
0.30000000000000004 0.7000000000000001 100.0 1 1417.8111111111111 1668.2444444444445 526.2720651366647 529.2413923324825
0.4 0.1 100.0 10 1448.3222222222223 1668.2444444444445 490.89459895577437 529.2413923324825
0.9 0.9 10.0 1 1477.888888888889 1668.2444444444445 507.55274371667144 529.2413923324825
0.2 0.5 100.0 10 1432.1 1668.2444444444445 434.08847152523083 529.2413923324825
0.9 0.8 100.0 1 1462.911111111111 1668.2444444444445 510.24032778560877 529.2413923324825
0.7000000000000001 0.9 100.0 10 1395.5777777777778 1668.2444444444445 514.0540390481611 529.2413923324825
0.2 0.7000000000000001 100.0 100 1499.8777777777777 1668.2444444444445 564.336362027269 529.2413923324825
0.5 0.8 100.0 1 1320.2 1668.2444444444445 439.24766994892025 529.2413923324825
0.7000000000000001 0.9 100.0 1 1356.7 1668.2444444444445 407.9822286434654 529.2413923324825
0.30000000000000004 0.2 100.0 100 1464.7 1668.2444444444445 493.2728442646006 529.2413923324825
0.7000000000000001 0.30000000000000004 100.0 10 1483.2111111111112 1668.2444444444445 475.82096293189113 529.2413923324825
0.2 0.1 100.0 100 1338.4 1668.2444444444445 485.52406508614774 529.2413923324825
0.1 0.6000000000000001 100.0 1 1370.5 1668.2444444444445 457.19609821412763 529.2413923324825
0.9 0.6000000000000001 100.0 10 1499.1888888888889 1668.2444444444445 477.2016320742428 529.2413923324825
0.4 0.5 100.0 1 1489.6444444444444 1668.2444444444445 528.1021220919537 529.2413923324825
0.30000000000000004 0.5 100.0 10 1483.0 1668.2444444444445 534.3503636296238 529.2413923324825
0.1 0.1 100.0 1 1365.8111111111111 1668.2444444444445 491.18446171687754 529.2413923324825
0.2 0.9 100.0 1 1308.1888888888889 1668.2444444444445 473.3597855154257 529.2413923324825
0.1 0.9 100.0 10 1391.2 1668.2444444444445 426.8814355298201 529.2413923324825
0.1 0.6000000000000001 100.0 100 1286.9333333333334 1668.2444444444445 453.2162299731896 529.2413923324825
0.6000000000000001 0.9 10.0 1 1438.2888888888888 1668.2444444444445 459.5911043632987 529.2413923324825
0.8 0.7000000000000001 100.0 1 1475.8222222222223 1668.2444444444445 430.81214203918984 529.2413923324825
0.2 0.8 100.0 1 1266.6666666666667 1668.2444444444445 409.329858834331 529.2413923324825
0.1 0.8 100.0 1 1270.7111111111112 1668.2444444444445 404.4102494701923 529.2413923324825
0.2 0.4 100.0 1 1474.588888888889 1668.2444444444445 521.9227038225413 529.2413923324825
0.2 0.2 100.0 100 1405.088888888889 1668.2444444444445 470.46782023486276 529.2413923324825
0.4 0.9 100.0 1 1221.3222222222223 1668.2444444444445 403.1468667530972 529.2413923324825
0.2 0.2 100.0 10 1364.0111111111112 1668.2444444444445 527.8415059770298 529.2413923324825
0.7000000000000001 0.8 10.0 10 1434.1888888888889 1668.2444444444445 464.6048235853405 529.2413923324825
0.1 0.30000000000000004 100.0 10 1385.2777777777778 1668.2444444444445 491.6768818775593 529.2413923324825
0.4 0.9 10.0 10 1466.2777777777778 1668.2444444444445 441.1651499225351 529.2413923324825
0.1 0.5 100.0 10 1330.411111111111 1668.2444444444445 450.6171544410435 529.2413923324825
0.2 0.6000000000000001 100.0 100 1413.3 1668.2444444444445 472.2580615158056 529.2413923324825
0.1 0.30000000000000004 100.0 1 1399.8333333333333 1668.2444444444445 508.1331682410298 529.2413923324825
0.5 0.9 100.0 10 1465.2333333333333 1668.2444444444445 511.3272935323433 529.2413923324825
0.5 0.8 10.0 10 1490.888888888889 1668.2444444444445 461.01196524468367 529.2413923324825
0.4 0.30000000000000004 100.0 100 1434.5333333333333 1668.2444444444445 538.717864728633 529.2413923324825
0.1 0.8 100.0 100 1318.1888888888889 1668.2444444444445 469.72225586437884 529.2413923324825
0.4 0.7000000000000001 100.0 1 1482.2444444444445 1668.2444444444445 500.06031438686614 529.2413923324825
0.1 0.2 100.0 10 1396.4666666666667 1668.2444444444445 476.34891973566323 529.2413923324825
0.5 0.30000000000000004 100.0 100 1458.5222222222221 1668.2444444444445 533.5351124085832 529.2413923324825
0.5 0.6000000000000001 100.0 1 1448.6666666666667 1668.2444444444445 490.3730099514951 529.2413923324825
0.30000000000000004 0.4 100.0 100 1452.4444444444443 1668.2444444444445 467.1348392324119 529.2413923324825
0.7000000000000001 0.2 100.0 100 1457.1222222222223 1668.2444444444445 425.2282479322207 529.2413923324825
0.4 0.8 100.0 1 1458.2666666666667 1668.2444444444445 519.5592961561001 529.2413923324825
0.2 0.9 100.0 100 1343.4555555555555 1668.2444444444445 472.9673975400445 529.2413923324825
0.6000000000000001 0.9 100.0 10 1425.1333333333334 1668.2444444444445 471.52000546695314 529.2413923324825
0.2 0.8 10.0 1 1497.0222222222221 1668.2444444444445 458.79838171219427 529.2413923324825
0.1 0.5 100.0 100 1296.9333333333334 1668.2444444444445 418.9462389270384 529.2413923324825
0.2 0.6000000000000001 100.0 10 1479.111111111111 1668.2444444444445 528.1800291660757 529.2413923324825
0.4 0.6000000000000001 100.0 1 1480.0111111111112 1668.2444444444445 474.8200944555374 529.2413923324825
0.1 0.30000000000000004 100.0 100 1248.1 1668.2444444444445 426.81622508990915 529.2413923324825
0.1 0.4 100.0 1 1386.8555555555556 1668.2444444444445 415.7547236615762 529.2413923324825
0.4 0.8 100.0 10 1380.411111111111 1668.2444444444445 400.819158292516 529.2413923324825
0.2 0.6000000000000001 100.0 1 1343.0222222222221 1668.2444444444445 387.1982259422679 529.2413923324825
0.1 0.9 100.0 100 1400.9444444444443 1668.2444444444445 522.583185533623 529.2413923324825
0.5 0.9 100.0 1 1306.2888888888888 1668.2444444444445 497.89153759616806 529.2413923324825
0.5 0.7000000000000001 100.0 1 1481.0 1668.2444444444445 464.5370933640403 529.2413923324825
0.30000000000000004 0.9 100.0 10 1337.911111111111 1668.2444444444445 437.1786983842964 529.2413923324825
0.30000000000000004 0.8 100.0 10 1382.4 1668.2444444444445 453.520985671495 529.2413923324825
0.1 0.9 100.0 1 1422.388888888889 1668.2444444444445 408.76365609384834 529.2413923324825
0.6000000000000001 0.7000000000000001 100.0 1 1408.4 1668.2444444444445 535.6977132674733 529.2413923324825
0.30000000000000004 0.7000000000000001 100.0 100 1329.5333333333333 1668.2444444444445 495.8248615522756 529.2413923324825
0.2 0.30000000000000004 100.0 100 1482.3 1668.2444444444445 443.8157137571605 529.2413923324825
0.30000000000000004 0.9 100.0 1 1310.1222222222223 1668.2444444444445 468.2818436174185 529.2413923324825
0.1 0.2 100.0 100 1283.6 1668.2444444444445 451.86929772028356 529.2413923324825
0.2 0.7000000000000001 100.0 10 1461.1222222222223 1668.2444444444445 491.3485259473333 529.2413923324825
0.9 0.2 100.0 1 1465.2333333333333 1668.2444444444445 445.40733042912524 529.2413923324825
0.2 0.5 100.0 1 1378.3555555555556 1668.2444444444445 489.92070358627336 529.2413923324825
0.30000000000000004 0.5 100.0 1 1462.2666666666667 1668.2444444444445 506.005858551943 529.2413923324825
0.30000000000000004 0.8 100.0 1 1304.9333333333334 1668.2444444444445 388.6038485541685 529.2413923324825
0.1 0.2 100.0 1 1462.3222222222223 1668.2444444444445 527.6571030461561 529.2413923324825
0.2 0.4 100.0 100 1413.888888888889 1668.2444444444445 501.67509282944485 529.2413923324825
0.30000000000000004 0.4 100.0 1 1435.1777777777777 1668.2444444444445 492.52500394007706 529.2413923324825
0.9 0.9 100.0 1 1339.7222222222222 1668.2444444444445 476.56096794936894 529.2413923324825
0.2 0.5 100.0 100 1436.3111111111111 1668.2444444444445 478.27627172876294 529.2413923324825
0.1 0.5 100.0 1 1385.0222222222221 1668.2444444444445 502.7779049723597 529.2413923324825
0.8 0.5 100.0 10 1471.5111111111112 1668.2444444444445 535.0854603486654 529.2413923324825
0.1 0.1 100.0 10 1412.0555555555557 1668.2444444444445 455.7063469948142 529.2413923324825
0.1 0.8 100.0 10 1364.5 1668.2444444444445 503.41333249461456 529.2413923324825
0.8 0.9 100.0 1 1287.0555555555557 1668.2444444444445 481.2869405415054 529.2413923324825
0.8 0.8 100.0 1 1329.7333333333333 1668.2444444444445 452.5734759253033 529.2413923324825
0.1 0.4 100.0 10 1417.2666666666667 1668.2444444444445 431.5049838774879 529.2413923324825
0.2 0.4 100.0 10 1490.3666666666666 1668.2444444444445 587.9137398934946 529.2413923324825
0.2 0.1 100.0 1 1496.9666666666667 1668.2444444444445 475.55281164836634 529.2413923324825
0.2 0.8 100.0 10 1357.2222222222222 1668.2444444444445 459.57102649651637 529.2413923324825
0.1 0.7000000000000001 100.0 100 1444.6 1668.2444444444445 488.3743737020698 529.2413923324825
0.4 0.1 10.0 100 1467.4222222222222 1668.2444444444445 511.39354225657604 529.2413923324825
0.1 0.7000000000000001 100.0 10 1250.7333333333333 1668.2444444444445 425.44506891802916 529.2413923324825
0.2 0.8 100.0 100 1365.0 1668.2444444444445 459.80590107856017 529.2413923324825
0.1 0.1 100.0 100 1227.2444444444445 1668.2444444444445 358.1919817674164 529.2413923324825
0.6000000000000001 0.2 1.0 10 1454.8666666666666 1668.2444444444445 501.83556846618376 529.2413923324825
0.30000000000000004 0.8 10.0 1 1433.3666666666666 1668.2444444444445 435.8658419998317 529.2413923324825
0.30000000000000004 0.30000000000000004 10.0 100 1487.1222222222223 1668.2444444444445 459.0645761346963 529.2413923324825
0.8 0.4 10.0 10 1457.088888888889 1668.2444444444445 478.88320646280624 529.2413923324825
0.30000000000000004 0.6000000000000001 100.0 100 1449.1444444444444 1668.2444444444445 498.6088772466208 529.2413923324825
0.1 0.4 100.0 100 1381.8222222222223 1668.2444444444445 456.26404581795924 529.2413923324825
