0.30000000000000004 0.1 10.0 10 1755.911111111111 2043.8 561.6707743557894 667.4310817521829
0.2 0.2 100.0 10 1786.3555555555556 2043.8 519.163842926748 667.4310817521829
0.2 0.6000000000000001 100.0 1 1515.1555555555556 2043.8 418.4165365096023 667.4310817521829
0.30000000000000004 0.2 10.0 100 1817.4555555555555 2043.8 682.0921110998801 667.4310817521829
0.1 0.4 100.0 10 1537.8333333333333 2043.8 581.7788669245388 667.4310817521829
0.1 0.4 100.0 1 1646.7777777777778 2043.8 589.4657426249595 667.4310817521829
0.2 0.8 100.0 10 1618.9555555555555 2043.8 543.1651459753922 667.4310817521829
0.1 0.7000000000000001 100.0 10 1482.911111111111 2043.8 510.30190725021777 667.4310817521829
0.1 0.6000000000000001 100.0 100 1515.9555555555555 2043.8 519.6572569409169 667.4310817521829
0.30000000000000004 0.1 100.0 1 1789.9666666666667 2043.8 610.6759178702454 667.4310817521829
0.30000000000000004 0.7000000000000001 100.0 100 1594.0111111111112 2043.8 528.2879790090176 667.4310817521829
0.2 0.9 100.0 1 1355.1444444444444 2043.8 372.7284552566716 667.4310817521829
0.1 0.7000000000000001 10.0 10 1825.6222222222223 2043.8 721.7618501937199 667.4310817521829
0.5 0.4 100.0 1 1806.4888888888888 2043.8 705.8067133027356 667.4310817521829
0.6000000000000001 0.1 10.0 10 1761.4222222222222 2043.8 615.9893212959274 667.4310817521829
0.4 0.7000000000000001 10.0 10 1709.0222222222221 2043.8 613.5681068376966 667.4310817521829
0.5 0.9 100.0 1 1568.6444444444444 2043.8 669.9876335693089 667.4310817521829
0.9 0.8 100.0 1 1830.6333333333334 2043.8 659.990361040725 667.4310817521829
0.30000000000000004 0.7000000000000001 100.0 1 1496.3 2043.8 501.45063897988325 667.4310817521829
0.2 0.8 100.0 100 1605.1555555555556 2043.8 579.3572858706086 667.4310817521829
0.2 0.7000000000000001 100.0 1 1357.3333333333333 2043.8 559.0313249024803 667.4310817521829
0.2 0.30000000000000004 100.0 10 1777.1222222222223 2043.8 527.4108840527317 667.4310817521829
0.1 0.9 10.0 1 1791.4888888888888 2043.8 594.6729679121391 667.4310817521829
0.30000000000000004 0.30000000000000004 100.0 1 1803.3222222222223 2043.8 661.103233286397 667.4310817521829
0.5 0.7000000000000001 100.0 1 1744.3555555555556 2043.8 572.9055828961524 667.4310817521829
0.5 0.30000000000000004 100.0 10 1796.088888888889 2043.8 591.4661377448125 667.4310817521829
0.5 0.9 100.0 10 1764.088888888889 2043.8 602.8389621789452 667.4310817521829
0.5 0.8 100.0 1 1635.3222222222223 2043.8 604.7666919799692 667.4310817521829
0.30000000000000004 0.8 100.0 1 1518.1222222222223 2043.8 473.967317855421 667.4310817521829
0.30000000000000004 0.5 100.0 100 1827.611111111111 2043.8 615.0930136427326 667.4310817521829
0.6000000000000001 0.9 10.0 1 1771.3555555555556 2043.8 569.3605635781468 667.4310817521829
0.2 0.4 10.0 100 1826.3333333333333 2043.8 567.4091606200552 667.4310817521829
0.5 0.2 100.0 100 1783.5444444444445 2043.8 621.8347969447818 667.4310817521829
0.30000000000000004 0.6000000000000001 100.0 100 1761.8444444444444 2043.8 615.5894178411653 667.4310817521829
0.6000000000000001 0.5 10.0 10 1794.6222222222223 2043.8 586.8181542631751 667.4310817521829
0.30000000000000004 0.1 100.0 100 1626.0222222222221 2043.8 586.7028961877227 667.4310817521829
0.6000000000000001 0.9 100.0 10 1681.4888888888888 2043.8 505.4808105917999 667.4310817521829
0.1 0.8 100.0 1 1508.0666666666666 2043.8 563.459942379817 667.4310817521829
0.8 0.8 100.0 1 1835.7444444444445 2043.8 697.3508372741181 667.4310817521829
0.2 0.9 100.0 100 1675.8 2043.8 700.0759990489921 667.4310817521829
0.2 0.4 100.0 100 1691.7666666666667 2043.8 601.3046196027065 667.4310817521829
0.9 0.5 10.0 100 1827.3111111111111 2043.8 561.6299620933588 667.4310817521829
0.1 0.30000000000000004 10.0 1 1803.0444444444445 2043.8 612.309179547412 667.4310817521829
0.8 0.30000000000000004 10.0 10 1740.5333333333333 2043.8 588.5596391946094 667.4310817521829
0.1 0.9 100.0 1 1541.6333333333334 2043.8 518.929056380114 667.4310817521829
0.1 0.5 100.0 100 1675.0111111111112 2043.8 717.5685564528846 667.4310817521829
0.7000000000000001 0.8 100.0 1 1662.611111111111 2043.8 577.264385691387 667.4310817521829
0.2 0.8 10.0 10 1708.0111111111112 2043.8 578.8205727443512 667.4310817521829
0.1 0.5 100.0 10 1673.411111111111 2043.8 659.6358405201807 667.4310817521829
0.4 0.4 100.0 100 1754.1666666666667 2043.8 648.8392242219091 667.4310817521829
0.4 0.9 100.0 100 1751.8666666666666 2043.8 583.6427027252585 667.4310817521829
0.2 0.5 100.0 10 1701.6888888888889 2043.8 564.3368309488865 667.4310817521829
0.30000000000000004 0.7000000000000001 100.0 10 1729.8444444444444 2043.8 599.8117465989013 667.4310817521829
0.4 0.4 100.0 10 1838.9333333333334 2043.8 744.5671792688987 667.4310817521829
0.9 0.9 100.0 1 1589.6222222222223 2043.8 546.8815548742967 667.4310817521829
0.5 0.8 100.0 10 1815.0222222222221 2043.8 691.9343735383802 667.4310817521829
0.30000000000000004 0.5 100.0 1 1799.088888888889 2043.8 590.7356175790852 667.4310817521829
0.1 0.6000000000000001 100.0 10 1524.7777777777778 2043.8 655.1011758631515 667.4310817521829
0.1 0.5 100.0 1 1517.1666666666667 2043.8 525.7064506188052 667.4310817521829
0.2 0.2 100.0 1 1829.3555555555556 2043.8 568.0583755431226 667.4310817521829
0.6000000000000001 0.1 100.0 100 1825.2888888888888 2043.8 652.0478892508917 667.4310817521829
0.30000000000000004 0.8 100.0 10 1830.6333333333334 2043.8 704.8777112221509 667.4310817521829
0.30000000000000004 0.9 100.0 10 1751.0666666666666 2043.8 599.942252776604 667.4310817521829
0.2 0.8 100.0 1 1603.8444444444444 2043.8 583.2948922783609 667.4310817521829
0.6000000000000001 0.9 100.0 1 1492.1 2043.8 562.0450960554679 667.4310817521829
0.1 0.9 10.0 10 1778.0 2043.8 661.9457010292545 667.4310817521829
0.8 0.9 10.0 1 1770.5333333333333 2043.8 602.5518732856119 667.4310817521829
0.2 0.30000000000000004 100.0 100 1682.1 2043.8 587.1840341834919 667.4310817521829
0.1 0.2 100.0 100 1451.0666666666666 2043.8 513.4851680212173 667.4310817521829
0.2 0.4 100.0 1 1742.6666666666667 2043.8 575.6921245094659 667.4310817521829
0.6000000000000001 0.7000000000000001 100.0 10 1760.3333333333333 2043.8 565.4071492689534 667.4310817521829
0.4 0.8 100.0 100 1758.611111111111 2043.8 672.4601052924081 667.4310817521829
0.30000000000000004 0.8 100.0 100 1756.9222222222222 2043.8 719.1161740139037 667.4310817521829
0.4 0.6000000000000001 10.0 1 1826.2888888888888 2043.8 624.2207452219385 667.4310817521829
0.4 0.5 10.0 100 1829.4333333333334 2043.8 610.7043847521938 667.4310817521829
0.1 0.2 100.0 1 1696.9222222222222 2043.8 618.4387731803687 667.4310817521829
0.7000000000000001 0.8 100.0 10 1732.9666666666667 2043.8 667.5259204288958 667.4310817521829
0.2 0.5 100.0 100 1638.5222222222221 2043.8 565.0570910738484 667.4310817521829
0.8 0.1 100.0 10 1818.588888888889 2043.8 648.9445601118522 667.4310817521829
0.30000000000000004 0.30000000000000004 100.0 100 1716.2333333333333 2043.8 624.0314281615416 667.4310817521829
0.9 0.9 10.0 1 1693.8333333333333 2043.8 509.2016900120336 667.4310817521829
0.30000000000000004 0.9 10.0 1 1797.2 2043.8 564.0219696272673 667.4310817521829
0.7000000000000001 0.9 100.0 10 1663.1222222222223 2043.8 580.8227847493163 667.4310817521829
0.30000000000000004 0.9 100.0 100 1805.6333333333334 2043.8 666.9239411906977 667.4310817521829
0.7000000000000001 0.6000000000000001 100.0 10 1838.1 2043.8 567.1613732733684 667.4310817521829
0.1 0.8 100.0 10 1512.0222222222221 2043.8 603.2611739127733 667.4310817521829
0.4 0.9 100.0 10 1734.3555555555556 2043.8 578.2252408324998 667.4310817521829
0.1 0.2 100.0 10 1519.9333333333334 2043.8 610.2595222071053 667.4310817521829
0.6000000000000001 0.6000000000000001 100.0 10 1761.9666666666667 2043.8 519.2157215989859 667.4310817521829
0.8 0.9 100.0 1 1574.7333333333333 2043.8 633.1145200953423 667.4310817521829
0.30000000000000004 0.1 10.0 100 1811.0 2043.8 594.3102631529165 667.4310817521829
0.6000000000000001 0.8 100.0 1 1656.5333333333333 2043.8 590.3626418472709 667.4310817521829
0.6000000000000001 0.4 100.0 10 1828.4888888888888 2043.8 658.9901406182787 667.4310817521829
0.1 0.4 100.0 100 1504.3666666666666 2043.8 475.8314232302584 667.4310817521829
0.8 0.8 100.0 10 1723.5777777777778 2043.8 494.2024096748163 667.4310817521829
0.6000000000000001 0.7000000000000001 10.0 100 1828.2888888888888 2043.8 706.3068776616145 667.4310817521829
0.1 0.1 100.0 1 1800.411111111111 2043.8 651.2478772743301 667.4310817521829
0.9 0.7000000000000001 100.0 1 1838.2333333333333 2043.8 628.196820714301 667.4310817521829
0.4 0.2 100.0 100 1774.2444444444445 2043.8 537.8672349838162 667.4310817521829
0.6000000000000001 0.5 100.0 10 1774.8777777777777 2043.8 524.4952245895895 667.4310817521829
0.4 0.9 100.0 1 1435.5555555555557 2043.8 503.95015430565303 667.4310817521829
0.5 0.30000000000000004 100.0 1 1790.8 2043.8 659.2316605126168 667.4310817521829
0.30000000000000004 0.4 100.0 100 1733.0222222222221 2043.8 616.295725872243 667.4310817521829
0.5 0.7000000000000001 100.0 100 1824.7222222222222 2043.8 680.3789471525374 667.4310817521829
0.7000000000000001 0.7000000000000001 10.0 100 1831.5 2043.8 534.9483516087221 667.4310817521829
0.7000000000000001 0.9 10.0 1 1733.7111111111112 2043.8 571.920686895277 667.4310817521829
0.2 0.7000000000000001 100.0 100 1605.8111111111111 2043.8 539.5730183198243 667.4310817521829
0.2 0.4 100.0 10 1602.8111111111111 2043.8 502.0858690269456 667.4310817521829
0.1 0.7000000000000001 100.0 1 1461.8111111111111 2043.8 583.4603460665505 667.4310817521829
0.2 0.1 100.0 100 1631.2888888888888 2043.8 580.2121689413747 667.4310817521829
0.1 0.30000000000000004 100.0 100 1566.2 2043.8 602.4539853336887 667.4310817521829
0.1 0.6000000000000001 10.0 100 1799.3444444444444 2043.8 625.1223197833829 667.4310817521829
0.30000000000000004 0.5 100.0 10 1772.7888888888888 2043.8 621.4797126293636 667.4310817521829
0.6000000000000001 0.4 10.0 10 1770.7555555555555 2043.8 496.8256414726311 667.4310817521829
0.1 0.9 100.0 10 1597.6777777777777 2043.8 496.2374393098928 667.4310817521829
0.30000000000000004 0.4 10.0 100 1779.1555555555556 2043.8 544.3989532015225 667.4310817521829
0.1 0.1 100.0 100 1448.0333333333333 2043.8 469.7501333451411 667.4310817521829
0.7000000000000001 0.9 100.0 1 1472.4444444444443 2043.8 578.8044212207534 667.4310817521829
0.2 0.6000000000000001 100.0 10 1833.588888888889 2043.8 701.1006885120701 667.4310817521829
0.2 0.7000000000000001 100.0 10 1680.4777777777779 2043.8 576.6115431799775 667.4310817521829
0.5 0.9 10.0 1 1825.9888888888888 2043.8 619.7648925994158 667.4310817521829
0.8 0.8 10.0 10 1803.1 2043.8 535.2551219330419 667.4310817521829
0.30000000000000004 0.2 100.0 1 1770.2333333333333 2043.8 593.8224397915593 667.4310817521829
0.30000000000000004 0.6000000000000001 100.0 10 1796.7888888888888 2043.8 635.7874993431277 667.4310817521829
0.5 0.4 100.0 100 1752.1222222222223 2043.8 547.5584358014074 667.4310817521829
0.4 0.30000000000000004 100.0 1 1749.2 2043.8 564.5222404830477 667.4310817521829
0.4 0.6000000000000001 100.0 1 1673.5111111111112 2043.8 655.7296401625096 667.4310817521829
0.4 0.1 100.0 100 1714.1777777777777 2043.8 647.4994736639266 667.4310817521829
0.4 0.5 100.0 1 1755.3111111111111 2043.8 497.68751116080074 667.4310817521829
0.4 0.7000000000000001 100.0 1 1664.5222222222221 2043.8 541.5567935288819 667.4310817521829
0.30000000000000004 0.6000000000000001 100.0 1 1784.3222222222223 2043.8 808.6817782014515 667.4310817521829
0.30000000000000004 0.2 100.0 100 1683.411111111111 2043.8 578.729142066082 667.4310817521829
0.2 0.2 100.0 100 1641.888888888889 2043.8 592.1069806573893 667.4310817521829
0.5 0.7000000000000001 100.0 10 1704.7888888888888 2043.8 626.4351787774027 667.4310817521829
0.2 0.30000000000000004 100.0 1 1739.7222222222222 2043.8 594.832395213191 667.4310817521829
0.30000000000000004 0.8 10.0 100 1827.7222222222222 2043.8 620.8505282232285 667.4310817521829
0.4 0.8 100.0 10 1832.6333333333334 2043.8 563.9943350779333 667.4310817521829
0.1 0.7000000000000001 100.0 100 1412.3666666666666 2043.8 563.1345102785538 667.4310817521829
0.2 0.5 100.0 1 1662.411111111111 2043.8 607.2739066140755 667.4310817521829
0.2 0.6000000000000001 100.0 100 1739.411111111111 2043.8 743.8938677951377 667.4310817521829
0.1 0.7000000000000001 10.0 1 1789.411111111111 2043.8 638.0923460587546 667.4310817521829
0.6000000000000001 0.8 100.0 10 1822.8444444444444 2043.8 664.9336292879348 667.4310817521829
0.1 0.8 100.0 100 1387.0111111111112 2043.8 486.84728370847563 667.4310817521829
0.7000000000000001 0.7000000000000001 100.0 10 1749.8222222222223 2043.8 597.5605702033296 667.4310817521829
0.4 0.9 10.0 1 1792.4333333333334 2043.8 651.0298687464348 667.4310817521829
0.30000000000000004 0.9 100.0 1 1231.7 2043.8 396.90713859373545 667.4310817521829
0.1 0.4 10.0 10 1828.9666666666667 2043.8 615.7824191853628 667.4310817521829
0.1 0.30000000000000004 100.0 10 1612.1666666666667 2043.8 636.0058568912712 667.4310817521829
0.2 0.9 100.0 10 1532.6777777777777 2043.8 528.1217205610795 667.4310817521829
0.4 0.6000000000000001 100.0 100 1838.8444444444444 2043.8 693.7346260336329 667.4310817521829
0.5 0.5 10.0 1 1792.388888888889 2043.8 530.4255041305036 667.4310817521829
0.5 0.1 100.0 100 1790.1666666666667 2043.8 626.0438971119447 667.4310817521829
0.1 0.6000000000000001 100.0 1 1571.2 2043.8 524.289746016244 667.4310817521829
0.5 0.7000000000000001 10.0 1 1838.8777777777777 2043.8 749.3493596711123 667.4310817521829
0.6000000000000001 0.6000000000000001 100.0 1 1797.0333333333333 2043.8 570.7058485380675 667.4310817521829
0.4 0.8 100.0 1 1538.9888888888888 2043.8 609.2954855941673 667.4310817521829
0.5 0.6000000000000001 100.0 1 1813.2111111111112 2043.8 637.4652146404094 667.4310817521829
0.1 0.30000000000000004 100.0 1 1477.388888888889 2043.8 528.3319809539884 667.4310817521829
0.7000000000000001 0.9 10.0 10 1833.0555555555557 2043.8 593.7546324705576 667.4310817521829
0.30000000000000004 0.30000000000000004 10.0 100 1795.9222222222222 2043.8 608.8676416609184 667.4310817521829
0.1 0.9 100.0 100 1501.8555555555556 2043.8 558.6003851116767 667.4310817521829
0.1 0.1 100.0 10 1604.2222222222222 2043.8 563.9306454161772 667.4310817521829
0.2 0.1 100.0 1 1779.8111111111111 2043.8 721.7600231293322 667.4310817521829
