0.4 0.7000000000000001 0.1 1 1367.2888888888888 1728.9888888888888 455.80415493314786 557.3240727788146
0.2 0.7000000000000001 0.1 1 1314.0111111111112 1728.9888888888888 451.2796987935641 557.3240727788146
0.6000000000000001 0.6000000000000001 0.1 1 1418.3777777777777 1728.9888888888888 446.0693662494353 557.3240727788146
0.6000000000000001 0.2 0.1 1 1480.1 1728.9888888888888 518.5177174729262 557.3240727788146
0.7000000000000001 0.1 0.1 1 1517.1444444444444 1728.9888888888888 510.86696596431074 557.3240727788146
0.6000000000000001 0.5 0.1 1 1413.2222222222222 1728.9888888888888 481.35599618341564 557.3240727788146
0.1 0.30000000000000004 0.1 1 1234.3666666666666 1728.9888888888888 457.45502389731047 557.3240727788146
0.1 0.5 0.1 1 1314.0777777777778 1728.9888888888888 414.60134072189766 557.3240727788146
0.5 0.5 0.1 1 1496.7111111111112 1728.9888888888888 452.4505189507085 557.3240727788146
0.4 0.2 0.1 1 1405.7777777777778 1728.9888888888888 487.7746241355912 557.3240727788146
0.9 0.1 0.1 1 1498.111111111111 1728.9888888888888 482.7271703433051 557.3240727788146
0.2 0.9 0.1 1 1222.4555555555555 1728.9888888888888 398.28714268061844 557.3240727788146
0.2 0.8 0.1 1 1405.7666666666667 1728.9888888888888 410.67308030705993 557.3240727788146
0.4 0.30000000000000004 0.1 1 1475.8333333333333 1728.9888888888888 507.8413630258962 557.3240727788146
0.5 0.30000000000000004 0.1 1 1476.4666666666667 1728.9888888888888 544.3707519288262 557.3240727788146
0.7000000000000001 0.6000000000000001 0.1 1 1497.0777777777778 1728.9888888888888 498.019348749017 557.3240727788146
0.30000000000000004 0.4 0.1 1 1425.5777777777778 1728.9888888888888 496.88527577696516 557.3240727788146
0.4 0.8 0.1 1 1411.611111111111 1728.9888888888888 468.5345165618821 557.3240727788146
0.6000000000000001 0.4 0.1 1 1413.2333333333333 1728.9888888888888 533.0386487967933 557.3240727788146
0.7000000000000001 0.30000000000000004 0.1 1 1464.4666666666667 1728.9888888888888 497.4686411110643 557.3240727788146
0.1 0.2 0.1 1 1283.6222222222223 1728.9888888888888 435.7534873393386 557.3240727788146
0.6000000000000001 0.9 0.1 1 1455.4888888888888 1728.9888888888888 527.8855567143834 557.3240727788146
0.7000000000000001 0.8 0.1 1 1444.8444444444444 1728.9888888888888 516.0766719761945 557.3240727788146
0.4 0.5 0.1 1 1435.2444444444445 1728.9888888888888 493.1433713347043 557.3240727788146
0.4 0.4 0.1 1 1421.7888888888888 1728.9888888888888 498.44004419219874 557.3240727788146
0.7000000000000001 0.5 0.1 1 1480.3555555555556 1728.9888888888888 499.85718651788955 557.3240727788146
0.1 0.1 0.1 1 1326.4333333333334 1728.9888888888888 461.57647855534793 557.3240727788146
0.5 0.8 0.1 1 1486.3444444444444 1728.9888888888888 503.8897622190154 557.3240727788146
0.1 0.6000000000000001 0.1 1 1325.4888888888888 1728.9888888888888 460.2566734248389 557.3240727788146
0.8 0.6000000000000001 0.1 1 1535.911111111111 1728.9888888888888 542.2533775202315 557.3240727788146
0.30000000000000004 0.5 0.1 1 1339.3555555555556 1728.9888888888888 479.2908490934198 557.3240727788146
0.1 0.8 0.1 1 1160.411111111111 1728.9888888888888 372.0636712070916 557.3240727788146
0.4 0.1 0.1 1 1366.088888888889 1728.9888888888888 406.79019010471745 557.3240727788146
0.2 0.2 0.1 1 1296.8222222222223 1728.9888888888888 430.2463526290691 557.3240727788146
0.9 0.7000000000000001 0.1 1 1522.7222222222222 1728.9888888888888 563.3262924170991 557.3240727788146
0.9 0.8 0.1 1 1502.4222222222222 1728.9888888888888 535.666915116677 557.3240727788146
0.2 0.1 0.1 1 1263.7222222222222 1728.9888888888888 447.54845864945855 557.3240727788146
0.8 0.5 0.1 1 1545.0222222222221 1728.9888888888888 438.78341855072614 557.3240727788146
0.6000000000000001 0.7000000000000001 0.1 1 1376.6222222222223 1728.9888888888888 454.2316486301719 557.3240727788146
0.6000000000000001 0.8 0.1 1 1402.2444444444445 1728.9888888888888 444.33216581769875 557.3240727788146
0.30000000000000004 0.8 0.1 1 1385.0777777777778 1728.9888888888888 453.8856250392647 557.3240727788146
0.4 0.9 0.1 1 1305.5 1728.9888888888888 450.7861096647352 557.3240727788146
0.30000000000000004 0.9 0.1 1 1284.2666666666667 1728.9888888888888 420.98128224423465 557.3240727788146
0.5 0.2 0.1 1 1509.3666666666666 1728.9888888888888 443.5622579375602 557.3240727788146
0.2 0.5 0.1 1 1334.0222222222221 1728.9888888888888 428.7560554228108 557.3240727788146
0.5 0.6000000000000001 0.1 1 1484.6333333333334 1728.9888888888888 436.87281266341637 557.3240727788146
0.9 0.2 0.1 1 1479.4888888888888 1728.9888888888888 550.0930273739453 557.3240727788146
0.5 0.7000000000000001 0.1 1 1398.7222222222222 1728.9888888888888 461.66397177980673 557.3240727788146
0.8 0.9 0.1 1 1551.0444444444445 1728.9888888888888 545.7874211960205 557.3240727788146
0.30000000000000004 0.30000000000000004 0.1 1 1461.4777777777779 1728.9888888888888 468.8660606607245 557.3240727788146
0.2 0.4 0.1 1 1344.4666666666667 1728.9888888888888 477.3069406111287 557.3240727788146
0.2 0.30000000000000004 0.1 1 1450.588888888889 1728.9888888888888 564.7641768314442 557.3240727788146
0.8 0.30000000000000004 0.1 1 1411.5333333333333 1728.9888888888888 484.7296428594672 557.3240727788146
0.7000000000000001 0.4 0.1 1 1543.9444444444443 1728.9888888888888 432.3058423824789 557.3240727788146
0.8 0.2 0.1 1 1423.5777777777778 1728.9888888888888 475.61473619301427 557.3240727788146
0.30000000000000004 0.7000000000000001 0.1 1 1355.6888888888889 1728.9888888888888 471.7628322330441 557.3240727788146
0.6000000000000001 0.30000000000000004 0.1 1 1524.0 1728.9888888888888 504.6895635492729 557.3240727788146
0.5 0.4 0.1 1 1490.5 1728.9888888888888 475.766124850809 557.3240727788146
0.5 0.1 0.1 1 1450.8444444444444 1728.9888888888888 457.7606582559423 557.3240727788146
0.6000000000000001 0.1 0.1 1 1531.0666666666666 1728.9888888888888 651.6575242325441 557.3240727788146
0.1 0.9 0.1 1 1273.7777777777778 1728.9888888888888 348.21592208723274 557.3240727788146
0.8 0.7000000000000001 0.1 1 1450.2666666666667 1728.9888888888888 457.80332506923156 557.3240727788146
0.7000000000000001 0.2 0.1 1 1422.4333333333334 1728.9888888888888 405.14979534323675 557.3240727788146
0.5 0.9 0.1 1 1434.911111111111 1728.9888888888888 423.95211061954325 557.3240727788146
0.9 0.4 0.1 1 1554.111111111111 1728.9888888888888 507.4965012346707 557.3240727788146
0.1 0.7000000000000001 0.1 1 1253.8444444444444 1728.9888888888888 387.0447551241792 557.3240727788146
0.7000000000000001 0.7000000000000001 0.1 1 1554.7222222222222 1728.9888888888888 568.523878669387 557.3240727788146
0.2 0.6000000000000001 0.1 1 1357.9888888888888 1728.9888888888888 459.32574968206126 557.3240727788146
0.30000000000000004 0.6000000000000001 0.1 1 1553.7777777777778 1728.9888888888888 549.1255427754159 557.3240727788146
0.9 0.9 0.1 1 1388.0111111111112 1728.9888888888888 433.60177568425985 557.3240727788146
0.9 0.6000000000000001 0.1 1 1505.7222222222222 1728.9888888888888 497.3679395416945 557.3240727788146
0.8 0.1 0.1 1 1478.3222222222223 1728.9888888888888 463.2977642888661 557.3240727788146
0.8 0.4 0.1 1 1415.388888888889 1728.9888888888888 482.0852781739956 557.3240727788146
0.30000000000000004 0.2 0.1 1 1452.2333333333333 1728.9888888888888 559.8331507392776 557.3240727788146
0.30000000000000004 0.1 0.1 1 1366.7777777777778 1728.9888888888888 532.3632172321153 557.3240727788146
0.8 0.8 0.1 1 1497.0555555555557 1728.9888888888888 486.68585261521895 557.3240727788146
0.1 0.4 0.1 1 1235.2111111111112 1728.9888888888888 452.9928989986597 557.3240727788146
