0.9 0.6000000000000001 0.1 1 1823.5222222222221 2193.2555555555555 630.042736253798 693.4415710563765
0.5 0.5 0.1 1 1779.2222222222222 2193.2555555555555 595.3458337205318 693.4415710563765
0.5 0.9 0.1 1 1658.4 2193.2555555555555 507.81417861261025 693.4415710563765
0.7000000000000001 0.4 0.1 1 1754.0555555555557 2193.2555555555555 660.5553448275526 693.4415710563765
0.9 0.1 0.1 1 1771.8111111111111 2193.2555555555555 585.2641738649963 693.4415710563765
0.9 0.5 0.1 1 1786.2222222222222 2193.2555555555555 659.5804689814037 693.4415710563765
0.2 0.30000000000000004 0.1 1 1670.8666666666666 2193.2555555555555 565.0763802846085 693.4415710563765
0.6000000000000001 0.6000000000000001 0.1 1 1782.4777777777779 2193.2555555555555 577.8493888314147 693.4415710563765
0.1 0.5 0.1 1 1470.4444444444443 2193.2555555555555 559.2963855717112 693.4415710563765
0.2 0.2 0.1 1 1772.6 2193.2555555555555 564.1354210943799 693.4415710563765
0.8 0.9 0.1 1 1715.1777777777777 2193.2555555555555 487.1296787823724 693.4415710563765
0.6000000000000001 0.8 0.1 1 1727.2111111111112 2193.2555555555555 484.30257976334605 693.4415710563765
0.2 0.7000000000000001 0.1 1 1650.3555555555556 2193.2555555555555 613.434816080932 693.4415710563765
0.4 0.4 0.1 1 1625.3222222222223 2193.2555555555555 529.2429567636686 693.4415710563765
0.7000000000000001 0.6000000000000001 0.1 1 1861.2222222222222 2193.2555555555555 636.0628162161654 693.4415710563765
0.2 0.6000000000000001 0.1 1 1390.7444444444445 2193.2555555555555 483.15846402399353 693.4415710563765
0.6000000000000001 0.30000000000000004 0.1 1 1751.0777777777778 2193.2555555555555 567.4285119491615 693.4415710563765
0.30000000000000004 0.6000000000000001 0.1 1 1476.1555555555556 2193.2555555555555 473.7281196615044 693.4415710563765
0.30000000000000004 0.9 0.1 1 1578.4555555555555 2193.2555555555555 571.3486999316443 693.4415710563765
0.5 0.7000000000000001 0.1 1 1700.0666666666666 2193.2555555555555 583.3262247185914 693.4415710563765
0.7000000000000001 0.7000000000000001 0.1 1 1859.7222222222222 2193.2555555555555 740.012087405451 693.4415710563765
0.1 0.2 0.1 1 1493.4555555555555 2193.2555555555555 582.4462237668357 693.4415710563765
0.1 0.9 0.1 1 1447.4555555555555 2193.2555555555555 516.346936793279 693.4415710563765
0.8 0.5 0.1 1 1755.8666666666666 2193.2555555555555 631.8763803150107 693.4415710563765
0.5 0.2 0.1 1 1748.8444444444444 2193.2555555555555 532.4444657762934 693.4415710563765
0.9 0.9 0.1 1 1893.911111111111 2193.2555555555555 621.0968907137766 693.4415710563765
0.8 0.4 0.1 1 1734.6444444444444 2193.2555555555555 574.063359087578 693.4415710563765
0.1 0.6000000000000001 0.1 1 1309.6555555555556 2193.2555555555555 406.7565791617365 693.4415710563765
0.7000000000000001 0.2 0.1 1 1688.6555555555556 2193.2555555555555 573.0368644552386 693.4415710563765
0.30000000000000004 0.8 0.1 1 1688.4777777777779 2193.2555555555555 632.7341591638937 693.4415710563765
0.8 0.1 0.1 1 1898.8777777777777 2193.2555555555555 683.8775690912613 693.4415710563765
0.7000000000000001 0.30000000000000004 0.1 1 1790.3 2193.2555555555555 589.8126340909739 693.4415710563765
0.9 0.2 0.1 1 1774.1666666666667 2193.2555555555555 637.8990036744758 693.4415710563765
0.6000000000000001 0.2 0.1 1 1721.8111111111111 2193.2555555555555 624.724915363989 693.4415710563765
0.8 0.7000000000000001 0.1 1 1746.4888888888888 2193.2555555555555 616.0533570766676 693.4415710563765
0.2 0.9 0.1 1 1492.1 2193.2555555555555 563.6961760460052 693.4415710563765
0.30000000000000004 0.7000000000000001 0.1 1 1687.5333333333333 2193.2555555555555 654.8568325299134 693.4415710563765
0.9 0.30000000000000004 0.1 1 1742.088888888889 2193.2555555555555 624.6697731058377 693.4415710563765
0.6000000000000001 0.5 0.1 1 1651.2 2193.2555555555555 524.565475205696 693.4415710563765
0.4 0.5 0.1 1 1744.3111111111111 2193.2555555555555 607.7677671326705 693.4415710563765
0.30000000000000004 0.5 0.1 1 1712.8666666666666 2193.2555555555555 553.2296730211705 693.4415710563765
0.4 0.2 0.1 1 1592.2444444444445 2193.2555555555555 534.8505359466972 693.4415710563765
0.5 0.1 0.1 1 1852.888888888889 2193.2555555555555 778.6517327969252 693.4415710563765
0.2 0.1 0.1 1 1689.388888888889 2193.2555555555555 620.6113418672923 693.4415710563765
0.4 0.30000000000000004 0.1 1 1652.2888888888888 2193.2555555555555 574.3719902727471 693.4415710563765
0.9 0.4 0.1 1 1845.5444444444445 2193.2555555555555 662.2661962469155 693.4415710563765
0.30000000000000004 0.30000000000000004 0.1 1 1569.0555555555557 2193.2555555555555 549.4980610846617 693.4415710563765
0.4 0.1 0.1 1 1732.5444444444445 2193.2555555555555 563.8336862962954 693.4415710563765
0.4 0.7000000000000001 0.1 1 1668.911111111111 2193.2555555555555 453.9094781131891 693.4415710563765
0.4 0.6000000000000001 0.1 1 1812.888888888889 2193.2555555555555 628.235349467847 693.4415710563765
0.4 0.8 0.1 1 1783.2444444444445 2193.2555555555555 679.9593992962801 693.4415710563765
0.1 0.7000000000000001 0.1 1 1500.0111111111112 2193.2555555555555 532.6696598673609 693.4415710563765
0.30000000000000004 0.1 0.1 1 1725.9222222222222 2193.2555555555555 599.3311499362856 693.4415710563765
0.1 0.1 0.1 1 1389.5111111111112 2193.2555555555555 515.800052657023 693.4415710563765
0.4 0.9 0.1 1 1542.1888888888889 2193.2555555555555 560.1277412726582 693.4415710563765
0.6000000000000001 0.9 0.1 1 1663.0555555555557 2193.2555555555555 622.9413270233241 693.4415710563765
0.7000000000000001 0.8 0.1 1 1811.6333333333334 2193.2555555555555 647.7383636760894 693.4415710563765
0.8 0.8 0.1 1 1845.4666666666667 2193.2555555555555 666.4838949458735 693.4415710563765
0.7000000000000001 0.5 0.1 1 1813.7222222222222 2193.2555555555555 658.6466600837706 693.4415710563765
0.2 0.8 0.1 1 1334.9888888888888 2193.2555555555555 428.45859373247475 693.4415710563765
0.9 0.7000000000000001 0.1 1 1736.9555555555555 2193.2555555555555 521.2149889358116 693.4415710563765
0.5 0.4 0.1 1 1794.6333333333334 2193.2555555555555 619.1162778958051 693.4415710563765
0.1 0.8 0.1 1 1267.1 2193.2555555555555 551.8525980730724 693.4415710563765
0.7000000000000001 0.9 0.1 1 1875.9666666666667 2193.2555555555555 646.2604127680349 693.4415710563765
0.6000000000000001 0.7000000000000001 0.1 1 1810.1888888888889 2193.2555555555555 649.669196069036 693.4415710563765
0.30000000000000004 0.2 0.1 1 1590.8555555555556 2193.2555555555555 560.5187589508512 693.4415710563765
0.2 0.5 0.1 1 1594.6444444444444 2193.2555555555555 549.7473826143768 693.4415710563765
0.9 0.8 0.1 1 1802.3 2193.2555555555555 655.8485673791881 693.4415710563765
0.8 0.30000000000000004 0.1 1 1905.2444444444445 2193.2555555555555 652.6851769780844 693.4415710563765
0.30000000000000004 0.4 0.1 1 1735.2 2193.2555555555555 639.6146096587294 693.4415710563765
0.1 0.4 0.1 1 1437.3666666666666 2193.2555555555555 554.5489147847003 693.4415710563765
0.8 0.2 0.1 1 1820.0222222222221 2193.2555555555555 708.0331752707289 693.4415710563765
0.5 0.6000000000000001 0.1 1 1770.4555555555555 2193.2555555555555 629.0807961022902 693.4415710563765
0.6000000000000001 0.1 0.1 1 1869.1444444444444 2193.2555555555555 628.4264221248907 693.4415710563765
0.2 0.4 0.1 1 1625.588888888889 2193.2555555555555 652.5554364606281 693.4415710563765
0.8 0.6000000000000001 0.1 1 1826.2888888888888 2193.2555555555555 580.324951967898 693.4415710563765
0.1 0.30000000000000004 0.1 1 1449.4666666666667 2193.2555555555555 480.25780576686094 693.4415710563765
0.6000000000000001 0.4 0.1 1 1911.588888888889 2193.2555555555555 758.2155497459433 693.4415710563765
0.5 0.8 0.1 1 1617.9444444444443 2193.2555555555555 580.6389461640247 693.4415710563765
0.5 0.30000000000000004 0.1 1 1809.888888888889 2193.2555555555555 612.3869046506909 693.4415710563765
