0.2 0.6000000000000001 100.0 10 733.4555555555555 1058.888888888889 248.26286074379178 309.8783791692206
0.2 0.2 100.0 10 860.9444444444445 1058.888888888889 280.8417649025519 309.8783791692206
0.4 0.30000000000000004 100.0 1 929.9222222222222 1058.888888888889 282.048389377811 309.8783791692206
0.7000000000000001 0.9 10.0 10 921.6111111111111 1058.888888888889 309.9936090539948 309.8783791692206
0.30000000000000004 0.8 100.0 10 817.2444444444444 1058.888888888889 246.2510602847387 309.8783791692206
0.30000000000000004 0.1 10.0 10 934.7555555555556 1058.888888888889 290.59186006459726 309.8783791692206
0.4 0.4 10.0 1 895.2222222222222 1058.888888888889 267.84891171362415 309.8783791692206
0.1 0.4 10.0 1 895.9444444444445 1058.888888888889 282.04571580236626 309.8783791692206
0.6000000000000001 0.5 10.0 1 943.5222222222222 1058.888888888889 215.9773253416395 309.8783791692206
0.4 0.5 10.0 10 909.2666666666667 1058.888888888889 243.113087540209 309.8783791692206
0.9 0.8 100.0 10 906.1222222222223 1058.888888888889 276.7681672357963 309.8783791692206
0.8 0.7000000000000001 100.0 10 913.1333333333333 1058.888888888889 265.7804524205813 309.8783791692206
0.4 0.6000000000000001 100.0 10 903.4555555555555 1058.888888888889 197.63215893905922 309.8783791692206
0.30000000000000004 0.8 100.0 100 929.8666666666667 1058.888888888889 277.7480552987225 309.8783791692206
0.9 0.9 10.0 1 881.9111111111112 1058.888888888889 319.8224731331237 309.8783791692206
0.5 0.1 10.0 100 939.7444444444444 1058.888888888889 241.34192255024183 309.8783791692206
0.1 0.2 100.0 100 813.5 1058.888888888889 269.3825140741115 309.8783791692206
0.1 0.30000000000000004 100.0 100 816.7666666666667 1058.888888888889 218.7730965584612 309.8783791692206
0.6000000000000001 0.6000000000000001 100.0 10 925.7444444444444 1058.888888888889 253.20148152590573 309.8783791692206
0.7000000000000001 0.4 100.0 1 939.8 1058.888888888889 290.4105599549254 309.8783791692206
0.9 0.5 10.0 1 935.4333333333333 1058.888888888889 275.0934003004959 309.8783791692206
0.30000000000000004 0.6000000000000001 100.0 1 799.2111111111111 1058.888888888889 249.37568688602454 309.8783791692206
0.30000000000000004 0.1 100.0 1 910.2444444444444 1058.888888888889 282.4954792602337 309.8783791692206
0.1 0.8 100.0 100 789.3111111111111 1058.888888888889 251.4407217282234 309.8783791692206
0.8 0.7000000000000001 100.0 1 876.8 1058.888888888889 251.85446414767222 309.8783791692206
0.30000000000000004 0.1 100.0 100 878.8333333333334 1058.888888888889 284.8003296658517 309.8783791692206
0.1 0.9 100.0 100 809.4111111111112 1058.888888888889 247.43025479446587 309.8783791692206
0.4 0.8 100.0 1 737.2888888888889 1058.888888888889 249.93217944271936 309.8783791692206
0.7000000000000001 0.6000000000000001 100.0 1 875.2333333333333 1058.888888888889 261.0128157773101 309.8783791692206
0.9 0.2 100.0 10 928.9666666666667 1058.888888888889 287.5859465736576 309.8783791692206
0.2 0.30000000000000004 100.0 100 930.0888888888888 1058.888888888889 302.8232210545891 309.8783791692206
0.2 0.5 10.0 1 913.4111111111112 1058.888888888889 290.7290030421398 309.8783791692206
0.2 0.8 100.0 100 927.2111111111111 1058.888888888889 324.68790123729053 309.8783791692206
0.5 0.2 100.0 100 950.2444444444444 1058.888888888889 304.7485415555699 309.8783791692206
0.30000000000000004 0.4 100.0 1 857.5222222222222 1058.888888888889 280.1186346999657 309.8783791692206
0.2 0.30000000000000004 100.0 10 855.4333333333333 1058.888888888889 272.515200391546 309.8783791692206
0.4 0.1 10.0 10 930.3222222222222 1058.888888888889 261.47329703380495 309.8783791692206
0.5 0.2 100.0 1 897.8333333333334 1058.888888888889 247.11033298238803 309.8783791692206
0.4 0.5 100.0 1 798.0111111111111 1058.888888888889 292.40514110256316 309.8783791692206
0.30000000000000004 0.8 100.0 1 761.8888888888889 1058.888888888889 234.56600324118418 309.8783791692206
0.1 0.7000000000000001 100.0 1 699.8222222222222 1058.888888888889 186.22081145050345 309.8783791692206
0.1 0.9 10.0 1 916.2777777777778 1058.888888888889 245.72541259516024 309.8783791692206
0.2 0.5 10.0 10 929.8777777777777 1058.888888888889 276.76415261525375 309.8783791692206
0.7000000000000001 0.9 10.0 1 835.8777777777777 1058.888888888889 269.08403593498764 309.8783791692206
0.1 0.4 10.0 10 919.0 1058.888888888889 269.99769546341605 309.8783791692206
0.5 0.4 100.0 10 947.3777777777777 1058.888888888889 263.2147234052152 309.8783791692206
0.1 0.2 100.0 10 727.2777777777778 1058.888888888889 231.2179360486925 309.8783791692206
0.2 0.7000000000000001 10.0 1 928.6666666666666 1058.888888888889 284.0355220351458 309.8783791692206
0.5 0.8 10.0 1 910.2666666666667 1058.888888888889 286.2030669918748 309.8783791692206
0.5 0.8 100.0 10 914.7666666666667 1058.888888888889 324.77007422345906 309.8783791692206
0.2 0.6000000000000001 100.0 100 906.6777777777778 1058.888888888889 277.6914285788685 309.8783791692206
0.2 0.9 100.0 100 837.9111111111112 1058.888888888889 253.42716001269238 309.8783791692206
0.2 0.9 10.0 10 952.4444444444445 1058.888888888889 335.2978811979022 309.8783791692206
0.7000000000000001 0.9 100.0 1 709.2666666666667 1058.888888888889 245.16569453693506 309.8783791692206
0.2 0.6000000000000001 100.0 1 769.5666666666667 1058.888888888889 285.17207475877126 309.8783791692206
0.1 0.9 10.0 100 907.8777777777777 1058.888888888889 261.2723069807853 309.8783791692206
0.2 0.9 100.0 10 784.7111111111111 1058.888888888889 272.1856492438956 309.8783791692206
0.1 0.7000000000000001 100.0 100 798.3888888888889 1058.888888888889 210.81021978412738 309.8783791692206
0.6000000000000001 0.6000000000000001 100.0 1 935.9222222222222 1058.888888888889 329.1731131108094 309.8783791692206
0.2 0.9 100.0 1 717.1555555555556 1058.888888888889 201.42982848244978 309.8783791692206
0.6000000000000001 0.9 100.0 10 902.2111111111111 1058.888888888889 341.0699339967439 309.8783791692206
0.5 0.9 10.0 10 866.3333333333334 1058.888888888889 269.2988426760626 309.8783791692206
0.4 0.4 100.0 10 916.7333333333333 1058.888888888889 277.10787309878685 309.8783791692206
0.9 0.7000000000000001 100.0 1 913.8666666666667 1058.888888888889 323.61091864562707 309.8783791692206
0.8 0.9 100.0 1 729.4666666666667 1058.888888888889 243.70110107807608 309.8783791692206
0.7000000000000001 0.9 100.0 10 896.4666666666667 1058.888888888889 298.58210112314356 309.8783791692206
0.1 0.5 100.0 10 769.4666666666667 1058.888888888889 249.03686474094553 309.8783791692206
0.7000000000000001 0.8 100.0 1 865.2222222222222 1058.888888888889 290.22101837422605 309.8783791692206
0.7000000000000001 0.7000000000000001 10.0 1 924.5777777777778 1058.888888888889 255.0712309130651 309.8783791692206
0.2 0.2 100.0 1 830.5222222222222 1058.888888888889 261.2688367596266 309.8783791692206
0.4 0.7000000000000001 100.0 10 949.0888888888888 1058.888888888889 283.3732773586593 309.8783791692206
0.1 0.1 100.0 10 806.3777777777777 1058.888888888889 285.2677330266654 309.8783791692206
0.6000000000000001 0.9 100.0 1 699.2666666666667 1058.888888888889 235.34375803161734 309.8783791692206
0.30000000000000004 0.30000000000000004 100.0 1 872.6888888888889 1058.888888888889 269.166022473716 309.8783791692206
0.1 0.6000000000000001 100.0 1 757.1555555555556 1058.888888888889 260.2936338108735 309.8783791692206
0.1 0.2 10.0 10 929.5444444444445 1058.888888888889 253.65975291108674 309.8783791692206
0.5 0.7000000000000001 100.0 100 948.4111111111112 1058.888888888889 285.54722880207265 309.8783791692206
0.1 0.1 10.0 1 901.4222222222222 1058.888888888889 254.41929424465945 309.8783791692206
0.6000000000000001 0.8 100.0 10 931.7333333333333 1058.888888888889 263.3660654762577 309.8783791692206
0.8 0.8 10.0 1 922.6333333333333 1058.888888888889 262.5127065707698 309.8783791692206
0.9 0.4 100.0 10 930.0777777777778 1058.888888888889 279.57651418520584 309.8783791692206
0.5 0.1 10.0 10 925.6888888888889 1058.888888888889 256.99449386425226 309.8783791692206
0.30000000000000004 0.4 10.0 10 908.9333333333333 1058.888888888889 295.6048714077628 309.8783791692206
0.7000000000000001 0.7000000000000001 100.0 1 846.6222222222223 1058.888888888889 292.1047596621527 309.8783791692206
0.30000000000000004 0.9 10.0 1 882.5222222222222 1058.888888888889 268.3593042412346 309.8783791692206
0.7000000000000001 0.8 100.0 10 939.1222222222223 1058.888888888889 268.43897828320013 309.8783791692206
0.2 0.8 10.0 100 920.7555555555556 1058.888888888889 267.6056099358454 309.8783791692206
0.30000000000000004 0.9 100.0 10 747.2555555555556 1058.888888888889 221.49730678629086 309.8783791692206
0.30000000000000004 0.30000000000000004 100.0 10 891.9111111111112 1058.888888888889 254.04604326532115 309.8783791692206
0.2 0.2 100.0 100 879.5555555555555 1058.888888888889 258.16623030353105 309.8783791692206
0.6000000000000001 0.7000000000000001 100.0 1 817.5222222222222 1058.888888888889 239.9725552723699 309.8783791692206
0.4 0.8 100.0 10 868.1111111111111 1058.888888888889 284.92870236622133 309.8783791692206
0.2 0.5 100.0 1 804.5111111111111 1058.888888888889 248.71171372335857 309.8783791692206
0.2 0.6000000000000001 10.0 1 868.4555555555555 1058.888888888889 240.95145482077277 309.8783791692206
0.4 0.9 10.0 10 938.4777777777778 1058.888888888889 326.27191208757756 309.8783791692206
0.6000000000000001 0.5 10.0 10 902.1888888888889 1058.888888888889 250.16398597028953 309.8783791692206
0.4 0.9 100.0 1 705.4777777777778 1058.888888888889 198.1451335526999 309.8783791692206
0.30000000000000004 0.1 100.0 10 908.4 1058.888888888889 256.72825235169495 309.8783791692206
0.4 0.2 100.0 1 913.2444444444444 1058.888888888889 305.56873426125367 309.8783791692206
0.5 0.9 100.0 10 857.5444444444445 1058.888888888889 288.92944779386744 309.8783791692206
0.9 0.9 10.0 10 944.7222222222222 1058.888888888889 252.22120043845894 309.8783791692206
0.30000000000000004 0.9 100.0 1 713.8888888888889 1058.888888888889 186.94351163709823 309.8783791692206
0.1 0.8 100.0 1 689.8666666666667 1058.888888888889 206.38201902728295 309.8783791692206
0.1 0.9 100.0 1 792.3555555555556 1058.888888888889 206.86905740970602 309.8783791692206
0.9 0.7000000000000001 100.0 10 933.2555555555556 1058.888888888889 271.62725935496854 309.8783791692206
0.1 0.4 100.0 10 735.0888888888888 1058.888888888889 253.3201156395882 309.8783791692206
0.30000000000000004 0.6000000000000001 10.0 1 917.9 1058.888888888889 283.9363406743764 309.8783791692206
0.30000000000000004 0.4 100.0 10 790.3222222222222 1058.888888888889 246.41955314633515 309.8783791692206
0.2 0.6000000000000001 10.0 10 922.8555555555556 1058.888888888889 289.56114537965937 309.8783791692206
0.1 0.1 100.0 1 799.5111111111111 1058.888888888889 237.2351503112679 309.8783791692206
0.8 0.4 10.0 1 950.6777777777778 1058.888888888889 251.84505058899381 309.8783791692206
0.4 0.4 100.0 1 894.7111111111111 1058.888888888889 265.01627809310315 309.8783791692206
0.30000000000000004 0.30000000000000004 100.0 100 878.6111111111111 1058.888888888889 279.3172109286996 309.8783791692206
0.2 0.1 100.0 10 854.9888888888889 1058.888888888889 298.05899842683806 309.8783791692206
0.6000000000000001 0.7000000000000001 100.0 10 877.6222222222223 1058.888888888889 225.73876631470273 309.8783791692206
0.8 0.9 100.0 10 831.5555555555555 1058.888888888889 239.34007005890695 309.8783791692206
0.8 0.8 10.0 10 950.2444444444444 1058.888888888889 208.77735674961983 309.8783791692206
0.1 0.5 100.0 100 816.5333333333333 1058.888888888889 251.74525042413634 309.8783791692206
0.1 0.5 100.0 1 695.3222222222222 1058.888888888889 197.6547960335436 309.8783791692206
0.7000000000000001 0.5 100.0 1 925.6555555555556 1058.888888888889 285.4890603512627 309.8783791692206
0.1 0.2 100.0 1 784.7444444444444 1058.888888888889 253.1923976878326 309.8783791692206
0.6000000000000001 0.2 100.0 1 922.2777777777778 1058.888888888889 258.5543152813685 309.8783791692206
0.30000000000000004 0.7000000000000001 10.0 100 941.7444444444444 1058.888888888889 290.7621617256242 309.8783791692206
0.5 0.1 100.0 10 951.3 1058.888888888889 285.52791068086105 309.8783791692206
0.6000000000000001 0.9 10.0 10 945.0 1058.888888888889 327.2229277487206 309.8783791692206
0.30000000000000004 0.5 100.0 1 815.1444444444444 1058.888888888889 273.3030292595915 309.8783791692206
0.2 0.8 10.0 10 893.3666666666667 1058.888888888889 238.64997381101892 309.8783791692206
0.4 0.2 10.0 1 868.1444444444444 1058.888888888889 254.02740714388852 309.8783791692206
0.1 0.6000000000000001 10.0 1 944.9666666666667 1058.888888888889 268.44103221709196 309.8783791692206
0.5 0.5 100.0 10 913.3 1058.888888888889 239.74307775894874 309.8783791692206
0.9 0.8 100.0 1 819.3888888888889 1058.888888888889 241.18755700558222 309.8783791692206
0.2 0.4 100.0 1 785.1555555555556 1058.888888888889 244.38157373305975 309.8783791692206
0.2 0.5 100.0 100 903.8777777777777 1058.888888888889 238.59024976714917 309.8783791692206
0.4 0.8 10.0 10 934.8666666666667 1058.888888888889 257.5814089219605 309.8783791692206
0.2 0.9 10.0 1 898.3777777777777 1058.888888888889 280.2135922541064 309.8783791692206
0.30000000000000004 0.2 100.0 10 908.7888888888889 1058.888888888889 291.97669216126155 309.8783791692206
0.6000000000000001 0.9 10.0 1 815.9444444444445 1058.888888888889 251.24765830245892 309.8783791692206
0.5 0.4 100.0 1 932.3888888888889 1058.888888888889 286.26509448584136 309.8783791692206
0.1 0.2 10.0 1 933.8222222222222 1058.888888888889 277.91223945610267 309.8783791692206
0.2 0.7000000000000001 100.0 1 752.6111111111111 1058.888888888889 256.1011386344788 309.8783791692206
0.5 0.8 100.0 1 719.3777777777777 1058.888888888889 232.46460078318154 309.8783791692206
0.1 0.6000000000000001 100.0 100 777.1333333333333 1058.888888888889 213.85671215403394 309.8783791692206
0.1 0.4 100.0 100 866.4222222222222 1058.888888888889 236.9924038997301 309.8783791692206
0.30000000000000004 0.7000000000000001 10.0 10 925.5666666666667 1058.888888888889 282.8031922654968 309.8783791692206
0.2 0.8 100.0 1 776.7 1058.888888888889 242.95602940084083 309.8783791692206
0.4 0.30000000000000004 100.0 100 946.1 1058.888888888889 284.5780912157504 309.8783791692206
0.30000000000000004 0.6000000000000001 100.0 10 891.5222222222222 1058.888888888889 254.37178511330296 309.8783791692206
0.6000000000000001 0.5 100.0 1 918.5444444444445 1058.888888888889 229.66677121967194 309.8783791692206
0.4 0.8 10.0 1 944.7444444444444 1058.888888888889 316.0668199785577 309.8783791692206
0.2 0.1 100.0 100 809.9888888888889 1058.888888888889 234.59935087740283 309.8783791692206
0.9 0.6000000000000001 100.0 10 941.7333333333333 1058.888888888889 286.7717946769211 309.8783791692206
0.9 0.8 10.0 1 882.2444444444444 1058.888888888889 246.9094440888135 309.8783791692206
0.2 0.7000000000000001 100.0 100 900.6222222222223 1058.888888888889 276.3704670577672 309.8783791692206
0.2 0.5 100.0 10 853.0222222222222 1058.888888888889 287.92784504215166 309.8783791692206
0.5 0.6000000000000001 100.0 1 850.2111111111111 1058.888888888889 299.50271727368516 309.8783791692206
0.7000000000000001 0.6000000000000001 100.0 10 943.3333333333334 1058.888888888889 269.8199811396892 309.8783791692206
0.4 0.6000000000000001 100.0 1 853.4111111111112 1058.888888888889 276.6887498995715 309.8783791692206
0.6000000000000001 0.30000000000000004 10.0 10 945.1555555555556 1058.888888888889 300.51259582073027 309.8783791692206
0.1 0.30000000000000004 100.0 10 781.4777777777778 1058.888888888889 246.9426036676799 309.8783791692206
0.5 0.7000000000000001 100.0 1 827.6555555555556 1058.888888888889 263.47992380239066 309.8783791692206
0.1 0.6000000000000001 10.0 10 929.5444444444445 1058.888888888889 274.10428514673475 309.8783791692206
0.7000000000000001 0.1 100.0 1 947.6111111111111 1058.888888888889 307.8005015678696 309.8783791692206
0.1 0.6000000000000001 100.0 10 748.0333333333333 1058.888888888889 203.40624102738073 309.8783791692206
0.30000000000000004 0.2 100.0 100 915.1444444444444 1058.888888888889 250.5131871051507 309.8783791692206
0.6000000000000001 0.8 100.0 1 835.6555555555556 1058.888888888889 270.28590463972324 309.8783791692206
0.30000000000000004 0.8 10.0 1 851.8666666666667 1058.888888888889 293.0191575079464 309.8783791692206
0.4 0.4 100.0 100 934.4666666666667 1058.888888888889 274.5187384820529 309.8783791692206
0.9 0.9 100.0 1 734.6222222222223 1058.888888888889 216.53450214061485 309.8783791692206
0.1 0.9 100.0 10 787.8333333333334 1058.888888888889 217.15822444578154 309.8783791692206
0.9 0.9 100.0 10 893.3777777777777 1058.888888888889 300.103485032072 309.8783791692206
0.2 0.4 100.0 100 896.0555555555555 1058.888888888889 278.5412541203073 309.8783791692206
0.30000000000000004 0.2 10.0 100 931.3333333333334 1058.888888888889 229.2097535252615 309.8783791692206
0.2 0.8 10.0 1 822.1555555555556 1058.888888888889 262.3778408288793 309.8783791692206
0.4 0.1 100.0 1 910.2555555555556 1058.888888888889 283.99387947673614 309.8783791692206
0.30000000000000004 0.9 100.0 100 901.9222222222222 1058.888888888889 299.69993244272314 309.8783791692206
0.4 0.9 100.0 10 774.9777777777778 1058.888888888889 199.80974160312147 309.8783791692206
0.8 0.6000000000000001 100.0 1 946.9555555555555 1058.888888888889 304.3448669267996 309.8783791692206
0.2 0.9 10.0 100 948.5777777777778 1058.888888888889 258.43481782013896 309.8783791692206
0.4 0.7000000000000001 100.0 1 844.8 1058.888888888889 297.74083435841385 309.8783791692206
0.2 0.7000000000000001 100.0 10 831.0555555555555 1058.888888888889 277.14875111916626 309.8783791692206
0.8 0.9 10.0 1 852.9333333333333 1058.888888888889 275.7208652887111 309.8783791692206
0.5 0.9 10.0 1 861.5888888888888 1058.888888888889 265.4924520561092 309.8783791692206
0.4 0.9 10.0 1 816.0 1058.888888888889 276.0444408665629 309.8783791692206
0.2 0.4 100.0 10 790.7444444444444 1058.888888888889 252.6672190456192 309.8783791692206
0.30000000000000004 0.7000000000000001 100.0 1 776.6111111111111 1058.888888888889 229.54659146744257 309.8783791692206
0.5 0.30000000000000004 100.0 1 898.5 1058.888888888889 303.90233262970816 309.8783791692206
0.8 0.1 100.0 1 949.4333333333333 1058.888888888889 305.7824953205209 309.8783791692206
0.1 0.7000000000000001 100.0 10 695.7444444444444 1058.888888888889 196.227167736847 309.8783791692206
0.30000000000000004 0.7000000000000001 100.0 10 868.1555555555556 1058.888888888889 266.2260489430035 309.8783791692206
0.1 0.8 100.0 10 716.7555555555556 1058.888888888889 226.29264784596032 309.8783791692206
0.6000000000000001 0.4 100.0 10 946.1555555555556 1058.888888888889 232.99327177272318 309.8783791692206
0.1 0.4 100.0 1 760.7333333333333 1058.888888888889 234.27921613133148 309.8783791692206
0.5 0.7000000000000001 100.0 10 898.8444444444444 1058.888888888889 258.42922569120935 309.8783791692206
0.8 0.30000000000000004 100.0 10 947.6 1058.888888888889 306.9356356704846 309.8783791692206
0.1 0.1 100.0 100 854.7888888888889 1058.888888888889 250.68534923482798 309.8783791692206
0.8 0.8 100.0 1 787.6111111111111 1058.888888888889 242.26343303861253 309.8783791692206
0.2 0.30000000000000004 100.0 1 873.7333333333333 1058.888888888889 292.71927393551204 309.8783791692206
0.6000000000000001 0.4 100.0 1 878.7666666666667 1058.888888888889 291.6614875730653 309.8783791692206
0.30000000000000004 0.9 10.0 10 897.4111111111112 1058.888888888889 315.6668389455512 309.8783791692206
0.30000000000000004 0.2 10.0 10 928.7888888888889 1058.888888888889 271.6688545696946 309.8783791692206
0.7000000000000001 0.8 10.0 1 933.6333333333333 1058.888888888889 263.68118164851194 309.8783791692206
0.1 0.30000000000000004 10.0 1 931.2888888888889 1058.888888888889 260.6806153320123 309.8783791692206
0.30000000000000004 0.5 100.0 10 900.5555555555555 1058.888888888889 286.73662367759147 309.8783791692206
0.5 0.9 100.0 1 735.9 1058.888888888889 232.74349495623812 309.8783791692206
0.4 0.6000000000000001 100.0 100 919.9666666666667 1058.888888888889 289.45828523103097 309.8783791692206
0.2 0.1 100.0 1 848.8333333333334 1058.888888888889 220.88550327161707 309.8783791692206
0.5 0.7000000000000001 10.0 10 951.9111111111112 1058.888888888889 274.579300200808 309.8783791692206
0.5 0.30000000000000004 10.0 10 902.8555555555556 1058.888888888889 237.10052069445192 309.8783791692206
0.30000000000000004 0.5 10.0 1 944.5888888888888 1058.888888888889 271.92392295740217 309.8783791692206
0.5 0.6000000000000001 100.0 10 914.9 1058.888888888889 279.42476824918566 309.8783791692206
0.4 0.1 100.0 10 912.9777777777778 1058.888888888889 284.28713879447764 309.8783791692206
0.2 0.8 100.0 10 739.4111111111112 1058.888888888889 247.18251890924842 309.8783791692206
0.30000000000000004 0.2 100.0 1 835.3777777777777 1058.888888888889 287.9296047369055 309.8783791692206
0.5 0.5 100.0 1 868.6444444444444 1058.888888888889 291.32834896999 309.8783791692206
0.4 0.7000000000000001 10.0 1 888.3888888888889 1058.888888888889 266.90359035278993 309.8783791692206
0.1 0.30000000000000004 100.0 1 776.2 1058.888888888889 262.87205168209795 309.8783791692206
