0.30000000000000004 0.5 0.1 1 611.7666666666667 765.1888888888889 159.23518943862743 192.84633459164348
0.2 0.1 0.1 1 648.9666666666667 765.1888888888889 190.75076525257884 192.84633459164348
0.1 0.7000000000000001 0.1 1 593.8 765.1888888888889 176.74967861042603 192.84633459164348
0.30000000000000004 0.6000000000000001 0.1 1 642.1555555555556 765.1888888888889 175.3570903493853 192.84633459164348
0.7000000000000001 0.9 0.1 1 633.6777777777778 765.1888888888889 167.60972046710694 192.84633459164348
0.1 0.30000000000000004 0.1 1 578.5666666666667 765.1888888888889 146.4477950215252 192.84633459164348
0.1 0.8 0.1 1 640.4333333333333 765.1888888888889 152.16497260831378 192.84633459164348
0.8 0.30000000000000004 0.1 1 654.0777777777778 765.1888888888889 204.42848397845245 192.84633459164348
0.4 0.7000000000000001 0.1 1 639.0333333333333 765.1888888888889 187.88628061794304 192.84633459164348
0.5 0.2 0.1 1 639.0 765.1888888888889 191.24992374726148 192.84633459164348
0.30000000000000004 0.4 0.1 1 676.1888888888889 765.1888888888889 197.4205265948494 192.84633459164348
0.6000000000000001 0.2 0.1 1 604.8777777777777 765.1888888888889 165.1572871724794 192.84633459164348
0.6000000000000001 0.9 0.1 1 634.7555555555556 765.1888888888889 187.57767642061788 192.84633459164348
0.2 0.2 0.1 1 612.2222222222222 765.1888888888889 172.82250224999814 192.84633459164348
0.9 0.8 0.1 1 643.3 765.1888888888889 196.10175646558827 192.84633459164348
0.7000000000000001 0.8 0.1 1 647.0444444444445 765.1888888888889 184.58168388193707 192.84633459164348
0.6000000000000001 0.8 0.1 1 638.6666666666666 765.1888888888889 189.48215981693076 192.84633459164348
0.4 0.6000000000000001 0.1 1 641.5777777777778 765.1888888888889 184.8914382837055 192.84633459164348
0.2 0.9 0.1 1 598.6222222222223 765.1888888888889 148.81148236594723 192.84633459164348
0.1 0.6000000000000001 0.1 1 581.8333333333334 765.1888888888889 160.7945721858933 192.84633459164348
0.9 0.9 0.1 1 644.0222222222222 765.1888888888889 200.1037496332439 192.84633459164348
0.8 0.5 0.1 1 656.7444444444444 765.1888888888889 195.48217088983452 192.84633459164348
0.1 0.4 0.1 1 551.1111111111111 765.1888888888889 149.3543470664792 192.84633459164348
0.8 0.7000000000000001 0.1 1 641.2555555555556 765.1888888888889 176.5202891146958 192.84633459164348
0.2 0.8 0.1 1 611.8666666666667 765.1888888888889 172.42410246572578 192.84633459164348
0.30000000000000004 0.8 0.1 1 614.6222222222223 765.1888888888889 161.2597337477495 192.84633459164348
0.30000000000000004 0.2 0.1 1 604.6555555555556 765.1888888888889 172.121608244553 192.84633459164348
0.4 0.4 0.1 1 590.8111111111111 765.1888888888889 162.90425916568597 192.84633459164348
0.1 0.1 0.1 1 602.8888888888889 765.1888888888889 171.17751958092086 192.84633459164348
0.5 0.7000000000000001 0.1 1 678.0222222222222 765.1888888888889 188.75539596571232 192.84633459164348
0.7000000000000001 0.6000000000000001 0.1 1 641.1333333333333 765.1888888888889 170.4793372947128 192.84633459164348
0.1 0.5 0.1 1 577.0 765.1888888888889 157.08405393291835 192.84633459164348
0.30000000000000004 0.1 0.1 1 633.9222222222222 765.1888888888889 198.37815895561 192.84633459164348
0.2 0.4 0.1 1 569.9444444444445 765.1888888888889 182.28471997345926 192.84633459164348
0.7000000000000001 0.2 0.1 1 684.2222222222222 765.1888888888889 166.30526000753207 192.84633459164348
0.6000000000000001 0.5 0.1 1 643.0666666666667 765.1888888888889 177.7484364675725 192.84633459164348
0.9 0.5 0.1 1 648.2222222222222 765.1888888888889 197.12566650505389 192.84633459164348
0.7000000000000001 0.4 0.1 1 673.9333333333333 765.1888888888889 198.18968467382734 192.84633459164348
0.2 0.6000000000000001 0.1 1 603.9444444444445 765.1888888888889 200.23199661676404 192.84633459164348
0.1 0.9 0.1 1 616.4555555555555 765.1888888888889 147.20055563837698 192.84633459164348
0.9 0.7000000000000001 0.1 1 681.5444444444445 765.1888888888889 195.59255615869267 192.84633459164348
0.8 0.1 0.1 1 678.8111111111111 765.1888888888889 199.22688877226523 192.84633459164348
0.4 0.8 0.1 1 612.1555555555556 765.1888888888889 198.34251581606733 192.84633459164348
0.7000000000000001 0.1 0.1 1 649.5 765.1888888888889 154.7002298353532 192.84633459164348
0.5 0.4 0.1 1 678.1222222222223 765.1888888888889 189.30151304072075 192.84633459164348
0.30000000000000004 0.7000000000000001 0.1 1 617.8444444444444 765.1888888888889 160.2553456283725 192.84633459164348
0.5 0.9 0.1 1 630.0 765.1888888888889 184.01467332797134 192.84633459164348
0.6000000000000001 0.30000000000000004 0.1 1 665.3666666666667 765.1888888888889 190.159374677605 192.84633459164348
0.7000000000000001 0.30000000000000004 0.1 1 637.0888888888888 765.1888888888889 174.6930415484031 192.84633459164348
0.5 0.1 0.1 1 624.3222222222222 765.1888888888889 181.89782405257554 192.84633459164348
0.7000000000000001 0.5 0.1 1 647.2777777777778 765.1888888888889 199.14746226953298 192.84633459164348
0.6000000000000001 0.6000000000000001 0.1 1 650.5555555555555 765.1888888888889 198.45016789058775 192.84633459164348
0.2 0.7000000000000001 0.1 1 640.0444444444445 765.1888888888889 183.20364571282184 192.84633459164348
0.9 0.2 0.1 1 685.6888888888889 765.1888888888889 185.5590139398272 192.84633459164348
0.6000000000000001 0.4 0.1 1 619.9888888888889 765.1888888888889 155.86222508958525 192.84633459164348
0.5 0.6000000000000001 0.1 1 658.7777777777778 765.1888888888889 207.0394368111103 192.84633459164348
0.4 0.30000000000000004 0.1 1 642.4222222222222 765.1888888888889 160.3042231215924 192.84633459164348
0.8 0.6000000000000001 0.1 1 672.5 765.1888888888889 210.41927721152885 192.84633459164348
0.4 0.9 0.1 1 580.3777777777777 765.1888888888889 155.8802658579675 192.84633459164348
0.5 0.30000000000000004 0.1 1 649.0 765.1888888888889 185.4872861770675 192.84633459164348
0.30000000000000004 0.30000000000000004 0.1 1 635.0666666666667 765.1888888888889 150.11305369250496 192.84633459164348
0.4 0.5 0.1 1 676.3555555555556 765.1888888888889 201.83878666517276 192.84633459164348
0.9 0.30000000000000004 0.1 1 673.9555555555555 765.1888888888889 208.92906351258773 192.84633459164348
0.9 0.1 0.1 1 681.3111111111111 765.1888888888889 199.43172847114286 192.84633459164348
0.6000000000000001 0.7000000000000001 0.1 1 684.3111111111111 765.1888888888889 188.06397519310312 192.84633459164348
0.8 0.8 0.1 1 678.3444444444444 765.1888888888889 191.91335782998598 192.84633459164348
0.30000000000000004 0.9 0.1 1 581.7111111111111 765.1888888888889 181.0904773522184 192.84633459164348
0.4 0.1 0.1 1 629.6777777777778 765.1888888888889 183.9555397841662 192.84633459164348
0.6000000000000001 0.1 0.1 1 661.2 765.1888888888889 199.87024679915606 192.84633459164348
0.8 0.4 0.1 1 656.0444444444445 765.1888888888889 208.03941459418542 192.84633459164348
0.8 0.9 0.1 1 679.0222222222222 765.1888888888889 180.66488177333423 192.84633459164348
0.1 0.2 0.1 1 592.9444444444445 765.1888888888889 162.93607206584704 192.84633459164348
0.5 0.8 0.1 1 650.9444444444445 765.1888888888889 179.69927725762724 192.84633459164348
0.4 0.2 0.1 1 619.7222222222222 765.1888888888889 184.39125237010916 192.84633459164348
0.7000000000000001 0.7000000000000001 0.1 1 626.8111111111111 765.1888888888889 169.365016356484 192.84633459164348
0.2 0.5 0.1 1 629.5 765.1888888888889 158.0691304461437 192.84633459164348
0.5 0.5 0.1 1 682.2222222222222 765.1888888888889 188.1273668896673 192.84633459164348
0.9 0.6000000000000001 0.1 1 665.4 765.1888888888889 184.08517352332075 192.84633459164348
0.2 0.30000000000000004 0.1 1 623.6 765.1888888888889 192.58815009121292 192.84633459164348
