0.2 0.30000000000000004 100.0 10 1004.6111111111111 1228.9666666666667 368.6155387827523 443.96732737643856
0.1 0.8 100.0 10 859.6222222222223 1228.9666666666667 272.7937184751624 443.96732737643856
0.1 0.4 10.0 1 1039.1666666666667 1228.9666666666667 329.43440588040863 443.96732737643856
0.30000000000000004 0.9 100.0 1 883.7777777777778 1228.9666666666667 286.50444160907597 443.96732737643856
0.30000000000000004 0.9 10.0 100 1070.0666666666666 1228.9666666666667 349.3563860078193 443.96732737643856
0.9 0.9 10.0 1 986.1111111111111 1228.9666666666667 312.22973893680154 443.96732737643856
0.8 0.8 10.0 1 1070.4 1228.9666666666667 339.7212517475009 443.96732737643856
0.30000000000000004 0.5 100.0 10 1051.9666666666667 1228.9666666666667 360.17031310818004 443.96732737643856
0.8 0.7000000000000001 100.0 1 1033.7 1228.9666666666667 327.4966479896313 443.96732737643856
0.6000000000000001 0.8 100.0 10 962.0 1228.9666666666667 316.59497434068305 443.96732737643856
0.8 0.4 100.0 10 1091.8777777777777 1228.9666666666667 357.2132829363612 443.96732737643856
0.30000000000000004 0.5 100.0 100 1013.6 1228.9666666666667 347.05343168515776 443.96732737643856
0.6000000000000001 0.9 100.0 10 1009.7777777777778 1228.9666666666667 312.8772843491972 443.96732737643856
0.4 0.7000000000000001 10.0 100 1056.2888888888888 1228.9666666666667 302.68040513769796 443.96732737643856
0.6000000000000001 0.30000000000000004 100.0 10 1098.3222222222223 1228.9666666666667 376.692442415347 443.96732737643856
0.9 0.30000000000000004 10.0 10 1061.2222222222222 1228.9666666666667 310.82159147716084 443.96732737643856
0.9 0.2 10.0 1 1105.8333333333333 1228.9666666666667 345.3445702804985 443.96732737643856
0.30000000000000004 0.30000000000000004 100.0 1 1006.5777777777778 1228.9666666666667 340.03607579124036 443.96732737643856
0.6000000000000001 0.9 10.0 10 1081.9666666666667 1228.9666666666667 360.4792935955005 443.96732737643856
0.30000000000000004 0.9 100.0 10 998.1 1228.9666666666667 305.3904986515898 443.96732737643856
0.2 0.7000000000000001 100.0 1 851.7888888888889 1228.9666666666667 329.0469907152555 443.96732737643856
0.4 0.6000000000000001 10.0 100 1103.4777777777779 1228.9666666666667 377.4261731422975 443.96732737643856
0.1 0.5 100.0 100 910.2444444444444 1228.9666666666667 284.8019316067108 443.96732737643856
0.7000000000000001 0.5 10.0 10 1088.0333333333333 1228.9666666666667 382.98660986166783 443.96732737643856
0.1 0.6000000000000001 100.0 100 987.7777777777778 1228.9666666666667 344.2178824774854 443.96732737643856
0.2 0.7000000000000001 100.0 100 1038.8222222222223 1228.9666666666667 317.66878550457335 443.96732737643856
0.4 0.5 100.0 1 1017.5777777777778 1228.9666666666667 335.84334899135405 443.96732737643856
0.5 0.7000000000000001 100.0 1 921.7444444444444 1228.9666666666667 328.7809659640395 443.96732737643856
0.8 0.8 100.0 10 1038.3111111111111 1228.9666666666667 365.3035463661068 443.96732737643856
0.1 0.9 100.0 100 946.2555555555556 1228.9666666666667 330.03937681269724 443.96732737643856
0.2 0.2 10.0 1 1072.5111111111112 1228.9666666666667 336.0226594358198 443.96732737643856
0.2 0.5 100.0 100 930.8444444444444 1228.9666666666667 281.2060103321292 443.96732737643856
0.9 0.9 100.0 1 941.1222222222223 1228.9666666666667 327.14216507940324 443.96732737643856
0.30000000000000004 0.1 100.0 1 1066.9 1228.9666666666667 354.6828332781588 443.96732737643856
0.30000000000000004 0.7000000000000001 100.0 100 1032.4777777777779 1228.9666666666667 324.69627612338746 443.96732737643856
0.1 0.5 10.0 1 1075.3 1228.9666666666667 412.83804868791395 443.96732737643856
0.1 0.9 100.0 10 1057.388888888889 1228.9666666666667 326.55282691385804 443.96732737643856
0.30000000000000004 0.7000000000000001 10.0 10 1061.9222222222222 1228.9666666666667 325.26868304962824 443.96732737643856
0.4 0.8 10.0 10 1102.9888888888888 1228.9666666666667 329.1082055914959 443.96732737643856
0.4 0.9 100.0 10 1084.9444444444443 1228.9666666666667 388.0683891936549 443.96732737643856
0.8 0.9 100.0 10 1100.2333333333333 1228.9666666666667 401.2210820316732 443.96732737643856
0.4 0.8 100.0 1 947.3333333333334 1228.9666666666667 382.2281459489286 443.96732737643856
0.4 0.5 100.0 100 1080.7888888888888 1228.9666666666667 368.5148419879884 443.96732737643856
0.30000000000000004 0.5 100.0 1 946.9888888888889 1228.9666666666667 382.9245499934085 443.96732737643856
0.1 0.4 100.0 1 985.8222222222222 1228.9666666666667 376.58257402823136 443.96732737643856
0.5 0.9 10.0 1 976.8111111111111 1228.9666666666667 304.57660574218784 443.96732737643856
0.1 0.6000000000000001 10.0 1 1099.1 1228.9666666666667 353.6135696868358 443.96732737643856
0.5 0.5 10.0 100 1038.1444444444444 1228.9666666666667 364.4589768444031 443.96732737643856
0.2 0.1 10.0 1 1100.411111111111 1228.9666666666667 394.63690468988057 443.96732737643856
0.5 0.5 100.0 10 1090.8444444444444 1228.9666666666667 376.2614903704636 443.96732737643856
0.2 0.30000000000000004 100.0 100 974.0 1228.9666666666667 327.65483193276566 443.96732737643856
0.2 0.6000000000000001 100.0 100 994.1666666666666 1228.9666666666667 305.58320379962714 443.96732737643856
0.5 0.2 10.0 100 1029.7444444444445 1228.9666666666667 329.7549110445888 443.96732737643856
0.7000000000000001 0.6000000000000001 100.0 1 986.9666666666667 1228.9666666666667 348.876210137636 443.96732737643856
0.30000000000000004 0.30000000000000004 100.0 100 1052.888888888889 1228.9666666666667 376.99792054965695 443.96732737643856
0.4 0.2 100.0 100 1002.2333333333333 1228.9666666666667 355.2865213067085 443.96732737643856
0.2 0.30000000000000004 100.0 1 1048.0666666666666 1228.9666666666667 281.9129022312466 443.96732737643856
0.2 0.6000000000000001 100.0 10 948.2888888888889 1228.9666666666667 300.0312666834147 443.96732737643856
0.1 0.4 100.0 100 924.7444444444444 1228.9666666666667 325.0579627324986 443.96732737643856
0.2 0.6000000000000001 100.0 1 908.9444444444445 1228.9666666666667 308.7140842308125 443.96732737643856
0.6000000000000001 0.6000000000000001 100.0 10 1057.5777777777778 1228.9666666666667 356.40021130364664 443.96732737643856
0.4 0.8 10.0 1 1095.7111111111112 1228.9666666666667 420.35033654333944 443.96732737643856
0.1 0.2 10.0 100 1098.3666666666666 1228.9666666666667 345.1824783115929 443.96732737643856
0.9 0.1 10.0 10 1088.0333333333333 1228.9666666666667 355.9308125652137 443.96732737643856
0.7000000000000001 0.6000000000000001 100.0 10 1087.8666666666666 1228.9666666666667 346.1284989390179 443.96732737643856
0.1 0.2 100.0 10 904.3777777777777 1228.9666666666667 330.38461013988524 443.96732737643856
0.6000000000000001 0.8 10.0 1 1067.9 1228.9666666666667 346.0978683038143 443.96732737643856
0.7000000000000001 0.5 100.0 1 1048.3222222222223 1228.9666666666667 264.37312973975827 443.96732737643856
0.1 0.8 100.0 1 904.0777777777778 1228.9666666666667 264.81432605497497 443.96732737643856
0.6000000000000001 0.6000000000000001 100.0 1 1032.1444444444444 1228.9666666666667 387.6623548373309 443.96732737643856
0.2 0.9 100.0 1 974.1 1228.9666666666667 301.26529652266436 443.96732737643856
0.5 0.8 10.0 10 1063.6666666666667 1228.9666666666667 313.0913604684742 443.96732737643856
0.1 0.30000000000000004 100.0 1 956.2333333333333 1228.9666666666667 286.7341412838342 443.96732737643856
0.30000000000000004 0.8 100.0 10 1020.1888888888889 1228.9666666666667 407.66088560753656 443.96732737643856
0.5 0.4 100.0 100 1079.6444444444444 1228.9666666666667 373.020741487986 443.96732737643856
0.30000000000000004 0.30000000000000004 10.0 10 1080.0111111111112 1228.9666666666667 408.4870321467975 443.96732737643856
0.4 0.4 100.0 100 1078.4777777777779 1228.9666666666667 364.52304386166435 443.96732737643856
0.4 0.7000000000000001 10.0 10 1098.411111111111 1228.9666666666667 382.7311761666098 443.96732737643856
0.7000000000000001 0.4 100.0 1 1103.0222222222221 1228.9666666666667 369.256399260814 443.96732737643856
0.8 0.5 100.0 10 1056.0555555555557 1228.9666666666667 328.81867212158505 443.96732737643856
0.7000000000000001 0.5 100.0 10 1097.9222222222222 1228.9666666666667 334.229103985002 443.96732737643856
0.30000000000000004 0.6000000000000001 100.0 10 1033.0333333333333 1228.9666666666667 350.807780542121 443.96732737643856
0.2 0.9 100.0 10 982.8777777777777 1228.9666666666667 399.64063934650585 443.96732737643856
0.1 0.8 100.0 100 875.3444444444444 1228.9666666666667 288.00139510121636 443.96732737643856
0.6000000000000001 0.4 100.0 1 1101.3222222222223 1228.9666666666667 406.52518926405145 443.96732737643856
0.4 0.5 100.0 10 1013.4777777777778 1228.9666666666667 326.0603293794904 443.96732737643856
0.2 0.2 100.0 1 1000.8444444444444 1228.9666666666667 354.7891051537554 443.96732737643856
0.5 0.1 100.0 100 1056.5222222222221 1228.9666666666667 321.8636781060432 443.96732737643856
0.30000000000000004 0.9 10.0 10 1081.9666666666667 1228.9666666666667 348.49264140166736 443.96732737643856
0.4 0.6000000000000001 100.0 1 1020.3777777777777 1228.9666666666667 315.0972893066442 443.96732737643856
0.7000000000000001 0.7000000000000001 10.0 1 1066.111111111111 1228.9666666666667 326.0822815195386 443.96732737643856
0.2 0.2 10.0 100 1036.0 1228.9666666666667 328.477058221389 443.96732737643856
0.2 0.7000000000000001 100.0 10 1024.8 1228.9666666666667 365.01948806422195 443.96732737643856
0.2 0.8 10.0 1 1040.5666666666666 1228.9666666666667 285.7727554855042 443.96732737643856
0.30000000000000004 0.8 100.0 1 956.0 1228.9666666666667 360.3758223484663 443.96732737643856
0.5 0.9 100.0 1 838.8777777777777 1228.9666666666667 278.73638791987185 443.96732737643856
0.4 0.9 10.0 1 1096.8333333333333 1228.9666666666667 361.2007213601754 443.96732737643856
0.30000000000000004 0.6000000000000001 100.0 1 979.8555555555556 1228.9666666666667 345.92075396641263 443.96732737643856
0.1 0.5 100.0 1 842.5111111111111 1228.9666666666667 278.18631823711416 443.96732737643856
0.1 0.6000000000000001 100.0 1 869.1888888888889 1228.9666666666667 300.3388787665783 443.96732737643856
0.9 0.9 100.0 10 1091.4333333333334 1228.9666666666667 341.4251845817274 443.96732737643856
0.6000000000000001 0.7000000000000001 10.0 10 1097.1888888888889 1228.9666666666667 381.22766293601296 443.96732737643856
0.1 0.1 100.0 10 990.4222222222222 1228.9666666666667 406.4391433953558 443.96732737643856
0.30000000000000004 0.1 100.0 10 984.6111111111111 1228.9666666666667 356.31374110292944 443.96732737643856
0.5 0.7000000000000001 10.0 1 1062.2888888888888 1228.9666666666667 385.52660217896033 443.96732737643856
0.8 0.9 10.0 1 1091.888888888889 1228.9666666666667 327.8781089383487 443.96732737643856
0.2 0.9 100.0 100 983.3444444444444 1228.9666666666667 336.782031755823 443.96732737643856
0.1 0.7000000000000001 100.0 10 945.2555555555556 1228.9666666666667 325.6272770826285 443.96732737643856
0.2 0.30000000000000004 10.0 100 1086.6222222222223 1228.9666666666667 345.922328397504 443.96732737643856
0.8 0.6000000000000001 100.0 10 1099.2555555555555 1228.9666666666667 352.3152805564644 443.96732737643856
0.5 0.7000000000000001 100.0 10 1064.6666666666667 1228.9666666666667 326.3853210206882 443.96732737643856
0.2 0.1 10.0 100 1026.0555555555557 1228.9666666666667 335.89447288334514 443.96732737643856
0.1 0.2 100.0 100 946.3555555555556 1228.9666666666667 319.67870367018025 443.96732737643856
0.1 0.2 100.0 1 898.5777777777778 1228.9666666666667 302.5417134794172 443.96732737643856
0.5 0.8 100.0 1 984.2666666666667 1228.9666666666667 343.33174109663156 443.96732737643856
0.1 0.2 10.0 10 1059.9555555555555 1228.9666666666667 319.0790536358283 443.96732737643856
0.4 0.7000000000000001 100.0 10 967.7555555555556 1228.9666666666667 369.6035206395304 443.96732737643856
0.5 0.30000000000000004 100.0 100 1086.3111111111111 1228.9666666666667 333.183254362602 443.96732737643856
0.30000000000000004 0.2 100.0 1 977.3444444444444 1228.9666666666667 341.995001948895 443.96732737643856
0.30000000000000004 0.8 10.0 1 1096.8111111111111 1228.9666666666667 372.26570243560786 443.96732737643856
0.4 0.8 100.0 10 1034.9333333333334 1228.9666666666667 386.1033482832745 443.96732737643856
0.1 0.30000000000000004 10.0 1 1105.3555555555556 1228.9666666666667 316.3228066780696 443.96732737643856
0.9 0.7000000000000001 100.0 10 1104.2 1228.9666666666667 382.8254374457836 443.96732737643856
0.9 0.5 100.0 1 1062.2777777777778 1228.9666666666667 352.6195944570603 443.96732737643856
0.2 0.1 100.0 1 1060.9888888888888 1228.9666666666667 352.75939217182025 443.96732737643856
0.6000000000000001 0.5 10.0 100 1078.4444444444443 1228.9666666666667 336.96228312218204 443.96732737643856
0.2 0.2 100.0 100 1057.1777777777777 1228.9666666666667 331.19093444979495 443.96732737643856
0.7000000000000001 0.8 10.0 10 1095.0333333333333 1228.9666666666667 379.1868331633423 443.96732737643856
0.2 0.8 100.0 10 871.4888888888889 1228.9666666666667 304.9061146737337 443.96732737643856
0.30000000000000004 0.5 10.0 10 1065.9333333333334 1228.9666666666667 387.8105150141697 443.96732737643856
0.6000000000000001 0.6000000000000001 10.0 1 1058.611111111111 1228.9666666666667 325.47669977859465 443.96732737643856
0.7000000000000001 0.8 100.0 10 1003.1333333333333 1228.9666666666667 330.81129901434076 443.96732737643856
0.30000000000000004 0.8 100.0 100 1060.8333333333333 1228.9666666666667 322.4810158064433 443.96732737643856
0.2 0.4 100.0 1 961.0 1228.9666666666667 366.86382578099284 443.96732737643856
0.5 0.5 100.0 1 1075.6333333333334 1228.9666666666667 356.2870394000383 443.96732737643856
0.1 0.30000000000000004 100.0 100 911.5888888888888 1228.9666666666667 282.9535845110542 443.96732737643856
0.4 0.1 10.0 10 1105.611111111111 1228.9666666666667 374.2590515329201 443.96732737643856
0.1 0.1 100.0 100 889.8333333333334 1228.9666666666667 325.1992637001368 443.96732737643856
0.2 0.5 100.0 1 1039.3333333333333 1228.9666666666667 286.76292957385164 443.96732737643856
0.30000000000000004 0.9 100.0 100 1065.8666666666666 1228.9666666666667 325.55239209687886 443.96732737643856
0.1 0.5 10.0 100 1092.4777777777779 1228.9666666666667 305.1128471667046 443.96732737643856
0.30000000000000004 0.1 100.0 100 1075.3222222222223 1228.9666666666667 376.51373968666746 443.96732737643856
0.6000000000000001 0.9 10.0 1 1050.2555555555555 1228.9666666666667 370.5759649551886 443.96732737643856
0.1 0.7000000000000001 100.0 100 888.5 1228.9666666666667 306.576988699413 443.96732737643856
0.2 0.4 100.0 100 948.8333333333334 1228.9666666666667 318.96033365364485 443.96732737643856
0.5 0.5 100.0 100 1077.1777777777777 1228.9666666666667 364.64261278919173 443.96732737643856
0.2 0.2 100.0 10 981.8666666666667 1228.9666666666667 327.7449957241487 443.96732737643856
0.5 0.30000000000000004 100.0 1 1050.911111111111 1228.9666666666667 315.0841384788953 443.96732737643856
0.4 0.30000000000000004 100.0 1 1035.6222222222223 1228.9666666666667 331.35649073259043 443.96732737643856
0.5 0.4 100.0 1 1095.6222222222223 1228.9666666666667 388.3589284205407 443.96732737643856
0.6000000000000001 0.7000000000000001 100.0 1 1075.5222222222221 1228.9666666666667 409.5110425258607 443.96732737643856
0.1 0.30000000000000004 100.0 10 969.9666666666667 1228.9666666666667 288.8577293024679 443.96732737643856
0.2 0.8 100.0 100 1060.7222222222222 1228.9666666666667 333.7461120132347 443.96732737643856
0.6000000000000001 0.5 100.0 1 1044.0111111111112 1228.9666666666667 313.37224915938214 443.96732737643856
0.7000000000000001 0.7000000000000001 100.0 10 1063.911111111111 1228.9666666666667 360.5131110096782 443.96732737643856
0.4 0.1 100.0 100 1078.8555555555556 1228.9666666666667 323.96013338787753 443.96732737643856
0.9 0.6000000000000001 100.0 1 1093.4333333333334 1228.9666666666667 304.4638657633375 443.96732737643856
0.1 0.6000000000000001 100.0 10 886.7444444444444 1228.9666666666667 278.7419579751181 443.96732737643856
0.2 0.1 100.0 100 1005.2 1228.9666666666667 296.7018406114499 443.96732737643856
0.6000000000000001 0.7000000000000001 100.0 10 1090.3333333333333 1228.9666666666667 339.20108752446197 443.96732737643856
0.2 0.8 10.0 100 1082.8444444444444 1228.9666666666667 356.6960707851718 443.96732737643856
0.30000000000000004 0.7000000000000001 100.0 1 947.3 1228.9666666666667 348.0623651014283 443.96732737643856
0.30000000000000004 0.6000000000000001 100.0 100 1058.9555555555555 1228.9666666666667 355.49814536509854 443.96732737643856
0.8 0.30000000000000004 100.0 1 1103.0 1228.9666666666667 367.1093085777647 443.96732737643856
0.1 0.5 10.0 10 1063.6888888888889 1228.9666666666667 396.1347594623843 443.96732737643856
0.8 0.8 100.0 1 1049.2 1228.9666666666667 386.9190613035238 443.96732737643856
0.4 0.4 100.0 1 995.5444444444445 1228.9666666666667 285.0141189918341 443.96732737643856
0.9 0.8 100.0 1 1000.7 1228.9666666666667 343.17981843018947 443.96732737643856
0.2 0.4 100.0 10 950.8444444444444 1228.9666666666667 305.9990163786337 443.96732737643856
0.8 0.2 100.0 10 1100.2333333333333 1228.9666666666667 410.4972607839316 443.96732737643856
0.4 0.6000000000000001 10.0 1 1096.7 1228.9666666666667 341.29353446361495 443.96732737643856
0.2 0.1 100.0 10 1028.1333333333334 1228.9666666666667 342.04893087263287 443.96732737643856
0.30000000000000004 0.4 100.0 1 1044.111111111111 1228.9666666666667 319.64606970295 443.96732737643856
0.30000000000000004 0.4 100.0 100 1082.4777777777779 1228.9666666666667 343.7255438662841 443.96732737643856
0.4 0.9 100.0 1 853.7555555555556 1228.9666666666667 254.5910581964344 443.96732737643856
0.7000000000000001 0.7000000000000001 100.0 1 1086.8333333333333 1228.9666666666667 370.3081974668007 443.96732737643856
0.1 0.4 100.0 10 998.7111111111111 1228.9666666666667 396.82515725707054 443.96732737643856
0.7000000000000001 0.1 100.0 10 1050.6777777777777 1228.9666666666667 360.87732073002866 443.96732737643856
0.1 0.5 100.0 10 947.3 1228.9666666666667 322.33583073834313 443.96732737643856
0.1 0.2 10.0 1 1091.8111111111111 1228.9666666666667 337.78095777011873 443.96732737643856
0.1 0.1 100.0 1 961.8555555555556 1228.9666666666667 349.7587600717294 443.96732737643856
0.4 0.9 100.0 100 999.0777777777778 1228.9666666666667 309.47239071892005 443.96732737643856
0.1 0.30000000000000004 10.0 100 1068.6777777777777 1228.9666666666667 342.87088038689427 443.96732737643856
0.7000000000000001 0.9 100.0 1 924.9333333333333 1228.9666666666667 366.7764320551569 443.96732737643856
0.1 0.9 100.0 1 1051.9222222222222 1228.9666666666667 354.56612697078344 443.96732737643856
0.6000000000000001 0.9 100.0 1 894.8111111111111 1228.9666666666667 259.6023837608603 443.96732737643856
0.5 0.7000000000000001 10.0 100 1045.6444444444444 1228.9666666666667 338.20688313881067 443.96732737643856
0.4 0.7000000000000001 100.0 1 912.5777777777778 1228.9666666666667 319.6687861513949 443.96732737643856
0.2 0.8 10.0 10 1047.3 1228.9666666666667 328.5586857777465 443.96732737643856
0.7000000000000001 0.9 10.0 10 1103.9666666666667 1228.9666666666667 415.96194938159107 443.96732737643856
0.5 0.8 100.0 10 1004.5666666666667 1228.9666666666667 349.5992324552978 443.96732737643856
0.6000000000000001 0.8 100.0 1 985.0 1228.9666666666667 342.3692613408965 443.96732737643856
0.5 0.6000000000000001 100.0 1 1066.2444444444445 1228.9666666666667 393.8434915070568 443.96732737643856
0.7000000000000001 0.9 10.0 1 1011.9777777777778 1228.9666666666667 354.491372024068 443.96732737643856
0.1 0.7000000000000001 100.0 1 853.5444444444445 1228.9666666666667 287.19715106568685 443.96732737643856
0.8 0.9 100.0 1 888.9111111111112 1228.9666666666667 284.8061580344094 443.96732737643856
0.9 0.9 10.0 10 1086.3333333333333 1228.9666666666667 347.77856939916995 443.96732737643856
0.7000000000000001 0.8 100.0 1 971.6666666666666 1228.9666666666667 368.2273452335903 443.96732737643856
0.4 0.9 10.0 10 1087.1555555555556 1228.9666666666667 393.92661220393467 443.96732737643856
0.5 0.30000000000000004 100.0 10 1094.1555555555556 1228.9666666666667 329.2388835923482 443.96732737643856
0.30000000000000004 0.7000000000000001 100.0 10 1080.8111111111111 1228.9666666666667 356.06547133433656 443.96732737643856
0.2 0.5 100.0 10 1027.0 1228.9666666666667 340.8638046688638 443.96732737643856
0.2 0.8 100.0 1 857.9888888888889 1228.9666666666667 264.7593664042227 443.96732737643856
0.9 0.2 100.0 100 1105.5555555555557 1228.9666666666667 326.16567402714264 443.96732737643856
