0.6000000000000001 0.1 10.0 1 1430.2 1622.5444444444445 442.131785280764 478.940269092112
0.1 0.6000000000000001 10.0 1 1407.5555555555557 1622.5444444444445 435.4869333697653 478.940269092112
0.1 0.2 100.0 10 1165.088888888889 1622.5444444444445 401.81796996607096 478.940269092112
0.5 0.30000000000000004 10.0 1 1370.7777777777778 1622.5444444444445 512.4654953756568 478.940269092112
0.7000000000000001 0.4 10.0 100 1393.6666666666667 1622.5444444444445 461.5972992410882 478.940269092112
0.4 0.4 100.0 1 1325.0222222222221 1622.5444444444445 471.9074291938992 478.940269092112
0.6000000000000001 0.1 100.0 100 1334.088888888889 1622.5444444444445 483.48415220366707 478.940269092112
0.5 0.30000000000000004 100.0 1 1391.9777777777779 1622.5444444444445 422.27194970323666 478.940269092112
0.9 0.7000000000000001 100.0 10 1362.0111111111112 1622.5444444444445 394.86587017884796 478.940269092112
0.4 0.8 10.0 100 1429.2444444444445 1622.5444444444445 562.5716213388323 478.940269092112
0.8 0.6000000000000001 100.0 10 1326.5555555555557 1622.5444444444445 417.5229630707251 478.940269092112
0.2 0.5 100.0 1 1075.2111111111112 1622.5444444444445 393.75693276279645 478.940269092112
0.7000000000000001 0.4 100.0 100 1404.888888888889 1622.5444444444445 457.6778693565655 478.940269092112
0.30000000000000004 0.6000000000000001 100.0 1 1181.9333333333334 1622.5444444444445 412.14074726427566 478.940269092112
0.5 0.4 10.0 10 1418.6555555555556 1622.5444444444445 501.972534908504 478.940269092112
0.9 0.30000000000000004 10.0 100 1382.9444444444443 1622.5444444444445 437.38689613839625 478.940269092112
0.1 0.1 10.0 1 1435.9333333333334 1622.5444444444445 430.56050807187495 478.940269092112
0.30000000000000004 0.6000000000000001 10.0 100 1309.2888888888888 1622.5444444444445 442.47564263017637 478.940269092112
0.5 0.1 100.0 1 1259.9 1622.5444444444445 370.5855441804976 478.940269092112
0.2 0.5 100.0 100 1175.3555555555556 1622.5444444444445 357.60171237196016 478.940269092112
0.30000000000000004 0.9 100.0 1 1068.7888888888888 1622.5444444444445 362.66542568551296 478.940269092112
0.30000000000000004 0.8 100.0 10 1093.5444444444445 1622.5444444444445 398.1613341658019 478.940269092112
0.6000000000000001 0.9 100.0 10 1157.1 1622.5444444444445 464.54773824776186 478.940269092112
0.5 0.30000000000000004 10.0 100 1451.8 1622.5444444444445 451.93766040117623 478.940269092112
0.5 0.9 100.0 10 1220.5 1622.5444444444445 441.13593898782113 478.940269092112
0.6000000000000001 0.9 10.0 10 1403.7555555555555 1622.5444444444445 446.6201545711252 478.940269092112
0.5 0.2 10.0 100 1456.5444444444445 1622.5444444444445 452.34981942718014 478.940269092112
0.30000000000000004 0.9 10.0 1 1247.7888888888888 1622.5444444444445 449.72956057426444 478.940269092112
0.30000000000000004 0.9 100.0 100 1236.6 1622.5444444444445 476.6905774888641 478.940269092112
0.2 0.7000000000000001 100.0 1 1041.4333333333334 1622.5444444444445 416.69624028381475 478.940269092112
0.9 0.7000000000000001 10.0 1 1441.4333333333334 1622.5444444444445 422.13989387405684 478.940269092112
0.1 0.6000000000000001 100.0 1 1021.5222222222222 1622.5444444444445 426.0334422913503 478.940269092112
0.9 0.4 100.0 10 1340.2777777777778 1622.5444444444445 504.20491927120656 478.940269092112
0.6000000000000001 0.9 10.0 1 1172.0 1622.5444444444445 457.4395406316919 478.940269092112
0.1 0.2 10.0 1 1352.5444444444445 1622.5444444444445 463.7093716521423 478.940269092112
0.8 0.2 10.0 100 1328.9666666666667 1622.5444444444445 463.4948027995807 478.940269092112
0.9 0.6000000000000001 10.0 10 1416.2444444444445 1622.5444444444445 413.4206980549557 478.940269092112
0.7000000000000001 0.1 10.0 1 1401.2 1622.5444444444445 446.0568025611886 478.940269092112
0.2 0.7000000000000001 10.0 1 1340.2333333333333 1622.5444444444445 441.64689389702374 478.940269092112
0.8 0.9 100.0 10 1268.0777777777778 1622.5444444444445 540.3404940462752 478.940269092112
0.5 0.5 100.0 100 1341.8555555555556 1622.5444444444445 426.81238556201225 478.940269092112
0.6000000000000001 0.7000000000000001 100.0 100 1376.9888888888888 1622.5444444444445 491.28151003143336 478.940269092112
0.5 0.9 10.0 100 1398.9777777777779 1622.5444444444445 520.9091406757095 478.940269092112
0.9 0.4 10.0 100 1388.9555555555555 1622.5444444444445 454.1154505950396 478.940269092112
0.4 0.30000000000000004 100.0 1 1273.7444444444445 1622.5444444444445 413.16853061596805 478.940269092112
0.4 0.8 10.0 1 1334.5 1622.5444444444445 480.25274017380104 478.940269092112
0.2 0.1 10.0 10 1306.9666666666667 1622.5444444444445 434.2417516647713 478.940269092112
0.9 0.5 100.0 10 1395.3555555555556 1622.5444444444445 531.5713250169229 478.940269092112
0.5 0.7000000000000001 10.0 10 1410.2111111111112 1622.5444444444445 490.82992063203966 478.940269092112
0.5 0.6000000000000001 1.0 10 1435.2333333333333 1622.5444444444445 405.26759472394696 478.940269092112
0.5 0.1 100.0 10 1433.2444444444445 1622.5444444444445 531.5020290775759 478.940269092112
0.7000000000000001 0.30000000000000004 100.0 100 1402.4666666666667 1622.5444444444445 465.19155433243 478.940269092112
0.2 0.2 10.0 1 1421.6555555555556 1622.5444444444445 447.5545444377854 478.940269092112
0.4 0.9 10.0 100 1374.0777777777778 1622.5444444444445 505.90763820589 478.940269092112
0.6000000000000001 0.30000000000000004 100.0 100 1425.888888888889 1622.5444444444445 525.8182078003014 478.940269092112
0.1 0.9 10.0 10 1361.2888888888888 1622.5444444444445 485.39789507496823 478.940269092112
0.4 0.4 0.1 10 1445.4333333333334 1622.5444444444445 445.69478968858897 478.940269092112
0.4 0.5 100.0 1 1265.7333333333333 1622.5444444444445 416.19647603826087 478.940269092112
0.4 0.2 1.0 100 1400.9555555555555 1622.5444444444445 458.5839777961698 478.940269092112
0.1 0.9 100.0 10 1232.4444444444443 1622.5444444444445 398.4698541814148 478.940269092112
0.5 0.5 10.0 100 1253.388888888889 1622.5444444444445 418.4250017610867 478.940269092112
0.6000000000000001 0.2 100.0 100 1398.1444444444444 1622.5444444444445 434.0531857096448 478.940269092112
0.8 0.5 10.0 10 1429.5777777777778 1622.5444444444445 549.2897025103881 478.940269092112
0.30000000000000004 0.5 10.0 1 1436.9 1622.5444444444445 392.3149542565683 478.940269092112
0.8 0.30000000000000004 10.0 10 1341.0666666666666 1622.5444444444445 456.29604912210715 478.940269092112
0.8 0.8 10.0 1 1418.5222222222221 1622.5444444444445 466.2503911890591 478.940269092112
0.8 0.7000000000000001 10.0 10 1447.3444444444444 1622.5444444444445 494.00830314909376 478.940269092112
0.2 0.1 100.0 1 1287.6777777777777 1622.5444444444445 432.081006493967 478.940269092112
0.9 0.6000000000000001 100.0 10 1369.111111111111 1622.5444444444445 488.27506920779456 478.940269092112
0.7000000000000001 0.5 100.0 100 1445.6777777777777 1622.5444444444445 457.8249987781061 478.940269092112
0.2 0.2 10.0 10 1314.2777777777778 1622.5444444444445 354.014156269924 478.940269092112
0.1 0.30000000000000004 100.0 10 1026.2444444444445 1622.5444444444445 320.6073857578287 478.940269092112
0.2 0.8 10.0 1 1351.5666666666666 1622.5444444444445 490.01120281978126 478.940269092112
0.7000000000000001 0.5 100.0 1 1319.8777777777777 1622.5444444444445 442.83512928447203 478.940269092112
0.8 0.2 100.0 1 1323.1888888888889 1622.5444444444445 446.90301941856706 478.940269092112
0.30000000000000004 0.5 100.0 100 1294.6555555555556 1622.5444444444445 409.87266752034947 478.940269092112
0.4 0.6000000000000001 100.0 100 1385.1333333333334 1622.5444444444445 495.72488337786706 478.940269092112
0.8 0.2 10.0 1 1442.7333333333333 1622.5444444444445 425.9794413401243 478.940269092112
0.8 0.1 10.0 100 1351.6333333333334 1622.5444444444445 446.1929938689959 478.940269092112
0.9 0.7000000000000001 100.0 1 1320.9333333333334 1622.5444444444445 432.4261478372155 478.940269092112
0.6000000000000001 0.1 10.0 100 1424.3777777777777 1622.5444444444445 480.6139263201177 478.940269092112
0.5 0.9 10.0 1 1256.2555555555555 1622.5444444444445 479.5087894249723 478.940269092112
0.5 0.7000000000000001 100.0 10 1300.388888888889 1622.5444444444445 465.70557447679903 478.940269092112
0.4 0.4 10.0 1 1357.8777777777777 1622.5444444444445 434.5791278870417 478.940269092112
0.1 0.4 100.0 10 1008.3666666666667 1622.5444444444445 378.0321106290664 478.940269092112
0.9 0.8 10.0 10 1365.2111111111112 1622.5444444444445 454.16263593182487 478.940269092112
0.1 0.8 100.0 10 1060.6555555555556 1622.5444444444445 342.3841624423624 478.940269092112
0.1 0.9 100.0 100 1044.3444444444444 1622.5444444444445 360.6451367914976 478.940269092112
0.4 0.6000000000000001 10.0 10 1396.6555555555556 1622.5444444444445 451.0227922575559 478.940269092112
0.7000000000000001 0.4 100.0 10 1379.3111111111111 1622.5444444444445 454.6098851260507 478.940269092112
0.7000000000000001 0.7000000000000001 10.0 1 1363.8666666666666 1622.5444444444445 468.7161709274483 478.940269092112
0.6000000000000001 0.6000000000000001 10.0 10 1378.611111111111 1622.5444444444445 474.99931448943386 478.940269092112
0.5 0.8 100.0 10 1206.8777777777777 1622.5444444444445 441.5572651367677 478.940269092112
0.8 0.7000000000000001 10.0 1 1429.7333333333333 1622.5444444444445 530.5001371871223 478.940269092112
0.2 0.6000000000000001 1.0 100 1452.3777777777777 1622.5444444444445 460.7785097655145 478.940269092112
0.2 0.2 100.0 10 1209.088888888889 1622.5444444444445 462.6228039833662 478.940269092112
0.5 0.30000000000000004 100.0 10 1301.5777777777778 1622.5444444444445 400.9358490603309 478.940269092112
0.9 0.2 100.0 1 1427.0666666666666 1622.5444444444445 446.1844113019738 478.940269092112
0.9 0.8 10.0 1 1373.9444444444443 1622.5444444444445 569.590932377714 478.940269092112
0.2 0.4 100.0 100 1190.1333333333334 1622.5444444444445 347.6420636868394 478.940269092112
0.1 0.5 100.0 10 1014.6666666666666 1622.5444444444445 318.4227797546317 478.940269092112
0.6000000000000001 0.5 100.0 1 1246.5111111111112 1622.5444444444445 441.55563999328166 478.940269092112
0.2 0.30000000000000004 100.0 1 1251.5444444444445 1622.5444444444445 439.6133190053659 478.940269092112
0.5 0.4 100.0 1 1297.0333333333333 1622.5444444444445 441.41802938560033 478.940269092112
0.6000000000000001 0.30000000000000004 10.0 1 1421.611111111111 1622.5444444444445 404.8246999064175 478.940269092112
0.9 0.2 10.0 10 1413.9222222222222 1622.5444444444445 424.8088518584376 478.940269092112
0.7000000000000001 0.30000000000000004 100.0 1 1348.2666666666667 1622.5444444444445 413.45718037059174 478.940269092112
0.30000000000000004 0.9 10.0 10 1316.0666666666666 1622.5444444444445 405.7837355045172 478.940269092112
0.4 0.6000000000000001 100.0 10 1391.1555555555556 1622.5444444444445 490.23066931374507 478.940269092112
0.5 0.2 100.0 10 1376.6 1622.5444444444445 415.8861970405953 478.940269092112
0.5 0.4 100.0 100 1311.7333333333333 1622.5444444444445 477.16726161332093 478.940269092112
0.1 0.5 10.0 10 1331.4666666666667 1622.5444444444445 492.1785403240938 478.940269092112
0.2 0.9 100.0 1 969.2333333333333 1622.5444444444445 322.7762227922001 478.940269092112
0.9 0.5 100.0 100 1444.7444444444445 1622.5444444444445 470.81601882290164 478.940269092112
0.7000000000000001 0.8 100.0 1 1123.7222222222222 1622.5444444444445 382.0455187475201 478.940269092112
0.4 0.1 100.0 100 1220.388888888889 1622.5444444444445 466.2400358052217 478.940269092112
0.8 0.8 100.0 100 1332.6444444444444 1622.5444444444445 492.26587917757325 478.940269092112
0.30000000000000004 0.2 100.0 1 1267.7 1622.5444444444445 470.7033378065448 478.940269092112
0.1 0.8 100.0 100 1012.8777777777777 1622.5444444444445 325.96914740773923 478.940269092112
0.4 0.2 10.0 100 1393.1666666666667 1622.5444444444445 484.88874439859353 478.940269092112
0.30000000000000004 0.7000000000000001 100.0 10 1200.7666666666667 1622.5444444444445 420.1472506422269 478.940269092112
0.7000000000000001 0.9 10.0 1 1367.9444444444443 1622.5444444444445 509.94349057542337 478.940269092112
0.9 0.5 10.0 10 1365.7444444444445 1622.5444444444445 426.0969780359373 478.940269092112
0.2 0.8 100.0 10 1035.1666666666667 1622.5444444444445 351.62231157877335 478.940269092112
0.2 0.7000000000000001 10.0 100 1390.5777777777778 1622.5444444444445 459.39938997148533 478.940269092112
0.30000000000000004 0.7000000000000001 100.0 1 1160.2444444444445 1622.5444444444445 468.55511501046396 478.940269092112
0.6000000000000001 0.4 1.0 100 1429.2555555555555 1622.5444444444445 414.06401977126166 478.940269092112
0.6000000000000001 0.6000000000000001 100.0 10 1294.3 1622.5444444444445 442.7700293480679 478.940269092112
0.1 0.5 10.0 1 1362.1444444444444 1622.5444444444445 448.21923110884296 478.940269092112
0.7000000000000001 0.2 100.0 10 1304.611111111111 1622.5444444444445 438.12721882638516 478.940269092112
0.4 0.7000000000000001 100.0 1 1261.5111111111112 1622.5444444444445 543.0920168492923 478.940269092112
0.5 0.9 100.0 1 987.0666666666667 1622.5444444444445 328.4484671231632 478.940269092112
0.6000000000000001 0.6000000000000001 100.0 1 1254.9777777777779 1622.5444444444445 410.69520944579864 478.940269092112
0.5 0.6000000000000001 100.0 100 1360.0666666666666 1622.5444444444445 457.3926783653431 478.940269092112
0.8 0.1 100.0 1 1414.6888888888889 1622.5444444444445 443.69197634906936 478.940269092112
0.30000000000000004 0.8 10.0 1 1271.2 1622.5444444444445 431.5756454872978 478.940269092112
0.5 0.5 10.0 1 1326.9444444444443 1622.5444444444445 408.03829779707667 478.940269092112
0.5 0.7000000000000001 10.0 100 1443.6555555555556 1622.5444444444445 490.7629018196762 478.940269092112
0.30000000000000004 0.8 100.0 1 977.8777777777777 1622.5444444444445 393.05119337979875 478.940269092112
0.30000000000000004 0.5 10.0 10 1346.5 1622.5444444444445 434.8472848151534 478.940269092112
0.8 0.8 1.0 1 1455.5777777777778 1622.5444444444445 494.0309476985735 478.940269092112
0.1 0.1 100.0 1 1082.0 1622.5444444444445 395.8398385430372 478.940269092112
0.30000000000000004 0.7000000000000001 10.0 100 1284.0 1622.5444444444445 545.2160020477104 478.940269092112
0.4 0.4 10.0 100 1449.3222222222223 1622.5444444444445 411.47482244503476 478.940269092112
0.1 0.1 10.0 100 1397.9222222222222 1622.5444444444445 482.8874317357981 478.940269092112
0.30000000000000004 0.6000000000000001 100.0 100 1190.9 1622.5444444444445 388.84878666248767 478.940269092112
0.8 0.30000000000000004 100.0 10 1345.1666666666667 1622.5444444444445 476.73128349906585 478.940269092112
0.30000000000000004 0.1 100.0 100 1211.4444444444443 1622.5444444444445 413.1140039346446 478.940269092112
0.6000000000000001 0.2 100.0 1 1349.8333333333333 1622.5444444444445 480.0885392878646 478.940269092112
0.4 0.5 100.0 100 1326.2222222222222 1622.5444444444445 374.46420323733594 478.940269092112
0.4 0.9 100.0 100 1324.9222222222222 1622.5444444444445 463.9226043636009 478.940269092112
0.5 0.1 10.0 100 1328.9333333333334 1622.5444444444445 398.6753566499941 478.940269092112
0.2 0.8 100.0 100 1159.9 1622.5444444444445 447.0371610205725 478.940269092112
0.9 0.2 10.0 100 1451.6666666666667 1622.5444444444445 505.665611952317 478.940269092112
0.4 0.2 10.0 1 1399.9444444444443 1622.5444444444445 480.1833529696086 478.940269092112
0.1 0.5 100.0 1 1055.2666666666667 1622.5444444444445 369.16734537183663 478.940269092112
0.4 0.5 100.0 10 1274.8111111111111 1622.5444444444445 457.9440260421074 478.940269092112
0.9 0.1 100.0 10 1340.8666666666666 1622.5444444444445 481.57824332546886 478.940269092112
0.5 0.2 10.0 1 1367.4777777777779 1622.5444444444445 444.71317167555134 478.940269092112
0.30000000000000004 0.4 100.0 10 1232.8 1622.5444444444445 400.4244192797882 478.940269092112
0.4 0.6000000000000001 10.0 100 1338.8666666666666 1622.5444444444445 438.41186115341367 478.940269092112
0.8 0.6000000000000001 100.0 100 1421.2 1622.5444444444445 485.45278291966184 478.940269092112
0.1 0.5 10.0 100 1340.1777777777777 1622.5444444444445 432.83067199227446 478.940269092112
0.2 0.8 0.1 100 1459.9222222222222 1622.5444444444445 487.00872061043964 478.940269092112
0.8 0.9 100.0 1 1070.2777777777778 1622.5444444444445 413.70770754718916 478.940269092112
0.7000000000000001 0.1 100.0 10 1357.411111111111 1622.5444444444445 501.85303059858836 478.940269092112
0.2 0.1 100.0 10 1169.9222222222222 1622.5444444444445 374.5753811622429 478.940269092112
0.4 0.9 1.0 1 1417.2111111111112 1622.5444444444445 444.23966240568956 478.940269092112
0.4 0.30000000000000004 1.0 100 1432.888888888889 1622.5444444444445 409.6906270303767 478.940269092112
0.4 0.4 100.0 100 1365.0777777777778 1622.5444444444445 441.2363747415456 478.940269092112
0.30000000000000004 0.7000000000000001 100.0 100 1405.5222222222221 1622.5444444444445 558.8109246481969 478.940269092112
0.9 0.4 100.0 1 1299.8222222222223 1622.5444444444445 480.9794538873032 478.940269092112
0.5 0.9 100.0 100 1369.6888888888889 1622.5444444444445 445.55123522427425 478.940269092112
0.1 0.8 10.0 1 1367.2777777777778 1622.5444444444445 455.887023718664 478.940269092112
0.4 0.1 10.0 10 1304.2444444444445 1622.5444444444445 369.7960492280729 478.940269092112
0.6000000000000001 0.1 100.0 10 1413.9444444444443 1622.5444444444445 431.609503579621 478.940269092112
0.6000000000000001 0.30000000000000004 1.0 10 1408.6444444444444 1622.5444444444445 440.6624636993492 478.940269092112
0.9 0.9 10.0 1 1239.1666666666667 1622.5444444444445 412.8467633396197 478.940269092112
0.7000000000000001 0.5 100.0 10 1253.4666666666667 1622.5444444444445 423.348456422786 478.940269092112
0.1 0.7000000000000001 10.0 10 1347.8 1622.5444444444445 478.6981233860577 478.940269092112
0.4 0.1 10.0 1 1439.3666666666666 1622.5444444444445 439.914220173787 478.940269092112
0.2 0.30000000000000004 1.0 100 1431.5333333333333 1622.5444444444445 369.03716163371223 478.940269092112
0.2 0.6000000000000001 100.0 10 1140.0222222222221 1622.5444444444445 439.06635736849563 478.940269092112
0.5 0.1 100.0 100 1390.0111111111112 1622.5444444444445 436.2867684459244 478.940269092112
0.7000000000000001 0.2 100.0 100 1426.411111111111 1622.5444444444445 405.76922544839164 478.940269092112
0.5 0.2 10.0 10 1447.2777777777778 1622.5444444444445 489.30460923363876 478.940269092112
0.2 0.9 100.0 100 1220.1555555555556 1622.5444444444445 455.1025747897357 478.940269092112
0.6000000000000001 0.7000000000000001 100.0 1 1200.2888888888888 1622.5444444444445 431.9084842480315 478.940269092112
0.6000000000000001 0.7000000000000001 10.0 10 1410.9666666666667 1622.5444444444445 462.67726813022097 478.940269092112
0.2 0.5 100.0 10 1216.7777777777778 1622.5444444444445 415.01434453864306 478.940269092112
0.5 0.6000000000000001 100.0 1 1241.4777777777779 1622.5444444444445 467.04520903650285 478.940269092112
0.5 0.6000000000000001 10.0 100 1327.5666666666666 1622.5444444444445 447.6096277884211 478.940269092112
0.5 0.8 100.0 100 1417.2777777777778 1622.5444444444445 459.4670590967994 478.940269092112
0.30000000000000004 0.4 10.0 100 1313.2555555555555 1622.5444444444445 396.1871208044982 478.940269092112
0.9 0.6000000000000001 1.0 1 1442.2 1622.5444444444445 471.60530107283574 478.940269092112
0.4 0.9 10.0 10 1234.5111111111112 1622.5444444444445 389.95516108178515 478.940269092112
0.6000000000000001 0.6000000000000001 10.0 1 1390.2777777777778 1622.5444444444445 534.4904328793043 478.940269092112
0.1 0.5 100.0 100 1069.9 1622.5444444444445 382.8747416293973 478.940269092112
0.30000000000000004 0.4 10.0 1 1360.7555555555555 1622.5444444444445 469.66643745230056 478.940269092112
0.9 0.4 100.0 100 1451.1 1622.5444444444445 476.86639288868594 478.940269092112
0.30000000000000004 0.1 10.0 100 1288.7 1622.5444444444445 423.5655911426235 478.940269092112
0.7000000000000001 0.6000000000000001 10.0 10 1391.3555555555556 1622.5444444444445 489.6593671139858 478.940269092112
0.2 0.4 10.0 1 1427.2555555555555 1622.5444444444445 447.4036100065729 478.940269092112
0.9 0.6000000000000001 10.0 100 1451.7888888888888 1622.5444444444445 484.8156693114162 478.940269092112
0.1 0.9 100.0 1 1212.3333333333333 1622.5444444444445 355.92571010129495 478.940269092112
0.5 0.6000000000000001 10.0 1 1453.6444444444444 1622.5444444444445 395.398204658182 478.940269092112
0.8 0.5 100.0 1 1339.8222222222223 1622.5444444444445 434.86796406822094 478.940269092112
0.7000000000000001 0.8 10.0 10 1363.3 1622.5444444444445 441.05641992329686 478.940269092112
0.8 0.2 100.0 10 1345.911111111111 1622.5444444444445 469.3397642657051 478.940269092112
0.4 0.7000000000000001 100.0 10 1154.1666666666667 1622.5444444444445 413.058571310817 478.940269092112
0.2 0.7000000000000001 10.0 10 1380.5222222222221 1622.5444444444445 499.272742825397 478.940269092112
0.7000000000000001 0.7000000000000001 1.0 10 1451.4888888888888 1622.5444444444445 502.013639576643 478.940269092112
0.2 0.5 10.0 10 1345.6666666666667 1622.5444444444445 460.98310405287333 478.940269092112
0.8 0.1 10.0 1 1443.5666666666666 1622.5444444444445 422.5583207611044 478.940269092112
0.6000000000000001 0.5 100.0 100 1425.5 1622.5444444444445 470.06477686000306 478.940269092112
0.6000000000000001 0.2 10.0 10 1429.9 1622.5444444444445 446.05914032409055 478.940269092112
0.8 0.8 100.0 10 1273.3333333333333 1622.5444444444445 419.5323587043078 478.940269092112
0.30000000000000004 0.7000000000000001 10.0 10 1448.7111111111112 1622.5444444444445 502.35289155564834 478.940269092112
0.30000000000000004 0.1 100.0 10 1381.9888888888888 1622.5444444444445 429.5183476728955 478.940269092112
0.4 0.2 100.0 100 1169.2111111111112 1622.5444444444445 417.41400962605314 478.940269092112
0.2 0.1 100.0 100 1117.1222222222223 1622.5444444444445 394.07102653026556 478.940269092112
0.5 0.5 100.0 10 1341.5555555555557 1622.5444444444445 413.1528668156917 478.940269092112
0.7000000000000001 0.8 100.0 10 1376.9888888888888 1622.5444444444445 558.3428953299506 478.940269092112
0.8 0.7000000000000001 100.0 10 1393.4444444444443 1622.5444444444445 502.36071836681725 478.940269092112
0.6000000000000001 0.8 10.0 10 1314.4444444444443 1622.5444444444445 456.3234260212842 478.940269092112
0.2 0.6000000000000001 10.0 1 1230.7555555555555 1622.5444444444445 433.2661822613877 478.940269092112
0.9 0.4 10.0 1 1347.7 1622.5444444444445 378.3718174259577 478.940269092112
0.30000000000000004 0.1 10.0 1 1434.6888888888889 1622.5444444444445 505.1919468972922 478.940269092112
0.2 0.2 100.0 100 1135.411111111111 1622.5444444444445 348.5114024738947 478.940269092112
0.7000000000000001 0.30000000000000004 10.0 1 1414.7444444444445 1622.5444444444445 476.8668009019595 478.940269092112
0.8 0.30000000000000004 100.0 100 1422.9 1622.5444444444445 562.4141228272593 478.940269092112
0.6000000000000001 0.2 100.0 10 1400.8666666666666 1622.5444444444445 485.4285437745819 478.940269092112
0.8 0.4 1.0 1 1446.0666666666666 1622.5444444444445 478.23761643954543 478.940269092112
0.9 0.8 100.0 1 1221.4777777777779 1622.5444444444445 414.5235076507263 478.940269092112
0.2 0.8 10.0 10 1253.8 1622.5444444444445 411.50804501383834 478.940269092112
0.4 0.1 100.0 1 1255.6 1622.5444444444445 407.7549045961583 478.940269092112
0.7000000000000001 0.2 100.0 1 1385.4888888888888 1622.5444444444445 443.53642577318755 478.940269092112
0.6000000000000001 0.30000000000000004 100.0 1 1375.4555555555555 1622.5444444444445 460.2110424362359 478.940269092112
0.9 0.5 100.0 1 1300.088888888889 1622.5444444444445 468.318733922966 478.940269092112
0.2 0.4 10.0 10 1354.3666666666666 1622.5444444444445 477.3268493507474 478.940269092112
0.9 0.6000000000000001 100.0 1 1248.1222222222223 1622.5444444444445 470.2676738430236 478.940269092112
0.30000000000000004 0.4 100.0 1 1294.0222222222221 1622.5444444444445 495.2070717897889 478.940269092112
0.4 0.9 10.0 1 1236.6666666666667 1622.5444444444445 465.4312934138495 478.940269092112
0.5 0.5 100.0 1 1371.6333333333334 1622.5444444444445 445.72446521241 478.940269092112
0.1 0.6000000000000001 10.0 100 1291.3222222222223 1622.5444444444445 420.9882771600331 478.940269092112
0.8 0.8 100.0 1 1192.3444444444444 1622.5444444444445 480.98695203164436 478.940269092112
0.7000000000000001 0.5 10.0 1 1435.8333333333333 1622.5444444444445 438.77833558390023 478.940269092112
0.2 0.6000000000000001 100.0 1 1039.6555555555556 1622.5444444444445 370.9808968160883 478.940269092112
0.6000000000000001 0.5 10.0 10 1432.5555555555557 1622.5444444444445 453.0002970592872 478.940269092112
0.1 0.4 100.0 100 1061.7444444444445 1622.5444444444445 409.2161765324075 478.940269092112
0.9 0.1 10.0 10 1401.3666666666666 1622.5444444444445 379.7012407435907 478.940269092112
0.5 0.30000000000000004 10.0 10 1392.4777777777779 1622.5444444444445 542.8209900915315 478.940269092112
0.6000000000000001 0.4 10.0 10 1439.1444444444444 1622.5444444444445 458.8981625374489 478.940269092112
0.9 0.1 10.0 100 1442.5111111111112 1622.5444444444445 446.82204373266114 478.940269092112
0.8 0.4 100.0 100 1445.7333333333333 1622.5444444444445 481.20690398667864 478.940269092112
0.9 0.4 1.0 100 1442.3666666666666 1622.5444444444445 425.89405177031216 478.940269092112
0.8 0.6000000000000001 100.0 1 1329.5777777777778 1622.5444444444445 443.86516916183206 478.940269092112
0.6000000000000001 0.7000000000000001 1.0 100 1419.9 1622.5444444444445 465.4008320195017 478.940269092112
0.6000000000000001 0.4 100.0 100 1314.411111111111 1622.5444444444445 523.9031694766262 478.940269092112
0.4 0.8 10.0 10 1259.9888888888888 1622.5444444444445 480.92146493174823 478.940269092112
0.2 0.30000000000000004 100.0 100 1078.2666666666667 1622.5444444444445 351.7561276414859 478.940269092112
0.7000000000000001 0.8 100.0 100 1410.1777777777777 1622.5444444444445 507.7092032470244 478.940269092112
0.8 0.8 10.0 10 1290.2444444444445 1622.5444444444445 451.4280380971555 478.940269092112
0.30000000000000004 0.6000000000000001 100.0 10 1189.6444444444444 1622.5444444444445 452.1756863853083 478.940269092112
0.1 0.1 100.0 10 1045.111111111111 1622.5444444444445 366.1046129924082 478.940269092112
0.9 0.9 100.0 100 1444.588888888889 1622.5444444444445 517.7829423919821 478.940269092112
0.6000000000000001 0.9 100.0 1 1041.3111111111111 1622.5444444444445 350.4813719711298 478.940269092112
0.9 0.30000000000000004 100.0 100 1364.5555555555557 1622.5444444444445 462.0575748422872 478.940269092112
0.9 0.2 10.0 1 1458.8777777777777 1622.5444444444445 525.9772878023829 478.940269092112
0.30000000000000004 0.30000000000000004 10.0 100 1281.6666666666667 1622.5444444444445 377.852675581958 478.940269092112
0.9 0.7000000000000001 10.0 10 1390.1666666666667 1622.5444444444445 443.70068114038816 478.940269092112
0.9 0.1 1.0 100 1434.1444444444444 1622.5444444444445 384.5297723225981 478.940269092112
0.4 0.30000000000000004 100.0 100 1423.2222222222222 1622.5444444444445 531.8169438146881 478.940269092112
0.2 0.4 100.0 10 1208.1222222222223 1622.5444444444445 355.30690420091685 478.940269092112
0.6000000000000001 0.4 100.0 1 1354.1333333333334 1622.5444444444445 471.15546384512106 478.940269092112
0.30000000000000004 0.30000000000000004 100.0 100 1202.111111111111 1622.5444444444445 405.6542163097489 478.940269092112
0.6000000000000001 0.4 100.0 10 1310.4555555555555 1622.5444444444445 410.91421546246823 478.940269092112
0.30000000000000004 0.4 10.0 10 1306.9555555555555 1622.5444444444445 402.88694060937274 478.940269092112
0.4 0.5 10.0 1 1429.2777777777778 1622.5444444444445 458.43826744909546 478.940269092112
0.8 0.7000000000000001 100.0 100 1431.0333333333333 1622.5444444444445 544.0318097317472 478.940269092112
0.6000000000000001 0.8 10.0 1 1346.8666666666666 1622.5444444444445 479.3913316789206 478.940269092112
0.8 0.7000000000000001 100.0 1 1171.588888888889 1622.5444444444445 434.82703826909903 478.940269092112
0.7000000000000001 0.2 10.0 100 1400.2222222222222 1622.5444444444445 440.67172911307364 478.940269092112
0.9 0.4 1.0 1 1447.7666666666667 1622.5444444444445 434.21180315601737 478.940269092112
0.7000000000000001 0.6000000000000001 100.0 1 1348.8555555555556 1622.5444444444445 553.6992276420096 478.940269092112
0.6000000000000001 0.8 100.0 1 1105.6333333333334 1622.5444444444445 375.9156066636944 478.940269092112
0.30000000000000004 0.2 100.0 10 1254.2111111111112 1622.5444444444445 432.00003843735544 478.940269092112
0.30000000000000004 0.8 100.0 100 1228.8333333333333 1622.5444444444445 474.225081346166 478.940269092112
0.30000000000000004 0.2 100.0 100 1275.3777777777777 1622.5444444444445 457.0508014014727 478.940269092112
0.30000000000000004 0.2 10.0 10 1271.8666666666666 1622.5444444444445 405.88162477911385 478.940269092112
0.8 0.6000000000000001 1.0 10 1449.6888888888889 1622.5444444444445 463.77941702313717 478.940269092112
0.5 0.6000000000000001 100.0 10 1274.2777777777778 1622.5444444444445 421.6576817956527 478.940269092112
0.7000000000000001 0.9 100.0 10 1166.7777777777778 1622.5444444444445 428.92316788746365 478.940269092112
0.7000000000000001 0.30000000000000004 10.0 100 1453.0222222222221 1622.5444444444445 478.4068231067172 478.940269092112
0.7000000000000001 0.7000000000000001 100.0 1 1191.2888888888888 1622.5444444444445 492.9125738222741 478.940269092112
0.9 0.9 10.0 10 1456.7333333333333 1622.5444444444445 455.2644847900076 478.940269092112
0.9 0.9 100.0 10 1255.3222222222223 1622.5444444444445 407.57807235145566 478.940269092112
0.8 0.1 100.0 10 1379.3333333333333 1622.5444444444445 436.43123424225973 478.940269092112
0.7000000000000001 0.4 10.0 10 1401.4222222222222 1622.5444444444445 399.9296876473769 478.940269092112
0.4 0.9 100.0 10 1094.9555555555555 1622.5444444444445 355.6058026995345 478.940269092112
0.7000000000000001 0.1 10.0 10 1421.1888888888889 1622.5444444444445 461.09490212474935 478.940269092112
0.4 0.6000000000000001 100.0 1 1227.9222222222222 1622.5444444444445 432.84203502426914 478.940269092112
0.1 0.6000000000000001 100.0 10 1116.2333333333333 1622.5444444444445 425.1017407633142 478.940269092112
0.6000000000000001 0.7000000000000001 10.0 1 1456.8 1622.5444444444445 485.45960353737627 478.940269092112
0.30000000000000004 0.9 10.0 100 1248.8222222222223 1622.5444444444445 417.7830531581826 478.940269092112
0.4 0.30000000000000004 100.0 10 1260.5555555555557 1622.5444444444445 390.98005379959704 478.940269092112
0.30000000000000004 0.5 100.0 10 1324.5333333333333 1622.5444444444445 469.5415541899472 478.940269092112
0.6000000000000001 0.7000000000000001 100.0 10 1214.0333333333333 1622.5444444444445 439.5215441565723 478.940269092112
0.2 0.7000000000000001 100.0 100 1217.1888888888889 1622.5444444444445 394.3398391811713 478.940269092112
0.30000000000000004 0.8 10.0 10 1356.7333333333333 1622.5444444444445 450.72676620961596 478.940269092112
0.1 0.9 10.0 1 1433.2777777777778 1622.5444444444445 490.92669803088336 478.940269092112
0.7000000000000001 0.8 10.0 1 1302.7333333333333 1622.5444444444445 429.5653306929382 478.940269092112
0.1 0.4 10.0 1 1403.588888888889 1622.5444444444445 496.5899022207905 478.940269092112
0.9 0.30000000000000004 100.0 10 1386.5333333333333 1622.5444444444445 480.68946316723026 478.940269092112
0.1 0.6000000000000001 100.0 100 1046.2111111111112 1622.5444444444445 347.96115665862743 478.940269092112
0.7000000000000001 0.6000000000000001 10.0 1 1428.5111111111112 1622.5444444444445 427.41026984085454 478.940269092112
0.5 0.8 10.0 1 1313.8444444444444 1622.5444444444445 494.6712693207056 478.940269092112
0.1 0.30000000000000004 100.0 1 1130.3111111111111 1622.5444444444445 405.23879501801696 478.940269092112
0.5 0.7000000000000001 100.0 1 1070.6333333333334 1622.5444444444445 402.5057473709744 478.940269092112
0.1 0.8 100.0 1 1062.3111111111111 1622.5444444444445 336.022871061693 478.940269092112
0.1 0.30000000000000004 10.0 100 1306.4 1622.5444444444445 456.03240138296223 478.940269092112
0.6000000000000001 0.6000000000000001 10.0 100 1346.2666666666667 1622.5444444444445 413.88677464038665 478.940269092112
0.5 0.7000000000000001 10.0 1 1313.2 1622.5444444444445 390.7258260098904 478.940269092112
0.5 0.7000000000000001 100.0 100 1331.388888888889 1622.5444444444445 518.4454689945584 478.940269092112
0.8 0.6000000000000001 10.0 1 1454.5777777777778 1622.5444444444445 472.7582416645197 478.940269092112
0.1 0.1 100.0 100 1098.3666666666666 1622.5444444444445 323.1284041299303 478.940269092112
0.30000000000000004 0.7000000000000001 1.0 10 1429.3777777777777 1622.5444444444445 444.9284231518538 478.940269092112
0.4 0.2 100.0 1 1352.9777777777779 1622.5444444444445 434.25230704377316 478.940269092112
0.2 0.1 10.0 1 1377.4333333333334 1622.5444444444445 518.2823136734136 478.940269092112
0.8 0.4 100.0 1 1394.3333333333333 1622.5444444444445 389.94401307538146 478.940269092112
0.1 0.2 0.1 100 1401.3222222222223 1622.5444444444445 431.8876610050292 478.940269092112
0.7000000000000001 0.9 10.0 10 1359.411111111111 1622.5444444444445 443.76071866727773 478.940269092112
0.5 0.6000000000000001 10.0 10 1403.5333333333333 1622.5444444444445 451.2280576382634 478.940269092112
0.30000000000000004 0.30000000000000004 100.0 10 1397.8222222222223 1622.5444444444445 508.64507550895075 478.940269092112
0.8 0.2 10.0 10 1388.611111111111 1622.5444444444445 458.8041628805728 478.940269092112
0.1 0.2 100.0 1 1074.411111111111 1622.5444444444445 402.51197068312126 478.940269092112
0.8 0.9 10.0 1 1270.9555555555555 1622.5444444444445 434.55097926508796 478.940269092112
0.30000000000000004 0.1 10.0 10 1407.0 1622.5444444444445 458.71162570350833 478.940269092112
0.4 0.8 100.0 1 1096.6777777777777 1622.5444444444445 376.02189143653084 478.940269092112
0.4 0.9 100.0 1 1041.9888888888888 1622.5444444444445 383.38583682309286 478.940269092112
0.4 0.6000000000000001 10.0 1 1398.8 1622.5444444444445 422.453158481637 478.940269092112
0.6000000000000001 0.6000000000000001 0.1 100 1445.5333333333333 1622.5444444444445 536.916322882605 478.940269092112
0.2 0.30000000000000004 100.0 10 1258.0555555555557 1622.5444444444445 426.5969307883317 478.940269092112
0.5 0.4 10.0 100 1441.0 1622.5444444444445 435.2690100513832 478.940269092112
0.1 0.7000000000000001 100.0 10 1148.1555555555556 1622.5444444444445 438.26602553221306 478.940269092112
0.2 0.30000000000000004 10.0 1 1332.1666666666667 1622.5444444444445 433.1040739693969 478.940269092112
0.5 0.8 100.0 1 1185.6888888888889 1622.5444444444445 439.02140277982517 478.940269092112
0.1 0.7000000000000001 10.0 100 1320.5222222222221 1622.5444444444445 454.1359372546648 478.940269092112
0.7000000000000001 0.6000000000000001 100.0 10 1328.2 1622.5444444444445 409.1460266348815 478.940269092112
0.2 0.7000000000000001 100.0 10 1093.8555555555556 1622.5444444444445 409.19697949116306 478.940269092112
0.4 0.30000000000000004 10.0 10 1395.8111111111111 1622.5444444444445 504.38413259129845 478.940269092112
0.2 0.6000000000000001 10.0 10 1326.4444444444443 1622.5444444444445 436.1492127729558 478.940269092112
0.2 0.5 0.1 1 1437.9222222222222 1622.5444444444445 425.8249308441147 478.940269092112
0.6000000000000001 0.5 10.0 100 1410.8333333333333 1622.5444444444445 458.7763253118743 478.940269092112
0.8 0.1 100.0 100 1416.6555555555556 1622.5444444444445 477.14947951608326 478.940269092112
0.6000000000000001 0.30000000000000004 100.0 10 1277.4666666666667 1622.5444444444445 395.1955971414661 478.940269092112
0.1 0.30000000000000004 100.0 100 1005.0888888888888 1622.5444444444445 324.58902714541955 478.940269092112
0.4 0.4 10.0 10 1427.7444444444445 1622.5444444444445 452.3957353446479 478.940269092112
0.2 0.8 100.0 1 923.8555555555556 1622.5444444444445 357.4659754161883 478.940269092112
0.8 0.5 100.0 100 1388.8222222222223 1622.5444444444445 577.8820828926911 478.940269092112
0.6000000000000001 0.7000000000000001 10.0 100 1278.9888888888888 1622.5444444444445 485.7711737123525 478.940269092112
0.6000000000000001 0.9 10.0 100 1351.6333333333334 1622.5444444444445 397.1270843333544 478.940269092112
0.8 0.4 100.0 10 1408.7 1622.5444444444445 435.88452726738427 478.940269092112
0.5 0.8 10.0 100 1442.2666666666667 1622.5444444444445 470.8016992322776 478.940269092112
0.1 0.7000000000000001 100.0 1 978.1555555555556 1622.5444444444445 350.7003757914253 478.940269092112
0.5 0.4 100.0 10 1366.8777777777777 1622.5444444444445 418.53543133640505 478.940269092112
0.1 0.7000000000000001 10.0 1 1427.2666666666667 1622.5444444444445 431.02244850020406 478.940269092112
0.9 0.2 100.0 10 1459.1666666666667 1622.5444444444445 480.51452169060997 478.940269092112
0.2 0.1 10.0 100 1312.1222222222223 1622.5444444444445 444.1279552305664 478.940269092112
0.4 0.4 100.0 10 1221.9444444444443 1622.5444444444445 426.9809873756055 478.940269092112
0.6000000000000001 0.7000000000000001 1.0 1 1427.0222222222221 1622.5444444444445 420.730158382828 478.940269092112
0.2 0.9 10.0 1 1218.4888888888888 1622.5444444444445 395.1913529318408 478.940269092112
0.7000000000000001 0.1 100.0 100 1371.1 1622.5444444444445 504.90597694576326 478.940269092112
0.30000000000000004 0.7000000000000001 10.0 1 1340.911111111111 1622.5444444444445 446.4461307417962 478.940269092112
0.7000000000000001 0.9 100.0 1 965.0 1622.5444444444445 331.76842660037573 478.940269092112
0.4 0.5 10.0 100 1344.8666666666666 1622.5444444444445 354.3168763817057 478.940269092112
0.6000000000000001 0.1 10.0 10 1413.9222222222222 1622.5444444444445 432.46511041747067 478.940269092112
0.1 0.4 10.0 100 1327.7666666666667 1622.5444444444445 440.7842266284541 478.940269092112
0.9 0.8 100.0 10 1273.5333333333333 1622.5444444444445 468.4126670647013 478.940269092112
0.2 0.2 100.0 1 1213.3444444444444 1622.5444444444445 455.5572938991224 478.940269092112
0.9 0.30000000000000004 10.0 1 1451.1444444444444 1622.5444444444445 472.38323803903853 478.940269092112
0.2 0.5 10.0 100 1402.3 1622.5444444444445 363.59484319775504 478.940269092112
0.7000000000000001 0.1 100.0 1 1432.611111111111 1622.5444444444445 391.40662841274434 478.940269092112
0.30000000000000004 0.30000000000000004 10.0 1 1345.6 1622.5444444444445 462.0258963401174 478.940269092112
0.30000000000000004 0.1 100.0 1 1369.6888888888889 1622.5444444444445 482.2241443894103 478.940269092112
0.1 0.4 10.0 10 1357.8222222222223 1622.5444444444445 456.08865068531435 478.940269092112
0.2 0.5 10.0 1 1445.9444444444443 1622.5444444444445 512.8921342329444 478.940269092112
0.30000000000000004 0.9 100.0 10 1161.8666666666666 1622.5444444444445 440.0965853587647 478.940269092112
0.6000000000000001 0.30000000000000004 10.0 10 1457.911111111111 1622.5444444444445 513.6734943185526 478.940269092112
0.2 0.4 10.0 100 1393.3333333333333 1622.5444444444445 465.43898036632515 478.940269092112
0.4 0.7000000000000001 10.0 100 1284.8222222222223 1622.5444444444445 442.84731699857855 478.940269092112
0.6000000000000001 0.8 100.0 100 1369.0666666666666 1622.5444444444445 490.233363931007 478.940269092112
0.4 0.30000000000000004 10.0 1 1357.0666666666666 1622.5444444444445 439.84625596779716 478.940269092112
0.30000000000000004 0.2 10.0 100 1431.7 1622.5444444444445 423.0322406940949 478.940269092112
0.6000000000000001 0.4 10.0 1 1343.7 1622.5444444444445 523.84148259649 478.940269092112
0.4 0.8 100.0 10 1227.3666666666666 1622.5444444444445 455.99516201137243 478.940269092112
0.8 0.9 100.0 100 1393.8222222222223 1622.5444444444445 419.93646550606724 478.940269092112
0.9 0.1 100.0 1 1324.0111111111112 1622.5444444444445 395.00195483185604 478.940269092112
0.7000000000000001 0.5 10.0 10 1437.3777777777777 1622.5444444444445 413.4287142040271 478.940269092112
0.1 0.2 10.0 10 1353.8333333333333 1622.5444444444445 430.298533320505 478.940269092112
0.30000000000000004 0.6000000000000001 10.0 10 1263.4 1622.5444444444445 433.29009527874814 478.940269092112
0.9 0.9 100.0 1 1090.0777777777778 1622.5444444444445 415.7329064509723 478.940269092112
0.4 0.1 100.0 10 1286.7444444444445 1622.5444444444445 462.78878218208814 478.940269092112
0.1 0.4 100.0 1 1082.388888888889 1622.5444444444445 473.85353326492606 478.940269092112
0.8 0.5 100.0 10 1434.0222222222221 1622.5444444444445 528.9775037808063 478.940269092112
0.6000000000000001 0.9 100.0 100 1392.3333333333333 1622.5444444444445 537.362116681521 478.940269092112
0.6000000000000001 0.2 10.0 100 1414.5 1622.5444444444445 449.16498453612047 478.940269092112
0.30000000000000004 0.6000000000000001 10.0 1 1218.2444444444445 1622.5444444444445 362.76908208057125 478.940269092112
0.9 0.1 10.0 1 1422.7666666666667 1622.5444444444445 423.5370389155278 478.940269092112
0.5 0.30000000000000004 100.0 100 1377.0222222222221 1622.5444444444445 458.15419475635 478.940269092112
0.1 0.6000000000000001 10.0 10 1315.0777777777778 1622.5444444444445 450.87727395915556 478.940269092112
0.30000000000000004 0.5 100.0 1 1163.6888888888889 1622.5444444444445 431.2057937263946 478.940269092112
0.5 0.2 100.0 1 1316.2333333333333 1622.5444444444445 454.26553786182023 478.940269092112
0.4 0.8 100.0 100 1318.4777777777779 1622.5444444444445 514.6079031171377 478.940269092112
0.1 0.7000000000000001 100.0 100 1075.588888888889 1622.5444444444445 396.0351806607434 478.940269092112
0.6000000000000001 0.8 100.0 10 1203.1444444444444 1622.5444444444445 427.0930567637485 478.940269092112
0.30000000000000004 0.4 100.0 100 1146.2 1622.5444444444445 396.4436403828418 478.940269092112
0.4 0.7000000000000001 10.0 10 1419.9222222222222 1622.5444444444445 518.3712575146155 478.940269092112
0.2 0.6000000000000001 100.0 100 1176.8666666666666 1622.5444444444445 430.0188936417665 478.940269092112
0.6000000000000001 0.6000000000000001 100.0 100 1343.7555555555555 1622.5444444444445 398.2004049083022 478.940269092112
0.7000000000000001 0.30000000000000004 100.0 10 1280.888888888889 1622.5444444444445 407.13215011138703 478.940269092112
0.2 0.8 10.0 100 1348.0666666666666 1622.5444444444445 457.0142910481272 478.940269092112
0.2 0.9 10.0 10 1331.2222222222222 1622.5444444444445 505.9628615658965 478.940269092112
0.1 0.8 10.0 100 1341.3333333333333 1622.5444444444445 440.6205472588254 478.940269092112
0.30000000000000004 0.8 10.0 100 1326.5222222222221 1622.5444444444445 435.4803281123494 478.940269092112
0.9 0.30000000000000004 10.0 10 1396.8444444444444 1622.5444444444445 406.39178991901434 478.940269092112
0.7000000000000001 0.4 100.0 1 1337.088888888889 1622.5444444444445 489.2007459893568 478.940269092112
0.7000000000000001 0.9 1.0 100 1459.9333333333334 1622.5444444444445 399.83537723529275 478.940269092112
0.2 0.4 100.0 1 1243.1 1622.5444444444445 457.2131292466957 478.940269092112
0.6000000000000001 0.30000000000000004 10.0 100 1454.4333333333334 1622.5444444444445 475.65332964250354 478.940269092112
0.1 0.9 10.0 100 1369.6666666666667 1622.5444444444445 444.43434710752143 478.940269092112
0.6000000000000001 0.5 100.0 10 1267.088888888889 1622.5444444444445 495.34220818528735 478.940269092112
0.8 0.8 10.0 100 1451.3555555555556 1622.5444444444445 507.1618481775946 478.940269092112
0.7000000000000001 0.7000000000000001 100.0 10 1269.1333333333334 1622.5444444444445 495.6552610209821 478.940269092112
0.1 0.30000000000000004 10.0 1 1413.0777777777778 1622.5444444444445 462.20039491732206 478.940269092112
0.2 0.2 10.0 100 1327.5777777777778 1622.5444444444445 408.26693277200616 478.940269092112
0.7000000000000001 0.5 1.0 10 1459.5444444444445 1622.5444444444445 426.7312493078078 478.940269092112
0.7000000000000001 0.1 10.0 100 1399.911111111111 1622.5444444444445 510.8003446541177 478.940269092112
0.5 0.2 100.0 100 1318.5111111111112 1622.5444444444445 452.8135069747428 478.940269092112
0.7000000000000001 0.8 10.0 100 1387.1 1622.5444444444445 423.11120287697423 478.940269092112
0.1 0.30000000000000004 10.0 10 1374.6444444444444 1622.5444444444445 456.1092781124354 478.940269092112
0.30000000000000004 0.5 10.0 100 1385.0666666666666 1622.5444444444445 451.8100092344618 478.940269092112
0.2 0.9 10.0 100 1281.9 1622.5444444444445 446.9100344464072 478.940269092112
0.4 0.7000000000000001 100.0 100 1350.7111111111112 1622.5444444444445 444.34151641488165 478.940269092112
0.2 0.9 100.0 10 1059.1666666666667 1622.5444444444445 370.8201495783815 478.940269092112
0.7000000000000001 0.30000000000000004 10.0 10 1362.1333333333334 1622.5444444444445 403.1779370065888 478.940269092112
0.5 0.5 10.0 10 1329.5555555555557 1622.5444444444445 412.9191503083358 478.940269092112
0.2 0.6000000000000001 10.0 100 1274.3444444444444 1622.5444444444445 413.18110533090584 478.940269092112
0.9 0.7000000000000001 10.0 100 1431.5555555555557 1622.5444444444445 490.2887156475845 478.940269092112
0.4 0.2 100.0 10 1436.3222222222223 1622.5444444444445 401.9849590270146 478.940269092112
0.30000000000000004 0.30000000000000004 10.0 10 1424.7777777777778 1622.5444444444445 489.47054792290675 478.940269092112
0.30000000000000004 0.30000000000000004 100.0 1 1288.8111111111111 1622.5444444444445 500.8286887071254 478.940269092112
0.1 0.2 100.0 100 1014.0666666666667 1622.5444444444445 338.1274184551012 478.940269092112
