0.30000000000000004 0.5 0.1 1 986.7111111111111 1174.1888888888889 320.76807975179565 364.38172580244117
0.6000000000000001 0.1 0.1 1 1049.5555555555557 1174.1888888888889 318.70634728927047 364.38172580244117
0.8 0.9 0.1 1 1009.7777777777778 1174.1888888888889 310.9345332230199 364.38172580244117
0.9 0.1 0.1 1 977.0555555555555 1174.1888888888889 313.7715149280554 364.38172580244117
0.7000000000000001 0.6000000000000001 0.1 1 1014.5111111111111 1174.1888888888889 340.20932263810255 364.38172580244117
0.30000000000000004 0.8 0.1 1 961.9111111111112 1174.1888888888889 312.30802616947983 364.38172580244117
0.1 0.7000000000000001 0.1 1 817.9 1174.1888888888889 236.0767318761705 364.38172580244117
0.2 0.5 0.1 1 859.4 1174.1888888888889 291.82825238295356 364.38172580244117
0.5 0.9 0.1 1 973.8444444444444 1174.1888888888889 312.5175163485903 364.38172580244117
0.30000000000000004 0.4 0.1 1 955.9222222222222 1174.1888888888889 299.49072431482296 364.38172580244117
0.2 0.4 0.1 1 909.3444444444444 1174.1888888888889 256.8881365329237 364.38172580244117
0.9 0.30000000000000004 0.1 1 996.3555555555556 1174.1888888888889 306.6311686379043 364.38172580244117
0.9 0.2 0.1 1 1012.7333333333333 1174.1888888888889 296.2384475009579 364.38172580244117
0.5 0.6000000000000001 0.1 1 1039.4222222222222 1174.1888888888889 404.37147327063235 364.38172580244117
0.5 0.7000000000000001 0.1 1 1005.0 1174.1888888888889 356.2481968765285 364.38172580244117
0.6000000000000001 0.4 0.1 1 991.6888888888889 1174.1888888888889 332.34736327605066 364.38172580244117
0.4 0.1 0.1 1 1025.9555555555555 1174.1888888888889 325.02997848441646 364.38172580244117
0.5 0.5 0.1 1 1022.3888888888889 1174.1888888888889 355.318970768033 364.38172580244117
0.8 0.30000000000000004 0.1 1 1056.5777777777778 1174.1888888888889 355.9188414911398 364.38172580244117
0.4 0.30000000000000004 0.1 1 978.8777777777777 1174.1888888888889 315.7566161100729 364.38172580244117
0.8 0.8 0.1 1 1031.2555555555555 1174.1888888888889 308.0831980384199 364.38172580244117
0.6000000000000001 0.6000000000000001 0.1 1 1024.9888888888888 1174.1888888888889 338.24591627474706 364.38172580244117
0.6000000000000001 0.9 0.1 1 896.5444444444445 1174.1888888888889 259.9041772615913 364.38172580244117
0.1 0.30000000000000004 0.1 1 878.7555555555556 1174.1888888888889 292.33642381913006 364.38172580244117
0.4 0.9 0.1 1 932.9888888888889 1174.1888888888889 289.97802577453825 364.38172580244117
0.6000000000000001 0.8 0.1 1 1044.9777777777779 1174.1888888888889 348.9801324423873 364.38172580244117
0.30000000000000004 0.2 0.1 1 936.7111111111111 1174.1888888888889 322.1373842337888 364.38172580244117
0.9 0.7000000000000001 0.1 1 998.5555555555555 1174.1888888888889 344.1624329396129 364.38172580244117
0.8 0.6000000000000001 0.1 1 1024.6222222222223 1174.1888888888889 303.81623019252123 364.38172580244117
0.8 0.7000000000000001 0.1 1 975.6333333333333 1174.1888888888889 322.07799090006483 364.38172580244117
0.2 0.7000000000000001 0.1 1 913.7555555555556 1174.1888888888889 289.8922907683362 364.38172580244117
0.2 0.1 0.1 1 925.2 1174.1888888888889 291.82514551620733 364.38172580244117
0.7000000000000001 0.30000000000000004 0.1 1 1039.2333333333333 1174.1888888888889 322.7410744096745 364.38172580244117
0.5 0.1 0.1 1 956.5111111111111 1174.1888888888889 320.8120683669437 364.38172580244117
0.9 0.4 0.1 1 1054.0 1174.1888888888889 332.7936965215003 364.38172580244117
0.2 0.9 0.1 1 896.4777777777778 1174.1888888888889 333.7654941148476 364.38172580244117
0.5 0.30000000000000004 0.1 1 1040.4666666666667 1174.1888888888889 275.4698692940644 364.38172580244117
0.8 0.1 0.1 1 1006.1888888888889 1174.1888888888889 318.2380623385387 364.38172580244117
0.7000000000000001 0.2 0.1 1 1019.3666666666667 1174.1888888888889 371.2001391881922 364.38172580244117
0.30000000000000004 0.6000000000000001 0.1 1 892.4777777777778 1174.1888888888889 294.1842290424215 364.38172580244117
0.7000000000000001 0.1 0.1 1 1015.6222222222223 1174.1888888888889 317.99111021039494 364.38172580244117
0.2 0.6000000000000001 0.1 1 887.2111111111111 1174.1888888888889 278.1666364866948 364.38172580244117
0.1 0.5 0.1 1 827.6666666666666 1174.1888888888889 269.72974128437033 364.38172580244117
0.1 0.8 0.1 1 835.0555555555555 1174.1888888888889 231.28694833287895 364.38172580244117
0.2 0.8 0.1 1 796.7444444444444 1174.1888888888889 265.5199327571436 364.38172580244117
0.30000000000000004 0.1 0.1 1 992.0222222222222 1174.1888888888889 321.09500074926865 364.38172580244117
0.2 0.2 0.1 1 929.2555555555556 1174.1888888888889 348.2755792986389 364.38172580244117
0.6000000000000001 0.7000000000000001 0.1 1 969.8777777777777 1174.1888888888889 315.78012138468813 364.38172580244117
0.4 0.7000000000000001 0.1 1 933.5 1174.1888888888889 346.1006998612462 364.38172580244117
0.1 0.9 0.1 1 860.3 1174.1888888888889 259.2209032209144 364.38172580244117
0.1 0.2 0.1 1 819.4222222222222 1174.1888888888889 300.8534518767781 364.38172580244117
0.4 0.2 0.1 1 993.7444444444444 1174.1888888888889 341.1050526063492 364.38172580244117
0.1 0.1 0.1 1 854.6 1174.1888888888889 291.5611923574343 364.38172580244117
0.2 0.30000000000000004 0.1 1 859.1222222222223 1174.1888888888889 267.8622709021177 364.38172580244117
0.4 0.6000000000000001 0.1 1 1022.4555555555555 1174.1888888888889 322.0163267465767 364.38172580244117
0.4 0.8 0.1 1 997.0666666666667 1174.1888888888889 369.10479692237965 364.38172580244117
0.6000000000000001 0.5 0.1 1 1037.5666666666666 1174.1888888888889 360.7421994228627 364.38172580244117
0.4 0.4 0.1 1 1045.6666666666667 1174.1888888888889 347.89436455465733 364.38172580244117
0.8 0.4 0.1 1 1054.111111111111 1174.1888888888889 361.8349361071348 364.38172580244117
0.1 0.6000000000000001 0.1 1 871.2666666666667 1174.1888888888889 301.5255950071974 364.38172580244117
0.30000000000000004 0.9 0.1 1 897.9444444444445 1174.1888888888889 306.47295915195855 364.38172580244117
0.4 0.5 0.1 1 1036.111111111111 1174.1888888888889 372.44186554397527 364.38172580244117
0.7000000000000001 0.9 0.1 1 1042.1666666666667 1174.1888888888889 331.89282908794524 364.38172580244117
0.1 0.4 0.1 1 835.5333333333333 1174.1888888888889 289.3974276166101 364.38172580244117
0.30000000000000004 0.7000000000000001 0.1 1 940.5777777777778 1174.1888888888889 279.95082813386983 364.38172580244117
0.30000000000000004 0.30000000000000004 0.1 1 934.7777777777778 1174.1888888888889 281.62113153738136 364.38172580244117
0.7000000000000001 0.8 0.1 1 971.8444444444444 1174.1888888888889 291.7067748084295 364.38172580244117
0.5 0.2 0.1 1 1048.3444444444444 1174.1888888888889 299.36808117214395 364.38172580244117
0.6000000000000001 0.2 0.1 1 1011.1222222222223 1174.1888888888889 328.5982967352143 364.38172580244117
