0.6000000000000001 0.8 0.1 1 1217.5666666666666 1498.8555555555556 410.1654693196665 497.66449120111946
0.4 0.8 0.1 1 1126.088888888889 1498.8555555555556 394.0403150396457 497.66449120111946
0.8 0.7000000000000001 0.1 1 1176.2 1498.8555555555556 417.8851570042234 497.66449120111946
0.9 0.2 0.1 1 1314.4 1498.8555555555556 476.49868368711736 497.66449120111946
0.8 0.6000000000000001 0.1 1 1286.6888888888889 1498.8555555555556 467.329116586883 497.66449120111946
0.7000000000000001 0.6000000000000001 0.1 1 1264.3222222222223 1498.8555555555556 438.1405869702296 497.66449120111946
0.30000000000000004 0.6000000000000001 0.1 1 1108.9777777777779 1498.8555555555556 363.0540203997128 497.66449120111946
0.30000000000000004 0.4 0.1 1 1102.3444444444444 1498.8555555555556 381.30571464992676 497.66449120111946
0.1 0.1 0.1 1 944.5333333333333 1498.8555555555556 293.28958764712775 497.66449120111946
0.6000000000000001 0.30000000000000004 0.1 1 1297.1333333333334 1498.8555555555556 406.00033388054135 497.66449120111946
0.5 0.1 0.1 1 1166.2555555555555 1498.8555555555556 339.8683915580367 497.66449120111946
0.7000000000000001 0.4 0.1 1 1273.9444444444443 1498.8555555555556 405.5618424170244 497.66449120111946
0.6000000000000001 0.4 0.1 1 1173.2777777777778 1498.8555555555556 414.1567343618645 497.66449120111946
0.1 0.2 0.1 1 985.2666666666667 1498.8555555555556 314.55431610101584 497.66449120111946
0.4 0.9 0.1 1 1061.9222222222222 1498.8555555555556 378.0766009327204 497.66449120111946
0.9 0.7000000000000001 0.1 1 1244.6333333333334 1498.8555555555556 344.04264755017414 497.66449120111946
0.6000000000000001 0.9 0.1 1 1220.6222222222223 1498.8555555555556 409.54835768679453 497.66449120111946
0.5 0.5 0.1 1 1218.5111111111112 1498.8555555555556 435.2396847828521 497.66449120111946
0.8 0.5 0.1 1 1191.5 1498.8555555555556 468.07564084830943 497.66449120111946
0.9 0.4 0.1 1 1255.1888888888889 1498.8555555555556 418.5599623695098 497.66449120111946
0.2 0.7000000000000001 0.1 1 1053.888888888889 1498.8555555555556 358.717110592872 497.66449120111946
0.30000000000000004 0.30000000000000004 0.1 1 1168.4888888888888 1498.8555555555556 467.4773730577637 497.66449120111946
0.9 0.1 0.1 1 1249.9888888888888 1498.8555555555556 391.73493006381085 497.66449120111946
0.9 0.9 0.1 1 1217.8333333333333 1498.8555555555556 387.52225025725215 497.66449120111946
0.6000000000000001 0.6000000000000001 0.1 1 1237.8555555555556 1498.8555555555556 449.2236899143309 497.66449120111946
0.6000000000000001 0.5 0.1 1 1301.9777777777779 1498.8555555555556 421.30192334866445 497.66449120111946
0.9 0.6000000000000001 0.1 1 1204.1888888888889 1498.8555555555556 425.6235659318492 497.66449120111946
0.2 0.9 0.1 1 970.4222222222222 1498.8555555555556 352.4117849516947 497.66449120111946
0.30000000000000004 0.1 0.1 1 1096.5222222222221 1498.8555555555556 382.32366241119075 497.66449120111946
0.7000000000000001 0.9 0.1 1 1265.3 1498.8555555555556 434.36908141451426 497.66449120111946
0.2 0.8 0.1 1 1048.2444444444445 1498.8555555555556 415.14608703472925 497.66449120111946
0.1 0.4 0.1 1 1018.6222222222223 1498.8555555555556 342.7408667322808 497.66449120111946
0.30000000000000004 0.7000000000000001 0.1 1 1103.3666666666666 1498.8555555555556 502.89091925254195 497.66449120111946
0.1 0.6000000000000001 0.1 1 913.5 1498.8555555555556 285.6904404732118 497.66449120111946
0.5 0.6000000000000001 0.1 1 1191.5333333333333 1498.8555555555556 411.9066830673612 497.66449120111946
0.30000000000000004 0.9 0.1 1 1072.2888888888888 1498.8555555555556 379.79226030509665 497.66449120111946
0.6000000000000001 0.2 0.1 1 1314.9555555555555 1498.8555555555556 480.9608418135771 497.66449120111946
0.4 0.30000000000000004 0.1 1 1125.8555555555556 1498.8555555555556 377.1578968228061 497.66449120111946
0.2 0.30000000000000004 0.1 1 1179.1 1498.8555555555556 426.0390970582655 497.66449120111946
0.4 0.2 0.1 1 1197.5 1498.8555555555556 380.12960509103556 497.66449120111946
0.8 0.9 0.1 1 1226.4888888888888 1498.8555555555556 418.9882587706418 497.66449120111946
0.7000000000000001 0.1 0.1 1 1289.388888888889 1498.8555555555556 381.81306346443773 497.66449120111946
0.5 0.9 0.1 1 1252.5111111111112 1498.8555555555556 459.3675663209738 497.66449120111946
0.7000000000000001 0.30000000000000004 0.1 1 1129.1777777777777 1498.8555555555556 386.4958696854995 497.66449120111946
0.6000000000000001 0.1 0.1 1 1328.1222222222223 1498.8555555555556 472.2694811646273 497.66449120111946
0.2 0.4 0.1 1 1059.5555555555557 1498.8555555555556 385.04851385856745 497.66449120111946
0.4 0.6000000000000001 0.1 1 1110.8666666666666 1498.8555555555556 456.7893801061686 497.66449120111946
0.7000000000000001 0.7000000000000001 0.1 1 1201.3777777777777 1498.8555555555556 363.0789500241198 497.66449120111946
0.6000000000000001 0.7000000000000001 0.1 1 1187.2 1498.8555555555556 390.27939280013806 497.66449120111946
0.7000000000000001 0.8 0.1 1 1294.4555555555555 1498.8555555555556 435.28701032539976 497.66449120111946
0.2 0.6000000000000001 0.1 1 1001.7444444444444 1498.8555555555556 279.55117047435203 497.66449120111946
0.4 0.5 0.1 1 1276.588888888889 1498.8555555555556 474.61666156183225 497.66449120111946
0.5 0.4 0.1 1 1138.9333333333334 1498.8555555555556 427.02934585602213 497.66449120111946
0.4 0.4 0.1 1 1076.8222222222223 1498.8555555555556 399.93528859270265 497.66449120111946
0.9 0.5 0.1 1 1152.4666666666667 1498.8555555555556 324.347248759378 497.66449120111946
0.8 0.4 0.1 1 1294.9444444444443 1498.8555555555556 442.64523946913897 497.66449120111946
0.5 0.8 0.1 1 1119.2111111111112 1498.8555555555556 442.8747125177213 497.66449120111946
0.7000000000000001 0.5 0.1 1 1196.9666666666667 1498.8555555555556 412.9065121523003 497.66449120111946
0.8 0.2 0.1 1 1189.1888888888889 1498.8555555555556 350.9525100650908 497.66449120111946
0.7000000000000001 0.2 0.1 1 1224.9 1498.8555555555556 437.22864727737135 497.66449120111946
0.4 0.1 0.1 1 1177.7444444444445 1498.8555555555556 368.94286101150954 497.66449120111946
0.2 0.1 0.1 1 1084.6888888888889 1498.8555555555556 347.8722832191417 497.66449120111946
0.9 0.30000000000000004 0.1 1 1297.1222222222223 1498.8555555555556 448.9796042825647 497.66449120111946
0.8 0.1 0.1 1 1259.7333333333333 1498.8555555555556 463.62863011969694 497.66449120111946
0.1 0.5 0.1 1 945.9111111111112 1498.8555555555556 324.2846364416587 497.66449120111946
0.30000000000000004 0.2 0.1 1 1161.5 1498.8555555555556 455.922172939393 497.66449120111946
0.1 0.9 0.1 1 1006.2333333333333 1498.8555555555556 274.0658902932326 497.66449120111946
0.2 0.2 0.1 1 1054.8333333333333 1498.8555555555556 393.7483756580251 497.66449120111946
0.30000000000000004 0.8 0.1 1 1115.6666666666667 1498.8555555555556 435.8621086740366 497.66449120111946
0.9 0.8 0.1 1 1229.4333333333334 1498.8555555555556 422.54938041474963 497.66449120111946
0.1 0.7000000000000001 0.1 1 919.3888888888889 1498.8555555555556 309.4944513753013 497.66449120111946
0.4 0.7000000000000001 0.1 1 1187.4222222222222 1498.8555555555556 360.2660429854514 497.66449120111946
0.5 0.7000000000000001 0.1 1 1170.9888888888888 1498.8555555555556 504.7443466073679 497.66449120111946
0.1 0.30000000000000004 0.1 1 978.1777777777778 1498.8555555555556 386.8591353674925 497.66449120111946
0.1 0.8 0.1 1 939.6222222222223 1498.8555555555556 327.53047619955333 497.66449120111946
0.5 0.30000000000000004 0.1 1 1190.8 1498.8555555555556 378.54150513663785 497.66449120111946
0.2 0.5 0.1 1 1084.6888888888889 1498.8555555555556 409.8710812070992 497.66449120111946
0.5 0.2 0.1 1 1173.9 1498.8555555555556 418.51868536542065 497.66449120111946
0.30000000000000004 0.5 0.1 1 1098.3222222222223 1498.8555555555556 389.5776581484044 497.66449120111946
